[35m[1mScanning dependencies of target command_publisher[0m
[ 50%] Built target state_publisher
[ 75%] [32mBuilding CXX object CMakeFiles/command_publisher.dir/src/command_publisher.cpp.o[0m
/home/ccl/ROS2_UAV/uav_urdf_demo/src/command_publisher.cpp:62:2: error: expected â€˜;â€™ after class definition
   62 | }
      |  ^
      |  ;
/home/ccl/ROS2_UAV/uav_urdf_demo/src/command_publisher.cpp: In constructor â€˜CommandPublisher::CommandPublisher()â€™:
/home/ccl/ROS2_UAV/uav_urdf_demo/src/command_publisher.cpp:33:40: error: â€˜using element_type = class rclcpp::Publisher<std_msgs::msg::Int16_<std::allocator<void> > >â€™ {aka â€˜class rclcpp::Publisher<std_msgs::msg::Int16_<std::allocator<void> > >â€™} has no member named â€˜publisherâ€™; did you mean â€˜Publisherâ€™?
   33 |                             publisher->publisher(cmd);
      |                                        ^~~~~~~~~
      |                                        Publisher
/home/ccl/ROS2_UAV/uav_urdf_demo/src/command_publisher.cpp:38:40: error: â€˜using element_type = class rclcpp::Publisher<std_msgs::msg::Int16_<std::allocator<void> > >â€™ {aka â€˜class rclcpp::Publisher<std_msgs::msg::Int16_<std::allocator<void> > >â€™} has no member named â€˜publisherâ€™; did you mean â€˜Publisherâ€™?
   38 |                             publisher->publisher(cmd);
      |                                        ^~~~~~~~~
      |                                        Publisher
/home/ccl/ROS2_UAV/uav_urdf_demo/src/command_publisher.cpp:43:40: error: â€˜using element_type = class rclcpp::Publisher<std_msgs::msg::Int16_<std::allocator<void> > >â€™ {aka â€˜class rclcpp::Publisher<std_msgs::msg::Int16_<std::allocator<void> > >â€™} has no member named â€˜publisherâ€™; did you mean â€˜Publisherâ€™?
   43 |                             publisher->publisher(cmd);
      |                                        ^~~~~~~~~
      |                                        Publisher
/home/ccl/ROS2_UAV/uav_urdf_demo/src/command_publisher.cpp:48:40: error: â€˜using element_type = class rclcpp::Publisher<std_msgs::msg::Int16_<std::allocator<void> > >â€™ {aka â€˜class rclcpp::Publisher<std_msgs::msg::Int16_<std::allocator<void> > >â€™} has no member named â€˜publisherâ€™; did you mean â€˜Publisherâ€™?
   48 |                             publisher->publisher(cmd);
      |                                        ^~~~~~~~~
      |                                        Publisher
make[2]: *** [CMakeFiles/command_publisher.dir/build.make:63: CMakeFiles/command_publisher.dir/src/command_publisher.cpp.o] Error 1
make[1]: *** [CMakeFiles/Makefile2:107: CMakeFiles/command_publisher.dir/all] Error 2
make: *** [Makefile:141: all] Error 2
