[0.016s] Invoking command in '/home/ccl/ROS2_UAV/build/uav_urdf_demo': CMAKE_PREFIX_PATH=/opt/ros/galactic /usr/bin/cmake --build /home/ccl/ROS2_UAV/build/uav_urdf_demo -- -j8 -l8
[0.061s] [35m[1mScanning dependencies of target command_publisher[0m
[0.086s] [ 50%] Built target state_publisher
[0.093s] [ 75%] [32mBuilding CXX object CMakeFiles/command_publisher.dir/src/command_publisher.cpp.o[0m
[2.060s] /home/ccl/ROS2_UAV/uav_urdf_demo/src/command_publisher.cpp:62:2: error: expected â€˜;â€™ after class definition
[2.060s]    62 | }
[2.060s]       |  ^
[2.060s]       |  ;
[2.060s] /home/ccl/ROS2_UAV/uav_urdf_demo/src/command_publisher.cpp: In constructor â€˜CommandPublisher::CommandPublisher()â€™:
[2.060s] /home/ccl/ROS2_UAV/uav_urdf_demo/src/command_publisher.cpp:33:40: error: â€˜using element_type = class rclcpp::Publisher<std_msgs::msg::Int16_<std::allocator<void> > >â€™ {aka â€˜class rclcpp::Publisher<std_msgs::msg::Int16_<std::allocator<void> > >â€™} has no member named â€˜publisherâ€™; did you mean â€˜Publisherâ€™?
[2.060s]    33 |                             publisher->publisher(cmd);
[2.060s]       |                                        ^~~~~~~~~
[2.060s]       |                                        Publisher
[2.060s] /home/ccl/ROS2_UAV/uav_urdf_demo/src/command_publisher.cpp:38:40: error: â€˜using element_type = class rclcpp::Publisher<std_msgs::msg::Int16_<std::allocator<void> > >â€™ {aka â€˜class rclcpp::Publisher<std_msgs::msg::Int16_<std::allocator<void> > >â€™} has no member named â€˜publisherâ€™; did you mean â€˜Publisherâ€™?
[2.060s]    38 |                             publisher->publisher(cmd);
[2.061s]       |                                        ^~~~~~~~~
[2.061s]       |                                        Publisher
[2.061s] /home/ccl/ROS2_UAV/uav_urdf_demo/src/command_publisher.cpp:43:40: error: â€˜using element_type = class rclcpp::Publisher<std_msgs::msg::Int16_<std::allocator<void> > >â€™ {aka â€˜class rclcpp::Publisher<std_msgs::msg::Int16_<std::allocator<void> > >â€™} has no member named â€˜publisherâ€™; did you mean â€˜Publisherâ€™?
[2.061s]    43 |                             publisher->publisher(cmd);
[2.061s]       |                                        ^~~~~~~~~
[2.061s]       |                                        Publisher
[2.061s] /home/ccl/ROS2_UAV/uav_urdf_demo/src/command_publisher.cpp:48:40: error: â€˜using element_type = class rclcpp::Publisher<std_msgs::msg::Int16_<std::allocator<void> > >â€™ {aka â€˜class rclcpp::Publisher<std_msgs::msg::Int16_<std::allocator<void> > >â€™} has no member named â€˜publisherâ€™; did you mean â€˜Publisherâ€™?
[2.061s]    48 |                             publisher->publisher(cmd);
[2.061s]       |                                        ^~~~~~~~~
[2.061s]       |                                        Publisher
[2.061s] make[2]: *** [CMakeFiles/command_publisher.dir/build.make:63: CMakeFiles/command_publisher.dir/src/command_publisher.cpp.o] Error 1
[2.061s] make[1]: *** [CMakeFiles/Makefile2:107: CMakeFiles/command_publisher.dir/all] Error 2
[2.061s] make: *** [Makefile:141: all] Error 2
[2.064s] Invoked command in '/home/ccl/ROS2_UAV/build/uav_urdf_demo' returned '2': CMAKE_PREFIX_PATH=/opt/ros/galactic /usr/bin/cmake --build /home/ccl/ROS2_UAV/build/uav_urdf_demo -- -j8 -l8
