[0.021s] Invoking command in '/home/ccl/ros2_ws/learning_tf2_cpp/build/learning_tf2_cpp': CMAKE_PREFIX_PATH=${CMAKE_PREFIX_PATH}:/home/ccl/ros2_ws/install/examples_rclpy_pointcloud_publisher:/home/ccl/ros2_ws/install/examples_rclpy_minimal_subscriber:/home/ccl/ros2_ws/install/examples_rclpy_minimal_service:/home/ccl/ros2_ws/install/examples_rclpy_minimal_publisher:/home/ccl/ros2_ws/install/examples_rclpy_minimal_client:/home/ccl/ros2_ws/install/examples_rclpy_minimal_action_server:/home/ccl/ros2_ws/install/examples_rclpy_minimal_action_client:/home/ccl/ros2_ws/install/examples_rclpy_guard_conditions:/home/ccl/ros2_ws/install/examples_rclpy_executors:/opt/ros/galactic /usr/bin/cmake --build /home/ccl/ros2_ws/learning_tf2_cpp/build/learning_tf2_cpp -- -j8 -l8
[0.109s] [35m[1mScanning dependencies of target turtle_tf2_listener[0m
[0.137s] [ 25%] Built target dynamic_frame_tf2_broadcaster
[0.140s] [ 50%] Built target fixed_frame_tf2_broadcaster
[0.140s] [ 75%] Built target turtle_tf2_broadcaster
[0.189s] [ 87%] [32mBuilding CXX object CMakeFiles/turtle_tf2_listener.dir/src/turtle_tf2_listener.cpp.o[0m
[3.057s] /home/ccl/ros2_ws/learning_tf2_cpp/src/turtle_tf2_listener.cpp: In member function â€˜void FrameListener::on_timer()â€™:
[3.057s] /home/ccl/ros2_ws/learning_tf2_cpp/src/turtle_tf2_listener.cpp:61:12: error: â€˜TImeâ€™ is not a member of â€˜rclcppâ€™; did you mean â€˜Timeâ€™?
[3.058s]    61 |    rclcpp::TIme when = now - rclcpp::Duration(5, 0);
[3.058s]       |            ^~~~
[3.058s]       |            Time
[3.058s] /home/ccl/ros2_ws/learning_tf2_cpp/src/turtle_tf2_listener.cpp:64:20: error: â€˜whenâ€™ was not declared in this scope
[3.058s]    64 |      fromFrameRel, when,
[3.058s]       |                    ^~~~
[3.058s] make[2]: *** [CMakeFiles/turtle_tf2_listener.dir/build.make:63: CMakeFiles/turtle_tf2_listener.dir/src/turtle_tf2_listener.cpp.o] Error 1
[3.059s] make[1]: *** [CMakeFiles/Makefile2:138: CMakeFiles/turtle_tf2_listener.dir/all] Error 2
[3.059s] make: *** [Makefile:141: all] Error 2
[3.062s] Invoked command in '/home/ccl/ros2_ws/learning_tf2_cpp/build/learning_tf2_cpp' returned '2': CMAKE_PREFIX_PATH=${CMAKE_PREFIX_PATH}:/home/ccl/ros2_ws/install/examples_rclpy_pointcloud_publisher:/home/ccl/ros2_ws/install/examples_rclpy_minimal_subscriber:/home/ccl/ros2_ws/install/examples_rclpy_minimal_service:/home/ccl/ros2_ws/install/examples_rclpy_minimal_publisher:/home/ccl/ros2_ws/install/examples_rclpy_minimal_client:/home/ccl/ros2_ws/install/examples_rclpy_minimal_action_server:/home/ccl/ros2_ws/install/examples_rclpy_minimal_action_client:/home/ccl/ros2_ws/install/examples_rclpy_guard_conditions:/home/ccl/ros2_ws/install/examples_rclpy_executors:/opt/ros/galactic /usr/bin/cmake --build /home/ccl/ros2_ws/learning_tf2_cpp/build/learning_tf2_cpp -- -j8 -l8
