[0.000000] (-) TimerEvent: {}
[0.000506] (-) JobUnselected: {'identifier': 'learning_tf2_cpp'}
[0.000583] (uav_tf2_test) JobQueued: {'identifier': 'uav_tf2_test', 'dependencies': OrderedDict()}
[0.001215] (uav_tf2_test) JobStarted: {'identifier': 'uav_tf2_test'}
[0.017872] (uav_tf2_test) JobProgress: {'identifier': 'uav_tf2_test', 'progress': 'cmake'}
[0.019417] (uav_tf2_test) JobProgress: {'identifier': 'uav_tf2_test', 'progress': 'build'}
[0.021338] (uav_tf2_test) Command: {'cmd': ['/usr/bin/cmake', '--build', '/home/ccl/ros2_ws/build/uav_tf2_test', '--', '-j8', '-l8'], 'cwd': '/home/ccl/ros2_ws/build/uav_tf2_test', 'env': OrderedDict([('GJS_DEBUG_TOPICS', 'JS ERROR;JS LOG'), ('LESSOPEN', '| /usr/bin/lesspipe %s'), ('USER', 'ccl'), ('LC_TIME', 'en_US.UTF-8'), ('GIO_MODULE_DIR', '/home/ccl/snap/code/common/.cache/gio-modules'), ('SSH_AGENT_PID', '1658'), ('XDG_SESSION_TYPE', 'x11'), ('GIT_ASKPASS', '/snap/code/157/usr/share/code/resources/app/extensions/git/dist/askpass.sh'), ('GTK_EXE_PREFIX_VSCODE_SNAP_ORIG', ''), ('GDK_BACKEND_VSCODE_SNAP_ORIG', ''), ('SHLVL', '1'), ('LD_LIBRARY_PATH', '/opt/ros/galactic/opt/yaml_cpp_vendor/lib:/opt/ros/galactic/opt/rviz_ogre_vendor/lib:/opt/ros/galactic/lib/x86_64-linux-gnu:/opt/ros/galactic/lib'), ('QT4_IM_MODULE', 'fcitx'), ('HOME', '/home/ccl'), ('CHROME_DESKTOP', 'code-url-handler.desktop'), ('LOCPATH_VSCODE_SNAP_ORIG', ''), ('TERM_PROGRAM_VERSION', '1.88.1'), ('DESKTOP_SESSION', 'ubuntu'), ('GTK_PATH', '/snap/code/157/usr/lib/x86_64-linux-gnu/gtk-3.0'), ('NVM_BIN', '/home/ccl/.nvm/versions/node/v20.11.1/bin'), ('NVM_INC', '/home/ccl/.nvm/versions/node/v20.11.1/include/node'), ('GTK_IM_MODULE_FILE', '/home/ccl/snap/code/common/.cache/immodules/immodules.cache'), ('GIO_LAUNCHED_DESKTOP_FILE', '/var/lib/snapd/desktop/applications/code_code.desktop'), ('ROS_PYTHON_VERSION', '3'), ('GNOME_SHELL_SESSION_MODE', 'ubuntu'), ('GTK_MODULES', 'gail:atk-bridge'), ('GSETTINGS_SCHEMA_DIR_VSCODE_SNAP_ORIG', ''), ('VSCODE_GIT_ASKPASS_MAIN', '/snap/code/157/usr/share/code/resources/app/extensions/git/dist/askpass-main.js'), ('LC_MONETARY', 'en_US.UTF-8'), ('VSCODE_GIT_ASKPASS_NODE', '/snap/code/157/usr/share/code/code'), ('MANAGERPID', '1556'), ('DBUS_SESSION_BUS_ADDRESS', 'unix:path=/run/user/1000/bus'), ('COLORTERM', 'truecolor'), ('GIO_LAUNCHED_DESKTOP_FILE_PID', '3274'), ('NVM_DIR', '/home/ccl/.nvm'), ('IM_CONFIG_PHASE', '1'), ('COLCON_PREFIX_PATH', '/home/ccl/ros2_ws/install'), ('ROS_DISTRO', 'galactic'), ('GTK_IM_MODULE', 'fcitx'), ('LOGNAME', 'ccl'), ('JOURNAL_STREAM', '8:56019'), ('_', '/usr/bin/colcon'), ('ROS_VERSION', '2'), ('XDG_CONFIG_DIRS_VSCODE_SNAP_ORIG', '/etc/xdg/xdg-ubuntu:/etc/xdg'), ('XDG_SESSION_CLASS', 'user'), ('XDG_DATA_DIRS_VSCODE_SNAP_ORIG', '/usr/share/ubuntu:/usr/local/share/:/usr/share/:/var/lib/snapd/desktop'), ('USERNAME', 'ccl'), ('TERM', 'xterm-256color'), ('GNOME_DESKTOP_SESSION_ID', 'this-is-deprecated'), ('ROS_LOCALHOST_ONLY', '0'), ('WINDOWPATH', '2'), ('PATH', '/home/ccl/ardupilot/Tools/autotest:/usr/lib/ccache:/opt/gcc-arm-none-eabi-10-2020-q4-major/bin:/home/ccl/.local/bin:/opt/ros/galactic/bin:/home/ccl/.nvm/versions/node/v20.11.1/bin:/home/ccl/ardupilot/Tools/autotest:/usr/lib/ccache:/opt/gcc-arm-none-eabi-10-2020-q4-major/bin:/home/ccl/.local/bin:/usr/local/sbin:/usr/local/bin:/usr/sbin:/usr/bin:/sbin:/bin:/usr/games:/usr/local/games:/snap/bin:/home/ccl/.local/bin:/home/ccl/.local/bin'), ('SESSION_MANAGER', 'local/ubuntu:@/tmp/.ICE-unix/1736,unix/ubuntu:/tmp/.ICE-unix/1736'), ('GTK_EXE_PREFIX', '/snap/code/157/usr'), ('INVOCATION_ID', '63f181d937224077a4efdca028704b07'), ('PAPERSIZE', 'letter'), ('XDG_MENU_PREFIX', 'gnome-'), ('LC_ADDRESS', 'en_US.UTF-8'), ('BAMF_DESKTOP_FILE_HINT', '/var/lib/snapd/desktop/applications/code_code.desktop'), ('XDG_RUNTIME_DIR', '/run/user/1000'), ('GDK_BACKEND', 'x11'), ('DISPLAY', ':0'), ('LOCPATH', '/snap/code/157/usr/lib/locale'), ('LANG', 'en_US.UTF-8'), ('XDG_CURRENT_DESKTOP', 'Unity'), ('LC_TELEPHONE', 'en_US.UTF-8'), ('GIO_MODULE_DIR_VSCODE_SNAP_ORIG', ''), ('XMODIFIERS', '@im=fcitx'), ('XDG_SESSION_DESKTOP', 'ubuntu'), ('XAUTHORITY', '/run/user/1000/gdm/Xauthority'), ('LS_COLORS', 'rs=0:di=01;34:ln=01;36:mh=00:pi=40;33:so=01;35:do=01;35:bd=40;33;01:cd=40;33;01:or=40;31;01:mi=00:su=37;41:sg=30;43:ca=30;41:tw=30;42:ow=34;42:st=37;44:ex=01;32:*.tar=01;31:*.tgz=01;31:*.arc=01;31:*.arj=01;31:*.taz=01;31:*.lha=01;31:*.lz4=01;31:*.lzh=01;31:*.lzma=01;31:*.tlz=01;31:*.txz=01;31:*.tzo=01;31:*.t7z=01;31:*.zip=01;31:*.z=01;31:*.dz=01;31:*.gz=01;31:*.lrz=01;31:*.lz=01;31:*.lzo=01;31:*.xz=01;31:*.zst=01;31:*.tzst=01;31:*.bz2=01;31:*.bz=01;31:*.tbz=01;31:*.tbz2=01;31:*.tz=01;31:*.deb=01;31:*.rpm=01;31:*.jar=01;31:*.war=01;31:*.ear=01;31:*.sar=01;31:*.rar=01;31:*.alz=01;31:*.ace=01;31:*.zoo=01;31:*.cpio=01;31:*.7z=01;31:*.rz=01;31:*.cab=01;31:*.wim=01;31:*.swm=01;31:*.dwm=01;31:*.esd=01;31:*.jpg=01;35:*.jpeg=01;35:*.mjpg=01;35:*.mjpeg=01;35:*.gif=01;35:*.bmp=01;35:*.pbm=01;35:*.pgm=01;35:*.ppm=01;35:*.tga=01;35:*.xbm=01;35:*.xpm=01;35:*.tif=01;35:*.tiff=01;35:*.png=01;35:*.svg=01;35:*.svgz=01;35:*.mng=01;35:*.pcx=01;35:*.mov=01;35:*.mpg=01;35:*.mpeg=01;35:*.m2v=01;35:*.mkv=01;35:*.webm=01;35:*.ogm=01;35:*.mp4=01;35:*.m4v=01;35:*.mp4v=01;35:*.vob=01;35:*.qt=01;35:*.nuv=01;35:*.wmv=01;35:*.asf=01;35:*.rm=01;35:*.rmvb=01;35:*.flc=01;35:*.avi=01;35:*.fli=01;35:*.flv=01;35:*.gl=01;35:*.dl=01;35:*.xcf=01;35:*.xwd=01;35:*.yuv=01;35:*.cgm=01;35:*.emf=01;35:*.ogv=01;35:*.ogx=01;35:*.aac=00;36:*.au=00;36:*.flac=00;36:*.m4a=00;36:*.mid=00;36:*.midi=00;36:*.mka=00;36:*.mp3=00;36:*.mpc=00;36:*.ogg=00;36:*.ra=00;36:*.wav=00;36:*.oga=00;36:*.opus=00;36:*.spx=00;36:*.xspf=00;36:'), ('VSCODE_GIT_IPC_HANDLE', '/run/user/1000/vscode-git-22131dd205.sock'), ('TERM_PROGRAM', 'vscode'), ('SSH_AUTH_SOCK', '/run/user/1000/keyring/ssh'), ('GSETTINGS_SCHEMA_DIR', '/home/ccl/snap/code/157/.local/share/glib-2.0/schemas'), ('AMENT_PREFIX_PATH', '/home/ccl/ros2_ws/install/uav_tf2_test:/opt/ros/galactic'), ('ORIGINAL_XDG_CURRENT_DESKTOP', 'ubuntu:GNOME'), ('SHELL', '/bin/bash'), ('LC_NAME', 'en_US.UTF-8'), ('QT_ACCESSIBILITY', '1'), ('GDMSESSION', 'ubuntu'), ('LESSCLOSE', '/usr/bin/lesspipe %s %s'), ('GTK_PATH_VSCODE_SNAP_ORIG', ''), ('GTK_IM_MODULE_FILE_VSCODE_SNAP_ORIG', ''), ('LC_MEASUREMENT', 'en_US.UTF-8'), ('GPG_AGENT_INFO', '/run/user/1000/gnupg/S.gpg-agent:0:1'), ('GJS_DEBUG_OUTPUT', 'stderr'), ('LC_IDENTIFICATION', 'en_US.UTF-8'), ('VSCODE_GIT_ASKPASS_EXTRA_ARGS', ''), ('QT_IM_MODULE', 'fcitx'), ('PWD', '/home/ccl/ros2_ws/build/uav_tf2_test'), ('LC_ALL', 'en_US.UTF-8'), ('XDG_CONFIG_DIRS', '/etc/xdg/xdg-ubuntu:/etc/xdg'), ('CLUTTER_IM_MODULE', 'fcitx'), ('NVM_CD_FLAGS', ''), ('XDG_DATA_DIRS', '/home/ccl/snap/code/157/.local/share:/home/ccl/snap/code/157:/snap/code/157/usr/share:/usr/share/ubuntu:/usr/local/share/:/usr/share/:/var/lib/snapd/desktop'), ('PYTHONPATH', '/opt/ros/galactic/lib/python3.8/site-packages'), ('LC_NUMERIC', 'en_US.UTF-8'), ('LC_PAPER', 'en_US.UTF-8'), ('COLCON', '1'), ('CMAKE_PREFIX_PATH', '/home/ccl/ros2_ws/install/uav_tf2_test:/opt/ros/galactic')]), 'shell': False}
[0.100775] (-) TimerEvent: {}
[0.122023] (uav_tf2_test) StdoutLine: {'line': b'\x1b[35m\x1b[1mScanning dependencies of target camera_tf2_broadcaster\x1b[0m\n'}
[0.123172] (uav_tf2_test) StdoutLine: {'line': b'\x1b[35m\x1b[1mScanning dependencies of target uav_tf2_broadcaster\x1b[0m\n'}
[0.148696] (uav_tf2_test) StdoutLine: {'line': b'[ 14%] Built target camera_node\n'}
[0.163287] (uav_tf2_test) StdoutLine: {'line': b'\x1b[35m\x1b[1mScanning dependencies of target lidar_tf2_broadcaster\x1b[0m\n'}
[0.169528] (uav_tf2_test) StdoutLine: {'line': b'[ 28%] Built target lidar_node\n'}
[0.173168] (uav_tf2_test) StdoutLine: {'line': b'[ 35%] \x1b[32mBuilding CXX object CMakeFiles/tf2_listener.dir/src/tf2_listener.cpp.o\x1b[0m\n'}
[0.184474] (uav_tf2_test) StdoutLine: {'line': b'[ 50%] Built target uav_node\n'}
[0.200269] (-) TimerEvent: {}
[0.222848] (uav_tf2_test) StdoutLine: {'line': b'[ 57%] \x1b[32mBuilding CXX object CMakeFiles/uav_tf2_broadcaster.dir/src/uav_tf2_broadcaster.cpp.o\x1b[0m\n'}
[0.240994] (uav_tf2_test) StdoutLine: {'line': b'[ 64%] \x1b[32mBuilding CXX object CMakeFiles/camera_tf2_broadcaster.dir/src/camera_tf2_broadcaster.cpp.o\x1b[0m\n'}
[0.260693] (uav_tf2_test) StdoutLine: {'line': b'[ 71%] \x1b[32mBuilding CXX object CMakeFiles/lidar_tf2_broadcaster.dir/src/lidar_tf2_broadcaster.cpp.o\x1b[0m\n'}
[0.300430] (-) TimerEvent: {}
[0.400791] (-) TimerEvent: {}
[0.501256] (-) TimerEvent: {}
[0.601630] (-) TimerEvent: {}
[0.702030] (-) TimerEvent: {}
[0.802414] (-) TimerEvent: {}
[0.902814] (-) TimerEvent: {}
[1.003283] (-) TimerEvent: {}
[1.103701] (-) TimerEvent: {}
[1.204125] (-) TimerEvent: {}
[1.304825] (-) TimerEvent: {}
[1.405233] (-) TimerEvent: {}
[1.505960] (-) TimerEvent: {}
[1.606496] (-) TimerEvent: {}
[1.707119] (-) TimerEvent: {}
[1.811171] (-) TimerEvent: {}
[1.911861] (-) TimerEvent: {}
[2.012898] (-) TimerEvent: {}
[2.114658] (-) TimerEvent: {}
[2.215330] (-) TimerEvent: {}
[2.315804] (-) TimerEvent: {}
[2.416286] (-) TimerEvent: {}
[2.516703] (-) TimerEvent: {}
[2.617150] (-) TimerEvent: {}
[2.717621] (-) TimerEvent: {}
[2.818166] (-) TimerEvent: {}
[2.918780] (-) TimerEvent: {}
[3.019255] (-) TimerEvent: {}
[3.119925] (-) TimerEvent: {}
[3.197887] (uav_tf2_test) StderrLine: {'line': b'/home/ccl/ros2_ws/uav_tf2_test/src/tf2_listener.cpp:56:29: warning: missing terminating " character\n'}
[3.198524] (uav_tf2_test) StderrLine: {'line': b'   56 |         this->get_logger(), "Transform %s to %s successfully,\n'}
[3.199131] (uav_tf2_test) StderrLine: {'line': b'      |                             ^\n'}
[3.199242] (uav_tf2_test) StderrLine: {'line': b'/home/ccl/ros2_ws/uav_tf2_test/src/tf2_listener.cpp:57:69: warning: missing terminating " character\n'}
[3.199347] (uav_tf2_test) StderrLine: {'line': b'   57 |             result: p_x %f p_y %f p_z %f r_x %f r_y %f r_z %f r_w %f",\n'}
[3.199452] (uav_tf2_test) StderrLine: {'line': b'      |                                                                     ^\n'}
[3.200353] (uav_tf2_test) StderrLine: {'line': b'In file included from /opt/ros/galactic/include/rclcpp/client.hpp:40,\n'}
[3.200553] (uav_tf2_test) StderrLine: {'line': b'                 from /opt/ros/galactic/include/rclcpp/callback_group.hpp:23,\n'}
[3.200658] (uav_tf2_test) StderrLine: {'line': b'                 from /opt/ros/galactic/include/rclcpp/any_executable.hpp:20,\n'}
[3.200762] (uav_tf2_test) StderrLine: {'line': b'                 from /opt/ros/galactic/include/rclcpp/memory_strategy.hpp:25,\n'}
[3.200867] (uav_tf2_test) StderrLine: {'line': b'                 from /opt/ros/galactic/include/rclcpp/memory_strategies.hpp:18,\n'}
[3.200971] (uav_tf2_test) StderrLine: {'line': b'                 from /opt/ros/galactic/include/rclcpp/executor_options.hpp:20,\n'}
[3.201110] (uav_tf2_test) StderrLine: {'line': b'                 from /opt/ros/galactic/include/rclcpp/executor.hpp:36,\n'}
[3.201277] (uav_tf2_test) StderrLine: {'line': b'                 from /opt/ros/galactic/include/rclcpp/executors/multi_threaded_executor.hpp:26,\n'}
[3.201432] (uav_tf2_test) StderrLine: {'line': b'                 from /opt/ros/galactic/include/rclcpp/executors.hpp:21,\n'}
[3.201588] (uav_tf2_test) StderrLine: {'line': b'                 from /opt/ros/galactic/include/rclcpp/rclcpp.hpp:156,\n'}
[3.201738] (uav_tf2_test) StderrLine: {'line': b'                 from /home/ccl/ros2_ws/uav_tf2_test/src/tf2_listener.cpp:8:\n'}
[3.201884] (uav_tf2_test) StderrLine: {'line': b'/home/ccl/ros2_ws/uav_tf2_test/src/tf2_listener.cpp:56:29: error: missing terminating " character\n'}
[3.202029] (uav_tf2_test) StderrLine: {'line': b'   56 |         this->get_logger(), "Transform %s to %s successfully,\n'}
[3.202175] (uav_tf2_test) StderrLine: {'line': b'      |                             ^~~~~~~~~~~~~~~~~~~~~~~~~~~~~~~~~ \n'}
[3.202328] (uav_tf2_test) StderrLine: {'line': b'/home/ccl/ros2_ws/uav_tf2_test/src/tf2_listener.cpp:57:69: error: missing terminating " character\n'}
[3.202474] (uav_tf2_test) StderrLine: {'line': b'   57 |             result: p_x %f p_y %f p_z %f r_x %f r_y %f r_z %f r_w %f",\n'}
[3.202616] (uav_tf2_test) StderrLine: {'line': b'      |                                                                     ^~\n'}
[3.202769] (uav_tf2_test) StderrLine: {'line': b'/home/ccl/ros2_ws/uav_tf2_test/src/tf2_listener.cpp:74:29: warning: missing terminating " character\n'}
[3.203002] (uav_tf2_test) StderrLine: {'line': b'   74 |         this->get_logger(), "Transform %s to %s successfully,\n'}
[3.203156] (uav_tf2_test) StderrLine: {'line': b'      |                             ^\n'}
[3.203305] (uav_tf2_test) StderrLine: {'line': b'/home/ccl/ros2_ws/uav_tf2_test/src/tf2_listener.cpp:75:69: warning: missing terminating " character\n'}
[3.203457] (uav_tf2_test) StderrLine: {'line': b'   75 |             result: p_x %f p_y %f p_z %f r_x %f r_y %f r_z %f r_w %f",\n'}
[3.203603] (uav_tf2_test) StderrLine: {'line': b'      |                                                                     ^\n'}
[3.203754] (uav_tf2_test) StderrLine: {'line': b'In file included from /opt/ros/galactic/include/rclcpp/client.hpp:40,\n'}
[3.203921] (uav_tf2_test) StderrLine: {'line': b'                 from /opt/ros/galactic/include/rclcpp/callback_group.hpp:23,\n'}
[3.204071] (uav_tf2_test) StderrLine: {'line': b'                 from /opt/ros/galactic/include/rclcpp/any_executable.hpp:20,\n'}
[3.204216] (uav_tf2_test) StderrLine: {'line': b'                 from /opt/ros/galactic/include/rclcpp/memory_strategy.hpp:25,\n'}
[3.204356] (uav_tf2_test) StderrLine: {'line': b'                 from /opt/ros/galactic/include/rclcpp/memory_strategies.hpp:18,\n'}
[3.204501] (uav_tf2_test) StderrLine: {'line': b'                 from /opt/ros/galactic/include/rclcpp/executor_options.hpp:20,\n'}
[3.204650] (uav_tf2_test) StderrLine: {'line': b'                 from /opt/ros/galactic/include/rclcpp/executor.hpp:36,\n'}
[3.204813] (uav_tf2_test) StderrLine: {'line': b'                 from /opt/ros/galactic/include/rclcpp/executors/multi_threaded_executor.hpp:26,\n'}
[3.204964] (uav_tf2_test) StderrLine: {'line': b'                 from /opt/ros/galactic/include/rclcpp/executors.hpp:21,\n'}
[3.205113] (uav_tf2_test) StderrLine: {'line': b'                 from /opt/ros/galactic/include/rclcpp/rclcpp.hpp:156,\n'}
[3.205260] (uav_tf2_test) StderrLine: {'line': b'                 from /home/ccl/ros2_ws/uav_tf2_test/src/tf2_listener.cpp:8:\n'}
[3.205403] (uav_tf2_test) StderrLine: {'line': b'/home/ccl/ros2_ws/uav_tf2_test/src/tf2_listener.cpp:74:29: error: missing terminating " character\n'}
[3.205550] (uav_tf2_test) StderrLine: {'line': b'   74 |         this->get_logger(), "Transform %s to %s successfully,\n'}
[3.205704] (uav_tf2_test) StderrLine: {'line': b'      |                             ^~~~~~~~~~~~~~~~~~~~~~~~~~~~~~~~~ \n'}
[3.206053] (uav_tf2_test) StderrLine: {'line': b'/home/ccl/ros2_ws/uav_tf2_test/src/tf2_listener.cpp:75:69: error: missing terminating " character\n'}
[3.206214] (uav_tf2_test) StderrLine: {'line': b'   75 |             result: p_x %f p_y %f p_z %f r_x %f r_y %f r_z %f r_w %f",\n'}
[3.207146] (uav_tf2_test) StderrLine: {'line': b'      |                                                                     ^~\n'}
[3.207264] (uav_tf2_test) StderrLine: {'line': b'/home/ccl/ros2_ws/uav_tf2_test/src/tf2_listener.cpp: In constructor \xe2\x80\x98FrameListener::FrameListener()\xe2\x80\x99:\n'}
[3.207370] (uav_tf2_test) StderrLine: {'line': b'/home/ccl/ros2_ws/uav_tf2_test/src/tf2_listener.cpp:22:5: error: \xe2\x80\x98source_frame_1\xe2\x80\x99 was not declared in this scope\n'}
[3.207476] (uav_tf2_test) StderrLine: {'line': b'   22 |     source_frame_1 = this->declare_parameter<std::string>("source_frame", "camera");\n'}
[3.207580] (uav_tf2_test) StderrLine: {'line': b'      |     ^~~~~~~~~~~~~~\n'}
[3.207684] (uav_tf2_test) StderrLine: {'line': b'/home/ccl/ros2_ws/uav_tf2_test/src/tf2_listener.cpp:23:5: error: \xe2\x80\x98source_frame_2\xe2\x80\x99 was not declared in this scope\n'}
[3.207791] (uav_tf2_test) StderrLine: {'line': b'   23 |     source_frame_2 = this->declare_parameter<std::string>("source_frame", "lidar");\n'}
[3.207906] (uav_tf2_test) StderrLine: {'line': b'      |     ^~~~~~~~~~~~~~\n'}
[3.208012] (uav_tf2_test) StderrLine: {'line': b'/home/ccl/ros2_ws/uav_tf2_test/src/tf2_listener.cpp: In member function \xe2\x80\x98void FrameListener::on_timer()\xe2\x80\x99:\n'}
[3.208121] (uav_tf2_test) StderrLine: {'line': b'/home/ccl/ros2_ws/uav_tf2_test/src/tf2_listener.cpp:37:33: error: \xe2\x80\x98source_frame_1\xe2\x80\x99 was not declared in this scope\n'}
[3.208228] (uav_tf2_test) StderrLine: {'line': b'   37 |     std::string fromFrameRel1 = source_frame_1.c_str();\n'}
[3.208335] (uav_tf2_test) StderrLine: {'line': b'      |                                 ^~~~~~~~~~~~~~\n'}
[3.208442] (uav_tf2_test) StderrLine: {'line': b'/home/ccl/ros2_ws/uav_tf2_test/src/tf2_listener.cpp:38:33: error: \xe2\x80\x98source_frame_2\xe2\x80\x99 was not declared in this scope\n'}
[3.208548] (uav_tf2_test) StderrLine: {'line': b'   38 |     std::string fromFrameRel2 = source_frame_2.c_str();\n'}
[3.208656] (uav_tf2_test) StderrLine: {'line': b'      |                                 ^~~~~~~~~~~~~~\n'}
[3.208763] (uav_tf2_test) StderrLine: {'line': b'/home/ccl/ros2_ws/uav_tf2_test/src/tf2_listener.cpp:46:9: error: \xe2\x80\x98t1\xe2\x80\x99 was not declared in this scope; did you mean \xe2\x80\x98tm\xe2\x80\x99?\n'}
[3.208870] (uav_tf2_test) StderrLine: {'line': b'   46 |         t1 = tf_buffer_->lookupTransform(\n'}
[3.209009] (uav_tf2_test) StderrLine: {'line': b'      |         ^~\n'}
[3.209116] (uav_tf2_test) StderrLine: {'line': b'      |         tm\n'}
[3.209223] (uav_tf2_test) StderrLine: {'line': b'In file included from /opt/ros/galactic/include/rclcpp/client.hpp:40,\n'}
[3.209331] (uav_tf2_test) StderrLine: {'line': b'                 from /opt/ros/galactic/include/rclcpp/callback_group.hpp:23,\n'}
[3.209438] (uav_tf2_test) StderrLine: {'line': b'                 from /opt/ros/galactic/include/rclcpp/any_executable.hpp:20,\n'}
[3.209547] (uav_tf2_test) StderrLine: {'line': b'                 from /opt/ros/galactic/include/rclcpp/memory_strategy.hpp:25,\n'}
[3.209657] (uav_tf2_test) StderrLine: {'line': b'                 from /opt/ros/galactic/include/rclcpp/memory_strategies.hpp:18,\n'}
[3.209767] (uav_tf2_test) StderrLine: {'line': b'                 from /opt/ros/galactic/include/rclcpp/executor_options.hpp:20,\n'}
[3.209877] (uav_tf2_test) StderrLine: {'line': b'                 from /opt/ros/galactic/include/rclcpp/executor.hpp:36,\n'}
[3.209993] (uav_tf2_test) StderrLine: {'line': b'                 from /opt/ros/galactic/include/rclcpp/executors/multi_threaded_executor.hpp:26,\n'}
[3.210113] (uav_tf2_test) StderrLine: {'line': b'                 from /opt/ros/galactic/include/rclcpp/executors.hpp:21,\n'}
[3.210229] (uav_tf2_test) StderrLine: {'line': b'                 from /opt/ros/galactic/include/rclcpp/rclcpp.hpp:156,\n'}
[3.210372] (uav_tf2_test) StderrLine: {'line': b'                 from /home/ccl/ros2_ws/uav_tf2_test/src/tf2_listener.cpp:8:\n'}
[3.210490] (uav_tf2_test) StderrLine: {'line': b'/home/ccl/ros2_ws/uav_tf2_test/src/tf2_listener.cpp:51:13: error: \xe2\x80\x98fromFrameRel\xe2\x80\x99 was not declared in this scope; did you mean \xe2\x80\x98fromFrameRel2\xe2\x80\x99?\n'}
[3.210973] (uav_tf2_test) StderrLine: {'line': b'   51 |             fromFrameRel.c_str(), toFrameRel1.c_str(), ex.what());\n'}
[3.211088] (uav_tf2_test) StderrLine: {'line': b'      |             ^~~~~~~~~~~~\n'}
[3.211196] (uav_tf2_test) StderrLine: {'line': b'/home/ccl/ros2_ws/uav_tf2_test/src/tf2_listener.cpp:51:35: error: \xe2\x80\x98toFrameRel1\xe2\x80\x99 was not declared in this scope; did you mean \xe2\x80\x98toFrameRel\xe2\x80\x99?\n'}
[3.211305] (uav_tf2_test) StderrLine: {'line': b'   51 |             fromFrameRel.c_str(), toFrameRel1.c_str(), ex.what());\n'}
[3.211774] (uav_tf2_test) StderrLine: {'line': b'      |                                   ^~~~~~~~~~~\n'}
[3.211883] (uav_tf2_test) StderrLine: {'line': b'/home/ccl/ros2_ws/uav_tf2_test/src/tf2_listener.cpp:57:19: error: found \xe2\x80\x98:\xe2\x80\x99 in nested-name-specifier, expected \xe2\x80\x98::\xe2\x80\x99\n'}
[3.211997] (uav_tf2_test) StderrLine: {'line': b'   57 |             result: p_x %f p_y %f p_z %f r_x %f r_y %f r_z %f r_w %f",\n'}
[3.212106] (uav_tf2_test) StderrLine: {'line': b'      |                   ^\n'}
[3.212214] (uav_tf2_test) StderrLine: {'line': b'/home/ccl/ros2_ws/uav_tf2_test/src/tf2_listener.cpp:57:13: error: \xe2\x80\x98result\xe2\x80\x99 has not been declared\n'}
[3.212352] (uav_tf2_test) StderrLine: {'line': b'   57 |             result: p_x %f p_y %f p_z %f r_x %f r_y %f r_z %f r_w %f",\n'}
[3.212461] (uav_tf2_test) StderrLine: {'line': b'      |             ^~~~~~\n'}
[3.212568] (uav_tf2_test) StderrLine: {'line': b'/home/ccl/ros2_ws/uav_tf2_test/src/tf2_listener.cpp:57:26: error: \xe2\x80\x98f\xe2\x80\x99 was not declared in this scope\n'}
[3.212675] (uav_tf2_test) StderrLine: {'line': b'   57 |             result: p_x %f p_y %f p_z %f r_x %f r_y %f r_z %f r_w %f",\n'}
[3.212782] (uav_tf2_test) StderrLine: {'line': b'      |                          ^\n'}
[3.212889] (uav_tf2_test) StderrLine: {'line': b'/home/ccl/ros2_ws/uav_tf2_test/src/tf2_listener.cpp:58:52: error: \xe2\x80\x98t1\xe2\x80\x99 was not declared in this scope; did you mean \xe2\x80\x98tm\xe2\x80\x99?\n'}
[3.212996] (uav_tf2_test) StderrLine: {'line': b'   58 |         fromFrameRel1.c_str(), toFrameRel.c_str(), t1.translation.x,\n'}
[3.213135] (uav_tf2_test) StderrLine: {'line': b'      |                                                    ^~\n'}
[3.213244] (uav_tf2_test) StderrLine: {'line': b'/home/ccl/ros2_ws/uav_tf2_test/src/tf2_listener.cpp:63:5: error: expected \xe2\x80\x98;\xe2\x80\x99 before \xe2\x80\x98try\xe2\x80\x99\n'}
[3.213352] (uav_tf2_test) StderrLine: {'line': b'   63 |     try {\n'}
[3.213458] (uav_tf2_test) StderrLine: {'line': b'      |     ^~~\n'}
[3.213564] (uav_tf2_test) StderrLine: {'line': b'/home/ccl/ros2_ws/uav_tf2_test/src/tf2_listener.cpp:64:9: error: \xe2\x80\x98t2\xe2\x80\x99 was not declared in this scope; did you mean \xe2\x80\x98tf2\xe2\x80\x99?\n'}
[3.213676] (uav_tf2_test) StderrLine: {'line': b'   64 |         t2 = tf_buffer_->lookupTransform(\n'}
[3.213781] (uav_tf2_test) StderrLine: {'line': b'      |         ^~\n'}
[3.213888] (uav_tf2_test) StderrLine: {'line': b'      |         tf2\n'}
[3.213993] (uav_tf2_test) StderrLine: {'line': b'In file included from /opt/ros/galactic/include/rclcpp/client.hpp:40,\n'}
[3.214100] (uav_tf2_test) StderrLine: {'line': b'                 from /opt/ros/galactic/include/rclcpp/callback_group.hpp:23,\n'}
[3.214207] (uav_tf2_test) StderrLine: {'line': b'                 from /opt/ros/galactic/include/rclcpp/any_executable.hpp:20,\n'}
[3.214314] (uav_tf2_test) StderrLine: {'line': b'                 from /opt/ros/galactic/include/rclcpp/memory_strategy.hpp:25,\n'}
[3.214426] (uav_tf2_test) StderrLine: {'line': b'                 from /opt/ros/galactic/include/rclcpp/memory_strategies.hpp:18,\n'}
[3.214533] (uav_tf2_test) StderrLine: {'line': b'                 from /opt/ros/galactic/include/rclcpp/executor_options.hpp:20,\n'}
[3.214638] (uav_tf2_test) StderrLine: {'line': b'                 from /opt/ros/galactic/include/rclcpp/executor.hpp:36,\n'}
[3.214748] (uav_tf2_test) StderrLine: {'line': b'                 from /opt/ros/galactic/include/rclcpp/executors/multi_threaded_executor.hpp:26,\n'}
[3.214896] (uav_tf2_test) StderrLine: {'line': b'                 from /opt/ros/galactic/include/rclcpp/executors.hpp:21,\n'}
[3.215010] (uav_tf2_test) StderrLine: {'line': b'                 from /opt/ros/galactic/include/rclcpp/rclcpp.hpp:156,\n'}
[3.215120] (uav_tf2_test) StderrLine: {'line': b'                 from /home/ccl/ros2_ws/uav_tf2_test/src/tf2_listener.cpp:8:\n'}
[3.215230] (uav_tf2_test) StderrLine: {'line': b'/home/ccl/ros2_ws/uav_tf2_test/src/tf2_listener.cpp:75:19: error: found \xe2\x80\x98:\xe2\x80\x99 in nested-name-specifier, expected \xe2\x80\x98::\xe2\x80\x99\n'}
[3.215340] (uav_tf2_test) StderrLine: {'line': b'   75 |             result: p_x %f p_y %f p_z %f r_x %f r_y %f r_z %f r_w %f",\n'}
[3.215449] (uav_tf2_test) StderrLine: {'line': b'      |                   ^\n'}
[3.215558] (uav_tf2_test) StderrLine: {'line': b'/home/ccl/ros2_ws/uav_tf2_test/src/tf2_listener.cpp:75:13: error: \xe2\x80\x98result\xe2\x80\x99 has not been declared\n'}
[3.215668] (uav_tf2_test) StderrLine: {'line': b'   75 |             result: p_x %f p_y %f p_z %f r_x %f r_y %f r_z %f r_w %f",\n'}
[3.215776] (uav_tf2_test) StderrLine: {'line': b'      |             ^~~~~~\n'}
[3.215887] (uav_tf2_test) StderrLine: {'line': b'/home/ccl/ros2_ws/uav_tf2_test/src/tf2_listener.cpp:75:26: error: \xe2\x80\x98f\xe2\x80\x99 was not declared in this scope\n'}
[3.216011] (uav_tf2_test) StderrLine: {'line': b'   75 |             result: p_x %f p_y %f p_z %f r_x %f r_y %f r_z %f r_w %f",\n'}
[3.216120] (uav_tf2_test) StderrLine: {'line': b'      |                          ^\n'}
[3.216228] (uav_tf2_test) StderrLine: {'line': b'/home/ccl/ros2_ws/uav_tf2_test/src/tf2_listener.cpp:76:52: error: \xe2\x80\x98t2\xe2\x80\x99 was not declared in this scope; did you mean \xe2\x80\x98tf2\xe2\x80\x99?\n'}
[3.216335] (uav_tf2_test) StderrLine: {'line': b'   76 |         fromFrameRel2.c_str(), toFrameRel.c_str(), t2.translation.x,\n'}
[3.216442] (uav_tf2_test) StderrLine: {'line': b'      |                                                    ^~\n'}
[3.216548] (uav_tf2_test) StderrLine: {'line': b'/home/ccl/ros2_ws/uav_tf2_test/src/tf2_listener.cpp:81:3: error: expected \xe2\x80\x98;\xe2\x80\x99 before \xe2\x80\x98}\xe2\x80\x99 token\n'}
[3.216654] (uav_tf2_test) StderrLine: {'line': b'   81 |   }\n'}
[3.216760] (uav_tf2_test) StderrLine: {'line': b'      |   ^\n'}
[3.216865] (uav_tf2_test) StderrLine: {'line': b'make[2]: *** [CMakeFiles/tf2_listener.dir/build.make:63: CMakeFiles/tf2_listener.dir/src/tf2_listener.cpp.o] Error 1\n'}
[3.216973] (uav_tf2_test) StderrLine: {'line': b'make[1]: *** [CMakeFiles/Makefile2:279: CMakeFiles/tf2_listener.dir/all] Error 2\n'}
[3.217081] (uav_tf2_test) StderrLine: {'line': b'make[1]: *** Waiting for unfinished jobs....\n'}
[3.220235] (-) TimerEvent: {}
[3.321594] (-) TimerEvent: {}
[3.422052] (-) TimerEvent: {}
[3.522490] (-) TimerEvent: {}
[3.622926] (-) TimerEvent: {}
[3.723489] (-) TimerEvent: {}
[3.825025] (-) TimerEvent: {}
[3.925527] (-) TimerEvent: {}
[4.026844] (-) TimerEvent: {}
[4.127617] (-) TimerEvent: {}
[4.228128] (-) TimerEvent: {}
[4.329077] (-) TimerEvent: {}
[4.412996] (uav_tf2_test) StderrLine: {'line': b'/home/ccl/ros2_ws/uav_tf2_test/src/lidar_tf2_broadcaster.cpp: In member function \xe2\x80\x98void FramePublisher::handle_lidar_pose(std::shared_ptr<geometry_msgs::msg::Pose_<std::allocator<void> > >)\xe2\x80\x99:\n'}
[4.413232] (uav_tf2_test) StderrLine: {'line': b'/home/ccl/ros2_ws/uav_tf2_test/src/lidar_tf2_broadcaster.cpp:41:46: error: base operand of \xe2\x80\x98->\xe2\x80\x99 has non-pointer type \xe2\x80\x98geometry_msgs::msg::Pose_<std::allocator<void> >::_position_type\xe2\x80\x99 {aka \xe2\x80\x98geometry_msgs::msg::Point_<std::allocator<void> >\xe2\x80\x99}\n'}
[4.413360] (uav_tf2_test) StderrLine: {'line': b'   41 |     t.transform.translation.x = msg->position->x;\n'}
[4.413470] (uav_tf2_test) StderrLine: {'line': b'      |                                              ^~\n'}
[4.413592] (uav_tf2_test) StderrLine: {'line': b'/home/ccl/ros2_ws/uav_tf2_test/src/lidar_tf2_broadcaster.cpp:42:46: error: base operand of \xe2\x80\x98->\xe2\x80\x99 has non-pointer type \xe2\x80\x98geometry_msgs::msg::Pose_<std::allocator<void> >::_position_type\xe2\x80\x99 {aka \xe2\x80\x98geometry_msgs::msg::Point_<std::allocator<void> >\xe2\x80\x99}\n'}
[4.413699] (uav_tf2_test) StderrLine: {'line': b'   42 |     t.transform.translation.y = msg->position->y;\n'}
[4.413805] (uav_tf2_test) StderrLine: {'line': b'      |                                              ^~\n'}
[4.413910] (uav_tf2_test) StderrLine: {'line': b'/home/ccl/ros2_ws/uav_tf2_test/src/lidar_tf2_broadcaster.cpp:43:46: error: base operand of \xe2\x80\x98->\xe2\x80\x99 has non-pointer type \xe2\x80\x98geometry_msgs::msg::Pose_<std::allocator<void> >::_position_type\xe2\x80\x99 {aka \xe2\x80\x98geometry_msgs::msg::Point_<std::allocator<void> >\xe2\x80\x99}\n'}
[4.414016] (uav_tf2_test) StderrLine: {'line': b'   43 |     t.transform.translation.z = msg->position->z;\n'}
[4.414120] (uav_tf2_test) StderrLine: {'line': b'      |                                              ^~\n'}
[4.414222] (uav_tf2_test) StderrLine: {'line': b'/home/ccl/ros2_ws/uav_tf2_test/src/lidar_tf2_broadcaster.cpp:45:46: error: base operand of \xe2\x80\x98->\xe2\x80\x99 has non-pointer type \xe2\x80\x98geometry_msgs::msg::Pose_<std::allocator<void> >::_orientation_type\xe2\x80\x99 {aka \xe2\x80\x98geometry_msgs::msg::Quaternion_<std::allocator<void> >\xe2\x80\x99}\n'}
[4.414327] (uav_tf2_test) StderrLine: {'line': b'   45 |     t.transform.rotation.x = msg->orientation->x;\n'}
[4.414426] (uav_tf2_test) StderrLine: {'line': b'      |                                              ^~\n'}
[4.414525] (uav_tf2_test) StderrLine: {'line': b'/home/ccl/ros2_ws/uav_tf2_test/src/lidar_tf2_broadcaster.cpp:46:46: error: base operand of \xe2\x80\x98->\xe2\x80\x99 has non-pointer type \xe2\x80\x98geometry_msgs::msg::Pose_<std::allocator<void> >::_orientation_type\xe2\x80\x99 {aka \xe2\x80\x98geometry_msgs::msg::Quaternion_<std::allocator<void> >\xe2\x80\x99}\n'}
[4.414628] (uav_tf2_test) StderrLine: {'line': b'   46 |     t.transform.rotation.y = msg->orientation->y;\n'}
[4.414727] (uav_tf2_test) StderrLine: {'line': b'      |                                              ^~\n'}
[4.414827] (uav_tf2_test) StderrLine: {'line': b'/home/ccl/ros2_ws/uav_tf2_test/src/lidar_tf2_broadcaster.cpp:47:46: error: base operand of \xe2\x80\x98->\xe2\x80\x99 has non-pointer type \xe2\x80\x98geometry_msgs::msg::Pose_<std::allocator<void> >::_orientation_type\xe2\x80\x99 {aka \xe2\x80\x98geometry_msgs::msg::Quaternion_<std::allocator<void> >\xe2\x80\x99}\n'}
[4.414993] (uav_tf2_test) StderrLine: {'line': b'   47 |     t.transform.rotation.z = msg->orientation->z;\n'}
[4.415101] (uav_tf2_test) StderrLine: {'line': b'      |                                              ^~\n'}
[4.415206] (uav_tf2_test) StderrLine: {'line': b'/home/ccl/ros2_ws/uav_tf2_test/src/lidar_tf2_broadcaster.cpp:48:46: error: base operand of \xe2\x80\x98->\xe2\x80\x99 has non-pointer type \xe2\x80\x98geometry_msgs::msg::Pose_<std::allocator<void> >::_orientation_type\xe2\x80\x99 {aka \xe2\x80\x98geometry_msgs::msg::Quaternion_<std::allocator<void> >\xe2\x80\x99}\n'}
[4.415314] (uav_tf2_test) StderrLine: {'line': b'   48 |     t.transform.rotation.w = msg->orientation->w;\n'}
[4.415438] (uav_tf2_test) StderrLine: {'line': b'      |                                              ^~\n'}
[4.415654] (uav_tf2_test) StderrLine: {'line': b'make[2]: *** [CMakeFiles/lidar_tf2_broadcaster.dir/build.make:63: CMakeFiles/lidar_tf2_broadcaster.dir/src/lidar_tf2_broadcaster.cpp.o] Error 1\n'}
[4.415755] (uav_tf2_test) StderrLine: {'line': b'make[1]: *** [CMakeFiles/Makefile2:252: CMakeFiles/lidar_tf2_broadcaster.dir/all] Error 2\n'}
[4.429360] (-) TimerEvent: {}
[4.512197] (uav_tf2_test) StderrLine: {'line': b'/home/ccl/ros2_ws/uav_tf2_test/src/uav_tf2_broadcaster.cpp: In member function \xe2\x80\x98void FramePublisher::handle_uav_pose(std::shared_ptr<geometry_msgs::msg::Pose_<std::allocator<void> > >)\xe2\x80\x99:\n'}
[4.512437] (uav_tf2_test) StderrLine: {'line': b'/home/ccl/ros2_ws/uav_tf2_test/src/uav_tf2_broadcaster.cpp:41:46: error: base operand of \xe2\x80\x98->\xe2\x80\x99 has non-pointer type \xe2\x80\x98geometry_msgs::msg::Pose_<std::allocator<void> >::_position_type\xe2\x80\x99 {aka \xe2\x80\x98geometry_msgs::msg::Point_<std::allocator<void> >\xe2\x80\x99}\n'}
[4.512557] (uav_tf2_test) StderrLine: {'line': b'   41 |     t.transform.translation.x = msg->position->x;\n'}
[4.512665] (uav_tf2_test) StderrLine: {'line': b'      |                                              ^~\n'}
[4.513286] (uav_tf2_test) StderrLine: {'line': b'/home/ccl/ros2_ws/uav_tf2_test/src/uav_tf2_broadcaster.cpp:42:46: error: base operand of \xe2\x80\x98->\xe2\x80\x99 has non-pointer type \xe2\x80\x98geometry_msgs::msg::Pose_<std::allocator<void> >::_position_type\xe2\x80\x99 {aka \xe2\x80\x98geometry_msgs::msg::Point_<std::allocator<void> >\xe2\x80\x99}\n'}
[4.513422] (uav_tf2_test) StderrLine: {'line': b'   42 |     t.transform.translation.y = msg->position->y;\n'}
[4.513526] (uav_tf2_test) StderrLine: {'line': b'      |                                              ^~\n'}
[4.513631] (uav_tf2_test) StderrLine: {'line': b'/home/ccl/ros2_ws/uav_tf2_test/src/uav_tf2_broadcaster.cpp:43:46: error: base operand of \xe2\x80\x98->\xe2\x80\x99 has non-pointer type \xe2\x80\x98geometry_msgs::msg::Pose_<std::allocator<void> >::_position_type\xe2\x80\x99 {aka \xe2\x80\x98geometry_msgs::msg::Point_<std::allocator<void> >\xe2\x80\x99}\n'}
[4.513738] (uav_tf2_test) StderrLine: {'line': b'   43 |     t.transform.translation.z = msg->position->z;\n'}
[4.513842] (uav_tf2_test) StderrLine: {'line': b'      |                                              ^~\n'}
[4.513948] (uav_tf2_test) StderrLine: {'line': b'/home/ccl/ros2_ws/uav_tf2_test/src/uav_tf2_broadcaster.cpp:45:46: error: base operand of \xe2\x80\x98->\xe2\x80\x99 has non-pointer type \xe2\x80\x98geometry_msgs::msg::Pose_<std::allocator<void> >::_orientation_type\xe2\x80\x99 {aka \xe2\x80\x98geometry_msgs::msg::Quaternion_<std::allocator<void> >\xe2\x80\x99}\n'}
[4.514051] (uav_tf2_test) StderrLine: {'line': b'   45 |     t.transform.rotation.x = msg->orientation->x;\n'}
[4.514155] (uav_tf2_test) StderrLine: {'line': b'      |                                              ^~\n'}
[4.514259] (uav_tf2_test) StderrLine: {'line': b'/home/ccl/ros2_ws/uav_tf2_test/src/uav_tf2_broadcaster.cpp:46:46: error: base operand of \xe2\x80\x98->\xe2\x80\x99 has non-pointer type \xe2\x80\x98geometry_msgs::msg::Pose_<std::allocator<void> >::_orientation_type\xe2\x80\x99 {aka \xe2\x80\x98geometry_msgs::msg::Quaternion_<std::allocator<void> >\xe2\x80\x99}\n'}
[4.514368] (uav_tf2_test) StderrLine: {'line': b'   46 |     t.transform.rotation.y = msg->orientation->y;\n'}
[4.514474] (uav_tf2_test) StderrLine: {'line': b'      |                                              ^~\n'}
[4.514579] (uav_tf2_test) StderrLine: {'line': b'/home/ccl/ros2_ws/uav_tf2_test/src/uav_tf2_broadcaster.cpp:47:46: error: base operand of \xe2\x80\x98->\xe2\x80\x99 has non-pointer type \xe2\x80\x98geometry_msgs::msg::Pose_<std::allocator<void> >::_orientation_type\xe2\x80\x99 {aka \xe2\x80\x98geometry_msgs::msg::Quaternion_<std::allocator<void> >\xe2\x80\x99}\n'}
[4.514688] (uav_tf2_test) StderrLine: {'line': b'   47 |     t.transform.rotation.z = msg->orientation->z;\n'}
[4.514794] (uav_tf2_test) StderrLine: {'line': b'      |                                              ^~\n'}
[4.514958] (uav_tf2_test) StderrLine: {'line': b'/home/ccl/ros2_ws/uav_tf2_test/src/uav_tf2_broadcaster.cpp:48:46: error: base operand of \xe2\x80\x98->\xe2\x80\x99 has non-pointer type \xe2\x80\x98geometry_msgs::msg::Pose_<std::allocator<void> >::_orientation_type\xe2\x80\x99 {aka \xe2\x80\x98geometry_msgs::msg::Quaternion_<std::allocator<void> >\xe2\x80\x99}\n'}
[4.515068] (uav_tf2_test) StderrLine: {'line': b'   48 |     t.transform.rotation.w = msg->orientation->w;\n'}
[4.515174] (uav_tf2_test) StderrLine: {'line': b'      |                                              ^~\n'}
[4.515280] (uav_tf2_test) StderrLine: {'line': b'make[2]: *** [CMakeFiles/uav_tf2_broadcaster.dir/build.make:63: CMakeFiles/uav_tf2_broadcaster.dir/src/uav_tf2_broadcaster.cpp.o] Error 1\n'}
[4.515389] (uav_tf2_test) StderrLine: {'line': b'make[1]: *** [CMakeFiles/Makefile2:225: CMakeFiles/uav_tf2_broadcaster.dir/all] Error 2\n'}
[4.529632] (-) TimerEvent: {}
[4.607648] (uav_tf2_test) StderrLine: {'line': b'/home/ccl/ros2_ws/uav_tf2_test/src/camera_tf2_broadcaster.cpp: In member function \xe2\x80\x98void FramePublisher::handle_camera_pose(std::shared_ptr<geometry_msgs::msg::Pose_<std::allocator<void> > >)\xe2\x80\x99:\n'}
[4.607880] (uav_tf2_test) StderrLine: {'line': b'/home/ccl/ros2_ws/uav_tf2_test/src/camera_tf2_broadcaster.cpp:41:46: error: base operand of \xe2\x80\x98->\xe2\x80\x99 has non-pointer type \xe2\x80\x98geometry_msgs::msg::Pose_<std::allocator<void> >::_position_type\xe2\x80\x99 {aka \xe2\x80\x98geometry_msgs::msg::Point_<std::allocator<void> >\xe2\x80\x99}\n'}
[4.607998] (uav_tf2_test) StderrLine: {'line': b'   41 |     t.transform.translation.x = msg->position->x;\n'}
[4.608351] (uav_tf2_test) StderrLine: {'line': b'      |                                              ^~\n'}
[4.608590] (uav_tf2_test) StderrLine: {'line': b'/home/ccl/ros2_ws/uav_tf2_test/src/camera_tf2_broadcaster.cpp:42:46: error: base operand of \xe2\x80\x98->\xe2\x80\x99 has non-pointer type \xe2\x80\x98geometry_msgs::msg::Pose_<std::allocator<void> >::_position_type\xe2\x80\x99 {aka \xe2\x80\x98geometry_msgs::msg::Point_<std::allocator<void> >\xe2\x80\x99}\n'}
[4.608697] (uav_tf2_test) StderrLine: {'line': b'   42 |     t.transform.translation.y = msg->position->y;\n'}
[4.608801] (uav_tf2_test) StderrLine: {'line': b'      |                                              ^~\n'}
[4.609103] (uav_tf2_test) StderrLine: {'line': b'/home/ccl/ros2_ws/uav_tf2_test/src/camera_tf2_broadcaster.cpp:43:46: error: base operand of \xe2\x80\x98->\xe2\x80\x99 has non-pointer type \xe2\x80\x98geometry_msgs::msg::Pose_<std::allocator<void> >::_position_type\xe2\x80\x99 {aka \xe2\x80\x98geometry_msgs::msg::Point_<std::allocator<void> >\xe2\x80\x99}\n'}
[4.609217] (uav_tf2_test) StderrLine: {'line': b'   43 |     t.transform.translation.z = msg->position->z;\n'}
[4.609322] (uav_tf2_test) StderrLine: {'line': b'      |                                              ^~\n'}
[4.609429] (uav_tf2_test) StderrLine: {'line': b'/home/ccl/ros2_ws/uav_tf2_test/src/camera_tf2_broadcaster.cpp:45:46: error: base operand of \xe2\x80\x98->\xe2\x80\x99 has non-pointer type \xe2\x80\x98geometry_msgs::msg::Pose_<std::allocator<void> >::_orientation_type\xe2\x80\x99 {aka \xe2\x80\x98geometry_msgs::msg::Quaternion_<std::allocator<void> >\xe2\x80\x99}\n'}
[4.609537] (uav_tf2_test) StderrLine: {'line': b'   45 |     t.transform.rotation.x = msg->orientation->x;\n'}
[4.609643] (uav_tf2_test) StderrLine: {'line': b'      |                                              ^~\n'}
[4.609750] (uav_tf2_test) StderrLine: {'line': b'/home/ccl/ros2_ws/uav_tf2_test/src/camera_tf2_broadcaster.cpp:46:46: error: base operand of \xe2\x80\x98->\xe2\x80\x99 has non-pointer type \xe2\x80\x98geometry_msgs::msg::Pose_<std::allocator<void> >::_orientation_type\xe2\x80\x99 {aka \xe2\x80\x98geometry_msgs::msg::Quaternion_<std::allocator<void> >\xe2\x80\x99}\n'}
[4.609861] (uav_tf2_test) StderrLine: {'line': b'   46 |     t.transform.rotation.y = msg->orientation->y;\n'}
[4.609967] (uav_tf2_test) StderrLine: {'line': b'      |                                              ^~\n'}
[4.610073] (uav_tf2_test) StderrLine: {'line': b'/home/ccl/ros2_ws/uav_tf2_test/src/camera_tf2_broadcaster.cpp:47:46: error: base operand of \xe2\x80\x98->\xe2\x80\x99 has non-pointer type \xe2\x80\x98geometry_msgs::msg::Pose_<std::allocator<void> >::_orientation_type\xe2\x80\x99 {aka \xe2\x80\x98geometry_msgs::msg::Quaternion_<std::allocator<void> >\xe2\x80\x99}\n'}
[4.610181] (uav_tf2_test) StderrLine: {'line': b'   47 |     t.transform.rotation.z = msg->orientation->z;\n'}
[4.610292] (uav_tf2_test) StderrLine: {'line': b'      |                                              ^~\n'}
[4.610403] (uav_tf2_test) StderrLine: {'line': b'/home/ccl/ros2_ws/uav_tf2_test/src/camera_tf2_broadcaster.cpp:48:46: error: base operand of \xe2\x80\x98->\xe2\x80\x99 has non-pointer type \xe2\x80\x98geometry_msgs::msg::Pose_<std::allocator<void> >::_orientation_type\xe2\x80\x99 {aka \xe2\x80\x98geometry_msgs::msg::Quaternion_<std::allocator<void> >\xe2\x80\x99}\n'}
[4.610518] (uav_tf2_test) StderrLine: {'line': b'   48 |     t.transform.rotation.w = msg->orientation->w;\n'}
[4.610627] (uav_tf2_test) StderrLine: {'line': b'      |                                              ^~\n'}
[4.610739] (uav_tf2_test) StderrLine: {'line': b'make[2]: *** [CMakeFiles/camera_tf2_broadcaster.dir/build.make:63: CMakeFiles/camera_tf2_broadcaster.dir/src/camera_tf2_broadcaster.cpp.o] Error 1\n'}
[4.610851] (uav_tf2_test) StderrLine: {'line': b'make[1]: *** [CMakeFiles/Makefile2:198: CMakeFiles/camera_tf2_broadcaster.dir/all] Error 2\n'}
[4.611044] (uav_tf2_test) StderrLine: {'line': b'make: *** [Makefile:141: all] Error 2\n'}
[4.613256] (uav_tf2_test) CommandEnded: {'returncode': 2}
[4.630013] (-) TimerEvent: {}
[4.731727] (-) TimerEvent: {}
[4.742446] (uav_tf2_test) JobEnded: {'identifier': 'uav_tf2_test', 'rc': 2}
[4.753547] (-) EventReactorShutdown: {}
