[0.028s] Invoking command in '/home/ccl/ros2_ws/build/uav_tf2_test': CMAKE_PREFIX_PATH=/opt/ros/galactic /usr/bin/cmake /home/ccl/ros2_ws/uav_tf2_test -DCMAKE_INSTALL_PREFIX=/home/ccl/ros2_ws/install/uav_tf2_test
[0.360s] -- The C compiler identification is GNU 9.4.0
[0.632s] -- The CXX compiler identification is GNU 9.4.0
[0.644s] -- Check for working C compiler: /usr/lib/ccache/cc
[0.824s] -- Check for working C compiler: /usr/lib/ccache/cc -- works
[0.826s] -- Detecting C compiler ABI info
[0.940s] -- Detecting C compiler ABI info - done
[0.949s] -- Detecting C compile features
[0.950s] -- Detecting C compile features - done
[0.954s] -- Check for working CXX compiler: /usr/lib/ccache/c++
[1.127s] -- Check for working CXX compiler: /usr/lib/ccache/c++ -- works
[1.128s] -- Detecting CXX compiler ABI info
[1.253s] -- Detecting CXX compiler ABI info - done
[1.261s] -- Detecting CXX compile features
[1.262s] -- Detecting CXX compile features - done
[1.268s] -- Found ament_cmake: 1.1.6 (/opt/ros/galactic/share/ament_cmake/cmake)
[1.302s] -- Found PythonInterp: /usr/bin/python3 (found suitable version "3.8.10", minimum required is "3") 
[1.303s] -- Using PYTHON_EXECUTABLE: /usr/bin/python3
[1.403s] -- Found geometry_msgs: 2.2.4 (/opt/ros/galactic/share/geometry_msgs/cmake)
[1.450s] -- Using all available rosidl_typesupport_c: rosidl_typesupport_fastrtps_c;rosidl_typesupport_introspection_c
[1.462s] -- Found rosidl_adapter: 2.2.3 (/opt/ros/galactic/share/rosidl_adapter/cmake)
[1.655s] -- Found OpenSSL: /usr/lib/x86_64-linux-gnu/libcrypto.so (found version "1.1.1f")  
[1.691s] -- Found FastRTPS: /opt/ros/galactic/include  
[1.799s] -- Using all available rosidl_typesupport_cpp: rosidl_typesupport_fastrtps_cpp;rosidl_typesupport_introspection_cpp
[1.908s] -- Found rclcpp: 9.2.2 (/opt/ros/galactic/share/rclcpp/cmake)
[1.986s] -- Found rmw_implementation_cmake: 3.3.1 (/opt/ros/galactic/share/rmw_implementation_cmake/cmake)
[1.990s] -- Found rmw_cyclonedds_cpp: 0.22.6 (/opt/ros/galactic/share/rmw_cyclonedds_cpp/cmake)
[2.020s] -- Using RMW implementation 'rmw_cyclonedds_cpp' as default
[2.022s] -- Looking for pthread.h
[2.196s] -- Looking for pthread.h - found
[2.197s] -- Performing Test CMAKE_HAVE_LIBC_PTHREAD
[2.381s] -- Performing Test CMAKE_HAVE_LIBC_PTHREAD - Failed
[2.381s] -- Looking for pthread_create in pthreads
[2.477s] -- Looking for pthread_create in pthreads - not found
[2.478s] -- Looking for pthread_create in pthread
[2.592s] -- Looking for pthread_create in pthread - found
[2.595s] -- Found Threads: TRUE  
[2.764s] -- Found tf2: 0.17.5 (/opt/ros/galactic/share/tf2/cmake)
[2.782s] -- Found tf2_ros: 0.17.5 (/opt/ros/galactic/share/tf2_ros/cmake)
[3.152s] -- Found ament_lint_auto: 0.10.7 (/opt/ros/galactic/share/ament_lint_auto/cmake)
[3.249s] -- Added test 'copyright' to check source files copyright and LICENSE
[3.253s] -- Added test 'cppcheck' to perform static code analysis on C / C++ code
[3.253s] -- Configured cppcheck include dirs: 
[3.254s] -- Configured cppcheck exclude dirs and/or files: 
[3.256s] -- Added test 'cpplint' to check C / C++ code against the Google style
[3.256s] -- Configured cpplint exclude dirs and/or files: 
[3.258s] -- Added test 'lint_cmake' to check CMake code style
[3.261s] -- Added test 'uncrustify' to check C / C++ code style
[3.261s] -- Configured uncrustify additional arguments: 
[3.262s] -- Added test 'xmllint' to check XML markup files
[3.273s] -- Configuring done
[3.285s] -- Generating done
[3.287s] -- Build files have been written to: /home/ccl/ros2_ws/build/uav_tf2_test
[3.299s] Invoked command in '/home/ccl/ros2_ws/build/uav_tf2_test' returned '0': CMAKE_PREFIX_PATH=/opt/ros/galactic /usr/bin/cmake /home/ccl/ros2_ws/uav_tf2_test -DCMAKE_INSTALL_PREFIX=/home/ccl/ros2_ws/install/uav_tf2_test
[3.304s] Invoking command in '/home/ccl/ros2_ws/build/uav_tf2_test': CMAKE_PREFIX_PATH=/opt/ros/galactic /usr/bin/cmake --build /home/ccl/ros2_ws/build/uav_tf2_test -- -j8 -l8
[3.385s] [35m[1mScanning dependencies of target camera_node[0m
[3.575s] [ 50%] [32mBuilding CXX object CMakeFiles/camera_node.dir/src/camera_node.cpp.o[0m
[6.591s] /home/ccl/ros2_ws/uav_tf2_test/src/camera_node.cpp: In lambda function:
[6.592s] /home/ccl/ros2_ws/uav_tf2_test/src/camera_node.cpp:32:42: error: no matching function for call to â€˜rclcpp::Publisher<std_msgs::msg::String_<std::allocator<void> > >::publish(geometry_msgs::msg::Pose_<std::allocator<void> >&)â€™
[6.592s]    32 |         this->publisher_->publish(message);
[6.592s]       |                                          ^
[6.592s] In file included from /opt/ros/galactic/include/rclcpp/topic_statistics/subscription_topic_statistics.hpp:31,
[6.592s]                  from /opt/ros/galactic/include/rclcpp/subscription.hpp:50,
[6.592s]                  from /opt/ros/galactic/include/rclcpp/any_executable.hpp:25,
[6.593s]                  from /opt/ros/galactic/include/rclcpp/memory_strategy.hpp:25,
[6.593s]                  from /opt/ros/galactic/include/rclcpp/memory_strategies.hpp:18,
[6.593s]                  from /opt/ros/galactic/include/rclcpp/executor_options.hpp:20,
[6.593s]                  from /opt/ros/galactic/include/rclcpp/executor.hpp:36,
[6.593s]                  from /opt/ros/galactic/include/rclcpp/executors/multi_threaded_executor.hpp:26,
[6.593s]                  from /opt/ros/galactic/include/rclcpp/executors.hpp:21,
[6.593s]                  from /opt/ros/galactic/include/rclcpp/rclcpp.hpp:156,
[6.593s]                  from /home/ccl/ros2_ws/uav_tf2_test/src/camera_node.cpp:5:
[6.593s] /opt/ros/galactic/include/rclcpp/publisher.hpp:187:3: note: candidate: â€˜void rclcpp::Publisher<MessageT, AllocatorT>::publish(std::unique_ptr<MessageT, typename std::conditional<std::is_same<typename std::allocator_traits<typename std::allocator_traits<_Alloc>::rebind_traits<MessageT>::allocator_type>::rebind_alloc<MessageT>, typename std::allocator<void>::rebind<_Tp1>::other>::value, std::default_delete<_Tp>, rclcpp::allocator::AllocatorDeleter<typename std::allocator_traits<_Alloc>::rebind_traits<MessageT>::allocator_type> >::type>) [with MessageT = std_msgs::msg::String_<std::allocator<void> >; AllocatorT = std::allocator<void>; typename std::conditional<std::is_same<typename std::allocator_traits<typename std::allocator_traits<_Alloc>::rebind_traits<MessageT>::allocator_type>::rebind_alloc<MessageT>, typename std::allocator<void>::rebind<_Tp1>::other>::value, std::default_delete<_Tp>, rclcpp::allocator::AllocatorDeleter<typename std::allocator_traits<_Alloc>::rebind_traits<MessageT>::allocator_type> >::type = std::default_delete<std_msgs::msg::String_<std::allocator<void> > >]â€™
[6.594s]   187 |   publish(std::unique_ptr<MessageT, MessageDeleter> msg)
[6.594s]       |   ^~~~~~~
[6.594s] /opt/ros/galactic/include/rclcpp/publisher.hpp:187:53: note:   no known conversion for argument 1 from â€˜geometry_msgs::msg::Pose_<std::allocator<void> >â€™ to â€˜std::unique_ptr<std_msgs::msg::String_<std::allocator<void> >, std::default_delete<std_msgs::msg::String_<std::allocator<void> > > >â€™
[6.594s]   187 |   publish(std::unique_ptr<MessageT, MessageDeleter> msg)
[6.594s]       |           ~~~~~~~~~~~~~~~~~~~~~~~~~~~~~~~~~~~~~~~~~~^~~
[6.594s] /opt/ros/galactic/include/rclcpp/publisher.hpp:211:3: note: candidate: â€˜void rclcpp::Publisher<MessageT, AllocatorT>::publish(const MessageT&) [with MessageT = std_msgs::msg::String_<std::allocator<void> >; AllocatorT = std::allocator<void>]â€™
[6.594s]   211 |   publish(const MessageT & msg)
[6.594s]       |   ^~~~~~~
[6.594s] /opt/ros/galactic/include/rclcpp/publisher.hpp:211:28: note:   no known conversion for argument 1 from â€˜geometry_msgs::msg::Pose_<std::allocator<void> >â€™ to â€˜const std_msgs::msg::String_<std::allocator<void> >&â€™
[6.595s]   211 |   publish(const MessageT & msg)
[6.595s]       |           ~~~~~~~~~~~~~~~~~^~~
[6.596s] /opt/ros/galactic/include/rclcpp/publisher.hpp:228:3: note: candidate: â€˜void rclcpp::Publisher<MessageT, AllocatorT>::publish(const rcl_serialized_message_t&) [with MessageT = std_msgs::msg::String_<std::allocator<void> >; AllocatorT = std::allocator<void>; rcl_serialized_message_t = rcutils_uint8_array_t]â€™
[6.596s]   228 |   publish(const rcl_serialized_message_t & serialized_msg)
[6.597s]       |   ^~~~~~~
[6.597s] /opt/ros/galactic/include/rclcpp/publisher.hpp:228:44: note:   no known conversion for argument 1 from â€˜geometry_msgs::msg::Pose_<std::allocator<void> >â€™ to â€˜const rcl_serialized_message_t&â€™ {aka â€˜const rcutils_uint8_array_t&â€™}
[6.597s]   228 |   publish(const rcl_serialized_message_t & serialized_msg)
[6.597s]       |           ~~~~~~~~~~~~~~~~~~~~~~~~~~~~~~~~~^~~~~~~~~~~~~~
[6.597s] /opt/ros/galactic/include/rclcpp/publisher.hpp:234:3: note: candidate: â€˜void rclcpp::Publisher<MessageT, AllocatorT>::publish(const rclcpp::SerializedMessage&) [with MessageT = std_msgs::msg::String_<std::allocator<void> >; AllocatorT = std::allocator<void>]â€™
[6.598s]   234 |   publish(const SerializedMessage & serialized_msg)
[6.598s]       |   ^~~~~~~
[6.599s] /opt/ros/galactic/include/rclcpp/publisher.hpp:234:37: note:   no known conversion for argument 1 from â€˜geometry_msgs::msg::Pose_<std::allocator<void> >â€™ to â€˜const rclcpp::SerializedMessage&â€™
[6.599s]   234 |   publish(const SerializedMessage & serialized_msg)
[6.599s]       |           ~~~~~~~~~~~~~~~~~~~~~~~~~~^~~~~~~~~~~~~~
[6.601s] /opt/ros/galactic/include/rclcpp/publisher.hpp:248:3: note: candidate: â€˜void rclcpp::Publisher<MessageT, AllocatorT>::publish(rclcpp::LoanedMessage<MessageT, AllocatorT>&&) [with MessageT = std_msgs::msg::String_<std::allocator<void> >; AllocatorT = std::allocator<void>]â€™
[6.604s]   248 |   publish(rclcpp::LoanedMessage<MessageT, AllocatorT> && loaned_msg)
[6.604s]       |   ^~~~~~~
[6.605s] /opt/ros/galactic/include/rclcpp/publisher.hpp:248:58: note:   no known conversion for argument 1 from â€˜geometry_msgs::msg::Pose_<std::allocator<void> >â€™ to â€˜rclcpp::LoanedMessage<std_msgs::msg::String_<std::allocator<void> >, std::allocator<void> >&&â€™
[6.606s]   248 |   publish(rclcpp::LoanedMessage<MessageT, AllocatorT> && loaned_msg)
[6.606s]       |           ~~~~~~~~~~~~~~~~~~~~~~~~~~~~~~~~~~~~~~~~~~~~~~~^~~~~~~~~~
[6.607s] make[2]: *** [CMakeFiles/camera_node.dir/build.make:63: CMakeFiles/camera_node.dir/src/camera_node.cpp.o] Error 1
[6.607s] make[1]: *** [CMakeFiles/Makefile2:78: CMakeFiles/camera_node.dir/all] Error 2
[6.607s] make: *** [Makefile:141: all] Error 2
[6.607s] Invoked command in '/home/ccl/ros2_ws/build/uav_tf2_test' returned '2': CMAKE_PREFIX_PATH=/opt/ros/galactic /usr/bin/cmake --build /home/ccl/ros2_ws/build/uav_tf2_test -- -j8 -l8
