[0.034s] Invoking command in '/home/ccl/ros2_ws/build/uav_tf2_test': CMAKE_PREFIX_PATH=${CMAKE_PREFIX_PATH}:/opt/ros/galactic /usr/bin/cmake --build /home/ccl/ros2_ws/build/uav_tf2_test -- -j8 -l8
[0.121s] [35m[1mScanning dependencies of target tf2_listener[0m
[0.155s] [ 14%] Built target lidar_node
[0.155s] [ 28%] Built target camera_node
[0.157s] [ 42%] Built target lidar_tf2_broadcaster
[0.162s] [ 57%] Built target uav_node
[0.163s] [ 71%] Built target camera_tf2_broadcaster
[0.172s] [ 85%] Built target uav_tf2_broadcaster
[0.226s] [ 92%] [32mBuilding CXX object CMakeFiles/tf2_listener.dir/src/tf2_listener.cpp.o[0m
[2.816s] /home/ccl/ros2_ws/uav_tf2_test/src/tf2_listener.cpp: In constructor â€˜FrameListener::FrameListener()â€™:
[2.816s] /home/ccl/ros2_ws/uav_tf2_test/src/tf2_listener.cpp:22:5: error: â€˜source_frame_1â€™ was not declared in this scope
[2.816s]    22 |     source_frame_1 = this->declare_parameter<std::string>("source_frame", "camera");
[2.817s]       |     ^~~~~~~~~~~~~~
[2.817s] /home/ccl/ros2_ws/uav_tf2_test/src/tf2_listener.cpp:23:5: error: â€˜source_frame_2â€™ was not declared in this scope
[2.817s]    23 |     source_frame_2 = this->declare_parameter<std::string>("source_frame", "lidar");
[2.817s]       |     ^~~~~~~~~~~~~~
[2.817s] /home/ccl/ros2_ws/uav_tf2_test/src/tf2_listener.cpp: In member function â€˜void FrameListener::on_timer()â€™:
[2.817s] /home/ccl/ros2_ws/uav_tf2_test/src/tf2_listener.cpp:37:33: error: â€˜source_frame_1â€™ was not declared in this scope
[2.818s]    37 |     std::string fromFrameRel1 = source_frame_1.c_str();
[2.818s]       |                                 ^~~~~~~~~~~~~~
[2.818s] /home/ccl/ros2_ws/uav_tf2_test/src/tf2_listener.cpp:38:33: error: â€˜source_frame_2â€™ was not declared in this scope
[2.818s]    38 |     std::string fromFrameRel2 = source_frame_2.c_str();
[2.818s]       |                                 ^~~~~~~~~~~~~~
[2.818s] make[2]: *** [CMakeFiles/tf2_listener.dir/build.make:63: CMakeFiles/tf2_listener.dir/src/tf2_listener.cpp.o] Error 1
[2.818s] make[1]: *** [CMakeFiles/Makefile2:279: CMakeFiles/tf2_listener.dir/all] Error 2
[2.818s] make: *** [Makefile:141: all] Error 2
[2.825s] Invoked command in '/home/ccl/ros2_ws/build/uav_tf2_test' returned '2': CMAKE_PREFIX_PATH=${CMAKE_PREFIX_PATH}:/opt/ros/galactic /usr/bin/cmake --build /home/ccl/ros2_ws/build/uav_tf2_test -- -j8 -l8
