[0.000000] (-) TimerEvent: {}
[0.000397] (-) JobUnselected: {'identifier': 'learning_tf2_cpp'}
[0.000496] (uav_tf2_test) JobQueued: {'identifier': 'uav_tf2_test', 'dependencies': OrderedDict()}
[0.000955] (uav_tf2_test) JobStarted: {'identifier': 'uav_tf2_test'}
[0.018403] (uav_tf2_test) JobProgress: {'identifier': 'uav_tf2_test', 'progress': 'cmake'}
[0.019831] (uav_tf2_test) JobProgress: {'identifier': 'uav_tf2_test', 'progress': 'build'}
[0.021431] (uav_tf2_test) Command: {'cmd': ['/usr/bin/cmake', '--build', '/home/ccl/ros2_ws/build/uav_tf2_test', '--', '-j8', '-l8'], 'cwd': '/home/ccl/ros2_ws/build/uav_tf2_test', 'env': OrderedDict([('GJS_DEBUG_TOPICS', 'JS ERROR;JS LOG'), ('LESSOPEN', '| /usr/bin/lesspipe %s'), ('USER', 'ccl'), ('LC_TIME', 'en_US.UTF-8'), ('GIO_MODULE_DIR', '/home/ccl/snap/code/common/.cache/gio-modules'), ('SSH_AGENT_PID', '1658'), ('XDG_SESSION_TYPE', 'x11'), ('GIT_ASKPASS', '/snap/code/157/usr/share/code/resources/app/extensions/git/dist/askpass.sh'), ('GTK_EXE_PREFIX_VSCODE_SNAP_ORIG', ''), ('GDK_BACKEND_VSCODE_SNAP_ORIG', ''), ('SHLVL', '1'), ('LD_LIBRARY_PATH', '/opt/ros/galactic/opt/yaml_cpp_vendor/lib:/opt/ros/galactic/opt/rviz_ogre_vendor/lib:/opt/ros/galactic/lib/x86_64-linux-gnu:/opt/ros/galactic/lib'), ('QT4_IM_MODULE', 'fcitx'), ('HOME', '/home/ccl'), ('CHROME_DESKTOP', 'code-url-handler.desktop'), ('LOCPATH_VSCODE_SNAP_ORIG', ''), ('TERM_PROGRAM_VERSION', '1.88.1'), ('DESKTOP_SESSION', 'ubuntu'), ('GTK_PATH', '/snap/code/157/usr/lib/x86_64-linux-gnu/gtk-3.0'), ('NVM_BIN', '/home/ccl/.nvm/versions/node/v20.11.1/bin'), ('NVM_INC', '/home/ccl/.nvm/versions/node/v20.11.1/include/node'), ('GTK_IM_MODULE_FILE', '/home/ccl/snap/code/common/.cache/immodules/immodules.cache'), ('GIO_LAUNCHED_DESKTOP_FILE', '/var/lib/snapd/desktop/applications/code_code.desktop'), ('ROS_PYTHON_VERSION', '3'), ('GNOME_SHELL_SESSION_MODE', 'ubuntu'), ('GTK_MODULES', 'gail:atk-bridge'), ('GSETTINGS_SCHEMA_DIR_VSCODE_SNAP_ORIG', ''), ('VSCODE_GIT_ASKPASS_MAIN', '/snap/code/157/usr/share/code/resources/app/extensions/git/dist/askpass-main.js'), ('LC_MONETARY', 'en_US.UTF-8'), ('VSCODE_GIT_ASKPASS_NODE', '/snap/code/157/usr/share/code/code'), ('MANAGERPID', '1556'), ('DBUS_SESSION_BUS_ADDRESS', 'unix:path=/run/user/1000/bus'), ('COLORTERM', 'truecolor'), ('GIO_LAUNCHED_DESKTOP_FILE_PID', '3274'), ('NVM_DIR', '/home/ccl/.nvm'), ('IM_CONFIG_PHASE', '1'), ('COLCON_PREFIX_PATH', '/home/ccl/ros2_ws/install'), ('ROS_DISTRO', 'galactic'), ('GTK_IM_MODULE', 'fcitx'), ('LOGNAME', 'ccl'), ('JOURNAL_STREAM', '8:56019'), ('_', '/usr/bin/colcon'), ('ROS_VERSION', '2'), ('XDG_CONFIG_DIRS_VSCODE_SNAP_ORIG', '/etc/xdg/xdg-ubuntu:/etc/xdg'), ('XDG_SESSION_CLASS', 'user'), ('XDG_DATA_DIRS_VSCODE_SNAP_ORIG', '/usr/share/ubuntu:/usr/local/share/:/usr/share/:/var/lib/snapd/desktop'), ('USERNAME', 'ccl'), ('TERM', 'xterm-256color'), ('GNOME_DESKTOP_SESSION_ID', 'this-is-deprecated'), ('ROS_LOCALHOST_ONLY', '0'), ('WINDOWPATH', '2'), ('PATH', '/home/ccl/ardupilot/Tools/autotest:/usr/lib/ccache:/opt/gcc-arm-none-eabi-10-2020-q4-major/bin:/home/ccl/.local/bin:/opt/ros/galactic/bin:/home/ccl/.nvm/versions/node/v20.11.1/bin:/home/ccl/ardupilot/Tools/autotest:/usr/lib/ccache:/opt/gcc-arm-none-eabi-10-2020-q4-major/bin:/home/ccl/.local/bin:/usr/local/sbin:/usr/local/bin:/usr/sbin:/usr/bin:/sbin:/bin:/usr/games:/usr/local/games:/snap/bin:/home/ccl/.local/bin:/home/ccl/.local/bin'), ('SESSION_MANAGER', 'local/ubuntu:@/tmp/.ICE-unix/1736,unix/ubuntu:/tmp/.ICE-unix/1736'), ('GTK_EXE_PREFIX', '/snap/code/157/usr'), ('INVOCATION_ID', '63f181d937224077a4efdca028704b07'), ('PAPERSIZE', 'letter'), ('XDG_MENU_PREFIX', 'gnome-'), ('LC_ADDRESS', 'en_US.UTF-8'), ('BAMF_DESKTOP_FILE_HINT', '/var/lib/snapd/desktop/applications/code_code.desktop'), ('XDG_RUNTIME_DIR', '/run/user/1000'), ('GDK_BACKEND', 'x11'), ('DISPLAY', ':0'), ('LOCPATH', '/snap/code/157/usr/lib/locale'), ('LANG', 'en_US.UTF-8'), ('XDG_CURRENT_DESKTOP', 'Unity'), ('LC_TELEPHONE', 'en_US.UTF-8'), ('GIO_MODULE_DIR_VSCODE_SNAP_ORIG', ''), ('XMODIFIERS', '@im=fcitx'), ('XDG_SESSION_DESKTOP', 'ubuntu'), ('XAUTHORITY', '/run/user/1000/gdm/Xauthority'), ('LS_COLORS', 'rs=0:di=01;34:ln=01;36:mh=00:pi=40;33:so=01;35:do=01;35:bd=40;33;01:cd=40;33;01:or=40;31;01:mi=00:su=37;41:sg=30;43:ca=30;41:tw=30;42:ow=34;42:st=37;44:ex=01;32:*.tar=01;31:*.tgz=01;31:*.arc=01;31:*.arj=01;31:*.taz=01;31:*.lha=01;31:*.lz4=01;31:*.lzh=01;31:*.lzma=01;31:*.tlz=01;31:*.txz=01;31:*.tzo=01;31:*.t7z=01;31:*.zip=01;31:*.z=01;31:*.dz=01;31:*.gz=01;31:*.lrz=01;31:*.lz=01;31:*.lzo=01;31:*.xz=01;31:*.zst=01;31:*.tzst=01;31:*.bz2=01;31:*.bz=01;31:*.tbz=01;31:*.tbz2=01;31:*.tz=01;31:*.deb=01;31:*.rpm=01;31:*.jar=01;31:*.war=01;31:*.ear=01;31:*.sar=01;31:*.rar=01;31:*.alz=01;31:*.ace=01;31:*.zoo=01;31:*.cpio=01;31:*.7z=01;31:*.rz=01;31:*.cab=01;31:*.wim=01;31:*.swm=01;31:*.dwm=01;31:*.esd=01;31:*.jpg=01;35:*.jpeg=01;35:*.mjpg=01;35:*.mjpeg=01;35:*.gif=01;35:*.bmp=01;35:*.pbm=01;35:*.pgm=01;35:*.ppm=01;35:*.tga=01;35:*.xbm=01;35:*.xpm=01;35:*.tif=01;35:*.tiff=01;35:*.png=01;35:*.svg=01;35:*.svgz=01;35:*.mng=01;35:*.pcx=01;35:*.mov=01;35:*.mpg=01;35:*.mpeg=01;35:*.m2v=01;35:*.mkv=01;35:*.webm=01;35:*.ogm=01;35:*.mp4=01;35:*.m4v=01;35:*.mp4v=01;35:*.vob=01;35:*.qt=01;35:*.nuv=01;35:*.wmv=01;35:*.asf=01;35:*.rm=01;35:*.rmvb=01;35:*.flc=01;35:*.avi=01;35:*.fli=01;35:*.flv=01;35:*.gl=01;35:*.dl=01;35:*.xcf=01;35:*.xwd=01;35:*.yuv=01;35:*.cgm=01;35:*.emf=01;35:*.ogv=01;35:*.ogx=01;35:*.aac=00;36:*.au=00;36:*.flac=00;36:*.m4a=00;36:*.mid=00;36:*.midi=00;36:*.mka=00;36:*.mp3=00;36:*.mpc=00;36:*.ogg=00;36:*.ra=00;36:*.wav=00;36:*.oga=00;36:*.opus=00;36:*.spx=00;36:*.xspf=00;36:'), ('VSCODE_GIT_IPC_HANDLE', '/run/user/1000/vscode-git-22131dd205.sock'), ('TERM_PROGRAM', 'vscode'), ('SSH_AUTH_SOCK', '/run/user/1000/keyring/ssh'), ('GSETTINGS_SCHEMA_DIR', '/home/ccl/snap/code/157/.local/share/glib-2.0/schemas'), ('AMENT_PREFIX_PATH', '/home/ccl/ros2_ws/install/uav_tf2_test:/opt/ros/galactic'), ('ORIGINAL_XDG_CURRENT_DESKTOP', 'ubuntu:GNOME'), ('SHELL', '/bin/bash'), ('LC_NAME', 'en_US.UTF-8'), ('QT_ACCESSIBILITY', '1'), ('GDMSESSION', 'ubuntu'), ('LESSCLOSE', '/usr/bin/lesspipe %s %s'), ('GTK_PATH_VSCODE_SNAP_ORIG', ''), ('GTK_IM_MODULE_FILE_VSCODE_SNAP_ORIG', ''), ('LC_MEASUREMENT', 'en_US.UTF-8'), ('GPG_AGENT_INFO', '/run/user/1000/gnupg/S.gpg-agent:0:1'), ('GJS_DEBUG_OUTPUT', 'stderr'), ('LC_IDENTIFICATION', 'en_US.UTF-8'), ('VSCODE_GIT_ASKPASS_EXTRA_ARGS', ''), ('QT_IM_MODULE', 'fcitx'), ('PWD', '/home/ccl/ros2_ws/build/uav_tf2_test'), ('LC_ALL', 'en_US.UTF-8'), ('XDG_CONFIG_DIRS', '/etc/xdg/xdg-ubuntu:/etc/xdg'), ('CLUTTER_IM_MODULE', 'fcitx'), ('NVM_CD_FLAGS', ''), ('XDG_DATA_DIRS', '/home/ccl/snap/code/157/.local/share:/home/ccl/snap/code/157:/snap/code/157/usr/share:/usr/share/ubuntu:/usr/local/share/:/usr/share/:/var/lib/snapd/desktop'), ('PYTHONPATH', '/opt/ros/galactic/lib/python3.8/site-packages'), ('LC_NUMERIC', 'en_US.UTF-8'), ('LC_PAPER', 'en_US.UTF-8'), ('COLCON', '1'), ('CMAKE_PREFIX_PATH', '/home/ccl/ros2_ws/install/uav_tf2_test:/opt/ros/galactic')]), 'shell': False}
[0.099763] (-) TimerEvent: {}
[0.120877] (uav_tf2_test) StdoutLine: {'line': b'\x1b[35m\x1b[1mScanning dependencies of target uav_tf2_broadcaster\x1b[0m\n'}
[0.126093] (uav_tf2_test) StdoutLine: {'line': b'\x1b[35m\x1b[1mScanning dependencies of target lidar_tf2_broadcaster\x1b[0m\n'}
[0.146894] (uav_tf2_test) StdoutLine: {'line': b'\x1b[35m\x1b[1mScanning dependencies of target camera_tf2_broadcaster\x1b[0m\n'}
[0.152838] (uav_tf2_test) StdoutLine: {'line': b'[ 14%] Built target uav_node\n'}
[0.158912] (uav_tf2_test) StdoutLine: {'line': b'[ 28%] Built target lidar_node\n'}
[0.169600] (uav_tf2_test) StdoutLine: {'line': b'[ 42%] Built target camera_node\n'}
[0.188742] (uav_tf2_test) StdoutLine: {'line': b'[ 50%] \x1b[32mBuilding CXX object CMakeFiles/tf2_listener.dir/src/tf2_listener.cpp.o\x1b[0m\n'}
[0.200023] (-) TimerEvent: {}
[0.235499] (uav_tf2_test) StdoutLine: {'line': b'[ 57%] \x1b[32mBuilding CXX object CMakeFiles/uav_tf2_broadcaster.dir/src/uav_tf2_broadcaster.cpp.o\x1b[0m\n'}
[0.235736] (uav_tf2_test) StdoutLine: {'line': b'[ 64%] \x1b[32mBuilding CXX object CMakeFiles/lidar_tf2_broadcaster.dir/src/lidar_tf2_broadcaster.cpp.o\x1b[0m\n'}
[0.266555] (uav_tf2_test) StdoutLine: {'line': b'[ 71%] \x1b[32mBuilding CXX object CMakeFiles/camera_tf2_broadcaster.dir/src/camera_tf2_broadcaster.cpp.o\x1b[0m\n'}
[0.300185] (-) TimerEvent: {}
[0.403705] (-) TimerEvent: {}
[0.504270] (-) TimerEvent: {}
[0.605328] (-) TimerEvent: {}
[0.705903] (-) TimerEvent: {}
[0.806491] (-) TimerEvent: {}
[0.907017] (-) TimerEvent: {}
[1.007522] (-) TimerEvent: {}
[1.108575] (-) TimerEvent: {}
[1.210518] (-) TimerEvent: {}
[1.310945] (-) TimerEvent: {}
[1.416625] (-) TimerEvent: {}
[1.517047] (-) TimerEvent: {}
[1.617479] (-) TimerEvent: {}
[1.719137] (-) TimerEvent: {}
[1.819889] (-) TimerEvent: {}
[1.920611] (-) TimerEvent: {}
[2.021052] (-) TimerEvent: {}
[2.121493] (-) TimerEvent: {}
[2.221951] (-) TimerEvent: {}
[2.322425] (-) TimerEvent: {}
[2.423028] (-) TimerEvent: {}
[2.523792] (-) TimerEvent: {}
[2.624359] (-) TimerEvent: {}
[2.724858] (-) TimerEvent: {}
[2.825294] (-) TimerEvent: {}
[2.925786] (-) TimerEvent: {}
[3.026340] (-) TimerEvent: {}
[3.126916] (-) TimerEvent: {}
[3.227523] (-) TimerEvent: {}
[3.287238] (uav_tf2_test) StderrLine: {'line': b'/home/ccl/ros2_ws/uav_tf2_test/src/tf2_listener.cpp:56:29: warning: missing terminating " character\n'}
[3.287844] (uav_tf2_test) StderrLine: {'line': b'   56 |         this->get_logger(), "Transform %s to %s successfully,\n'}
[3.288008] (uav_tf2_test) StderrLine: {'line': b'      |                             ^\n'}
[3.288210] (uav_tf2_test) StderrLine: {'line': b'/home/ccl/ros2_ws/uav_tf2_test/src/tf2_listener.cpp:57:69: warning: missing terminating " character\n'}
[3.288317] (uav_tf2_test) StderrLine: {'line': b'   57 |             result: p_x %f p_y %f p_z %f r_x %f r_y %f r_z %f r_w %f",\n'}
[3.288423] (uav_tf2_test) StderrLine: {'line': b'      |                                                                     ^\n'}
[3.288596] (uav_tf2_test) StderrLine: {'line': b'In file included from /opt/ros/galactic/include/rclcpp/client.hpp:40,\n'}
[3.288702] (uav_tf2_test) StderrLine: {'line': b'                 from /opt/ros/galactic/include/rclcpp/callback_group.hpp:23,\n'}
[3.288807] (uav_tf2_test) StderrLine: {'line': b'                 from /opt/ros/galactic/include/rclcpp/any_executable.hpp:20,\n'}
[3.288910] (uav_tf2_test) StderrLine: {'line': b'                 from /opt/ros/galactic/include/rclcpp/memory_strategy.hpp:25,\n'}
[3.289074] (uav_tf2_test) StderrLine: {'line': b'                 from /opt/ros/galactic/include/rclcpp/memory_strategies.hpp:18,\n'}
[3.289201] (uav_tf2_test) StderrLine: {'line': b'                 from /opt/ros/galactic/include/rclcpp/executor_options.hpp:20,\n'}
[3.289308] (uav_tf2_test) StderrLine: {'line': b'                 from /opt/ros/galactic/include/rclcpp/executor.hpp:36,\n'}
[3.289413] (uav_tf2_test) StderrLine: {'line': b'                 from /opt/ros/galactic/include/rclcpp/executors/multi_threaded_executor.hpp:26,\n'}
[3.289517] (uav_tf2_test) StderrLine: {'line': b'                 from /opt/ros/galactic/include/rclcpp/executors.hpp:21,\n'}
[3.289625] (uav_tf2_test) StderrLine: {'line': b'                 from /opt/ros/galactic/include/rclcpp/rclcpp.hpp:156,\n'}
[3.289730] (uav_tf2_test) StderrLine: {'line': b'                 from /home/ccl/ros2_ws/uav_tf2_test/src/tf2_listener.cpp:8:\n'}
[3.289837] (uav_tf2_test) StderrLine: {'line': b'/home/ccl/ros2_ws/uav_tf2_test/src/tf2_listener.cpp:56:29: error: missing terminating " character\n'}
[3.289942] (uav_tf2_test) StderrLine: {'line': b'   56 |         this->get_logger(), "Transform %s to %s successfully,\n'}
[3.290048] (uav_tf2_test) StderrLine: {'line': b'      |                             ^~~~~~~~~~~~~~~~~~~~~~~~~~~~~~~~~ \n'}
[3.290153] (uav_tf2_test) StderrLine: {'line': b'/home/ccl/ros2_ws/uav_tf2_test/src/tf2_listener.cpp:57:69: error: missing terminating " character\n'}
[3.290259] (uav_tf2_test) StderrLine: {'line': b'   57 |             result: p_x %f p_y %f p_z %f r_x %f r_y %f r_z %f r_w %f",\n'}
[3.290365] (uav_tf2_test) StderrLine: {'line': b'      |                                                                     ^~\n'}
[3.290476] (uav_tf2_test) StderrLine: {'line': b'/home/ccl/ros2_ws/uav_tf2_test/src/tf2_listener.cpp:74:29: warning: missing terminating " character\n'}
[3.290582] (uav_tf2_test) StderrLine: {'line': b'   74 |         this->get_logger(), "Transform %s to %s successfully,\n'}
[3.290687] (uav_tf2_test) StderrLine: {'line': b'      |                             ^\n'}
[3.290792] (uav_tf2_test) StderrLine: {'line': b'/home/ccl/ros2_ws/uav_tf2_test/src/tf2_listener.cpp:75:69: warning: missing terminating " character\n'}
[3.290898] (uav_tf2_test) StderrLine: {'line': b'   75 |             result: p_x %f p_y %f p_z %f r_x %f r_y %f r_z %f r_w %f",\n'}
[3.291003] (uav_tf2_test) StderrLine: {'line': b'      |                                                                     ^\n'}
[3.291110] (uav_tf2_test) StderrLine: {'line': b'In file included from /opt/ros/galactic/include/rclcpp/client.hpp:40,\n'}
[3.291215] (uav_tf2_test) StderrLine: {'line': b'                 from /opt/ros/galactic/include/rclcpp/callback_group.hpp:23,\n'}
[3.291321] (uav_tf2_test) StderrLine: {'line': b'                 from /opt/ros/galactic/include/rclcpp/any_executable.hpp:20,\n'}
[3.291429] (uav_tf2_test) StderrLine: {'line': b'                 from /opt/ros/galactic/include/rclcpp/memory_strategy.hpp:25,\n'}
[3.291535] (uav_tf2_test) StderrLine: {'line': b'                 from /opt/ros/galactic/include/rclcpp/memory_strategies.hpp:18,\n'}
[3.291641] (uav_tf2_test) StderrLine: {'line': b'                 from /opt/ros/galactic/include/rclcpp/executor_options.hpp:20,\n'}
[3.291748] (uav_tf2_test) StderrLine: {'line': b'                 from /opt/ros/galactic/include/rclcpp/executor.hpp:36,\n'}
[3.291867] (uav_tf2_test) StderrLine: {'line': b'                 from /opt/ros/galactic/include/rclcpp/executors/multi_threaded_executor.hpp:26,\n'}
[3.291973] (uav_tf2_test) StderrLine: {'line': b'                 from /opt/ros/galactic/include/rclcpp/executors.hpp:21,\n'}
[3.292081] (uav_tf2_test) StderrLine: {'line': b'                 from /opt/ros/galactic/include/rclcpp/rclcpp.hpp:156,\n'}
[3.292190] (uav_tf2_test) StderrLine: {'line': b'                 from /home/ccl/ros2_ws/uav_tf2_test/src/tf2_listener.cpp:8:\n'}
[3.292298] (uav_tf2_test) StderrLine: {'line': b'/home/ccl/ros2_ws/uav_tf2_test/src/tf2_listener.cpp:74:29: error: missing terminating " character\n'}
[3.292406] (uav_tf2_test) StderrLine: {'line': b'   74 |         this->get_logger(), "Transform %s to %s successfully,\n'}
[3.292573] (uav_tf2_test) StderrLine: {'line': b'      |                             ^~~~~~~~~~~~~~~~~~~~~~~~~~~~~~~~~ \n'}
[3.292684] (uav_tf2_test) StderrLine: {'line': b'/home/ccl/ros2_ws/uav_tf2_test/src/tf2_listener.cpp:75:69: error: missing terminating " character\n'}
[3.292796] (uav_tf2_test) StderrLine: {'line': b'   75 |             result: p_x %f p_y %f p_z %f r_x %f r_y %f r_z %f r_w %f",\n'}
[3.292906] (uav_tf2_test) StderrLine: {'line': b'      |                                                                     ^~\n'}
[3.293017] (uav_tf2_test) StderrLine: {'line': b'/home/ccl/ros2_ws/uav_tf2_test/src/tf2_listener.cpp: In constructor \xe2\x80\x98FrameListener::FrameListener()\xe2\x80\x99:\n'}
[3.293129] (uav_tf2_test) StderrLine: {'line': b'/home/ccl/ros2_ws/uav_tf2_test/src/tf2_listener.cpp:22:5: error: \xe2\x80\x98source_frame_1\xe2\x80\x99 was not declared in this scope\n'}
[3.293239] (uav_tf2_test) StderrLine: {'line': b'   22 |     source_frame_1 = this->declare_parameter<std::string>("source_frame", "camera");\n'}
[3.293350] (uav_tf2_test) StderrLine: {'line': b'      |     ^~~~~~~~~~~~~~\n'}
[3.293460] (uav_tf2_test) StderrLine: {'line': b'/home/ccl/ros2_ws/uav_tf2_test/src/tf2_listener.cpp:23:5: error: \xe2\x80\x98source_frame_2\xe2\x80\x99 was not declared in this scope\n'}
[3.293574] (uav_tf2_test) StderrLine: {'line': b'   23 |     source_frame_2 = this->declare_parameter<std::string>("source_frame", "lidar");\n'}
[3.293692] (uav_tf2_test) StderrLine: {'line': b'      |     ^~~~~~~~~~~~~~\n'}
[3.293805] (uav_tf2_test) StderrLine: {'line': b'/home/ccl/ros2_ws/uav_tf2_test/src/tf2_listener.cpp: In member function \xe2\x80\x98void FrameListener::on_timer()\xe2\x80\x99:\n'}
[3.293913] (uav_tf2_test) StderrLine: {'line': b'/home/ccl/ros2_ws/uav_tf2_test/src/tf2_listener.cpp:37:33: error: \xe2\x80\x98source_frame_1\xe2\x80\x99 was not declared in this scope\n'}
[3.294020] (uav_tf2_test) StderrLine: {'line': b'   37 |     std::string fromFrameRel1 = source_frame_1.c_str();\n'}
[3.294128] (uav_tf2_test) StderrLine: {'line': b'      |                                 ^~~~~~~~~~~~~~\n'}
[3.294237] (uav_tf2_test) StderrLine: {'line': b'/home/ccl/ros2_ws/uav_tf2_test/src/tf2_listener.cpp:38:33: error: \xe2\x80\x98source_frame_2\xe2\x80\x99 was not declared in this scope\n'}
[3.294348] (uav_tf2_test) StderrLine: {'line': b'   38 |     std::string fromFrameRel2 = source_frame_2.c_str();\n'}
[3.294458] (uav_tf2_test) StderrLine: {'line': b'      |                                 ^~~~~~~~~~~~~~\n'}
[3.294567] (uav_tf2_test) StderrLine: {'line': b'/home/ccl/ros2_ws/uav_tf2_test/src/tf2_listener.cpp:46:9: error: \xe2\x80\x98t1\xe2\x80\x99 was not declared in this scope; did you mean \xe2\x80\x98tm\xe2\x80\x99?\n'}
[3.294677] (uav_tf2_test) StderrLine: {'line': b'   46 |         t1 = tf_buffer_->lookupTransform(\n'}
[3.294788] (uav_tf2_test) StderrLine: {'line': b'      |         ^~\n'}
[3.294899] (uav_tf2_test) StderrLine: {'line': b'      |         tm\n'}
[3.295022] (uav_tf2_test) StderrLine: {'line': b'In file included from /opt/ros/galactic/include/rclcpp/client.hpp:40,\n'}
[3.295130] (uav_tf2_test) StderrLine: {'line': b'                 from /opt/ros/galactic/include/rclcpp/callback_group.hpp:23,\n'}
[3.295239] (uav_tf2_test) StderrLine: {'line': b'                 from /opt/ros/galactic/include/rclcpp/any_executable.hpp:20,\n'}
[3.295348] (uav_tf2_test) StderrLine: {'line': b'                 from /opt/ros/galactic/include/rclcpp/memory_strategy.hpp:25,\n'}
[3.295457] (uav_tf2_test) StderrLine: {'line': b'                 from /opt/ros/galactic/include/rclcpp/memory_strategies.hpp:18,\n'}
[3.295569] (uav_tf2_test) StderrLine: {'line': b'                 from /opt/ros/galactic/include/rclcpp/executor_options.hpp:20,\n'}
[3.295681] (uav_tf2_test) StderrLine: {'line': b'                 from /opt/ros/galactic/include/rclcpp/executor.hpp:36,\n'}
[3.295790] (uav_tf2_test) StderrLine: {'line': b'                 from /opt/ros/galactic/include/rclcpp/executors/multi_threaded_executor.hpp:26,\n'}
[3.295900] (uav_tf2_test) StderrLine: {'line': b'                 from /opt/ros/galactic/include/rclcpp/executors.hpp:21,\n'}
[3.296010] (uav_tf2_test) StderrLine: {'line': b'                 from /opt/ros/galactic/include/rclcpp/rclcpp.hpp:156,\n'}
[3.296122] (uav_tf2_test) StderrLine: {'line': b'                 from /home/ccl/ros2_ws/uav_tf2_test/src/tf2_listener.cpp:8:\n'}
[3.296238] (uav_tf2_test) StderrLine: {'line': b'/home/ccl/ros2_ws/uav_tf2_test/src/tf2_listener.cpp:51:13: error: \xe2\x80\x98fromFrameRel\xe2\x80\x99 was not declared in this scope; did you mean \xe2\x80\x98fromFrameRel2\xe2\x80\x99?\n'}
[3.296357] (uav_tf2_test) StderrLine: {'line': b'   51 |             fromFrameRel.c_str(), toFrameRel1.c_str(), ex.what());\n'}
[3.296511] (uav_tf2_test) StderrLine: {'line': b'      |             ^~~~~~~~~~~~\n'}
[3.296633] (uav_tf2_test) StderrLine: {'line': b'/home/ccl/ros2_ws/uav_tf2_test/src/tf2_listener.cpp:51:35: error: \xe2\x80\x98toFrameRel1\xe2\x80\x99 was not declared in this scope; did you mean \xe2\x80\x98toFrameRel\xe2\x80\x99?\n'}
[3.296751] (uav_tf2_test) StderrLine: {'line': b'   51 |             fromFrameRel.c_str(), toFrameRel1.c_str(), ex.what());\n'}
[3.296868] (uav_tf2_test) StderrLine: {'line': b'      |                                   ^~~~~~~~~~~\n'}
[3.296984] (uav_tf2_test) StderrLine: {'line': b'/home/ccl/ros2_ws/uav_tf2_test/src/tf2_listener.cpp:57:19: error: found \xe2\x80\x98:\xe2\x80\x99 in nested-name-specifier, expected \xe2\x80\x98::\xe2\x80\x99\n'}
[3.297116] (uav_tf2_test) StderrLine: {'line': b'   57 |             result: p_x %f p_y %f p_z %f r_x %f r_y %f r_z %f r_w %f",\n'}
[3.297234] (uav_tf2_test) StderrLine: {'line': b'      |                   ^\n'}
[3.297346] (uav_tf2_test) StderrLine: {'line': b'/home/ccl/ros2_ws/uav_tf2_test/src/tf2_listener.cpp:57:13: error: \xe2\x80\x98result\xe2\x80\x99 has not been declared\n'}
[3.297457] (uav_tf2_test) StderrLine: {'line': b'   57 |             result: p_x %f p_y %f p_z %f r_x %f r_y %f r_z %f r_w %f",\n'}
[3.297569] (uav_tf2_test) StderrLine: {'line': b'      |             ^~~~~~\n'}
[3.297676] (uav_tf2_test) StderrLine: {'line': b'/home/ccl/ros2_ws/uav_tf2_test/src/tf2_listener.cpp:57:26: error: \xe2\x80\x98f\xe2\x80\x99 was not declared in this scope\n'}
[3.297784] (uav_tf2_test) StderrLine: {'line': b'   57 |             result: p_x %f p_y %f p_z %f r_x %f r_y %f r_z %f r_w %f",\n'}
[3.297892] (uav_tf2_test) StderrLine: {'line': b'      |                          ^\n'}
[3.297998] (uav_tf2_test) StderrLine: {'line': b'/home/ccl/ros2_ws/uav_tf2_test/src/tf2_listener.cpp:58:52: error: \xe2\x80\x98t1\xe2\x80\x99 was not declared in this scope; did you mean \xe2\x80\x98tm\xe2\x80\x99?\n'}
[3.298106] (uav_tf2_test) StderrLine: {'line': b'   58 |         fromFrameRel1.c_str(), toFrameRel.c_str(), t1.translation.x,\n'}
[3.298212] (uav_tf2_test) StderrLine: {'line': b'      |                                                    ^~\n'}
[3.298318] (uav_tf2_test) StderrLine: {'line': b'/home/ccl/ros2_ws/uav_tf2_test/src/tf2_listener.cpp:63:5: error: expected \xe2\x80\x98;\xe2\x80\x99 before \xe2\x80\x98try\xe2\x80\x99\n'}
[3.298424] (uav_tf2_test) StderrLine: {'line': b'   63 |     try {\n'}
[3.298539] (uav_tf2_test) StderrLine: {'line': b'      |     ^~~\n'}
[3.298645] (uav_tf2_test) StderrLine: {'line': b'/home/ccl/ros2_ws/uav_tf2_test/src/tf2_listener.cpp:64:9: error: \xe2\x80\x98t2\xe2\x80\x99 was not declared in this scope; did you mean \xe2\x80\x98tf2\xe2\x80\x99?\n'}
[3.298755] (uav_tf2_test) StderrLine: {'line': b'   64 |         t2 = tf_buffer_->lookupTransform(\n'}
[3.298861] (uav_tf2_test) StderrLine: {'line': b'      |         ^~\n'}
[3.298966] (uav_tf2_test) StderrLine: {'line': b'      |         tf2\n'}
[3.299071] (uav_tf2_test) StderrLine: {'line': b'In file included from /opt/ros/galactic/include/rclcpp/client.hpp:40,\n'}
[3.299178] (uav_tf2_test) StderrLine: {'line': b'                 from /opt/ros/galactic/include/rclcpp/callback_group.hpp:23,\n'}
[3.299283] (uav_tf2_test) StderrLine: {'line': b'                 from /opt/ros/galactic/include/rclcpp/any_executable.hpp:20,\n'}
[3.299389] (uav_tf2_test) StderrLine: {'line': b'                 from /opt/ros/galactic/include/rclcpp/memory_strategy.hpp:25,\n'}
[3.299494] (uav_tf2_test) StderrLine: {'line': b'                 from /opt/ros/galactic/include/rclcpp/memory_strategies.hpp:18,\n'}
[3.299600] (uav_tf2_test) StderrLine: {'line': b'                 from /opt/ros/galactic/include/rclcpp/executor_options.hpp:20,\n'}
[3.299706] (uav_tf2_test) StderrLine: {'line': b'                 from /opt/ros/galactic/include/rclcpp/executor.hpp:36,\n'}
[3.299816] (uav_tf2_test) StderrLine: {'line': b'                 from /opt/ros/galactic/include/rclcpp/executors/multi_threaded_executor.hpp:26,\n'}
[3.299922] (uav_tf2_test) StderrLine: {'line': b'                 from /opt/ros/galactic/include/rclcpp/executors.hpp:21,\n'}
[3.300029] (uav_tf2_test) StderrLine: {'line': b'                 from /opt/ros/galactic/include/rclcpp/rclcpp.hpp:156,\n'}
[3.300135] (uav_tf2_test) StderrLine: {'line': b'                 from /home/ccl/ros2_ws/uav_tf2_test/src/tf2_listener.cpp:8:\n'}
[3.300243] (uav_tf2_test) StderrLine: {'line': b'/home/ccl/ros2_ws/uav_tf2_test/src/tf2_listener.cpp:75:19: error: found \xe2\x80\x98:\xe2\x80\x99 in nested-name-specifier, expected \xe2\x80\x98::\xe2\x80\x99\n'}
[3.300351] (uav_tf2_test) StderrLine: {'line': b'   75 |             result: p_x %f p_y %f p_z %f r_x %f r_y %f r_z %f r_w %f",\n'}
[3.300494] (uav_tf2_test) StderrLine: {'line': b'      |                   ^\n'}
[3.300605] (uav_tf2_test) StderrLine: {'line': b'/home/ccl/ros2_ws/uav_tf2_test/src/tf2_listener.cpp:75:13: error: \xe2\x80\x98result\xe2\x80\x99 has not been declared\n'}
[3.300717] (uav_tf2_test) StderrLine: {'line': b'   75 |             result: p_x %f p_y %f p_z %f r_x %f r_y %f r_z %f r_w %f",\n'}
[3.300827] (uav_tf2_test) StderrLine: {'line': b'      |             ^~~~~~\n'}
[3.300934] (uav_tf2_test) StderrLine: {'line': b'/home/ccl/ros2_ws/uav_tf2_test/src/tf2_listener.cpp:75:26: error: \xe2\x80\x98f\xe2\x80\x99 was not declared in this scope\n'}
[3.301042] (uav_tf2_test) StderrLine: {'line': b'   75 |             result: p_x %f p_y %f p_z %f r_x %f r_y %f r_z %f r_w %f",\n'}
[3.301148] (uav_tf2_test) StderrLine: {'line': b'      |                          ^\n'}
[3.301257] (uav_tf2_test) StderrLine: {'line': b'/home/ccl/ros2_ws/uav_tf2_test/src/tf2_listener.cpp:76:52: error: \xe2\x80\x98t2\xe2\x80\x99 was not declared in this scope; did you mean \xe2\x80\x98tf2\xe2\x80\x99?\n'}
[3.301365] (uav_tf2_test) StderrLine: {'line': b'   76 |         fromFrameRel2.c_str(), toFrameRel.c_str(), t2.translation.x,\n'}
[3.301471] (uav_tf2_test) StderrLine: {'line': b'      |                                                    ^~\n'}
[3.301577] (uav_tf2_test) StderrLine: {'line': b'/home/ccl/ros2_ws/uav_tf2_test/src/tf2_listener.cpp:81:3: error: expected \xe2\x80\x98;\xe2\x80\x99 before \xe2\x80\x98}\xe2\x80\x99 token\n'}
[3.301683] (uav_tf2_test) StderrLine: {'line': b'   81 |   }\n'}
[3.301789] (uav_tf2_test) StderrLine: {'line': b'      |   ^\n'}
[3.301895] (uav_tf2_test) StderrLine: {'line': b'make[2]: *** [CMakeFiles/tf2_listener.dir/build.make:63: CMakeFiles/tf2_listener.dir/src/tf2_listener.cpp.o] Error 1\n'}
[3.302002] (uav_tf2_test) StderrLine: {'line': b'make[1]: *** [CMakeFiles/Makefile2:279: CMakeFiles/tf2_listener.dir/all] Error 2\n'}
[3.302108] (uav_tf2_test) StderrLine: {'line': b'make[1]: *** Waiting for unfinished jobs....\n'}
[3.327725] (-) TimerEvent: {}
[3.428186] (-) TimerEvent: {}
[3.528830] (-) TimerEvent: {}
[3.629310] (-) TimerEvent: {}
[3.729805] (-) TimerEvent: {}
[3.830398] (-) TimerEvent: {}
[3.931028] (-) TimerEvent: {}
[4.031573] (-) TimerEvent: {}
[4.132130] (-) TimerEvent: {}
[4.236573] (-) TimerEvent: {}
[4.340612] (-) TimerEvent: {}
[4.441058] (-) TimerEvent: {}
[4.541587] (-) TimerEvent: {}
[4.642234] (-) TimerEvent: {}
[4.742708] (-) TimerEvent: {}
[4.843428] (-) TimerEvent: {}
[4.944968] (-) TimerEvent: {}
[5.045582] (-) TimerEvent: {}
[5.146296] (-) TimerEvent: {}
[5.246998] (-) TimerEvent: {}
[5.347534] (-) TimerEvent: {}
[5.447989] (-) TimerEvent: {}
[5.548678] (-) TimerEvent: {}
[5.649305] (-) TimerEvent: {}
[5.749702] (-) TimerEvent: {}
[5.850174] (-) TimerEvent: {}
[5.950643] (-) TimerEvent: {}
[6.051094] (-) TimerEvent: {}
[6.151544] (-) TimerEvent: {}
[6.252142] (-) TimerEvent: {}
[6.352858] (-) TimerEvent: {}
[6.453486] (-) TimerEvent: {}
[6.553901] (-) TimerEvent: {}
[6.654299] (-) TimerEvent: {}
[6.754717] (-) TimerEvent: {}
[6.855203] (-) TimerEvent: {}
[6.955617] (-) TimerEvent: {}
[7.056167] (-) TimerEvent: {}
[7.156711] (-) TimerEvent: {}
[7.257365] (-) TimerEvent: {}
[7.357875] (-) TimerEvent: {}
[7.417666] (uav_tf2_test) StdoutLine: {'line': b'[ 78%] \x1b[32m\x1b[1mLinking CXX executable lidar_tf2_broadcaster\x1b[0m\n'}
[7.427482] (uav_tf2_test) StdoutLine: {'line': b'[ 85%] \x1b[32m\x1b[1mLinking CXX executable uav_tf2_broadcaster\x1b[0m\n'}
[7.458180] (-) TimerEvent: {}
[7.471393] (uav_tf2_test) StdoutLine: {'line': b'[ 92%] \x1b[32m\x1b[1mLinking CXX executable camera_tf2_broadcaster\x1b[0m\n'}
[7.558432] (-) TimerEvent: {}
[7.661228] (-) TimerEvent: {}
[7.761686] (-) TimerEvent: {}
[7.862244] (-) TimerEvent: {}
[7.962779] (-) TimerEvent: {}
[8.063196] (-) TimerEvent: {}
[8.163648] (-) TimerEvent: {}
[8.218405] (uav_tf2_test) StdoutLine: {'line': b'[ 92%] Built target uav_tf2_broadcaster\n'}
[8.220217] (uav_tf2_test) StdoutLine: {'line': b'[ 92%] Built target lidar_tf2_broadcaster\n'}
[8.233794] (uav_tf2_test) StdoutLine: {'line': b'[ 92%] Built target camera_tf2_broadcaster\n'}
[8.235287] (uav_tf2_test) StderrLine: {'line': b'make: *** [Makefile:141: all] Error 2\n'}
[8.239850] (uav_tf2_test) CommandEnded: {'returncode': 2}
[8.264025] (-) TimerEvent: {}
[8.359535] (uav_tf2_test) JobEnded: {'identifier': 'uav_tf2_test', 'rc': 2}
[8.364128] (-) TimerEvent: {}
[8.370259] (-) EventReactorShutdown: {}
