[0.000000] (-) TimerEvent: {}
[0.000272] (-) JobUnselected: {'identifier': 'learning_tf2_cpp'}
[0.000328] (uav_tf2_test) JobQueued: {'identifier': 'uav_tf2_test', 'dependencies': OrderedDict()}
[0.000388] (uav_tf2_test) JobStarted: {'identifier': 'uav_tf2_test'}
[0.017347] (uav_tf2_test) JobProgress: {'identifier': 'uav_tf2_test', 'progress': 'cmake'}
[0.020364] (uav_tf2_test) JobProgress: {'identifier': 'uav_tf2_test', 'progress': 'build'}
[0.020458] (uav_tf2_test) Command: {'cmd': ['/usr/bin/cmake', '--build', '/home/ccl/ros2_ws/build/uav_tf2_test', '--', '-j8', '-l8'], 'cwd': '/home/ccl/ros2_ws/build/uav_tf2_test', 'env': OrderedDict([('GJS_DEBUG_TOPICS', 'JS ERROR;JS LOG'), ('LESSOPEN', '| /usr/bin/lesspipe %s'), ('USER', 'ccl'), ('LC_TIME', 'en_US.UTF-8'), ('GIO_MODULE_DIR', '/home/ccl/snap/code/common/.cache/gio-modules'), ('SSH_AGENT_PID', '1658'), ('XDG_SESSION_TYPE', 'x11'), ('GIT_ASKPASS', '/snap/code/157/usr/share/code/resources/app/extensions/git/dist/askpass.sh'), ('GTK_EXE_PREFIX_VSCODE_SNAP_ORIG', ''), ('GDK_BACKEND_VSCODE_SNAP_ORIG', ''), ('SHLVL', '1'), ('LD_LIBRARY_PATH', '/opt/ros/galactic/opt/yaml_cpp_vendor/lib:/opt/ros/galactic/opt/rviz_ogre_vendor/lib:/opt/ros/galactic/lib/x86_64-linux-gnu:/opt/ros/galactic/lib'), ('QT4_IM_MODULE', 'fcitx'), ('HOME', '/home/ccl'), ('CHROME_DESKTOP', 'code-url-handler.desktop'), ('LOCPATH_VSCODE_SNAP_ORIG', ''), ('TERM_PROGRAM_VERSION', '1.88.1'), ('DESKTOP_SESSION', 'ubuntu'), ('GTK_PATH', '/snap/code/157/usr/lib/x86_64-linux-gnu/gtk-3.0'), ('NVM_BIN', '/home/ccl/.nvm/versions/node/v20.11.1/bin'), ('NVM_INC', '/home/ccl/.nvm/versions/node/v20.11.1/include/node'), ('GTK_IM_MODULE_FILE', '/home/ccl/snap/code/common/.cache/immodules/immodules.cache'), ('GIO_LAUNCHED_DESKTOP_FILE', '/var/lib/snapd/desktop/applications/code_code.desktop'), ('ROS_PYTHON_VERSION', '3'), ('GNOME_SHELL_SESSION_MODE', 'ubuntu'), ('GTK_MODULES', 'gail:atk-bridge'), ('GSETTINGS_SCHEMA_DIR_VSCODE_SNAP_ORIG', ''), ('VSCODE_GIT_ASKPASS_MAIN', '/snap/code/157/usr/share/code/resources/app/extensions/git/dist/askpass-main.js'), ('LC_MONETARY', 'en_US.UTF-8'), ('VSCODE_GIT_ASKPASS_NODE', '/snap/code/157/usr/share/code/code'), ('MANAGERPID', '1556'), ('DBUS_SESSION_BUS_ADDRESS', 'unix:path=/run/user/1000/bus'), ('COLORTERM', 'truecolor'), ('GIO_LAUNCHED_DESKTOP_FILE_PID', '3274'), ('NVM_DIR', '/home/ccl/.nvm'), ('IM_CONFIG_PHASE', '1'), ('COLCON_PREFIX_PATH', '/home/ccl/ros2_ws/install'), ('ROS_DISTRO', 'galactic'), ('GTK_IM_MODULE', 'fcitx'), ('LOGNAME', 'ccl'), ('JOURNAL_STREAM', '8:56019'), ('_', '/usr/bin/colcon'), ('ROS_VERSION', '2'), ('XDG_CONFIG_DIRS_VSCODE_SNAP_ORIG', '/etc/xdg/xdg-ubuntu:/etc/xdg'), ('XDG_SESSION_CLASS', 'user'), ('XDG_DATA_DIRS_VSCODE_SNAP_ORIG', '/usr/share/ubuntu:/usr/local/share/:/usr/share/:/var/lib/snapd/desktop'), ('USERNAME', 'ccl'), ('TERM', 'xterm-256color'), ('GNOME_DESKTOP_SESSION_ID', 'this-is-deprecated'), ('ROS_LOCALHOST_ONLY', '0'), ('WINDOWPATH', '2'), ('PATH', '/home/ccl/ardupilot/Tools/autotest:/usr/lib/ccache:/opt/gcc-arm-none-eabi-10-2020-q4-major/bin:/home/ccl/.local/bin:/opt/ros/galactic/bin:/home/ccl/.nvm/versions/node/v20.11.1/bin:/home/ccl/ardupilot/Tools/autotest:/usr/lib/ccache:/opt/gcc-arm-none-eabi-10-2020-q4-major/bin:/home/ccl/.local/bin:/usr/local/sbin:/usr/local/bin:/usr/sbin:/usr/bin:/sbin:/bin:/usr/games:/usr/local/games:/snap/bin:/home/ccl/.local/bin:/home/ccl/.local/bin'), ('SESSION_MANAGER', 'local/ubuntu:@/tmp/.ICE-unix/1736,unix/ubuntu:/tmp/.ICE-unix/1736'), ('GTK_EXE_PREFIX', '/snap/code/157/usr'), ('INVOCATION_ID', '63f181d937224077a4efdca028704b07'), ('PAPERSIZE', 'letter'), ('XDG_MENU_PREFIX', 'gnome-'), ('LC_ADDRESS', 'en_US.UTF-8'), ('BAMF_DESKTOP_FILE_HINT', '/var/lib/snapd/desktop/applications/code_code.desktop'), ('XDG_RUNTIME_DIR', '/run/user/1000'), ('GDK_BACKEND', 'x11'), ('DISPLAY', ':0'), ('LOCPATH', '/snap/code/157/usr/lib/locale'), ('LANG', 'en_US.UTF-8'), ('XDG_CURRENT_DESKTOP', 'Unity'), ('LC_TELEPHONE', 'en_US.UTF-8'), ('GIO_MODULE_DIR_VSCODE_SNAP_ORIG', ''), ('XMODIFIERS', '@im=fcitx'), ('XDG_SESSION_DESKTOP', 'ubuntu'), ('XAUTHORITY', '/run/user/1000/gdm/Xauthority'), ('LS_COLORS', 'rs=0:di=01;34:ln=01;36:mh=00:pi=40;33:so=01;35:do=01;35:bd=40;33;01:cd=40;33;01:or=40;31;01:mi=00:su=37;41:sg=30;43:ca=30;41:tw=30;42:ow=34;42:st=37;44:ex=01;32:*.tar=01;31:*.tgz=01;31:*.arc=01;31:*.arj=01;31:*.taz=01;31:*.lha=01;31:*.lz4=01;31:*.lzh=01;31:*.lzma=01;31:*.tlz=01;31:*.txz=01;31:*.tzo=01;31:*.t7z=01;31:*.zip=01;31:*.z=01;31:*.dz=01;31:*.gz=01;31:*.lrz=01;31:*.lz=01;31:*.lzo=01;31:*.xz=01;31:*.zst=01;31:*.tzst=01;31:*.bz2=01;31:*.bz=01;31:*.tbz=01;31:*.tbz2=01;31:*.tz=01;31:*.deb=01;31:*.rpm=01;31:*.jar=01;31:*.war=01;31:*.ear=01;31:*.sar=01;31:*.rar=01;31:*.alz=01;31:*.ace=01;31:*.zoo=01;31:*.cpio=01;31:*.7z=01;31:*.rz=01;31:*.cab=01;31:*.wim=01;31:*.swm=01;31:*.dwm=01;31:*.esd=01;31:*.jpg=01;35:*.jpeg=01;35:*.mjpg=01;35:*.mjpeg=01;35:*.gif=01;35:*.bmp=01;35:*.pbm=01;35:*.pgm=01;35:*.ppm=01;35:*.tga=01;35:*.xbm=01;35:*.xpm=01;35:*.tif=01;35:*.tiff=01;35:*.png=01;35:*.svg=01;35:*.svgz=01;35:*.mng=01;35:*.pcx=01;35:*.mov=01;35:*.mpg=01;35:*.mpeg=01;35:*.m2v=01;35:*.mkv=01;35:*.webm=01;35:*.ogm=01;35:*.mp4=01;35:*.m4v=01;35:*.mp4v=01;35:*.vob=01;35:*.qt=01;35:*.nuv=01;35:*.wmv=01;35:*.asf=01;35:*.rm=01;35:*.rmvb=01;35:*.flc=01;35:*.avi=01;35:*.fli=01;35:*.flv=01;35:*.gl=01;35:*.dl=01;35:*.xcf=01;35:*.xwd=01;35:*.yuv=01;35:*.cgm=01;35:*.emf=01;35:*.ogv=01;35:*.ogx=01;35:*.aac=00;36:*.au=00;36:*.flac=00;36:*.m4a=00;36:*.mid=00;36:*.midi=00;36:*.mka=00;36:*.mp3=00;36:*.mpc=00;36:*.ogg=00;36:*.ra=00;36:*.wav=00;36:*.oga=00;36:*.opus=00;36:*.spx=00;36:*.xspf=00;36:'), ('VSCODE_GIT_IPC_HANDLE', '/run/user/1000/vscode-git-22131dd205.sock'), ('TERM_PROGRAM', 'vscode'), ('SSH_AUTH_SOCK', '/run/user/1000/keyring/ssh'), ('GSETTINGS_SCHEMA_DIR', '/home/ccl/snap/code/157/.local/share/glib-2.0/schemas'), ('AMENT_PREFIX_PATH', '/home/ccl/ros2_ws/install/uav_tf2_test:/opt/ros/galactic'), ('ORIGINAL_XDG_CURRENT_DESKTOP', 'ubuntu:GNOME'), ('SHELL', '/bin/bash'), ('LC_NAME', 'en_US.UTF-8'), ('QT_ACCESSIBILITY', '1'), ('GDMSESSION', 'ubuntu'), ('LESSCLOSE', '/usr/bin/lesspipe %s %s'), ('GTK_PATH_VSCODE_SNAP_ORIG', ''), ('GTK_IM_MODULE_FILE_VSCODE_SNAP_ORIG', ''), ('LC_MEASUREMENT', 'en_US.UTF-8'), ('GPG_AGENT_INFO', '/run/user/1000/gnupg/S.gpg-agent:0:1'), ('GJS_DEBUG_OUTPUT', 'stderr'), ('LC_IDENTIFICATION', 'en_US.UTF-8'), ('VSCODE_GIT_ASKPASS_EXTRA_ARGS', ''), ('QT_IM_MODULE', 'fcitx'), ('PWD', '/home/ccl/ros2_ws/build/uav_tf2_test'), ('LC_ALL', 'en_US.UTF-8'), ('XDG_CONFIG_DIRS', '/etc/xdg/xdg-ubuntu:/etc/xdg'), ('CLUTTER_IM_MODULE', 'fcitx'), ('NVM_CD_FLAGS', ''), ('XDG_DATA_DIRS', '/home/ccl/snap/code/157/.local/share:/home/ccl/snap/code/157:/snap/code/157/usr/share:/usr/share/ubuntu:/usr/local/share/:/usr/share/:/var/lib/snapd/desktop'), ('PYTHONPATH', '/opt/ros/galactic/lib/python3.8/site-packages'), ('LC_NUMERIC', 'en_US.UTF-8'), ('LC_PAPER', 'en_US.UTF-8'), ('COLCON', '1'), ('CMAKE_PREFIX_PATH', '/home/ccl/ros2_ws/install/uav_tf2_test:/opt/ros/galactic')]), 'shell': False}
[0.078485] (uav_tf2_test) StdoutLine: {'line': b'-- Found ament_cmake: 1.1.6 (/opt/ros/galactic/share/ament_cmake/cmake)\n'}
[0.099122] (-) TimerEvent: {}
[0.106712] (uav_tf2_test) StdoutLine: {'line': b'-- Using PYTHON_EXECUTABLE: /usr/bin/python3\n'}
[0.181475] (uav_tf2_test) StdoutLine: {'line': b'-- Found geometry_msgs: 2.2.4 (/opt/ros/galactic/share/geometry_msgs/cmake)\n'}
[0.199341] (-) TimerEvent: {}
[0.209180] (uav_tf2_test) StdoutLine: {'line': b'-- Using all available rosidl_typesupport_c: rosidl_typesupport_fastrtps_c;rosidl_typesupport_introspection_c\n'}
[0.214078] (uav_tf2_test) StdoutLine: {'line': b'-- Found rosidl_adapter: 2.2.3 (/opt/ros/galactic/share/rosidl_adapter/cmake)\n'}
[0.299572] (-) TimerEvent: {}
[0.368516] (uav_tf2_test) StdoutLine: {'line': b'-- Using all available rosidl_typesupport_cpp: rosidl_typesupport_fastrtps_cpp;rosidl_typesupport_introspection_cpp\n'}
[0.399720] (-) TimerEvent: {}
[0.460504] (uav_tf2_test) StdoutLine: {'line': b'-- Found rclcpp: 9.2.2 (/opt/ros/galactic/share/rclcpp/cmake)\n'}
[0.499966] (-) TimerEvent: {}
[0.512685] (uav_tf2_test) StdoutLine: {'line': b'-- Found rmw_implementation_cmake: 3.3.1 (/opt/ros/galactic/share/rmw_implementation_cmake/cmake)\n'}
[0.514743] (uav_tf2_test) StdoutLine: {'line': b'-- Found rmw_cyclonedds_cpp: 0.22.6 (/opt/ros/galactic/share/rmw_cyclonedds_cpp/cmake)\n'}
[0.536570] (uav_tf2_test) StdoutLine: {'line': b"-- Using RMW implementation 'rmw_cyclonedds_cpp' as default\n"}
[0.600613] (-) TimerEvent: {}
[0.675660] (uav_tf2_test) StdoutLine: {'line': b'-- Found tf2: 0.17.5 (/opt/ros/galactic/share/tf2/cmake)\n'}
[0.686373] (uav_tf2_test) StdoutLine: {'line': b'-- Found tf2_ros: 0.17.5 (/opt/ros/galactic/share/tf2_ros/cmake)\n'}
[0.700697] (-) TimerEvent: {}
[0.801197] (-) TimerEvent: {}
[0.901739] (-) TimerEvent: {}
[1.002170] (-) TimerEvent: {}
[1.006538] (uav_tf2_test) StdoutLine: {'line': b'-- Found ament_lint_auto: 0.10.7 (/opt/ros/galactic/share/ament_lint_auto/cmake)\n'}
[1.088610] (uav_tf2_test) StdoutLine: {'line': b"-- Added test 'copyright' to check source files copyright and LICENSE\n"}
[1.091321] (uav_tf2_test) StdoutLine: {'line': b"-- Added test 'cppcheck' to perform static code analysis on C / C++ code\n"}
[1.091477] (uav_tf2_test) StdoutLine: {'line': b'-- Configured cppcheck include dirs: \n'}
[1.091581] (uav_tf2_test) StdoutLine: {'line': b'-- Configured cppcheck exclude dirs and/or files: \n'}
[1.094017] (uav_tf2_test) StdoutLine: {'line': b"-- Added test 'cpplint' to check C / C++ code against the Google style\n"}
[1.094160] (uav_tf2_test) StdoutLine: {'line': b'-- Configured cpplint exclude dirs and/or files: \n'}
[1.095257] (uav_tf2_test) StdoutLine: {'line': b"-- Added test 'lint_cmake' to check CMake code style\n"}
[1.098108] (uav_tf2_test) StdoutLine: {'line': b"-- Added test 'uncrustify' to check C / C++ code style\n"}
[1.098258] (uav_tf2_test) StdoutLine: {'line': b'-- Configured uncrustify additional arguments: \n'}
[1.098621] (uav_tf2_test) StdoutLine: {'line': b"-- Added test 'xmllint' to check XML markup files\n"}
[1.102362] (-) TimerEvent: {}
[1.106480] (uav_tf2_test) StdoutLine: {'line': b'-- Configuring done\n'}
[1.157913] (uav_tf2_test) StdoutLine: {'line': b'-- Generating done\n'}
[1.160865] (uav_tf2_test) StdoutLine: {'line': b'-- Build files have been written to: /home/ccl/ros2_ws/build/uav_tf2_test\n'}
[1.202535] (-) TimerEvent: {}
[1.210236] (uav_tf2_test) StdoutLine: {'line': b'\x1b[35m\x1b[1mScanning dependencies of target lidar_node\x1b[0m\n'}
[1.211953] (uav_tf2_test) StdoutLine: {'line': b'\x1b[35m\x1b[1mScanning dependencies of target uav_node\x1b[0m\n'}
[1.212602] (uav_tf2_test) StdoutLine: {'line': b'\x1b[35m\x1b[1mScanning dependencies of target tf2_listener\x1b[0m\n'}
[1.213547] (uav_tf2_test) StdoutLine: {'line': b'\x1b[35m\x1b[1mScanning dependencies of target camera_tf2_broadcaster\x1b[0m\n'}
[1.222381] (uav_tf2_test) StdoutLine: {'line': b'\x1b[35m\x1b[1mScanning dependencies of target camera_node\x1b[0m\n'}
[1.226079] (uav_tf2_test) StdoutLine: {'line': b'\x1b[35m\x1b[1mScanning dependencies of target lidar_tf2_broadcaster\x1b[0m\n'}
[1.228346] (uav_tf2_test) StdoutLine: {'line': b'\x1b[35m\x1b[1mScanning dependencies of target uav_tf2_broadcaster\x1b[0m\n'}
[1.303669] (-) TimerEvent: {}
[1.328825] (uav_tf2_test) StdoutLine: {'line': b'[  7%] \x1b[32mBuilding CXX object CMakeFiles/camera_node.dir/src/camera_node.cpp.o\x1b[0m\n'}
[1.331607] (uav_tf2_test) StdoutLine: {'line': b'[ 14%] \x1b[32mBuilding CXX object CMakeFiles/uav_node.dir/src/uav_node.cpp.o\x1b[0m\n'}
[1.350692] (uav_tf2_test) StdoutLine: {'line': b'[ 21%] \x1b[32mBuilding CXX object CMakeFiles/uav_tf2_broadcaster.dir/src/uav_tf2_broadcaster.cpp.o\x1b[0m\n'}
[1.363030] (uav_tf2_test) StdoutLine: {'line': b'[ 28%] \x1b[32mBuilding CXX object CMakeFiles/lidar_node.dir/src/lidar_node.cpp.o\x1b[0m\n'}
[1.363621] (uav_tf2_test) StdoutLine: {'line': b'[ 35%] \x1b[32mBuilding CXX object CMakeFiles/lidar_tf2_broadcaster.dir/src/lidar_tf2_broadcaster.cpp.o\x1b[0m\n'}
[1.370441] (uav_tf2_test) StdoutLine: {'line': b'[ 42%] \x1b[32mBuilding CXX object CMakeFiles/tf2_listener.dir/src/tf2_listener.cpp.o\x1b[0m\n'}
[1.394951] (uav_tf2_test) StdoutLine: {'line': b'[ 50%] \x1b[32m\x1b[1mLinking CXX executable camera_node\x1b[0m\n'}
[1.403800] (-) TimerEvent: {}
[1.451980] (uav_tf2_test) StdoutLine: {'line': b'[ 57%] \x1b[32mBuilding CXX object CMakeFiles/camera_tf2_broadcaster.dir/src/camera_tf2_broadcaster.cpp.o\x1b[0m\n'}
[1.503965] (-) TimerEvent: {}
[1.604341] (-) TimerEvent: {}
[1.705734] (-) TimerEvent: {}
[1.808514] (-) TimerEvent: {}
[1.909809] (-) TimerEvent: {}
[1.922145] (uav_tf2_test) StdoutLine: {'line': b'[ 57%] Built target camera_node\n'}
[2.009971] (-) TimerEvent: {}
[2.111201] (-) TimerEvent: {}
[2.212453] (-) TimerEvent: {}
[2.313679] (-) TimerEvent: {}
[2.414872] (-) TimerEvent: {}
[2.516110] (-) TimerEvent: {}
[2.617382] (-) TimerEvent: {}
[2.718800] (-) TimerEvent: {}
[2.820075] (-) TimerEvent: {}
[2.921325] (-) TimerEvent: {}
[3.021751] (-) TimerEvent: {}
[3.122176] (-) TimerEvent: {}
[3.222632] (-) TimerEvent: {}
[3.323063] (-) TimerEvent: {}
[3.423511] (-) TimerEvent: {}
[3.523944] (-) TimerEvent: {}
[3.624363] (-) TimerEvent: {}
[3.724986] (-) TimerEvent: {}
[3.825704] (-) TimerEvent: {}
[3.926514] (-) TimerEvent: {}
[4.026995] (-) TimerEvent: {}
[4.127599] (-) TimerEvent: {}
[4.228399] (-) TimerEvent: {}
[4.328896] (-) TimerEvent: {}
[4.429516] (-) TimerEvent: {}
[4.530015] (-) TimerEvent: {}
[4.630550] (-) TimerEvent: {}
[4.731174] (-) TimerEvent: {}
[4.831855] (-) TimerEvent: {}
[4.932354] (-) TimerEvent: {}
[5.032825] (-) TimerEvent: {}
[5.133322] (-) TimerEvent: {}
[5.233865] (-) TimerEvent: {}
[5.334353] (-) TimerEvent: {}
[5.428179] (uav_tf2_test) StderrLine: {'line': b'/home/ccl/ros2_ws/uav_tf2_test/src/tf2_listener.cpp:56:29: warning: missing terminating " character\n'}
[5.429446] (uav_tf2_test) StderrLine: {'line': b'   56 |         this->get_logger(), "Transform %s to %s successfully,\n'}
[5.430622] (uav_tf2_test) StderrLine: {'line': b'      |                             ^\n'}
[5.431580] (uav_tf2_test) StderrLine: {'line': b'/home/ccl/ros2_ws/uav_tf2_test/src/tf2_listener.cpp:57:69: warning: missing terminating " character\n'}
[5.432422] (uav_tf2_test) StderrLine: {'line': b'   57 |             result: p_x %f p_y %f p_z %f r_x %f r_y %f r_z %f r_w %f",\n'}
[5.433537] (uav_tf2_test) StderrLine: {'line': b'      |                                                                     ^\n'}
[5.434168] (uav_tf2_test) StderrLine: {'line': b'In file included from /opt/ros/galactic/include/rclcpp/client.hpp:40,\n'}
[5.434836] (-) TimerEvent: {}
[5.435114] (uav_tf2_test) StderrLine: {'line': b'                 from /opt/ros/galactic/include/rclcpp/callback_group.hpp:23,\n'}
[5.435395] (uav_tf2_test) StderrLine: {'line': b'                 from /opt/ros/galactic/include/rclcpp/any_executable.hpp:20,\n'}
[5.435651] (uav_tf2_test) StderrLine: {'line': b'                 from /opt/ros/galactic/include/rclcpp/memory_strategy.hpp:25,\n'}
[5.435899] (uav_tf2_test) StderrLine: {'line': b'                 from /opt/ros/galactic/include/rclcpp/memory_strategies.hpp:18,\n'}
[5.436201] (uav_tf2_test) StderrLine: {'line': b'                 from /opt/ros/galactic/include/rclcpp/executor_options.hpp:20,\n'}
[5.436463] (uav_tf2_test) StderrLine: {'line': b'                 from /opt/ros/galactic/include/rclcpp/executor.hpp:36,\n'}
[5.436718] (uav_tf2_test) StderrLine: {'line': b'                 from /opt/ros/galactic/include/rclcpp/executors/multi_threaded_executor.hpp:26,\n'}
[5.437068] (uav_tf2_test) StderrLine: {'line': b'                 from /opt/ros/galactic/include/rclcpp/executors.hpp:21,\n'}
[5.437324] (uav_tf2_test) StderrLine: {'line': b'                 from /opt/ros/galactic/include/rclcpp/rclcpp.hpp:156,\n'}
[5.437575] (uav_tf2_test) StderrLine: {'line': b'                 from /home/ccl/ros2_ws/uav_tf2_test/src/tf2_listener.cpp:8:\n'}
[5.437834] (uav_tf2_test) StderrLine: {'line': b'/home/ccl/ros2_ws/uav_tf2_test/src/tf2_listener.cpp:56:29: error: missing terminating " character\n'}
[5.438310] (uav_tf2_test) StderrLine: {'line': b'   56 |         this->get_logger(), "Transform %s to %s successfully,\n'}
[5.438565] (uav_tf2_test) StderrLine: {'line': b'      |                             ^~~~~~~~~~~~~~~~~~~~~~~~~~~~~~~~~ \n'}
[5.438817] (uav_tf2_test) StderrLine: {'line': b'/home/ccl/ros2_ws/uav_tf2_test/src/tf2_listener.cpp:57:69: error: missing terminating " character\n'}
[5.441686] (uav_tf2_test) StderrLine: {'line': b'   57 |             result: p_x %f p_y %f p_z %f r_x %f r_y %f r_z %f r_w %f",\n'}
[5.442067] (uav_tf2_test) StderrLine: {'line': b'      |                                                                     ^~\n'}
[5.442427] (uav_tf2_test) StderrLine: {'line': b'/home/ccl/ros2_ws/uav_tf2_test/src/tf2_listener.cpp:74:29: warning: missing terminating " character\n'}
[5.442690] (uav_tf2_test) StderrLine: {'line': b'   74 |         this->get_logger(), "Transform %s to %s successfully,\n'}
[5.442944] (uav_tf2_test) StderrLine: {'line': b'      |                             ^\n'}
[5.443202] (uav_tf2_test) StderrLine: {'line': b'/home/ccl/ros2_ws/uav_tf2_test/src/tf2_listener.cpp:75:69: warning: missing terminating " character\n'}
[5.443457] (uav_tf2_test) StderrLine: {'line': b'   75 |             result: p_x %f p_y %f p_z %f r_x %f r_y %f r_z %f r_w %f",\n'}
[5.443710] (uav_tf2_test) StderrLine: {'line': b'      |                                                                     ^\n'}
[5.443907] (uav_tf2_test) StderrLine: {'line': b'In file included from /opt/ros/galactic/include/rclcpp/client.hpp:40,\n'}
[5.444020] (uav_tf2_test) StderrLine: {'line': b'                 from /opt/ros/galactic/include/rclcpp/callback_group.hpp:23,\n'}
[5.444128] (uav_tf2_test) StderrLine: {'line': b'                 from /opt/ros/galactic/include/rclcpp/any_executable.hpp:20,\n'}
[5.444236] (uav_tf2_test) StderrLine: {'line': b'                 from /opt/ros/galactic/include/rclcpp/memory_strategy.hpp:25,\n'}
[5.444343] (uav_tf2_test) StderrLine: {'line': b'                 from /opt/ros/galactic/include/rclcpp/memory_strategies.hpp:18,\n'}
[5.444451] (uav_tf2_test) StderrLine: {'line': b'                 from /opt/ros/galactic/include/rclcpp/executor_options.hpp:20,\n'}
[5.444559] (uav_tf2_test) StderrLine: {'line': b'                 from /opt/ros/galactic/include/rclcpp/executor.hpp:36,\n'}
[5.444672] (uav_tf2_test) StderrLine: {'line': b'                 from /opt/ros/galactic/include/rclcpp/executors/multi_threaded_executor.hpp:26,\n'}
[5.444796] (uav_tf2_test) StderrLine: {'line': b'                 from /opt/ros/galactic/include/rclcpp/executors.hpp:21,\n'}
[5.444974] (uav_tf2_test) StderrLine: {'line': b'                 from /opt/ros/galactic/include/rclcpp/rclcpp.hpp:156,\n'}
[5.445095] (uav_tf2_test) StderrLine: {'line': b'                 from /home/ccl/ros2_ws/uav_tf2_test/src/tf2_listener.cpp:8:\n'}
[5.445216] (uav_tf2_test) StderrLine: {'line': b'/home/ccl/ros2_ws/uav_tf2_test/src/tf2_listener.cpp:74:29: error: missing terminating " character\n'}
[5.446516] (uav_tf2_test) StderrLine: {'line': b'   74 |         this->get_logger(), "Transform %s to %s successfully,\n'}
[5.446628] (uav_tf2_test) StderrLine: {'line': b'      |                             ^~~~~~~~~~~~~~~~~~~~~~~~~~~~~~~~~ \n'}
[5.446733] (uav_tf2_test) StderrLine: {'line': b'/home/ccl/ros2_ws/uav_tf2_test/src/tf2_listener.cpp:75:69: error: missing terminating " character\n'}
[5.446838] (uav_tf2_test) StderrLine: {'line': b'   75 |             result: p_x %f p_y %f p_z %f r_x %f r_y %f r_z %f r_w %f",\n'}
[5.446943] (uav_tf2_test) StderrLine: {'line': b'      |                                                                     ^~\n'}
[5.447048] (uav_tf2_test) StderrLine: {'line': b'/home/ccl/ros2_ws/uav_tf2_test/src/tf2_listener.cpp: In constructor \xe2\x80\x98FrameListener::FrameListener()\xe2\x80\x99:\n'}
[5.447153] (uav_tf2_test) StderrLine: {'line': b'/home/ccl/ros2_ws/uav_tf2_test/src/tf2_listener.cpp:22:5: error: \xe2\x80\x98source_frame_1\xe2\x80\x99 was not declared in this scope\n'}
[5.447280] (uav_tf2_test) StderrLine: {'line': b'   22 |     source_frame_1 = this->declare_parameter<std::string>("source_frame", "camera");\n'}
[5.447386] (uav_tf2_test) StderrLine: {'line': b'      |     ^~~~~~~~~~~~~~\n'}
[5.447500] (uav_tf2_test) StderrLine: {'line': b'/home/ccl/ros2_ws/uav_tf2_test/src/tf2_listener.cpp:23:5: error: \xe2\x80\x98source_frame_2\xe2\x80\x99 was not declared in this scope\n'}
[5.447606] (uav_tf2_test) StderrLine: {'line': b'   23 |     source_frame_2 = this->declare_parameter<std::string>("source_frame", "lidar");\n'}
[5.447716] (uav_tf2_test) StderrLine: {'line': b'      |     ^~~~~~~~~~~~~~\n'}
[5.447820] (uav_tf2_test) StderrLine: {'line': b'/home/ccl/ros2_ws/uav_tf2_test/src/tf2_listener.cpp: In member function \xe2\x80\x98void FrameListener::on_timer()\xe2\x80\x99:\n'}
[5.447927] (uav_tf2_test) StderrLine: {'line': b'/home/ccl/ros2_ws/uav_tf2_test/src/tf2_listener.cpp:37:33: error: \xe2\x80\x98source_frame_1\xe2\x80\x99 was not declared in this scope\n'}
[5.448032] (uav_tf2_test) StderrLine: {'line': b'   37 |     std::string fromFrameRel1 = source_frame_1.c_str();\n'}
[5.448138] (uav_tf2_test) StderrLine: {'line': b'      |                                 ^~~~~~~~~~~~~~\n'}
[5.448245] (uav_tf2_test) StderrLine: {'line': b'/home/ccl/ros2_ws/uav_tf2_test/src/tf2_listener.cpp:38:33: error: \xe2\x80\x98source_frame_2\xe2\x80\x99 was not declared in this scope\n'}
[5.448369] (uav_tf2_test) StderrLine: {'line': b'   38 |     std::string fromFrameRel2 = source_frame_2.c_str();\n'}
[5.448478] (uav_tf2_test) StderrLine: {'line': b'      |                                 ^~~~~~~~~~~~~~\n'}
[5.448584] (uav_tf2_test) StderrLine: {'line': b'/home/ccl/ros2_ws/uav_tf2_test/src/tf2_listener.cpp:46:9: error: \xe2\x80\x98t1\xe2\x80\x99 was not declared in this scope; did you mean \xe2\x80\x98tm\xe2\x80\x99?\n'}
[5.448691] (uav_tf2_test) StderrLine: {'line': b'   46 |         t1 = tf_buffer_->lookupTransform(\n'}
[5.448796] (uav_tf2_test) StderrLine: {'line': b'      |         ^~\n'}
[5.448944] (uav_tf2_test) StderrLine: {'line': b'      |         tm\n'}
[5.449051] (uav_tf2_test) StderrLine: {'line': b'In file included from /opt/ros/galactic/include/rclcpp/client.hpp:40,\n'}
[5.449157] (uav_tf2_test) StderrLine: {'line': b'                 from /opt/ros/galactic/include/rclcpp/callback_group.hpp:23,\n'}
[5.449265] (uav_tf2_test) StderrLine: {'line': b'                 from /opt/ros/galactic/include/rclcpp/any_executable.hpp:20,\n'}
[5.449372] (uav_tf2_test) StderrLine: {'line': b'                 from /opt/ros/galactic/include/rclcpp/memory_strategy.hpp:25,\n'}
[5.449478] (uav_tf2_test) StderrLine: {'line': b'                 from /opt/ros/galactic/include/rclcpp/memory_strategies.hpp:18,\n'}
[5.449590] (uav_tf2_test) StderrLine: {'line': b'                 from /opt/ros/galactic/include/rclcpp/executor_options.hpp:20,\n'}
[5.449696] (uav_tf2_test) StderrLine: {'line': b'                 from /opt/ros/galactic/include/rclcpp/executor.hpp:36,\n'}
[5.449801] (uav_tf2_test) StderrLine: {'line': b'                 from /opt/ros/galactic/include/rclcpp/executors/multi_threaded_executor.hpp:26,\n'}
[5.449906] (uav_tf2_test) StderrLine: {'line': b'                 from /opt/ros/galactic/include/rclcpp/executors.hpp:21,\n'}
[5.450012] (uav_tf2_test) StderrLine: {'line': b'                 from /opt/ros/galactic/include/rclcpp/rclcpp.hpp:156,\n'}
[5.450118] (uav_tf2_test) StderrLine: {'line': b'                 from /home/ccl/ros2_ws/uav_tf2_test/src/tf2_listener.cpp:8:\n'}
[5.450223] (uav_tf2_test) StderrLine: {'line': b'/home/ccl/ros2_ws/uav_tf2_test/src/tf2_listener.cpp:51:13: error: \xe2\x80\x98fromFrameRel\xe2\x80\x99 was not declared in this scope; did you mean \xe2\x80\x98fromFrameRel2\xe2\x80\x99?\n'}
[5.450330] (uav_tf2_test) StderrLine: {'line': b'   51 |             fromFrameRel.c_str(), toFrameRel1.c_str(), ex.what());\n'}
[5.450436] (uav_tf2_test) StderrLine: {'line': b'      |             ^~~~~~~~~~~~\n'}
[5.450542] (uav_tf2_test) StderrLine: {'line': b'/home/ccl/ros2_ws/uav_tf2_test/src/tf2_listener.cpp:51:35: error: \xe2\x80\x98toFrameRel1\xe2\x80\x99 was not declared in this scope; did you mean \xe2\x80\x98toFrameRel\xe2\x80\x99?\n'}
[5.451434] (uav_tf2_test) StderrLine: {'line': b'   51 |             fromFrameRel.c_str(), toFrameRel1.c_str(), ex.what());\n'}
[5.451551] (uav_tf2_test) StderrLine: {'line': b'      |                                   ^~~~~~~~~~~\n'}
[5.451656] (uav_tf2_test) StderrLine: {'line': b'/home/ccl/ros2_ws/uav_tf2_test/src/tf2_listener.cpp:57:19: error: found \xe2\x80\x98:\xe2\x80\x99 in nested-name-specifier, expected \xe2\x80\x98::\xe2\x80\x99\n'}
[5.451762] (uav_tf2_test) StderrLine: {'line': b'   57 |             result: p_x %f p_y %f p_z %f r_x %f r_y %f r_z %f r_w %f",\n'}
[5.451869] (uav_tf2_test) StderrLine: {'line': b'      |                   ^\n'}
[5.451971] (uav_tf2_test) StderrLine: {'line': b'/home/ccl/ros2_ws/uav_tf2_test/src/tf2_listener.cpp:57:13: error: \xe2\x80\x98result\xe2\x80\x99 has not been declared\n'}
[5.452072] (uav_tf2_test) StderrLine: {'line': b'   57 |             result: p_x %f p_y %f p_z %f r_x %f r_y %f r_z %f r_w %f",\n'}
[5.452175] (uav_tf2_test) StderrLine: {'line': b'      |             ^~~~~~\n'}
[5.452278] (uav_tf2_test) StderrLine: {'line': b'/home/ccl/ros2_ws/uav_tf2_test/src/tf2_listener.cpp:57:26: error: \xe2\x80\x98f\xe2\x80\x99 was not declared in this scope\n'}
[5.452437] (uav_tf2_test) StderrLine: {'line': b'   57 |             result: p_x %f p_y %f p_z %f r_x %f r_y %f r_z %f r_w %f",\n'}
[5.452545] (uav_tf2_test) StderrLine: {'line': b'      |                          ^\n'}
[5.452651] (uav_tf2_test) StderrLine: {'line': b'/home/ccl/ros2_ws/uav_tf2_test/src/tf2_listener.cpp:58:52: error: \xe2\x80\x98t1\xe2\x80\x99 was not declared in this scope; did you mean \xe2\x80\x98tm\xe2\x80\x99?\n'}
[5.452757] (uav_tf2_test) StderrLine: {'line': b'   58 |         fromFrameRel1.c_str(), toFrameRel.c_str(), t1.translation.x,\n'}
[5.452904] (uav_tf2_test) StderrLine: {'line': b'      |                                                    ^~\n'}
[5.453011] (uav_tf2_test) StderrLine: {'line': b'/home/ccl/ros2_ws/uav_tf2_test/src/tf2_listener.cpp:63:5: error: expected \xe2\x80\x98;\xe2\x80\x99 before \xe2\x80\x98try\xe2\x80\x99\n'}
[5.453118] (uav_tf2_test) StderrLine: {'line': b'   63 |     try {\n'}
[5.453223] (uav_tf2_test) StderrLine: {'line': b'      |     ^~~\n'}
[5.453330] (uav_tf2_test) StderrLine: {'line': b'/home/ccl/ros2_ws/uav_tf2_test/src/tf2_listener.cpp:64:9: error: \xe2\x80\x98t2\xe2\x80\x99 was not declared in this scope; did you mean \xe2\x80\x98tf2\xe2\x80\x99?\n'}
[5.453435] (uav_tf2_test) StderrLine: {'line': b'   64 |         t2 = tf_buffer_->lookupTransform(\n'}
[5.453542] (uav_tf2_test) StderrLine: {'line': b'      |         ^~\n'}
[5.453724] (uav_tf2_test) StderrLine: {'line': b'      |         tf2\n'}
[5.453829] (uav_tf2_test) StderrLine: {'line': b'In file included from /opt/ros/galactic/include/rclcpp/client.hpp:40,\n'}
[5.453932] (uav_tf2_test) StderrLine: {'line': b'                 from /opt/ros/galactic/include/rclcpp/callback_group.hpp:23,\n'}
[5.454040] (uav_tf2_test) StderrLine: {'line': b'                 from /opt/ros/galactic/include/rclcpp/any_executable.hpp:20,\n'}
[5.454148] (uav_tf2_test) StderrLine: {'line': b'                 from /opt/ros/galactic/include/rclcpp/memory_strategy.hpp:25,\n'}
[5.454261] (uav_tf2_test) StderrLine: {'line': b'                 from /opt/ros/galactic/include/rclcpp/memory_strategies.hpp:18,\n'}
[5.454368] (uav_tf2_test) StderrLine: {'line': b'                 from /opt/ros/galactic/include/rclcpp/executor_options.hpp:20,\n'}
[5.454470] (uav_tf2_test) StderrLine: {'line': b'                 from /opt/ros/galactic/include/rclcpp/executor.hpp:36,\n'}
[5.454576] (uav_tf2_test) StderrLine: {'line': b'                 from /opt/ros/galactic/include/rclcpp/executors/multi_threaded_executor.hpp:26,\n'}
[5.454684] (uav_tf2_test) StderrLine: {'line': b'                 from /opt/ros/galactic/include/rclcpp/executors.hpp:21,\n'}
[5.454784] (uav_tf2_test) StderrLine: {'line': b'                 from /opt/ros/galactic/include/rclcpp/rclcpp.hpp:156,\n'}
[5.454884] (uav_tf2_test) StderrLine: {'line': b'                 from /home/ccl/ros2_ws/uav_tf2_test/src/tf2_listener.cpp:8:\n'}
[5.454987] (uav_tf2_test) StderrLine: {'line': b'/home/ccl/ros2_ws/uav_tf2_test/src/tf2_listener.cpp:75:19: error: found \xe2\x80\x98:\xe2\x80\x99 in nested-name-specifier, expected \xe2\x80\x98::\xe2\x80\x99\n'}
[5.455088] (uav_tf2_test) StderrLine: {'line': b'   75 |             result: p_x %f p_y %f p_z %f r_x %f r_y %f r_z %f r_w %f",\n'}
[5.455189] (uav_tf2_test) StderrLine: {'line': b'      |                   ^\n'}
[5.455288] (uav_tf2_test) StderrLine: {'line': b'/home/ccl/ros2_ws/uav_tf2_test/src/tf2_listener.cpp:75:13: error: \xe2\x80\x98result\xe2\x80\x99 has not been declared\n'}
[5.455430] (uav_tf2_test) StderrLine: {'line': b'   75 |             result: p_x %f p_y %f p_z %f r_x %f r_y %f r_z %f r_w %f",\n'}
[5.455536] (uav_tf2_test) StderrLine: {'line': b'      |             ^~~~~~\n'}
[5.455644] (uav_tf2_test) StderrLine: {'line': b'/home/ccl/ros2_ws/uav_tf2_test/src/tf2_listener.cpp:75:26: error: \xe2\x80\x98f\xe2\x80\x99 was not declared in this scope\n'}
[5.455752] (uav_tf2_test) StderrLine: {'line': b'   75 |             result: p_x %f p_y %f p_z %f r_x %f r_y %f r_z %f r_w %f",\n'}
[5.455855] (uav_tf2_test) StderrLine: {'line': b'      |                          ^\n'}
[5.455958] (uav_tf2_test) StderrLine: {'line': b'/home/ccl/ros2_ws/uav_tf2_test/src/tf2_listener.cpp:76:52: error: \xe2\x80\x98t2\xe2\x80\x99 was not declared in this scope; did you mean \xe2\x80\x98tf2\xe2\x80\x99?\n'}
[5.456061] (uav_tf2_test) StderrLine: {'line': b'   76 |         fromFrameRel2.c_str(), toFrameRel.c_str(), t2.translation.x,\n'}
[5.456164] (uav_tf2_test) StderrLine: {'line': b'      |                                                    ^~\n'}
[5.456269] (uav_tf2_test) StderrLine: {'line': b'/home/ccl/ros2_ws/uav_tf2_test/src/tf2_listener.cpp:81:3: error: expected \xe2\x80\x98;\xe2\x80\x99 before \xe2\x80\x98}\xe2\x80\x99 token\n'}
[5.456373] (uav_tf2_test) StderrLine: {'line': b'   81 |   }\n'}
[5.456476] (uav_tf2_test) StderrLine: {'line': b'      |   ^\n'}
[5.456579] (uav_tf2_test) StderrLine: {'line': b'make[2]: *** [CMakeFiles/tf2_listener.dir/build.make:63: CMakeFiles/tf2_listener.dir/src/tf2_listener.cpp.o] Error 1\n'}
[5.456682] (uav_tf2_test) StderrLine: {'line': b'make[1]: *** [CMakeFiles/Makefile2:279: CMakeFiles/tf2_listener.dir/all] Error 2\n'}
[5.456784] (uav_tf2_test) StderrLine: {'line': b'make[1]: *** Waiting for unfinished jobs....\n'}
[5.535005] (-) TimerEvent: {}
[5.635535] (-) TimerEvent: {}
[5.736262] (-) TimerEvent: {}
[5.836732] (-) TimerEvent: {}
[5.937203] (-) TimerEvent: {}
[6.037843] (-) TimerEvent: {}
[6.138613] (-) TimerEvent: {}
[6.239079] (-) TimerEvent: {}
[6.339707] (-) TimerEvent: {}
[6.440152] (-) TimerEvent: {}
[6.540716] (-) TimerEvent: {}
[6.641220] (-) TimerEvent: {}
[6.741677] (-) TimerEvent: {}
[6.772396] (uav_tf2_test) StdoutLine: {'line': b'[ 64%] \x1b[32m\x1b[1mLinking CXX executable lidar_node\x1b[0m\n'}
[6.843625] (-) TimerEvent: {}
[6.860980] (uav_tf2_test) StdoutLine: {'line': b'[ 71%] \x1b[32m\x1b[1mLinking CXX executable uav_node\x1b[0m\n'}
[6.943856] (-) TimerEvent: {}
[7.044575] (-) TimerEvent: {}
[7.146087] (-) TimerEvent: {}
[7.221410] (uav_tf2_test) StderrLine: {'line': b'/home/ccl/ros2_ws/uav_tf2_test/src/uav_tf2_broadcaster.cpp: In member function \xe2\x80\x98void FramePublisher::handle_uav_pose(std::shared_ptr<geometry_msgs::msg::Pose_<std::allocator<void> > >)\xe2\x80\x99:\n'}
[7.221902] (uav_tf2_test) StderrLine: {'line': b'/home/ccl/ros2_ws/uav_tf2_test/src/uav_tf2_broadcaster.cpp:41:38: error: \xe2\x80\x98using element_type = struct geometry_msgs::msg::Pose_<std::allocator<void> >\xe2\x80\x99 {aka \xe2\x80\x98struct geometry_msgs::msg::Pose_<std::allocator<void> >\xe2\x80\x99} has no member named \xe2\x80\x98posotion\xe2\x80\x99; did you mean \xe2\x80\x98position\xe2\x80\x99?\n'}
[7.222019] (uav_tf2_test) StderrLine: {'line': b'   41 |     t.transform.translation.x = msg->posotion->x;\n'}
[7.222127] (uav_tf2_test) StderrLine: {'line': b'      |                                      ^~~~~~~~\n'}
[7.222233] (uav_tf2_test) StderrLine: {'line': b'      |                                      position\n'}
[7.222346] (uav_tf2_test) StderrLine: {'line': b'/home/ccl/ros2_ws/uav_tf2_test/src/uav_tf2_broadcaster.cpp:42:38: error: \xe2\x80\x98using element_type = struct geometry_msgs::msg::Pose_<std::allocator<void> >\xe2\x80\x99 {aka \xe2\x80\x98struct geometry_msgs::msg::Pose_<std::allocator<void> >\xe2\x80\x99} has no member named \xe2\x80\x98posotion\xe2\x80\x99; did you mean \xe2\x80\x98position\xe2\x80\x99?\n'}
[7.222453] (uav_tf2_test) StderrLine: {'line': b'   42 |     t.transform.translation.y = msg->posotion->y;\n'}
[7.222559] (uav_tf2_test) StderrLine: {'line': b'      |                                      ^~~~~~~~\n'}
[7.222666] (uav_tf2_test) StderrLine: {'line': b'      |                                      position\n'}
[7.222958] (uav_tf2_test) StderrLine: {'line': b'/home/ccl/ros2_ws/uav_tf2_test/src/uav_tf2_broadcaster.cpp:43:38: error: \xe2\x80\x98using element_type = struct geometry_msgs::msg::Pose_<std::allocator<void> >\xe2\x80\x99 {aka \xe2\x80\x98struct geometry_msgs::msg::Pose_<std::allocator<void> >\xe2\x80\x99} has no member named \xe2\x80\x98posotion\xe2\x80\x99; did you mean \xe2\x80\x98position\xe2\x80\x99?\n'}
[7.223282] (uav_tf2_test) StderrLine: {'line': b'   43 |     t.transform.translation.z = msg->posotion->z;\n'}
[7.223720] (uav_tf2_test) StderrLine: {'line': b'      |                                      ^~~~~~~~\n'}
[7.224153] (uav_tf2_test) StderrLine: {'line': b'      |                                      position\n'}
[7.224433] (uav_tf2_test) StderrLine: {'line': b'/home/ccl/ros2_ws/uav_tf2_test/src/uav_tf2_broadcaster.cpp:45:46: error: base operand of \xe2\x80\x98->\xe2\x80\x99 has non-pointer type \xe2\x80\x98geometry_msgs::msg::Pose_<std::allocator<void> >::_orientation_type\xe2\x80\x99 {aka \xe2\x80\x98geometry_msgs::msg::Quaternion_<std::allocator<void> >\xe2\x80\x99}\n'}
[7.224705] (uav_tf2_test) StderrLine: {'line': b'   45 |     t.transform.rotation.x = msg->orientation->x;\n'}
[7.224823] (uav_tf2_test) StderrLine: {'line': b'      |                                              ^~\n'}
[7.224994] (uav_tf2_test) StderrLine: {'line': b'/home/ccl/ros2_ws/uav_tf2_test/src/uav_tf2_broadcaster.cpp:46:46: error: base operand of \xe2\x80\x98->\xe2\x80\x99 has non-pointer type \xe2\x80\x98geometry_msgs::msg::Pose_<std::allocator<void> >::_orientation_type\xe2\x80\x99 {aka \xe2\x80\x98geometry_msgs::msg::Quaternion_<std::allocator<void> >\xe2\x80\x99}\n'}
[7.225103] (uav_tf2_test) StderrLine: {'line': b'   46 |     t.transform.rotation.y = msg->orientation->y;\n'}
[7.225236] (uav_tf2_test) StderrLine: {'line': b'      |                                              ^~\n'}
[7.225347] (uav_tf2_test) StderrLine: {'line': b'/home/ccl/ros2_ws/uav_tf2_test/src/uav_tf2_broadcaster.cpp:47:46: error: base operand of \xe2\x80\x98->\xe2\x80\x99 has non-pointer type \xe2\x80\x98geometry_msgs::msg::Pose_<std::allocator<void> >::_orientation_type\xe2\x80\x99 {aka \xe2\x80\x98geometry_msgs::msg::Quaternion_<std::allocator<void> >\xe2\x80\x99}\n'}
[7.225473] (uav_tf2_test) StderrLine: {'line': b'   47 |     t.transform.rotation.z = msg->orientation->z;\n'}
[7.225595] (uav_tf2_test) StderrLine: {'line': b'      |                                              ^~\n'}
[7.225719] (uav_tf2_test) StderrLine: {'line': b'/home/ccl/ros2_ws/uav_tf2_test/src/uav_tf2_broadcaster.cpp:48:46: error: base operand of \xe2\x80\x98->\xe2\x80\x99 has non-pointer type \xe2\x80\x98geometry_msgs::msg::Pose_<std::allocator<void> >::_orientation_type\xe2\x80\x99 {aka \xe2\x80\x98geometry_msgs::msg::Quaternion_<std::allocator<void> >\xe2\x80\x99}\n'}
[7.225843] (uav_tf2_test) StderrLine: {'line': b'   48 |     t.transform.rotation.w = msg->orientation->w;\n'}
[7.225969] (uav_tf2_test) StderrLine: {'line': b'      |                                              ^~\n'}
[7.226094] (uav_tf2_test) StderrLine: {'line': b'make[2]: *** [CMakeFiles/uav_tf2_broadcaster.dir/build.make:63: CMakeFiles/uav_tf2_broadcaster.dir/src/uav_tf2_broadcaster.cpp.o] Error 1\n'}
[7.226215] (uav_tf2_test) StderrLine: {'line': b'make[1]: *** [CMakeFiles/Makefile2:225: CMakeFiles/uav_tf2_broadcaster.dir/all] Error 2\n'}
[7.231359] (uav_tf2_test) StderrLine: {'line': b'/home/ccl/ros2_ws/uav_tf2_test/src/lidar_tf2_broadcaster.cpp: In member function \xe2\x80\x98void FramePublisher::handle_lidar_pose(std::shared_ptr<geometry_msgs::msg::Pose_<std::allocator<void> > >)\xe2\x80\x99:\n'}
[7.231589] (uav_tf2_test) StderrLine: {'line': b'/home/ccl/ros2_ws/uav_tf2_test/src/lidar_tf2_broadcaster.cpp:41:38: error: \xe2\x80\x98using element_type = struct geometry_msgs::msg::Pose_<std::allocator<void> >\xe2\x80\x99 {aka \xe2\x80\x98struct geometry_msgs::msg::Pose_<std::allocator<void> >\xe2\x80\x99} has no member named \xe2\x80\x98posotion\xe2\x80\x99; did you mean \xe2\x80\x98position\xe2\x80\x99?\n'}
[7.231707] (uav_tf2_test) StderrLine: {'line': b'   41 |     t.transform.translation.x = msg->posotion->x;\n'}
[7.231814] (uav_tf2_test) StderrLine: {'line': b'      |                                      ^~~~~~~~\n'}
[7.231920] (uav_tf2_test) StderrLine: {'line': b'      |                                      position\n'}
[7.232026] (uav_tf2_test) StderrLine: {'line': b'/home/ccl/ros2_ws/uav_tf2_test/src/lidar_tf2_broadcaster.cpp:42:38: error: \xe2\x80\x98using element_type = struct geometry_msgs::msg::Pose_<std::allocator<void> >\xe2\x80\x99 {aka \xe2\x80\x98struct geometry_msgs::msg::Pose_<std::allocator<void> >\xe2\x80\x99} has no member named \xe2\x80\x98posotion\xe2\x80\x99; did you mean \xe2\x80\x98position\xe2\x80\x99?\n'}
[7.232145] (uav_tf2_test) StderrLine: {'line': b'   42 |     t.transform.translation.y = msg->posotion->y;\n'}
[7.232252] (uav_tf2_test) StderrLine: {'line': b'      |                                      ^~~~~~~~\n'}
[7.232359] (uav_tf2_test) StderrLine: {'line': b'      |                                      position\n'}
[7.232466] (uav_tf2_test) StderrLine: {'line': b'/home/ccl/ros2_ws/uav_tf2_test/src/lidar_tf2_broadcaster.cpp:43:38: error: \xe2\x80\x98using element_type = struct geometry_msgs::msg::Pose_<std::allocator<void> >\xe2\x80\x99 {aka \xe2\x80\x98struct geometry_msgs::msg::Pose_<std::allocator<void> >\xe2\x80\x99} has no member named \xe2\x80\x98posotion\xe2\x80\x99; did you mean \xe2\x80\x98position\xe2\x80\x99?\n'}
[7.232575] (uav_tf2_test) StderrLine: {'line': b'   43 |     t.transform.translation.z = msg->posotion->z;\n'}
[7.232764] (uav_tf2_test) StderrLine: {'line': b'      |                                      ^~~~~~~~\n'}
[7.232920] (uav_tf2_test) StderrLine: {'line': b'      |                                      position\n'}
[7.233030] (uav_tf2_test) StderrLine: {'line': b'/home/ccl/ros2_ws/uav_tf2_test/src/lidar_tf2_broadcaster.cpp:45:46: error: base operand of \xe2\x80\x98->\xe2\x80\x99 has non-pointer type \xe2\x80\x98geometry_msgs::msg::Pose_<std::allocator<void> >::_orientation_type\xe2\x80\x99 {aka \xe2\x80\x98geometry_msgs::msg::Quaternion_<std::allocator<void> >\xe2\x80\x99}\n'}
[7.233138] (uav_tf2_test) StderrLine: {'line': b'   45 |     t.transform.rotation.x = msg->orientation->x;\n'}
[7.233245] (uav_tf2_test) StderrLine: {'line': b'      |                                              ^~\n'}
[7.233351] (uav_tf2_test) StderrLine: {'line': b'/home/ccl/ros2_ws/uav_tf2_test/src/lidar_tf2_broadcaster.cpp:46:46: error: base operand of \xe2\x80\x98->\xe2\x80\x99 has non-pointer type \xe2\x80\x98geometry_msgs::msg::Pose_<std::allocator<void> >::_orientation_type\xe2\x80\x99 {aka \xe2\x80\x98geometry_msgs::msg::Quaternion_<std::allocator<void> >\xe2\x80\x99}\n'}
[7.233459] (uav_tf2_test) StderrLine: {'line': b'   46 |     t.transform.rotation.y = msg->orientation->y;\n'}
[7.233566] (uav_tf2_test) StderrLine: {'line': b'      |                                              ^~\n'}
[7.233677] (uav_tf2_test) StderrLine: {'line': b'/home/ccl/ros2_ws/uav_tf2_test/src/lidar_tf2_broadcaster.cpp:47:46: error: base operand of \xe2\x80\x98->\xe2\x80\x99 has non-pointer type \xe2\x80\x98geometry_msgs::msg::Pose_<std::allocator<void> >::_orientation_type\xe2\x80\x99 {aka \xe2\x80\x98geometry_msgs::msg::Quaternion_<std::allocator<void> >\xe2\x80\x99}\n'}
[7.233787] (uav_tf2_test) StderrLine: {'line': b'   47 |     t.transform.rotation.z = msg->orientation->z;\n'}
[7.233894] (uav_tf2_test) StderrLine: {'line': b'      |                                              ^~\n'}
[7.234001] (uav_tf2_test) StderrLine: {'line': b'/home/ccl/ros2_ws/uav_tf2_test/src/lidar_tf2_broadcaster.cpp:48:46: error: base operand of \xe2\x80\x98->\xe2\x80\x99 has non-pointer type \xe2\x80\x98geometry_msgs::msg::Pose_<std::allocator<void> >::_orientation_type\xe2\x80\x99 {aka \xe2\x80\x98geometry_msgs::msg::Quaternion_<std::allocator<void> >\xe2\x80\x99}\n'}
[7.234108] (uav_tf2_test) StderrLine: {'line': b'   48 |     t.transform.rotation.w = msg->orientation->w;\n'}
[7.234216] (uav_tf2_test) StderrLine: {'line': b'      |                                              ^~\n'}
[7.234322] (uav_tf2_test) StderrLine: {'line': b'make[2]: *** [CMakeFiles/lidar_tf2_broadcaster.dir/build.make:63: CMakeFiles/lidar_tf2_broadcaster.dir/src/lidar_tf2_broadcaster.cpp.o] Error 1\n'}
[7.234430] (uav_tf2_test) StderrLine: {'line': b'make[1]: *** [CMakeFiles/Makefile2:252: CMakeFiles/lidar_tf2_broadcaster.dir/all] Error 2\n'}
[7.246261] (-) TimerEvent: {}
[7.272946] (uav_tf2_test) StdoutLine: {'line': b'[ 71%] Built target lidar_node\n'}
[7.346448] (-) TimerEvent: {}
[7.348472] (uav_tf2_test) StderrLine: {'line': b'/home/ccl/ros2_ws/uav_tf2_test/src/camera_tf2_broadcaster.cpp: In member function \xe2\x80\x98void FramePublisher::handle_camera_pose(std::shared_ptr<geometry_msgs::msg::Pose_<std::allocator<void> > >)\xe2\x80\x99:\n'}
[7.348697] (uav_tf2_test) StderrLine: {'line': b'/home/ccl/ros2_ws/uav_tf2_test/src/camera_tf2_broadcaster.cpp:41:38: error: \xe2\x80\x98using element_type = struct geometry_msgs::msg::Pose_<std::allocator<void> >\xe2\x80\x99 {aka \xe2\x80\x98struct geometry_msgs::msg::Pose_<std::allocator<void> >\xe2\x80\x99} has no member named \xe2\x80\x98posotion\xe2\x80\x99; did you mean \xe2\x80\x98position\xe2\x80\x99?\n'}
[7.348810] (uav_tf2_test) StderrLine: {'line': b'   41 |     t.transform.translation.x = msg->posotion->x;\n'}
[7.348958] (uav_tf2_test) StderrLine: {'line': b'      |                                      ^~~~~~~~\n'}
[7.349066] (uav_tf2_test) StderrLine: {'line': b'      |                                      position\n'}
[7.349170] (uav_tf2_test) StderrLine: {'line': b'/home/ccl/ros2_ws/uav_tf2_test/src/camera_tf2_broadcaster.cpp:42:38: error: \xe2\x80\x98using element_type = struct geometry_msgs::msg::Pose_<std::allocator<void> >\xe2\x80\x99 {aka \xe2\x80\x98struct geometry_msgs::msg::Pose_<std::allocator<void> >\xe2\x80\x99} has no member named \xe2\x80\x98posotion\xe2\x80\x99; did you mean \xe2\x80\x98position\xe2\x80\x99?\n'}
[7.349288] (uav_tf2_test) StderrLine: {'line': b'   42 |     t.transform.translation.y = msg->posotion->y;\n'}
[7.349571] (uav_tf2_test) StderrLine: {'line': b'      |                                      ^~~~~~~~\n'}
[7.349781] (uav_tf2_test) StderrLine: {'line': b'      |                                      position\n'}
[7.349890] (uav_tf2_test) StderrLine: {'line': b'/home/ccl/ros2_ws/uav_tf2_test/src/camera_tf2_broadcaster.cpp:43:38: error: \xe2\x80\x98using element_type = struct geometry_msgs::msg::Pose_<std::allocator<void> >\xe2\x80\x99 {aka \xe2\x80\x98struct geometry_msgs::msg::Pose_<std::allocator<void> >\xe2\x80\x99} has no member named \xe2\x80\x98posotion\xe2\x80\x99; did you mean \xe2\x80\x98position\xe2\x80\x99?\n'}
[7.349998] (uav_tf2_test) StderrLine: {'line': b'   43 |     t.transform.translation.z = msg->posotion->z;\n'}
[7.350103] (uav_tf2_test) StderrLine: {'line': b'      |                                      ^~~~~~~~\n'}
[7.350208] (uav_tf2_test) StderrLine: {'line': b'      |                                      position\n'}
[7.350313] (uav_tf2_test) StderrLine: {'line': b'/home/ccl/ros2_ws/uav_tf2_test/src/camera_tf2_broadcaster.cpp:45:46: error: base operand of \xe2\x80\x98->\xe2\x80\x99 has non-pointer type \xe2\x80\x98geometry_msgs::msg::Pose_<std::allocator<void> >::_orientation_type\xe2\x80\x99 {aka \xe2\x80\x98geometry_msgs::msg::Quaternion_<std::allocator<void> >\xe2\x80\x99}\n'}
[7.350421] (uav_tf2_test) StderrLine: {'line': b'   45 |     t.transform.rotation.x = msg->orientation->x;\n'}
[7.350526] (uav_tf2_test) StderrLine: {'line': b'      |                                              ^~\n'}
[7.350631] (uav_tf2_test) StderrLine: {'line': b'/home/ccl/ros2_ws/uav_tf2_test/src/camera_tf2_broadcaster.cpp:46:46: error: base operand of \xe2\x80\x98->\xe2\x80\x99 has non-pointer type \xe2\x80\x98geometry_msgs::msg::Pose_<std::allocator<void> >::_orientation_type\xe2\x80\x99 {aka \xe2\x80\x98geometry_msgs::msg::Quaternion_<std::allocator<void> >\xe2\x80\x99}\n'}
[7.350736] (uav_tf2_test) StderrLine: {'line': b'   46 |     t.transform.rotation.y = msg->orientation->y;\n'}
[7.350840] (uav_tf2_test) StderrLine: {'line': b'      |                                              ^~\n'}
[7.350945] (uav_tf2_test) StderrLine: {'line': b'/home/ccl/ros2_ws/uav_tf2_test/src/camera_tf2_broadcaster.cpp:47:46: error: base operand of \xe2\x80\x98->\xe2\x80\x99 has non-pointer type \xe2\x80\x98geometry_msgs::msg::Pose_<std::allocator<void> >::_orientation_type\xe2\x80\x99 {aka \xe2\x80\x98geometry_msgs::msg::Quaternion_<std::allocator<void> >\xe2\x80\x99}\n'}
[7.351050] (uav_tf2_test) StderrLine: {'line': b'   47 |     t.transform.rotation.z = msg->orientation->z;\n'}
[7.351157] (uav_tf2_test) StderrLine: {'line': b'      |                                              ^~\n'}
[7.351262] (uav_tf2_test) StderrLine: {'line': b'/home/ccl/ros2_ws/uav_tf2_test/src/camera_tf2_broadcaster.cpp:48:46: error: base operand of \xe2\x80\x98->\xe2\x80\x99 has non-pointer type \xe2\x80\x98geometry_msgs::msg::Pose_<std::allocator<void> >::_orientation_type\xe2\x80\x99 {aka \xe2\x80\x98geometry_msgs::msg::Quaternion_<std::allocator<void> >\xe2\x80\x99}\n'}
[7.351369] (uav_tf2_test) StderrLine: {'line': b'   48 |     t.transform.rotation.w = msg->orientation->w;\n'}
[7.351473] (uav_tf2_test) StderrLine: {'line': b'      |                                              ^~\n'}
[7.351577] (uav_tf2_test) StderrLine: {'line': b'make[2]: *** [CMakeFiles/camera_tf2_broadcaster.dir/build.make:63: CMakeFiles/camera_tf2_broadcaster.dir/src/camera_tf2_broadcaster.cpp.o] Error 1\n'}
[7.351683] (uav_tf2_test) StderrLine: {'line': b'make[1]: *** [CMakeFiles/Makefile2:198: CMakeFiles/camera_tf2_broadcaster.dir/all] Error 2\n'}
[7.368166] (uav_tf2_test) StdoutLine: {'line': b'[ 71%] Built target uav_node\n'}
[7.369964] (uav_tf2_test) StderrLine: {'line': b'make: *** [Makefile:141: all] Error 2\n'}
[7.374015] (uav_tf2_test) CommandEnded: {'returncode': 2}
[7.446922] (-) TimerEvent: {}
[7.491400] (uav_tf2_test) JobEnded: {'identifier': 'uav_tf2_test', 'rc': 2}
[7.502439] (-) EventReactorShutdown: {}
