[0.000000] (-) TimerEvent: {}
[0.000268] (-) JobUnselected: {'identifier': 'learning_tf2_cpp'}
[0.000341] (uav_tf2_test) JobQueued: {'identifier': 'uav_tf2_test', 'dependencies': OrderedDict()}
[0.000393] (uav_tf2_test) JobStarted: {'identifier': 'uav_tf2_test'}
[0.017643] (uav_tf2_test) JobProgress: {'identifier': 'uav_tf2_test', 'progress': 'cmake'}
[0.018917] (uav_tf2_test) JobProgress: {'identifier': 'uav_tf2_test', 'progress': 'build'}
[0.020407] (uav_tf2_test) Command: {'cmd': ['/usr/bin/cmake', '--build', '/home/ccl/ros2_ws/build/uav_tf2_test', '--', '-j8', '-l8'], 'cwd': '/home/ccl/ros2_ws/build/uav_tf2_test', 'env': OrderedDict([('GJS_DEBUG_TOPICS', 'JS ERROR;JS LOG'), ('LESSOPEN', '| /usr/bin/lesspipe %s'), ('USER', 'ccl'), ('LC_TIME', 'en_US.UTF-8'), ('GIO_MODULE_DIR', '/home/ccl/snap/code/common/.cache/gio-modules'), ('SSH_AGENT_PID', '1658'), ('XDG_SESSION_TYPE', 'x11'), ('GIT_ASKPASS', '/snap/code/157/usr/share/code/resources/app/extensions/git/dist/askpass.sh'), ('GTK_EXE_PREFIX_VSCODE_SNAP_ORIG', ''), ('GDK_BACKEND_VSCODE_SNAP_ORIG', ''), ('SHLVL', '1'), ('LD_LIBRARY_PATH', '/opt/ros/galactic/opt/yaml_cpp_vendor/lib:/opt/ros/galactic/opt/rviz_ogre_vendor/lib:/opt/ros/galactic/lib/x86_64-linux-gnu:/opt/ros/galactic/lib'), ('QT4_IM_MODULE', 'fcitx'), ('HOME', '/home/ccl'), ('CHROME_DESKTOP', 'code-url-handler.desktop'), ('LOCPATH_VSCODE_SNAP_ORIG', ''), ('TERM_PROGRAM_VERSION', '1.88.1'), ('DESKTOP_SESSION', 'ubuntu'), ('GTK_PATH', '/snap/code/157/usr/lib/x86_64-linux-gnu/gtk-3.0'), ('NVM_BIN', '/home/ccl/.nvm/versions/node/v20.11.1/bin'), ('NVM_INC', '/home/ccl/.nvm/versions/node/v20.11.1/include/node'), ('GTK_IM_MODULE_FILE', '/home/ccl/snap/code/common/.cache/immodules/immodules.cache'), ('GIO_LAUNCHED_DESKTOP_FILE', '/var/lib/snapd/desktop/applications/code_code.desktop'), ('ROS_PYTHON_VERSION', '3'), ('GNOME_SHELL_SESSION_MODE', 'ubuntu'), ('GTK_MODULES', 'gail:atk-bridge'), ('GSETTINGS_SCHEMA_DIR_VSCODE_SNAP_ORIG', ''), ('VSCODE_GIT_ASKPASS_MAIN', '/snap/code/157/usr/share/code/resources/app/extensions/git/dist/askpass-main.js'), ('LC_MONETARY', 'en_US.UTF-8'), ('VSCODE_GIT_ASKPASS_NODE', '/snap/code/157/usr/share/code/code'), ('MANAGERPID', '1556'), ('DBUS_SESSION_BUS_ADDRESS', 'unix:path=/run/user/1000/bus'), ('COLORTERM', 'truecolor'), ('GIO_LAUNCHED_DESKTOP_FILE_PID', '3274'), ('NVM_DIR', '/home/ccl/.nvm'), ('IM_CONFIG_PHASE', '1'), ('COLCON_PREFIX_PATH', '/home/ccl/ros2_ws/install'), ('ROS_DISTRO', 'galactic'), ('GTK_IM_MODULE', 'fcitx'), ('LOGNAME', 'ccl'), ('JOURNAL_STREAM', '8:56019'), ('_', '/usr/bin/colcon'), ('ROS_VERSION', '2'), ('XDG_CONFIG_DIRS_VSCODE_SNAP_ORIG', '/etc/xdg/xdg-ubuntu:/etc/xdg'), ('XDG_SESSION_CLASS', 'user'), ('XDG_DATA_DIRS_VSCODE_SNAP_ORIG', '/usr/share/ubuntu:/usr/local/share/:/usr/share/:/var/lib/snapd/desktop'), ('USERNAME', 'ccl'), ('TERM', 'xterm-256color'), ('GNOME_DESKTOP_SESSION_ID', 'this-is-deprecated'), ('ROS_LOCALHOST_ONLY', '0'), ('WINDOWPATH', '2'), ('PATH', '/home/ccl/ardupilot/Tools/autotest:/usr/lib/ccache:/opt/gcc-arm-none-eabi-10-2020-q4-major/bin:/home/ccl/.local/bin:/opt/ros/galactic/bin:/home/ccl/.nvm/versions/node/v20.11.1/bin:/home/ccl/ardupilot/Tools/autotest:/usr/lib/ccache:/opt/gcc-arm-none-eabi-10-2020-q4-major/bin:/home/ccl/.local/bin:/usr/local/sbin:/usr/local/bin:/usr/sbin:/usr/bin:/sbin:/bin:/usr/games:/usr/local/games:/snap/bin:/home/ccl/.local/bin:/home/ccl/.local/bin'), ('SESSION_MANAGER', 'local/ubuntu:@/tmp/.ICE-unix/1736,unix/ubuntu:/tmp/.ICE-unix/1736'), ('GTK_EXE_PREFIX', '/snap/code/157/usr'), ('INVOCATION_ID', '63f181d937224077a4efdca028704b07'), ('PAPERSIZE', 'letter'), ('XDG_MENU_PREFIX', 'gnome-'), ('LC_ADDRESS', 'en_US.UTF-8'), ('BAMF_DESKTOP_FILE_HINT', '/var/lib/snapd/desktop/applications/code_code.desktop'), ('XDG_RUNTIME_DIR', '/run/user/1000'), ('GDK_BACKEND', 'x11'), ('DISPLAY', ':0'), ('LOCPATH', '/snap/code/157/usr/lib/locale'), ('LANG', 'en_US.UTF-8'), ('XDG_CURRENT_DESKTOP', 'Unity'), ('LC_TELEPHONE', 'en_US.UTF-8'), ('GIO_MODULE_DIR_VSCODE_SNAP_ORIG', ''), ('XMODIFIERS', '@im=fcitx'), ('XDG_SESSION_DESKTOP', 'ubuntu'), ('XAUTHORITY', '/run/user/1000/gdm/Xauthority'), ('LS_COLORS', 'rs=0:di=01;34:ln=01;36:mh=00:pi=40;33:so=01;35:do=01;35:bd=40;33;01:cd=40;33;01:or=40;31;01:mi=00:su=37;41:sg=30;43:ca=30;41:tw=30;42:ow=34;42:st=37;44:ex=01;32:*.tar=01;31:*.tgz=01;31:*.arc=01;31:*.arj=01;31:*.taz=01;31:*.lha=01;31:*.lz4=01;31:*.lzh=01;31:*.lzma=01;31:*.tlz=01;31:*.txz=01;31:*.tzo=01;31:*.t7z=01;31:*.zip=01;31:*.z=01;31:*.dz=01;31:*.gz=01;31:*.lrz=01;31:*.lz=01;31:*.lzo=01;31:*.xz=01;31:*.zst=01;31:*.tzst=01;31:*.bz2=01;31:*.bz=01;31:*.tbz=01;31:*.tbz2=01;31:*.tz=01;31:*.deb=01;31:*.rpm=01;31:*.jar=01;31:*.war=01;31:*.ear=01;31:*.sar=01;31:*.rar=01;31:*.alz=01;31:*.ace=01;31:*.zoo=01;31:*.cpio=01;31:*.7z=01;31:*.rz=01;31:*.cab=01;31:*.wim=01;31:*.swm=01;31:*.dwm=01;31:*.esd=01;31:*.jpg=01;35:*.jpeg=01;35:*.mjpg=01;35:*.mjpeg=01;35:*.gif=01;35:*.bmp=01;35:*.pbm=01;35:*.pgm=01;35:*.ppm=01;35:*.tga=01;35:*.xbm=01;35:*.xpm=01;35:*.tif=01;35:*.tiff=01;35:*.png=01;35:*.svg=01;35:*.svgz=01;35:*.mng=01;35:*.pcx=01;35:*.mov=01;35:*.mpg=01;35:*.mpeg=01;35:*.m2v=01;35:*.mkv=01;35:*.webm=01;35:*.ogm=01;35:*.mp4=01;35:*.m4v=01;35:*.mp4v=01;35:*.vob=01;35:*.qt=01;35:*.nuv=01;35:*.wmv=01;35:*.asf=01;35:*.rm=01;35:*.rmvb=01;35:*.flc=01;35:*.avi=01;35:*.fli=01;35:*.flv=01;35:*.gl=01;35:*.dl=01;35:*.xcf=01;35:*.xwd=01;35:*.yuv=01;35:*.cgm=01;35:*.emf=01;35:*.ogv=01;35:*.ogx=01;35:*.aac=00;36:*.au=00;36:*.flac=00;36:*.m4a=00;36:*.mid=00;36:*.midi=00;36:*.mka=00;36:*.mp3=00;36:*.mpc=00;36:*.ogg=00;36:*.ra=00;36:*.wav=00;36:*.oga=00;36:*.opus=00;36:*.spx=00;36:*.xspf=00;36:'), ('VSCODE_GIT_IPC_HANDLE', '/run/user/1000/vscode-git-22131dd205.sock'), ('TERM_PROGRAM', 'vscode'), ('SSH_AUTH_SOCK', '/run/user/1000/keyring/ssh'), ('GSETTINGS_SCHEMA_DIR', '/home/ccl/snap/code/157/.local/share/glib-2.0/schemas'), ('AMENT_PREFIX_PATH', '/home/ccl/ros2_ws/install/uav_tf2_test:/opt/ros/galactic'), ('ORIGINAL_XDG_CURRENT_DESKTOP', 'ubuntu:GNOME'), ('SHELL', '/bin/bash'), ('LC_NAME', 'en_US.UTF-8'), ('QT_ACCESSIBILITY', '1'), ('GDMSESSION', 'ubuntu'), ('LESSCLOSE', '/usr/bin/lesspipe %s %s'), ('GTK_PATH_VSCODE_SNAP_ORIG', ''), ('GTK_IM_MODULE_FILE_VSCODE_SNAP_ORIG', ''), ('LC_MEASUREMENT', 'en_US.UTF-8'), ('GPG_AGENT_INFO', '/run/user/1000/gnupg/S.gpg-agent:0:1'), ('GJS_DEBUG_OUTPUT', 'stderr'), ('LC_IDENTIFICATION', 'en_US.UTF-8'), ('VSCODE_GIT_ASKPASS_EXTRA_ARGS', ''), ('QT_IM_MODULE', 'fcitx'), ('PWD', '/home/ccl/ros2_ws/build/uav_tf2_test'), ('LC_ALL', 'en_US.UTF-8'), ('XDG_CONFIG_DIRS', '/etc/xdg/xdg-ubuntu:/etc/xdg'), ('CLUTTER_IM_MODULE', 'fcitx'), ('NVM_CD_FLAGS', ''), ('XDG_DATA_DIRS', '/home/ccl/snap/code/157/.local/share:/home/ccl/snap/code/157:/snap/code/157/usr/share:/usr/share/ubuntu:/usr/local/share/:/usr/share/:/var/lib/snapd/desktop'), ('PYTHONPATH', '/opt/ros/galactic/lib/python3.8/site-packages'), ('LC_NUMERIC', 'en_US.UTF-8'), ('LC_PAPER', 'en_US.UTF-8'), ('COLCON', '1'), ('CMAKE_PREFIX_PATH', '/home/ccl/ros2_ws/install/uav_tf2_test:/opt/ros/galactic')]), 'shell': False}
[0.098850] (-) TimerEvent: {}
[0.142781] (uav_tf2_test) StdoutLine: {'line': b'\x1b[35m\x1b[1mScanning dependencies of target tf2_listener\x1b[0m\n'}
[0.165549] (uav_tf2_test) StdoutLine: {'line': b'[ 14%] Built target camera_tf2_broadcaster\n'}
[0.165949] (uav_tf2_test) StdoutLine: {'line': b'[ 28%] Built target uav_node\n'}
[0.166209] (uav_tf2_test) StdoutLine: {'line': b'[ 42%] Built target lidar_node\n'}
[0.167966] (uav_tf2_test) StdoutLine: {'line': b'[ 57%] Built target camera_node\n'}
[0.172953] (uav_tf2_test) StdoutLine: {'line': b'[ 71%] Built target lidar_tf2_broadcaster\n'}
[0.175126] (uav_tf2_test) StdoutLine: {'line': b'[ 85%] Built target uav_tf2_broadcaster\n'}
[0.199092] (-) TimerEvent: {}
[0.236714] (uav_tf2_test) StdoutLine: {'line': b'[ 92%] \x1b[32mBuilding CXX object CMakeFiles/tf2_listener.dir/src/tf2_listener.cpp.o\x1b[0m\n'}
[0.299303] (-) TimerEvent: {}
[0.399974] (-) TimerEvent: {}
[0.500457] (-) TimerEvent: {}
[0.601050] (-) TimerEvent: {}
[0.701508] (-) TimerEvent: {}
[0.801947] (-) TimerEvent: {}
[0.902376] (-) TimerEvent: {}
[1.002761] (-) TimerEvent: {}
[1.103319] (-) TimerEvent: {}
[1.203891] (-) TimerEvent: {}
[1.304351] (-) TimerEvent: {}
[1.404811] (-) TimerEvent: {}
[1.505307] (-) TimerEvent: {}
[1.605889] (-) TimerEvent: {}
[1.706375] (-) TimerEvent: {}
[1.806929] (-) TimerEvent: {}
[1.907555] (-) TimerEvent: {}
[2.008060] (-) TimerEvent: {}
[2.108615] (-) TimerEvent: {}
[2.209174] (-) TimerEvent: {}
[2.309697] (-) TimerEvent: {}
[2.410280] (-) TimerEvent: {}
[2.510872] (-) TimerEvent: {}
[2.611432] (-) TimerEvent: {}
[2.712076] (-) TimerEvent: {}
[2.812590] (-) TimerEvent: {}
[2.855229] (uav_tf2_test) StderrLine: {'line': b'/home/ccl/ros2_ws/uav_tf2_test/src/tf2_listener.cpp: In constructor \xe2\x80\x98FrameListener::FrameListener()\xe2\x80\x99:\n'}
[2.855514] (uav_tf2_test) StderrLine: {'line': b'/home/ccl/ros2_ws/uav_tf2_test/src/tf2_listener.cpp:22:5: error: \xe2\x80\x98source_frame_1\xe2\x80\x99 was not declared in this scope\n'}
[2.855632] (uav_tf2_test) StderrLine: {'line': b'   22 |     source_frame_1 = this->declare_parameter<std::string>("source_frame", "camera");\n'}
[2.855813] (uav_tf2_test) StderrLine: {'line': b'      |     ^~~~~~~~~~~~~~\n'}
[2.856004] (uav_tf2_test) StderrLine: {'line': b'/home/ccl/ros2_ws/uav_tf2_test/src/tf2_listener.cpp:23:5: error: \xe2\x80\x98source_frame_2\xe2\x80\x99 was not declared in this scope\n'}
[2.856111] (uav_tf2_test) StderrLine: {'line': b'   23 |     source_frame_2 = this->declare_parameter<std::string>("source_frame", "lidar");\n'}
[2.856215] (uav_tf2_test) StderrLine: {'line': b'      |     ^~~~~~~~~~~~~~\n'}
[2.856344] (uav_tf2_test) StderrLine: {'line': b'/home/ccl/ros2_ws/uav_tf2_test/src/tf2_listener.cpp: In member function \xe2\x80\x98void FrameListener::on_timer()\xe2\x80\x99:\n'}
[2.856636] (uav_tf2_test) StderrLine: {'line': b'/home/ccl/ros2_ws/uav_tf2_test/src/tf2_listener.cpp:37:33: error: \xe2\x80\x98source_frame_1\xe2\x80\x99 was not declared in this scope\n'}
[2.856847] (uav_tf2_test) StderrLine: {'line': b'   37 |     std::string fromFrameRel1 = source_frame_1.c_str();\n'}
[2.856952] (uav_tf2_test) StderrLine: {'line': b'      |                                 ^~~~~~~~~~~~~~\n'}
[2.857056] (uav_tf2_test) StderrLine: {'line': b'/home/ccl/ros2_ws/uav_tf2_test/src/tf2_listener.cpp:38:33: error: \xe2\x80\x98source_frame_2\xe2\x80\x99 was not declared in this scope\n'}
[2.857159] (uav_tf2_test) StderrLine: {'line': b'   38 |     std::string fromFrameRel2 = source_frame_2.c_str();\n'}
[2.857258] (uav_tf2_test) StderrLine: {'line': b'      |                                 ^~~~~~~~~~~~~~\n'}
[2.857357] (uav_tf2_test) StderrLine: {'line': b'In file included from /opt/ros/galactic/include/rclcpp/client.hpp:40,\n'}
[2.857456] (uav_tf2_test) StderrLine: {'line': b'                 from /opt/ros/galactic/include/rclcpp/callback_group.hpp:23,\n'}
[2.857556] (uav_tf2_test) StderrLine: {'line': b'                 from /opt/ros/galactic/include/rclcpp/any_executable.hpp:20,\n'}
[2.857655] (uav_tf2_test) StderrLine: {'line': b'                 from /opt/ros/galactic/include/rclcpp/memory_strategy.hpp:25,\n'}
[2.857754] (uav_tf2_test) StderrLine: {'line': b'                 from /opt/ros/galactic/include/rclcpp/memory_strategies.hpp:18,\n'}
[2.857854] (uav_tf2_test) StderrLine: {'line': b'                 from /opt/ros/galactic/include/rclcpp/executor_options.hpp:20,\n'}
[2.857953] (uav_tf2_test) StderrLine: {'line': b'                 from /opt/ros/galactic/include/rclcpp/executor.hpp:36,\n'}
[2.858052] (uav_tf2_test) StderrLine: {'line': b'                 from /opt/ros/galactic/include/rclcpp/executors/multi_threaded_executor.hpp:26,\n'}
[2.858151] (uav_tf2_test) StderrLine: {'line': b'                 from /opt/ros/galactic/include/rclcpp/executors.hpp:21,\n'}
[2.858250] (uav_tf2_test) StderrLine: {'line': b'                 from /opt/ros/galactic/include/rclcpp/rclcpp.hpp:156,\n'}
[2.858349] (uav_tf2_test) StderrLine: {'line': b'                 from /home/ccl/ros2_ws/uav_tf2_test/src/tf2_listener.cpp:8:\n'}
[2.858454] (uav_tf2_test) StderrLine: {'line': b'/home/ccl/ros2_ws/uav_tf2_test/src/tf2_listener.cpp:51:57: error: \xe2\x80\x98using TransformStamped = struct geometry_msgs::msg::TransformStamped_<std::allocator<void> >\xe2\x80\x99 {aka \xe2\x80\x98struct geometry_msgs::msg::TransformStamped_<std::allocator<void> >\xe2\x80\x99} has no member named \xe2\x80\x98translation\xe2\x80\x99\n'}
[2.858572] (uav_tf2_test) StderrLine: {'line': b'   51 |           fromFrameRel1.c_str(), toFrameRel.c_str(), t1.translation.x,\n'}
[2.858676] (uav_tf2_test) StderrLine: {'line': b'      |                                                         ^~~~~~~~~~~\n'}
[2.858779] (uav_tf2_test) StderrLine: {'line': b'/home/ccl/ros2_ws/uav_tf2_test/src/tf2_listener.cpp:52:14: error: \xe2\x80\x98using TransformStamped = struct geometry_msgs::msg::TransformStamped_<std::allocator<void> >\xe2\x80\x99 {aka \xe2\x80\x98struct geometry_msgs::msg::TransformStamped_<std::allocator<void> >\xe2\x80\x99} has no member named \xe2\x80\x98translation\xe2\x80\x99\n'}
[2.858884] (uav_tf2_test) StderrLine: {'line': b'   52 |           t1.translation.y, t1.translation.z, t1.rotation.x,\n'}
[2.859012] (uav_tf2_test) StderrLine: {'line': b'      |              ^~~~~~~~~~~\n'}
[2.859538] (uav_tf2_test) StderrLine: {'line': b'/home/ccl/ros2_ws/uav_tf2_test/src/tf2_listener.cpp:52:32: error: \xe2\x80\x98using TransformStamped = struct geometry_msgs::msg::TransformStamped_<std::allocator<void> >\xe2\x80\x99 {aka \xe2\x80\x98struct geometry_msgs::msg::TransformStamped_<std::allocator<void> >\xe2\x80\x99} has no member named \xe2\x80\x98translation\xe2\x80\x99\n'}
[2.859792] (uav_tf2_test) StderrLine: {'line': b'   52 |           t1.translation.y, t1.translation.z, t1.rotation.x,\n'}
[2.859944] (uav_tf2_test) StderrLine: {'line': b'      |                                ^~~~~~~~~~~\n'}
[2.860547] (uav_tf2_test) StderrLine: {'line': b'/home/ccl/ros2_ws/uav_tf2_test/src/tf2_listener.cpp:52:50: error: \xe2\x80\x98using TransformStamped = struct geometry_msgs::msg::TransformStamped_<std::allocator<void> >\xe2\x80\x99 {aka \xe2\x80\x98struct geometry_msgs::msg::TransformStamped_<std::allocator<void> >\xe2\x80\x99} has no member named \xe2\x80\x98rotation\xe2\x80\x99\n'}
[2.860773] (uav_tf2_test) StderrLine: {'line': b'   52 |           t1.translation.y, t1.translation.z, t1.rotation.x,\n'}
[2.861253] (uav_tf2_test) StderrLine: {'line': b'      |                                                  ^~~~~~~~\n'}
[2.861550] (uav_tf2_test) StderrLine: {'line': b'/home/ccl/ros2_ws/uav_tf2_test/src/tf2_listener.cpp:53:14: error: \xe2\x80\x98using TransformStamped = struct geometry_msgs::msg::TransformStamped_<std::allocator<void> >\xe2\x80\x99 {aka \xe2\x80\x98struct geometry_msgs::msg::TransformStamped_<std::allocator<void> >\xe2\x80\x99} has no member named \xe2\x80\x98rotation\xe2\x80\x99\n'}
[2.863348] (uav_tf2_test) StderrLine: {'line': b'   53 |           t1.rotation.y, t1.rotation.z, t1.rotation.w\n'}
[2.863863] (uav_tf2_test) StderrLine: {'line': b'      |              ^~~~~~~~\n'}
[2.864220] (uav_tf2_test) StderrLine: {'line': b'/home/ccl/ros2_ws/uav_tf2_test/src/tf2_listener.cpp:53:29: error: \xe2\x80\x98using TransformStamped = struct geometry_msgs::msg::TransformStamped_<std::allocator<void> >\xe2\x80\x99 {aka \xe2\x80\x98struct geometry_msgs::msg::TransformStamped_<std::allocator<void> >\xe2\x80\x99} has no member named \xe2\x80\x98rotation\xe2\x80\x99\n'}
[2.865007] (uav_tf2_test) StderrLine: {'line': b'   53 |           t1.rotation.y, t1.rotation.z, t1.rotation.w\n'}
[2.865166] (uav_tf2_test) StderrLine: {'line': b'      |                             ^~~~~~~~\n'}
[2.865549] (uav_tf2_test) StderrLine: {'line': b'/home/ccl/ros2_ws/uav_tf2_test/src/tf2_listener.cpp:53:44: error: \xe2\x80\x98using TransformStamped = struct geometry_msgs::msg::TransformStamped_<std::allocator<void> >\xe2\x80\x99 {aka \xe2\x80\x98struct geometry_msgs::msg::TransformStamped_<std::allocator<void> >\xe2\x80\x99} has no member named \xe2\x80\x98rotation\xe2\x80\x99\n'}
[2.866450] (uav_tf2_test) StderrLine: {'line': b'   53 |           t1.rotation.y, t1.rotation.z, t1.rotation.w\n'}
[2.866800] (uav_tf2_test) StderrLine: {'line': b'      |                                            ^~~~~~~~\n'}
[2.867096] (uav_tf2_test) StderrLine: {'line': b'/home/ccl/ros2_ws/uav_tf2_test/src/tf2_listener.cpp:68:57: error: \xe2\x80\x98using TransformStamped = struct geometry_msgs::msg::TransformStamped_<std::allocator<void> >\xe2\x80\x99 {aka \xe2\x80\x98struct geometry_msgs::msg::TransformStamped_<std::allocator<void> >\xe2\x80\x99} has no member named \xe2\x80\x98translation\xe2\x80\x99\n'}
[2.870524] (uav_tf2_test) StderrLine: {'line': b'   68 |           fromFrameRel2.c_str(), toFrameRel.c_str(), t2.translation.x,\n'}
[2.871027] (uav_tf2_test) StderrLine: {'line': b'      |                                                         ^~~~~~~~~~~\n'}
[2.872503] (uav_tf2_test) StderrLine: {'line': b'/home/ccl/ros2_ws/uav_tf2_test/src/tf2_listener.cpp:69:14: error: \xe2\x80\x98using TransformStamped = struct geometry_msgs::msg::TransformStamped_<std::allocator<void> >\xe2\x80\x99 {aka \xe2\x80\x98struct geometry_msgs::msg::TransformStamped_<std::allocator<void> >\xe2\x80\x99} has no member named \xe2\x80\x98translation\xe2\x80\x99\n'}
[2.874550] (uav_tf2_test) StderrLine: {'line': b'   69 |           t2.translation.y, t2.translation.z, t2.rotation.x,\n'}
[2.874701] (uav_tf2_test) StderrLine: {'line': b'      |              ^~~~~~~~~~~\n'}
[2.874811] (uav_tf2_test) StderrLine: {'line': b'/home/ccl/ros2_ws/uav_tf2_test/src/tf2_listener.cpp:69:32: error: \xe2\x80\x98using TransformStamped = struct geometry_msgs::msg::TransformStamped_<std::allocator<void> >\xe2\x80\x99 {aka \xe2\x80\x98struct geometry_msgs::msg::TransformStamped_<std::allocator<void> >\xe2\x80\x99} has no member named \xe2\x80\x98translation\xe2\x80\x99\n'}
[2.874922] (uav_tf2_test) StderrLine: {'line': b'   69 |           t2.translation.y, t2.translation.z, t2.rotation.x,\n'}
[2.875037] (uav_tf2_test) StderrLine: {'line': b'      |                                ^~~~~~~~~~~\n'}
[2.875148] (uav_tf2_test) StderrLine: {'line': b'/home/ccl/ros2_ws/uav_tf2_test/src/tf2_listener.cpp:69:50: error: \xe2\x80\x98using TransformStamped = struct geometry_msgs::msg::TransformStamped_<std::allocator<void> >\xe2\x80\x99 {aka \xe2\x80\x98struct geometry_msgs::msg::TransformStamped_<std::allocator<void> >\xe2\x80\x99} has no member named \xe2\x80\x98rotation\xe2\x80\x99\n'}
[2.875253] (uav_tf2_test) StderrLine: {'line': b'   69 |           t2.translation.y, t2.translation.z, t2.rotation.x,\n'}
[2.875356] (uav_tf2_test) StderrLine: {'line': b'      |                                                  ^~~~~~~~\n'}
[2.875521] (uav_tf2_test) StderrLine: {'line': b'/home/ccl/ros2_ws/uav_tf2_test/src/tf2_listener.cpp:70:14: error: \xe2\x80\x98using TransformStamped = struct geometry_msgs::msg::TransformStamped_<std::allocator<void> >\xe2\x80\x99 {aka \xe2\x80\x98struct geometry_msgs::msg::TransformStamped_<std::allocator<void> >\xe2\x80\x99} has no member named \xe2\x80\x98rotation\xe2\x80\x99\n'}
[2.875637] (uav_tf2_test) StderrLine: {'line': b'   70 |           t2.rotation.y, t2.rotation.z, t2.rotation.w\n'}
[2.875800] (uav_tf2_test) StderrLine: {'line': b'      |              ^~~~~~~~\n'}
[2.875918] (uav_tf2_test) StderrLine: {'line': b'/home/ccl/ros2_ws/uav_tf2_test/src/tf2_listener.cpp:70:29: error: \xe2\x80\x98using TransformStamped = struct geometry_msgs::msg::TransformStamped_<std::allocator<void> >\xe2\x80\x99 {aka \xe2\x80\x98struct geometry_msgs::msg::TransformStamped_<std::allocator<void> >\xe2\x80\x99} has no member named \xe2\x80\x98rotation\xe2\x80\x99\n'}
[2.876039] (uav_tf2_test) StderrLine: {'line': b'   70 |           t2.rotation.y, t2.rotation.z, t2.rotation.w\n'}
[2.876151] (uav_tf2_test) StderrLine: {'line': b'      |                             ^~~~~~~~\n'}
[2.876265] (uav_tf2_test) StderrLine: {'line': b'/home/ccl/ros2_ws/uav_tf2_test/src/tf2_listener.cpp:70:44: error: \xe2\x80\x98using TransformStamped = struct geometry_msgs::msg::TransformStamped_<std::allocator<void> >\xe2\x80\x99 {aka \xe2\x80\x98struct geometry_msgs::msg::TransformStamped_<std::allocator<void> >\xe2\x80\x99} has no member named \xe2\x80\x98rotation\xe2\x80\x99\n'}
[2.876382] (uav_tf2_test) StderrLine: {'line': b'   70 |           t2.rotation.y, t2.rotation.z, t2.rotation.w\n'}
[2.876489] (uav_tf2_test) StderrLine: {'line': b'      |                                            ^~~~~~~~\n'}
[2.876594] (uav_tf2_test) StderrLine: {'line': b'make[2]: *** [CMakeFiles/tf2_listener.dir/build.make:63: CMakeFiles/tf2_listener.dir/src/tf2_listener.cpp.o] Error 1\n'}
[2.876726] (uav_tf2_test) StderrLine: {'line': b'make[1]: *** [CMakeFiles/Makefile2:279: CMakeFiles/tf2_listener.dir/all] Error 2\n'}
[2.876838] (uav_tf2_test) StderrLine: {'line': b'make: *** [Makefile:141: all] Error 2\n'}
[2.876982] (uav_tf2_test) CommandEnded: {'returncode': 2}
[2.912776] (-) TimerEvent: {}
[2.989562] (uav_tf2_test) JobEnded: {'identifier': 'uav_tf2_test', 'rc': 2}
[3.000876] (-) EventReactorShutdown: {}
