[0.000000] (-) TimerEvent: {}
[0.000295] (-) JobUnselected: {'identifier': 'learning_tf2_cpp'}
[0.000346] (-) JobUnselected: {'identifier': 'uav_tf2_test'}
[0.000380] (uav_urdf_demo) JobQueued: {'identifier': 'uav_urdf_demo', 'dependencies': OrderedDict()}
[0.000717] (uav_urdf_demo) JobStarted: {'identifier': 'uav_urdf_demo'}
[0.009949] (uav_urdf_demo) JobProgress: {'identifier': 'uav_urdf_demo', 'progress': 'cmake'}
[0.011544] (uav_urdf_demo) JobProgress: {'identifier': 'uav_urdf_demo', 'progress': 'build'}
[0.011606] (uav_urdf_demo) Command: {'cmd': ['/usr/bin/cmake', '--build', '/home/ccl/ROS2_UAV/build/uav_urdf_demo', '--', '-j8', '-l8'], 'cwd': '/home/ccl/ROS2_UAV/build/uav_urdf_demo', 'env': OrderedDict([('GJS_DEBUG_TOPICS', 'JS ERROR;JS LOG'), ('LESSOPEN', '| /usr/bin/lesspipe %s'), ('USER', 'ccl'), ('LC_TIME', 'en_US.UTF-8'), ('GIO_MODULE_DIR', '/home/ccl/snap/code/common/.cache/gio-modules'), ('SSH_AGENT_PID', '1674'), ('XDG_SESSION_TYPE', 'x11'), ('GIT_ASKPASS', '/snap/code/157/usr/share/code/resources/app/extensions/git/dist/askpass.sh'), ('GTK_EXE_PREFIX_VSCODE_SNAP_ORIG', ''), ('GDK_BACKEND_VSCODE_SNAP_ORIG', ''), ('SHLVL', '1'), ('LD_LIBRARY_PATH', '/opt/ros/galactic/opt/yaml_cpp_vendor/lib:/opt/ros/galactic/opt/rviz_ogre_vendor/lib:/opt/ros/galactic/lib/x86_64-linux-gnu:/opt/ros/galactic/lib'), ('QT4_IM_MODULE', 'fcitx'), ('HOME', '/home/ccl'), ('CHROME_DESKTOP', 'code-url-handler.desktop'), ('LOCPATH_VSCODE_SNAP_ORIG', ''), ('TERM_PROGRAM_VERSION', '1.88.1'), ('DESKTOP_SESSION', 'ubuntu'), ('GTK_PATH', '/snap/code/157/usr/lib/x86_64-linux-gnu/gtk-3.0'), ('NVM_BIN', '/home/ccl/.nvm/versions/node/v20.11.1/bin'), ('NVM_INC', '/home/ccl/.nvm/versions/node/v20.11.1/include/node'), ('GTK_IM_MODULE_FILE', '/home/ccl/snap/code/common/.cache/immodules/immodules.cache'), ('GIO_LAUNCHED_DESKTOP_FILE', '/var/lib/snapd/desktop/applications/code_code.desktop'), ('ROS_PYTHON_VERSION', '3'), ('GNOME_SHELL_SESSION_MODE', 'ubuntu'), ('GTK_MODULES', 'gail:atk-bridge'), ('GSETTINGS_SCHEMA_DIR_VSCODE_SNAP_ORIG', ''), ('VSCODE_GIT_ASKPASS_MAIN', '/snap/code/157/usr/share/code/resources/app/extensions/git/dist/askpass-main.js'), ('LC_MONETARY', 'en_US.UTF-8'), ('VSCODE_GIT_ASKPASS_NODE', '/snap/code/157/usr/share/code/code'), ('MANAGERPID', '1572'), ('DBUS_SESSION_BUS_ADDRESS', 'unix:path=/run/user/1000/bus'), ('COLORTERM', 'truecolor'), ('GIO_LAUNCHED_DESKTOP_FILE_PID', '22899'), ('NVM_DIR', '/home/ccl/.nvm'), ('IM_CONFIG_PHASE', '1'), ('ROS_DISTRO', 'galactic'), ('GTK_IM_MODULE', 'fcitx'), ('LOGNAME', 'ccl'), ('JOURNAL_STREAM', '8:51098'), ('_', '/usr/bin/colcon'), ('ROS_VERSION', '2'), ('XDG_CONFIG_DIRS_VSCODE_SNAP_ORIG', '/etc/xdg/xdg-ubuntu:/etc/xdg'), ('XDG_SESSION_CLASS', 'user'), ('XDG_DATA_DIRS_VSCODE_SNAP_ORIG', '/usr/share/ubuntu:/usr/local/share/:/usr/share/:/var/lib/snapd/desktop'), ('USERNAME', 'ccl'), ('TERM', 'xterm-256color'), ('GNOME_DESKTOP_SESSION_ID', 'this-is-deprecated'), ('ROS_LOCALHOST_ONLY', '0'), ('WINDOWPATH', '2'), ('PATH', '/opt/ros/galactic/bin:/home/ccl/.nvm/versions/node/v20.11.1/bin:/home/ccl/ardupilot/Tools/autotest:/usr/lib/ccache:/opt/gcc-arm-none-eabi-10-2020-q4-major/bin:/home/ccl/.local/bin:/usr/local/sbin:/usr/local/bin:/usr/sbin:/usr/bin:/sbin:/bin:/usr/games:/usr/local/games:/snap/bin:/home/ccl/.local/bin'), ('SESSION_MANAGER', 'local/ubuntu:@/tmp/.ICE-unix/1717,unix/ubuntu:/tmp/.ICE-unix/1717'), ('GTK_EXE_PREFIX', '/snap/code/157/usr'), ('INVOCATION_ID', 'cabaa2b973c1490e8f819080811eb6f9'), ('PAPERSIZE', 'letter'), ('XDG_MENU_PREFIX', 'gnome-'), ('LC_ADDRESS', 'en_US.UTF-8'), ('BAMF_DESKTOP_FILE_HINT', '/var/lib/snapd/desktop/applications/code_code.desktop'), ('XDG_RUNTIME_DIR', '/run/user/1000'), ('GDK_BACKEND', 'x11'), ('DISPLAY', ':0'), ('LOCPATH', '/snap/code/157/usr/lib/locale'), ('LANG', 'en_US.UTF-8'), ('XDG_CURRENT_DESKTOP', 'Unity'), ('LC_TELEPHONE', 'en_US.UTF-8'), ('GIO_MODULE_DIR_VSCODE_SNAP_ORIG', ''), ('XMODIFIERS', '@im=fcitx'), ('XDG_SESSION_DESKTOP', 'ubuntu'), ('XAUTHORITY', '/run/user/1000/gdm/Xauthority'), ('LS_COLORS', 'rs=0:di=01;34:ln=01;36:mh=00:pi=40;33:so=01;35:do=01;35:bd=40;33;01:cd=40;33;01:or=40;31;01:mi=00:su=37;41:sg=30;43:ca=30;41:tw=30;42:ow=34;42:st=37;44:ex=01;32:*.tar=01;31:*.tgz=01;31:*.arc=01;31:*.arj=01;31:*.taz=01;31:*.lha=01;31:*.lz4=01;31:*.lzh=01;31:*.lzma=01;31:*.tlz=01;31:*.txz=01;31:*.tzo=01;31:*.t7z=01;31:*.zip=01;31:*.z=01;31:*.dz=01;31:*.gz=01;31:*.lrz=01;31:*.lz=01;31:*.lzo=01;31:*.xz=01;31:*.zst=01;31:*.tzst=01;31:*.bz2=01;31:*.bz=01;31:*.tbz=01;31:*.tbz2=01;31:*.tz=01;31:*.deb=01;31:*.rpm=01;31:*.jar=01;31:*.war=01;31:*.ear=01;31:*.sar=01;31:*.rar=01;31:*.alz=01;31:*.ace=01;31:*.zoo=01;31:*.cpio=01;31:*.7z=01;31:*.rz=01;31:*.cab=01;31:*.wim=01;31:*.swm=01;31:*.dwm=01;31:*.esd=01;31:*.jpg=01;35:*.jpeg=01;35:*.mjpg=01;35:*.mjpeg=01;35:*.gif=01;35:*.bmp=01;35:*.pbm=01;35:*.pgm=01;35:*.ppm=01;35:*.tga=01;35:*.xbm=01;35:*.xpm=01;35:*.tif=01;35:*.tiff=01;35:*.png=01;35:*.svg=01;35:*.svgz=01;35:*.mng=01;35:*.pcx=01;35:*.mov=01;35:*.mpg=01;35:*.mpeg=01;35:*.m2v=01;35:*.mkv=01;35:*.webm=01;35:*.ogm=01;35:*.mp4=01;35:*.m4v=01;35:*.mp4v=01;35:*.vob=01;35:*.qt=01;35:*.nuv=01;35:*.wmv=01;35:*.asf=01;35:*.rm=01;35:*.rmvb=01;35:*.flc=01;35:*.avi=01;35:*.fli=01;35:*.flv=01;35:*.gl=01;35:*.dl=01;35:*.xcf=01;35:*.xwd=01;35:*.yuv=01;35:*.cgm=01;35:*.emf=01;35:*.ogv=01;35:*.ogx=01;35:*.aac=00;36:*.au=00;36:*.flac=00;36:*.m4a=00;36:*.mid=00;36:*.midi=00;36:*.mka=00;36:*.mp3=00;36:*.mpc=00;36:*.ogg=00;36:*.ra=00;36:*.wav=00;36:*.oga=00;36:*.opus=00;36:*.spx=00;36:*.xspf=00;36:'), ('VSCODE_GIT_IPC_HANDLE', '/run/user/1000/vscode-git-9e64f6363a.sock'), ('TERM_PROGRAM', 'vscode'), ('SSH_AUTH_SOCK', '/run/user/1000/keyring/ssh'), ('GSETTINGS_SCHEMA_DIR', '/home/ccl/snap/code/157/.local/share/glib-2.0/schemas'), ('AMENT_PREFIX_PATH', '/opt/ros/galactic'), ('ORIGINAL_XDG_CURRENT_DESKTOP', 'ubuntu:GNOME'), ('SHELL', '/bin/bash'), ('LC_NAME', 'en_US.UTF-8'), ('QT_ACCESSIBILITY', '1'), ('NO_AT_BRIDGE', '1'), ('GDMSESSION', 'ubuntu'), ('LESSCLOSE', '/usr/bin/lesspipe %s %s'), ('GTK_PATH_VSCODE_SNAP_ORIG', ''), ('GTK_IM_MODULE_FILE_VSCODE_SNAP_ORIG', ''), ('LC_MEASUREMENT', 'en_US.UTF-8'), ('GPG_AGENT_INFO', '/run/user/1000/gnupg/S.gpg-agent:0:1'), ('GJS_DEBUG_OUTPUT', 'stderr'), ('LC_IDENTIFICATION', 'en_US.UTF-8'), ('VSCODE_GIT_ASKPASS_EXTRA_ARGS', ''), ('QT_IM_MODULE', 'fcitx'), ('PWD', '/home/ccl/ROS2_UAV/build/uav_urdf_demo'), ('LC_ALL', 'en_US.UTF-8'), ('XDG_CONFIG_DIRS', '/etc/xdg/xdg-ubuntu:/etc/xdg'), ('CLUTTER_IM_MODULE', 'fcitx'), ('NVM_CD_FLAGS', ''), ('XDG_DATA_DIRS', '/home/ccl/snap/code/157/.local/share:/home/ccl/snap/code/157:/snap/code/157/usr/share:/usr/share/ubuntu:/usr/local/share/:/usr/share/:/var/lib/snapd/desktop'), ('PYTHONPATH', '/opt/ros/galactic/lib/python3.8/site-packages'), ('LC_NUMERIC', 'en_US.UTF-8'), ('LC_PAPER', 'en_US.UTF-8'), ('COLCON', '1'), ('CMAKE_PREFIX_PATH', '/opt/ros/galactic')]), 'shell': False}
[0.057204] (uav_urdf_demo) StdoutLine: {'line': b'\x1b[35m\x1b[1mScanning dependencies of target command_publisher\x1b[0m\n'}
[0.058755] (uav_urdf_demo) StdoutLine: {'line': b'\x1b[35m\x1b[1mScanning dependencies of target state_publisher\x1b[0m\n'}
[0.091708] (uav_urdf_demo) StdoutLine: {'line': b'[ 50%] \x1b[32mBuilding CXX object CMakeFiles/command_publisher.dir/src/command_publisher.cpp.o\x1b[0m\n'}
[0.091922] (uav_urdf_demo) StdoutLine: {'line': b'[ 50%] \x1b[32mBuilding CXX object CMakeFiles/state_publisher.dir/src/state_publisher.cpp.o\x1b[0m\n'}
[0.099820] (-) TimerEvent: {}
[0.200238] (-) TimerEvent: {}
[0.300627] (-) TimerEvent: {}
[0.400971] (-) TimerEvent: {}
[0.501426] (-) TimerEvent: {}
[0.601862] (-) TimerEvent: {}
[0.702205] (-) TimerEvent: {}
[0.802568] (-) TimerEvent: {}
[0.902918] (-) TimerEvent: {}
[1.003294] (-) TimerEvent: {}
[1.103647] (-) TimerEvent: {}
[1.204126] (-) TimerEvent: {}
[1.304454] (-) TimerEvent: {}
[1.404860] (-) TimerEvent: {}
[1.505254] (-) TimerEvent: {}
[1.605644] (-) TimerEvent: {}
[1.705978] (-) TimerEvent: {}
[1.806310] (-) TimerEvent: {}
[1.906771] (-) TimerEvent: {}
[2.007154] (-) TimerEvent: {}
[2.107516] (-) TimerEvent: {}
[2.119661] (uav_urdf_demo) StderrLine: {'line': b'/home/ccl/ROS2_UAV/uav_urdf_demo/src/command_publisher.cpp:61:38: error: \xe2\x80\x98Int64\xe2\x80\x99 is not a member of \xe2\x80\x98std_msgs::msg\xe2\x80\x99\n'}
[2.119936] (uav_urdf_demo) StderrLine: {'line': b'   61 |     rclcpp::Publisher<std_msgs::msg::Int64>::SharedPtr publisher;\n'}
[2.120003] (uav_urdf_demo) StderrLine: {'line': b'      |                                      ^~~~~\n'}
[2.120057] (uav_urdf_demo) StderrLine: {'line': b'/home/ccl/ROS2_UAV/uav_urdf_demo/src/command_publisher.cpp:61:43: error: template argument 1 is invalid\n'}
[2.120110] (uav_urdf_demo) StderrLine: {'line': b'   61 |     rclcpp::Publisher<std_msgs::msg::Int64>::SharedPtr publisher;\n'}
[2.120162] (uav_urdf_demo) StderrLine: {'line': b'      |                                           ^\n'}
[2.120213] (uav_urdf_demo) StderrLine: {'line': b'/home/ccl/ROS2_UAV/uav_urdf_demo/src/command_publisher.cpp:61:46: error: expected \xe2\x80\x98;\xe2\x80\x99 at end of member declaration\n'}
[2.120265] (uav_urdf_demo) StderrLine: {'line': b'   61 |     rclcpp::Publisher<std_msgs::msg::Int64>::SharedPtr publisher;\n'}
[2.120318] (uav_urdf_demo) StderrLine: {'line': b'      |                                              ^~~~~~~~~\n'}
[2.120371] (uav_urdf_demo) StderrLine: {'line': b'      |                                                       ;\n'}
[2.120423] (uav_urdf_demo) StderrLine: {'line': b'/home/ccl/ROS2_UAV/uav_urdf_demo/src/command_publisher.cpp:61:56: error: \xe2\x80\x98publisher\xe2\x80\x99 does not name a type\n'}
[2.120475] (uav_urdf_demo) StderrLine: {'line': b'   61 |     rclcpp::Publisher<std_msgs::msg::Int64>::SharedPtr publisher;\n'}
[2.120553] (uav_urdf_demo) StderrLine: {'line': b'      |                                                        ^~~~~~~~~\n'}
[2.120608] (uav_urdf_demo) StderrLine: {'line': b'/home/ccl/ROS2_UAV/uav_urdf_demo/src/command_publisher.cpp:63:2: error: expected \xe2\x80\x98;\xe2\x80\x99 after class definition\n'}
[2.120661] (uav_urdf_demo) StderrLine: {'line': b'   63 | }\n'}
[2.120713] (uav_urdf_demo) StderrLine: {'line': b'      |  ^\n'}
[2.120815] (uav_urdf_demo) StderrLine: {'line': b'      |  ;\n'}
[2.120891] (uav_urdf_demo) StderrLine: {'line': b'/home/ccl/ROS2_UAV/uav_urdf_demo/src/command_publisher.cpp: In constructor \xe2\x80\x98CommandPublisher::CommandPublisher()\xe2\x80\x99:\n'}
[2.120947] (uav_urdf_demo) StderrLine: {'line': b'/home/ccl/ROS2_UAV/uav_urdf_demo/src/command_publisher.cpp:10:9: error: \xe2\x80\x98publisher\xe2\x80\x99 was not declared in this scope\n'}
[2.121002] (uav_urdf_demo) StderrLine: {'line': b'   10 |         publisher = this->create_publisher<std_msgs::msg::Int16>("/cmd_direction", 10);\n'}
[2.121054] (uav_urdf_demo) StderrLine: {'line': b'      |         ^~~~~~~~~\n'}
[2.121149] (uav_urdf_demo) StderrLine: {'line': b'/home/ccl/ROS2_UAV/uav_urdf_demo/src/command_publisher.cpp:33:41: error: expected \xe2\x80\x98;\xe2\x80\x99 before \xe2\x80\x98publisher\xe2\x80\x99\n'}
[2.121272] (uav_urdf_demo) StderrLine: {'line': b'   33 |                             cmd.data = 0\n'}
[2.121377] (uav_urdf_demo) StderrLine: {'line': b'      |                                         ^\n'}
[2.121481] (uav_urdf_demo) StderrLine: {'line': b'      |                                         ;\n'}
[2.121580] (uav_urdf_demo) StderrLine: {'line': b'   34 |                             publisher->publisher(cmd);\n'}
[2.121681] (uav_urdf_demo) StderrLine: {'line': b'      |                             ~~~~~~~~~    \n'}
[2.121840] (uav_urdf_demo) StderrLine: {'line': b'/home/ccl/ROS2_UAV/uav_urdf_demo/src/command_publisher.cpp:38:41: error: expected \xe2\x80\x98;\xe2\x80\x99 before \xe2\x80\x98publisher\xe2\x80\x99\n'}
[2.121945] (uav_urdf_demo) StderrLine: {'line': b'   38 |                             cmd.data = 1\n'}
[2.122045] (uav_urdf_demo) StderrLine: {'line': b'      |                                         ^\n'}
[2.122145] (uav_urdf_demo) StderrLine: {'line': b'      |                                         ;\n'}
[2.122466] (uav_urdf_demo) StderrLine: {'line': b'   39 |                             publisher->publisher(cmd);\n'}
[2.122588] (uav_urdf_demo) StderrLine: {'line': b'      |                             ~~~~~~~~~    \n'}
[2.122644] (uav_urdf_demo) StderrLine: {'line': b'/home/ccl/ROS2_UAV/uav_urdf_demo/src/command_publisher.cpp:43:41: error: expected \xe2\x80\x98;\xe2\x80\x99 before \xe2\x80\x98publisher\xe2\x80\x99\n'}
[2.122698] (uav_urdf_demo) StderrLine: {'line': b'   43 |                             cmd.data = 2\n'}
[2.122752] (uav_urdf_demo) StderrLine: {'line': b'      |                                         ^\n'}
[2.122809] (uav_urdf_demo) StderrLine: {'line': b'      |                                         ;\n'}
[2.122866] (uav_urdf_demo) StderrLine: {'line': b'   44 |                             publisher->publisher(cmd);\n'}
[2.122916] (uav_urdf_demo) StderrLine: {'line': b'      |                             ~~~~~~~~~    \n'}
[2.122970] (uav_urdf_demo) StderrLine: {'line': b'/home/ccl/ROS2_UAV/uav_urdf_demo/src/command_publisher.cpp:48:41: error: expected \xe2\x80\x98;\xe2\x80\x99 before \xe2\x80\x98publisher\xe2\x80\x99\n'}
[2.123023] (uav_urdf_demo) StderrLine: {'line': b'   48 |                             cmd.data = 3\n'}
[2.123075] (uav_urdf_demo) StderrLine: {'line': b'      |                                         ^\n'}
[2.123127] (uav_urdf_demo) StderrLine: {'line': b'      |                                         ;\n'}
[2.123181] (uav_urdf_demo) StderrLine: {'line': b'   49 |                             publisher->publisher(cmd);\n'}
[2.123233] (uav_urdf_demo) StderrLine: {'line': b'      |                             ~~~~~~~~~    \n'}
[2.123287] (uav_urdf_demo) StderrLine: {'line': b'/home/ccl/ROS2_UAV/uav_urdf_demo/src/command_publisher.cpp:22:13: warning: unused variable \xe2\x80\x98i\xe2\x80\x99 [-Wunused-variable]\n'}
[2.123342] (uav_urdf_demo) StderrLine: {'line': b'   22 |         int i = 0;\n'}
[2.123393] (uav_urdf_demo) StderrLine: {'line': b'      |             ^\n'}
[2.123445] (uav_urdf_demo) StderrLine: {'line': b'/home/ccl/ROS2_UAV/uav_urdf_demo/src/command_publisher.cpp: In function \xe2\x80\x98int main(int, char**)\xe2\x80\x99:\n'}
[2.123495] (uav_urdf_demo) StderrLine: {'line': b'/home/ccl/ROS2_UAV/uav_urdf_demo/src/command_publisher.cpp:66:18: error: \xe2\x80\x98agrc\xe2\x80\x99 was not declared in this scope; did you mean \xe2\x80\x98argc\xe2\x80\x99?\n'}
[2.123545] (uav_urdf_demo) StderrLine: {'line': b'   66 |     rclcpp::init(agrc, argv);\n'}
[2.123596] (uav_urdf_demo) StderrLine: {'line': b'      |                  ^~~~\n'}
[2.123646] (uav_urdf_demo) StderrLine: {'line': b'      |                  argc\n'}
[2.123695] (uav_urdf_demo) StderrLine: {'line': b'/home/ccl/ROS2_UAV/uav_urdf_demo/src/command_publisher.cpp:65:14: warning: unused parameter \xe2\x80\x98argc\xe2\x80\x99 [-Wunused-parameter]\n'}
[2.123746] (uav_urdf_demo) StderrLine: {'line': b'   65 | int main(int argc, char* argv[]) {\n'}
[2.123796] (uav_urdf_demo) StderrLine: {'line': b'      |          ~~~~^~~~\n'}
[2.123845] (uav_urdf_demo) StderrLine: {'line': b'make[2]: *** [CMakeFiles/command_publisher.dir/build.make:63: CMakeFiles/command_publisher.dir/src/command_publisher.cpp.o] Error 1\n'}
[2.123898] (uav_urdf_demo) StderrLine: {'line': b'make[1]: *** [CMakeFiles/Makefile2:107: CMakeFiles/command_publisher.dir/all] Error 2\n'}
[2.123947] (uav_urdf_demo) StderrLine: {'line': b'make[1]: *** Waiting for unfinished jobs....\n'}
[2.207697] (-) TimerEvent: {}
[2.308044] (-) TimerEvent: {}
[2.408395] (-) TimerEvent: {}
[2.508728] (-) TimerEvent: {}
[2.609057] (-) TimerEvent: {}
[2.709516] (-) TimerEvent: {}
[2.809950] (-) TimerEvent: {}
[2.910270] (-) TimerEvent: {}
[3.010588] (-) TimerEvent: {}
[3.110976] (-) TimerEvent: {}
[3.211290] (-) TimerEvent: {}
[3.311773] (-) TimerEvent: {}
[3.376993] (uav_urdf_demo) StdoutLine: {'line': b'[ 75%] \x1b[32m\x1b[1mLinking CXX executable state_publisher\x1b[0m\n'}
[3.411894] (-) TimerEvent: {}
[3.512234] (-) TimerEvent: {}
[3.581300] (uav_urdf_demo) StdoutLine: {'line': b'[ 75%] Built target state_publisher\n'}
[3.582198] (uav_urdf_demo) StderrLine: {'line': b'make: *** [Makefile:141: all] Error 2\n'}
[3.584045] (uav_urdf_demo) CommandEnded: {'returncode': 2}
[3.612457] (-) TimerEvent: {}
[3.626337] (uav_urdf_demo) JobEnded: {'identifier': 'uav_urdf_demo', 'rc': 2}
[3.637199] (-) EventReactorShutdown: {}
