[01m[K/home/ccl/ros2_ws/uav_urdf_demo/src/state_publisher.cpp:10:10:[m[K [01;31m[Kfatal error: [m[Ktf2_ros/tansform_broadcaster.h: No such file or directory
   10 | #include [01;31m[K"tf2_ros/tansform_broadcaster.h"[m[K
      |          [01;31m[K^~~~~~~~~~~~~~~~~~~~~~~~~~~~~~~~[m[K
compilation terminated.
make[2]: *** [CMakeFiles/state_publisher.dir/build.make:63: CMakeFiles/state_publisher.dir/src/state_publisher.cpp.o] Error 1
make[1]: *** [CMakeFiles/Makefile2:78: CMakeFiles/state_publisher.dir/all] Error 2
make: *** [Makefile:141: all] Error 2
