[35m[1mScanning dependencies of target tf2_listener[0m
[ 14%] Built target uav_node
[ 28%] Built target lidar_node
[ 42%] Built target camera_tf2_broadcaster
[ 57%] Built target camera_node
[ 71%] Built target uav_tf2_broadcaster
[ 85%] Built target lidar_tf2_broadcaster
[ 92%] [32mBuilding CXX object CMakeFiles/tf2_listener.dir/src/tf2_listener.cpp.o[0m
/home/ccl/ros2_ws/uav_tf2_test/src/tf2_listener.cpp: In constructor â€˜FrameListener::FrameListener()â€™:
/home/ccl/ros2_ws/uav_tf2_test/src/tf2_listener.cpp:22:5: error: â€˜source_frame_1â€™ was not declared in this scope; did you mean â€˜suorce_frame_1â€™?
   22 |     source_frame_1 = this->declare_parameter<std::string>("source_frame1", "camera");
      |     ^~~~~~~~~~~~~~
      |     suorce_frame_1
/home/ccl/ros2_ws/uav_tf2_test/src/tf2_listener.cpp:23:5: error: â€˜source_frame_2â€™ was not declared in this scope; did you mean â€˜suorce_frame_2â€™?
   23 |     source_frame_2 = this->declare_parameter<std::string>("source_frame2", "lidar");
      |     ^~~~~~~~~~~~~~
      |     suorce_frame_2
/home/ccl/ros2_ws/uav_tf2_test/src/tf2_listener.cpp: In member function â€˜void FrameListener::on_timer()â€™:
/home/ccl/ros2_ws/uav_tf2_test/src/tf2_listener.cpp:37:33: error: â€˜source_frame_1â€™ was not declared in this scope; did you mean â€˜suorce_frame_1â€™?
   37 |     std::string fromFrameRel1 = source_frame_1.c_str();
      |                                 ^~~~~~~~~~~~~~
      |                                 suorce_frame_1
/home/ccl/ros2_ws/uav_tf2_test/src/tf2_listener.cpp:38:33: error: â€˜source_frame_2â€™ was not declared in this scope; did you mean â€˜suorce_frame_2â€™?
   38 |     std::string fromFrameRel2 = source_frame_2.c_str();
      |                                 ^~~~~~~~~~~~~~
      |                                 suorce_frame_2
make[2]: *** [CMakeFiles/tf2_listener.dir/build.make:63: CMakeFiles/tf2_listener.dir/src/tf2_listener.cpp.o] Error 1
make[1]: *** [CMakeFiles/Makefile2:279: CMakeFiles/tf2_listener.dir/all] Error 2
make: *** [Makefile:141: all] Error 2
