[0.000000] (-) TimerEvent: {}
[0.000318] (-) JobUnselected: {'identifier': 'learning_tf2_cpp'}
[0.000389] (uav_tf2_test) JobQueued: {'identifier': 'uav_tf2_test', 'dependencies': OrderedDict()}
[0.000441] (uav_tf2_test) JobStarted: {'identifier': 'uav_tf2_test'}
[0.016704] (uav_tf2_test) JobProgress: {'identifier': 'uav_tf2_test', 'progress': 'cmake'}
[0.018251] (uav_tf2_test) JobProgress: {'identifier': 'uav_tf2_test', 'progress': 'build'}
[0.020169] (uav_tf2_test) Command: {'cmd': ['/usr/bin/cmake', '--build', '/home/ccl/ros2_ws/build/uav_tf2_test', '--', '-j8', '-l8'], 'cwd': '/home/ccl/ros2_ws/build/uav_tf2_test', 'env': OrderedDict([('GJS_DEBUG_TOPICS', 'JS ERROR;JS LOG'), ('LESSOPEN', '| /usr/bin/lesspipe %s'), ('USER', 'ccl'), ('LC_TIME', 'en_US.UTF-8'), ('GIO_MODULE_DIR', '/home/ccl/snap/code/common/.cache/gio-modules'), ('SSH_AGENT_PID', '1658'), ('XDG_SESSION_TYPE', 'x11'), ('GIT_ASKPASS', '/snap/code/157/usr/share/code/resources/app/extensions/git/dist/askpass.sh'), ('GTK_EXE_PREFIX_VSCODE_SNAP_ORIG', ''), ('GDK_BACKEND_VSCODE_SNAP_ORIG', ''), ('SHLVL', '1'), ('LD_LIBRARY_PATH', '/opt/ros/galactic/opt/yaml_cpp_vendor/lib:/opt/ros/galactic/opt/rviz_ogre_vendor/lib:/opt/ros/galactic/lib/x86_64-linux-gnu:/opt/ros/galactic/lib'), ('QT4_IM_MODULE', 'fcitx'), ('HOME', '/home/ccl'), ('CHROME_DESKTOP', 'code-url-handler.desktop'), ('LOCPATH_VSCODE_SNAP_ORIG', ''), ('TERM_PROGRAM_VERSION', '1.88.1'), ('DESKTOP_SESSION', 'ubuntu'), ('GTK_PATH', '/snap/code/157/usr/lib/x86_64-linux-gnu/gtk-3.0'), ('NVM_BIN', '/home/ccl/.nvm/versions/node/v20.11.1/bin'), ('NVM_INC', '/home/ccl/.nvm/versions/node/v20.11.1/include/node'), ('GTK_IM_MODULE_FILE', '/home/ccl/snap/code/common/.cache/immodules/immodules.cache'), ('GIO_LAUNCHED_DESKTOP_FILE', '/var/lib/snapd/desktop/applications/code_code.desktop'), ('ROS_PYTHON_VERSION', '3'), ('GNOME_SHELL_SESSION_MODE', 'ubuntu'), ('GTK_MODULES', 'gail:atk-bridge'), ('GSETTINGS_SCHEMA_DIR_VSCODE_SNAP_ORIG', ''), ('VSCODE_GIT_ASKPASS_MAIN', '/snap/code/157/usr/share/code/resources/app/extensions/git/dist/askpass-main.js'), ('LC_MONETARY', 'en_US.UTF-8'), ('VSCODE_GIT_ASKPASS_NODE', '/snap/code/157/usr/share/code/code'), ('MANAGERPID', '1556'), ('DBUS_SESSION_BUS_ADDRESS', 'unix:path=/run/user/1000/bus'), ('COLORTERM', 'truecolor'), ('GIO_LAUNCHED_DESKTOP_FILE_PID', '3274'), ('NVM_DIR', '/home/ccl/.nvm'), ('IM_CONFIG_PHASE', '1'), ('COLCON_PREFIX_PATH', '/home/ccl/ros2_ws/install'), ('ROS_DISTRO', 'galactic'), ('GTK_IM_MODULE', 'fcitx'), ('LOGNAME', 'ccl'), ('JOURNAL_STREAM', '8:56019'), ('_', '/usr/bin/colcon'), ('ROS_VERSION', '2'), ('XDG_CONFIG_DIRS_VSCODE_SNAP_ORIG', '/etc/xdg/xdg-ubuntu:/etc/xdg'), ('XDG_SESSION_CLASS', 'user'), ('XDG_DATA_DIRS_VSCODE_SNAP_ORIG', '/usr/share/ubuntu:/usr/local/share/:/usr/share/:/var/lib/snapd/desktop'), ('USERNAME', 'ccl'), ('TERM', 'xterm-256color'), ('GNOME_DESKTOP_SESSION_ID', 'this-is-deprecated'), ('ROS_LOCALHOST_ONLY', '0'), ('WINDOWPATH', '2'), ('PATH', '/home/ccl/ardupilot/Tools/autotest:/usr/lib/ccache:/opt/gcc-arm-none-eabi-10-2020-q4-major/bin:/home/ccl/.local/bin:/opt/ros/galactic/bin:/home/ccl/.nvm/versions/node/v20.11.1/bin:/home/ccl/ardupilot/Tools/autotest:/usr/lib/ccache:/opt/gcc-arm-none-eabi-10-2020-q4-major/bin:/home/ccl/.local/bin:/usr/local/sbin:/usr/local/bin:/usr/sbin:/usr/bin:/sbin:/bin:/usr/games:/usr/local/games:/snap/bin:/home/ccl/.local/bin:/home/ccl/.local/bin'), ('SESSION_MANAGER', 'local/ubuntu:@/tmp/.ICE-unix/1736,unix/ubuntu:/tmp/.ICE-unix/1736'), ('GTK_EXE_PREFIX', '/snap/code/157/usr'), ('INVOCATION_ID', '63f181d937224077a4efdca028704b07'), ('PAPERSIZE', 'letter'), ('XDG_MENU_PREFIX', 'gnome-'), ('LC_ADDRESS', 'en_US.UTF-8'), ('BAMF_DESKTOP_FILE_HINT', '/var/lib/snapd/desktop/applications/code_code.desktop'), ('XDG_RUNTIME_DIR', '/run/user/1000'), ('GDK_BACKEND', 'x11'), ('DISPLAY', ':0'), ('LOCPATH', '/snap/code/157/usr/lib/locale'), ('LANG', 'en_US.UTF-8'), ('XDG_CURRENT_DESKTOP', 'Unity'), ('LC_TELEPHONE', 'en_US.UTF-8'), ('GIO_MODULE_DIR_VSCODE_SNAP_ORIG', ''), ('XMODIFIERS', '@im=fcitx'), ('XDG_SESSION_DESKTOP', 'ubuntu'), ('XAUTHORITY', '/run/user/1000/gdm/Xauthority'), ('LS_COLORS', 'rs=0:di=01;34:ln=01;36:mh=00:pi=40;33:so=01;35:do=01;35:bd=40;33;01:cd=40;33;01:or=40;31;01:mi=00:su=37;41:sg=30;43:ca=30;41:tw=30;42:ow=34;42:st=37;44:ex=01;32:*.tar=01;31:*.tgz=01;31:*.arc=01;31:*.arj=01;31:*.taz=01;31:*.lha=01;31:*.lz4=01;31:*.lzh=01;31:*.lzma=01;31:*.tlz=01;31:*.txz=01;31:*.tzo=01;31:*.t7z=01;31:*.zip=01;31:*.z=01;31:*.dz=01;31:*.gz=01;31:*.lrz=01;31:*.lz=01;31:*.lzo=01;31:*.xz=01;31:*.zst=01;31:*.tzst=01;31:*.bz2=01;31:*.bz=01;31:*.tbz=01;31:*.tbz2=01;31:*.tz=01;31:*.deb=01;31:*.rpm=01;31:*.jar=01;31:*.war=01;31:*.ear=01;31:*.sar=01;31:*.rar=01;31:*.alz=01;31:*.ace=01;31:*.zoo=01;31:*.cpio=01;31:*.7z=01;31:*.rz=01;31:*.cab=01;31:*.wim=01;31:*.swm=01;31:*.dwm=01;31:*.esd=01;31:*.jpg=01;35:*.jpeg=01;35:*.mjpg=01;35:*.mjpeg=01;35:*.gif=01;35:*.bmp=01;35:*.pbm=01;35:*.pgm=01;35:*.ppm=01;35:*.tga=01;35:*.xbm=01;35:*.xpm=01;35:*.tif=01;35:*.tiff=01;35:*.png=01;35:*.svg=01;35:*.svgz=01;35:*.mng=01;35:*.pcx=01;35:*.mov=01;35:*.mpg=01;35:*.mpeg=01;35:*.m2v=01;35:*.mkv=01;35:*.webm=01;35:*.ogm=01;35:*.mp4=01;35:*.m4v=01;35:*.mp4v=01;35:*.vob=01;35:*.qt=01;35:*.nuv=01;35:*.wmv=01;35:*.asf=01;35:*.rm=01;35:*.rmvb=01;35:*.flc=01;35:*.avi=01;35:*.fli=01;35:*.flv=01;35:*.gl=01;35:*.dl=01;35:*.xcf=01;35:*.xwd=01;35:*.yuv=01;35:*.cgm=01;35:*.emf=01;35:*.ogv=01;35:*.ogx=01;35:*.aac=00;36:*.au=00;36:*.flac=00;36:*.m4a=00;36:*.mid=00;36:*.midi=00;36:*.mka=00;36:*.mp3=00;36:*.mpc=00;36:*.ogg=00;36:*.ra=00;36:*.wav=00;36:*.oga=00;36:*.opus=00;36:*.spx=00;36:*.xspf=00;36:'), ('VSCODE_GIT_IPC_HANDLE', '/run/user/1000/vscode-git-22131dd205.sock'), ('TERM_PROGRAM', 'vscode'), ('SSH_AUTH_SOCK', '/run/user/1000/keyring/ssh'), ('GSETTINGS_SCHEMA_DIR', '/home/ccl/snap/code/157/.local/share/glib-2.0/schemas'), ('AMENT_PREFIX_PATH', '/home/ccl/ros2_ws/install/uav_tf2_test:/opt/ros/galactic'), ('ORIGINAL_XDG_CURRENT_DESKTOP', 'ubuntu:GNOME'), ('SHELL', '/bin/bash'), ('LC_NAME', 'en_US.UTF-8'), ('QT_ACCESSIBILITY', '1'), ('GDMSESSION', 'ubuntu'), ('LESSCLOSE', '/usr/bin/lesspipe %s %s'), ('GTK_PATH_VSCODE_SNAP_ORIG', ''), ('GTK_IM_MODULE_FILE_VSCODE_SNAP_ORIG', ''), ('LC_MEASUREMENT', 'en_US.UTF-8'), ('GPG_AGENT_INFO', '/run/user/1000/gnupg/S.gpg-agent:0:1'), ('GJS_DEBUG_OUTPUT', 'stderr'), ('LC_IDENTIFICATION', 'en_US.UTF-8'), ('VSCODE_GIT_ASKPASS_EXTRA_ARGS', ''), ('QT_IM_MODULE', 'fcitx'), ('PWD', '/home/ccl/ros2_ws/build/uav_tf2_test'), ('LC_ALL', 'en_US.UTF-8'), ('XDG_CONFIG_DIRS', '/etc/xdg/xdg-ubuntu:/etc/xdg'), ('CLUTTER_IM_MODULE', 'fcitx'), ('NVM_CD_FLAGS', ''), ('XDG_DATA_DIRS', '/home/ccl/snap/code/157/.local/share:/home/ccl/snap/code/157:/snap/code/157/usr/share:/usr/share/ubuntu:/usr/local/share/:/usr/share/:/var/lib/snapd/desktop'), ('PYTHONPATH', '/opt/ros/galactic/lib/python3.8/site-packages'), ('LC_NUMERIC', 'en_US.UTF-8'), ('LC_PAPER', 'en_US.UTF-8'), ('COLCON', '1'), ('CMAKE_PREFIX_PATH', '/home/ccl/ros2_ws/install/uav_tf2_test:/opt/ros/galactic')]), 'shell': False}
[0.099317] (-) TimerEvent: {}
[0.122207] (uav_tf2_test) StdoutLine: {'line': b'\x1b[35m\x1b[1mScanning dependencies of target tf2_listener\x1b[0m\n'}
[0.151636] (uav_tf2_test) StdoutLine: {'line': b'[ 14%] Built target lidar_node\n'}
[0.158762] (uav_tf2_test) StdoutLine: {'line': b'[ 28%] Built target camera_node\n'}
[0.171317] (uav_tf2_test) StdoutLine: {'line': b'[ 42%] Built target uav_tf2_broadcaster\n'}
[0.173665] (uav_tf2_test) StdoutLine: {'line': b'[ 64%] Built target camera_tf2_broadcaster\n'}
[0.174004] (uav_tf2_test) StdoutLine: {'line': b'[ 71%] Built target uav_node\n'}
[0.190957] (uav_tf2_test) StdoutLine: {'line': b'[ 85%] Built target lidar_tf2_broadcaster\n'}
[0.199371] (-) TimerEvent: {}
[0.212261] (uav_tf2_test) StdoutLine: {'line': b'[ 92%] \x1b[32mBuilding CXX object CMakeFiles/tf2_listener.dir/src/tf2_listener.cpp.o\x1b[0m\n'}
[0.299697] (-) TimerEvent: {}
[0.400228] (-) TimerEvent: {}
[0.500647] (-) TimerEvent: {}
[0.601159] (-) TimerEvent: {}
[0.701720] (-) TimerEvent: {}
[0.802260] (-) TimerEvent: {}
[0.904361] (-) TimerEvent: {}
[1.004920] (-) TimerEvent: {}
[1.105450] (-) TimerEvent: {}
[1.205920] (-) TimerEvent: {}
[1.306538] (-) TimerEvent: {}
[1.407088] (-) TimerEvent: {}
[1.507656] (-) TimerEvent: {}
[1.608295] (-) TimerEvent: {}
[1.708821] (-) TimerEvent: {}
[1.809276] (-) TimerEvent: {}
[1.909906] (-) TimerEvent: {}
[2.010478] (-) TimerEvent: {}
[2.111010] (-) TimerEvent: {}
[2.211543] (-) TimerEvent: {}
[2.312102] (-) TimerEvent: {}
[2.412615] (-) TimerEvent: {}
[2.513029] (-) TimerEvent: {}
[2.613470] (-) TimerEvent: {}
[2.713935] (-) TimerEvent: {}
[2.814401] (-) TimerEvent: {}
[2.859675] (uav_tf2_test) StderrLine: {'line': b'/home/ccl/ros2_ws/uav_tf2_test/src/tf2_listener.cpp:50:31: warning: missing terminating " character\n'}
[2.860035] (uav_tf2_test) StderrLine: {'line': b'   50 |           this->get_logger(), "Transform %s to %s successfully,\n'}
[2.860175] (uav_tf2_test) StderrLine: {'line': b'      |                               ^\n'}
[2.860280] (uav_tf2_test) StderrLine: {'line': b'/home/ccl/ros2_ws/uav_tf2_test/src/tf2_listener.cpp:51:71: warning: missing terminating " character\n'}
[2.860393] (uav_tf2_test) StderrLine: {'line': b'   51 |               result: p_x %f p_y %f p_z %f r_x %f r_y %f r_z %f r_w %f",\n'}
[2.860574] (uav_tf2_test) StderrLine: {'line': b'      |                                                                       ^\n'}
[2.860823] (uav_tf2_test) StderrLine: {'line': b'In file included from /opt/ros/galactic/include/rclcpp/client.hpp:40,\n'}
[2.860927] (uav_tf2_test) StderrLine: {'line': b'                 from /opt/ros/galactic/include/rclcpp/callback_group.hpp:23,\n'}
[2.861029] (uav_tf2_test) StderrLine: {'line': b'                 from /opt/ros/galactic/include/rclcpp/any_executable.hpp:20,\n'}
[2.861135] (uav_tf2_test) StderrLine: {'line': b'                 from /opt/ros/galactic/include/rclcpp/memory_strategy.hpp:25,\n'}
[2.861234] (uav_tf2_test) StderrLine: {'line': b'                 from /opt/ros/galactic/include/rclcpp/memory_strategies.hpp:18,\n'}
[2.861334] (uav_tf2_test) StderrLine: {'line': b'                 from /opt/ros/galactic/include/rclcpp/executor_options.hpp:20,\n'}
[2.861433] (uav_tf2_test) StderrLine: {'line': b'                 from /opt/ros/galactic/include/rclcpp/executor.hpp:36,\n'}
[2.861614] (uav_tf2_test) StderrLine: {'line': b'                 from /opt/ros/galactic/include/rclcpp/executors/multi_threaded_executor.hpp:26,\n'}
[2.861720] (uav_tf2_test) StderrLine: {'line': b'                 from /opt/ros/galactic/include/rclcpp/executors.hpp:21,\n'}
[2.861823] (uav_tf2_test) StderrLine: {'line': b'                 from /opt/ros/galactic/include/rclcpp/rclcpp.hpp:156,\n'}
[2.861926] (uav_tf2_test) StderrLine: {'line': b'                 from /home/ccl/ros2_ws/uav_tf2_test/src/tf2_listener.cpp:8:\n'}
[2.862032] (uav_tf2_test) StderrLine: {'line': b'/home/ccl/ros2_ws/uav_tf2_test/src/tf2_listener.cpp:50:31: error: missing terminating " character\n'}
[2.862131] (uav_tf2_test) StderrLine: {'line': b'   50 |           this->get_logger(), "Transform %s to %s successfully,\n'}
[2.862229] (uav_tf2_test) StderrLine: {'line': b'      |                               ^~~~~~~~~~~~~~~~~~~~~~~~~~~~~~~~~ \n'}
[2.862330] (uav_tf2_test) StderrLine: {'line': b'/home/ccl/ros2_ws/uav_tf2_test/src/tf2_listener.cpp:51:71: error: missing terminating " character\n'}
[2.862577] (uav_tf2_test) StderrLine: {'line': b'   51 |               result: p_x %f p_y %f p_z %f r_x %f r_y %f r_z %f r_w %f",\n'}
[2.862682] (uav_tf2_test) StderrLine: {'line': b'      |                                                                       ^~\n'}
[2.862785] (uav_tf2_test) StderrLine: {'line': b'/home/ccl/ros2_ws/uav_tf2_test/src/tf2_listener.cpp:68:31: warning: missing terminating " character\n'}
[2.862887] (uav_tf2_test) StderrLine: {'line': b'   68 |           this->get_logger(), "Transform %s to %s successfully,\n'}
[2.862987] (uav_tf2_test) StderrLine: {'line': b'      |                               ^\n'}
[2.863087] (uav_tf2_test) StderrLine: {'line': b'/home/ccl/ros2_ws/uav_tf2_test/src/tf2_listener.cpp:69:71: warning: missing terminating " character\n'}
[2.863191] (uav_tf2_test) StderrLine: {'line': b'   69 |               result: p_x %f p_y %f p_z %f r_x %f r_y %f r_z %f r_w %f",\n'}
[2.863297] (uav_tf2_test) StderrLine: {'line': b'      |                                                                       ^\n'}
[2.864841] (uav_tf2_test) StderrLine: {'line': b'In file included from /opt/ros/galactic/include/rclcpp/client.hpp:40,\n'}
[2.865276] (uav_tf2_test) StderrLine: {'line': b'                 from /opt/ros/galactic/include/rclcpp/callback_group.hpp:23,\n'}
[2.865499] (uav_tf2_test) StderrLine: {'line': b'                 from /opt/ros/galactic/include/rclcpp/any_executable.hpp:20,\n'}
[2.865949] (uav_tf2_test) StderrLine: {'line': b'                 from /opt/ros/galactic/include/rclcpp/memory_strategy.hpp:25,\n'}
[2.866172] (uav_tf2_test) StderrLine: {'line': b'                 from /opt/ros/galactic/include/rclcpp/memory_strategies.hpp:18,\n'}
[2.866894] (uav_tf2_test) StderrLine: {'line': b'                 from /opt/ros/galactic/include/rclcpp/executor_options.hpp:20,\n'}
[2.867141] (uav_tf2_test) StderrLine: {'line': b'                 from /opt/ros/galactic/include/rclcpp/executor.hpp:36,\n'}
[2.867366] (uav_tf2_test) StderrLine: {'line': b'                 from /opt/ros/galactic/include/rclcpp/executors/multi_threaded_executor.hpp:26,\n'}
[2.867571] (uav_tf2_test) StderrLine: {'line': b'                 from /opt/ros/galactic/include/rclcpp/executors.hpp:21,\n'}
[2.870864] (uav_tf2_test) StderrLine: {'line': b'                 from /opt/ros/galactic/include/rclcpp/rclcpp.hpp:156,\n'}
[2.871393] (uav_tf2_test) StderrLine: {'line': b'                 from /home/ccl/ros2_ws/uav_tf2_test/src/tf2_listener.cpp:8:\n'}
[2.874483] (uav_tf2_test) StderrLine: {'line': b'/home/ccl/ros2_ws/uav_tf2_test/src/tf2_listener.cpp:68:31: error: missing terminating " character\n'}
[2.874621] (uav_tf2_test) StderrLine: {'line': b'   68 |           this->get_logger(), "Transform %s to %s successfully,\n'}
[2.874723] (uav_tf2_test) StderrLine: {'line': b'      |                               ^~~~~~~~~~~~~~~~~~~~~~~~~~~~~~~~~ \n'}
[2.874822] (uav_tf2_test) StderrLine: {'line': b'/home/ccl/ros2_ws/uav_tf2_test/src/tf2_listener.cpp:69:71: error: missing terminating " character\n'}
[2.874934] (uav_tf2_test) StderrLine: {'line': b'   69 |               result: p_x %f p_y %f p_z %f r_x %f r_y %f r_z %f r_w %f",\n'}
[2.875033] (uav_tf2_test) StderrLine: {'line': b'      |                                                                       ^~\n'}
[2.875133] (uav_tf2_test) StderrLine: {'line': b'/home/ccl/ros2_ws/uav_tf2_test/src/tf2_listener.cpp: In constructor \xe2\x80\x98FrameListener::FrameListener()\xe2\x80\x99:\n'}
[2.875248] (uav_tf2_test) StderrLine: {'line': b'/home/ccl/ros2_ws/uav_tf2_test/src/tf2_listener.cpp:22:5: error: \xe2\x80\x98source_frame_1\xe2\x80\x99 was not declared in this scope\n'}
[2.875353] (uav_tf2_test) StderrLine: {'line': b'   22 |     source_frame_1 = this->declare_parameter<std::string>("source_frame", "camera");\n'}
[2.875453] (uav_tf2_test) StderrLine: {'line': b'      |     ^~~~~~~~~~~~~~\n'}
[2.875552] (uav_tf2_test) StderrLine: {'line': b'/home/ccl/ros2_ws/uav_tf2_test/src/tf2_listener.cpp:23:5: error: \xe2\x80\x98source_frame_2\xe2\x80\x99 was not declared in this scope\n'}
[2.875653] (uav_tf2_test) StderrLine: {'line': b'   23 |     source_frame_2 = this->declare_parameter<std::string>("source_frame", "lidar");\n'}
[2.875752] (uav_tf2_test) StderrLine: {'line': b'      |     ^~~~~~~~~~~~~~\n'}
[2.875851] (uav_tf2_test) StderrLine: {'line': b'/home/ccl/ros2_ws/uav_tf2_test/src/tf2_listener.cpp: In member function \xe2\x80\x98void FrameListener::on_timer()\xe2\x80\x99:\n'}
[2.875949] (uav_tf2_test) StderrLine: {'line': b'/home/ccl/ros2_ws/uav_tf2_test/src/tf2_listener.cpp:37:33: error: \xe2\x80\x98source_frame_1\xe2\x80\x99 was not declared in this scope\n'}
[2.876048] (uav_tf2_test) StderrLine: {'line': b'   37 |     std::string fromFrameRel1 = source_frame_1.c_str();\n'}
[2.876154] (uav_tf2_test) StderrLine: {'line': b'      |                                 ^~~~~~~~~~~~~~\n'}
[2.876257] (uav_tf2_test) StderrLine: {'line': b'/home/ccl/ros2_ws/uav_tf2_test/src/tf2_listener.cpp:38:33: error: \xe2\x80\x98source_frame_2\xe2\x80\x99 was not declared in this scope\n'}
[2.876356] (uav_tf2_test) StderrLine: {'line': b'   38 |     std::string fromFrameRel2 = source_frame_2.c_str();\n'}
[2.876455] (uav_tf2_test) StderrLine: {'line': b'      |                                 ^~~~~~~~~~~~~~\n'}
[2.876555] (uav_tf2_test) StderrLine: {'line': b'/home/ccl/ros2_ws/uav_tf2_test/src/tf2_listener.cpp:46:9: error: \xe2\x80\x98t1\xe2\x80\x99 was not declared in this scope; did you mean \xe2\x80\x98tm\xe2\x80\x99?\n'}
[2.876665] (uav_tf2_test) StderrLine: {'line': b'   46 |         t1 = tf_buffer_->lookupTransform(\n'}
[2.876763] (uav_tf2_test) StderrLine: {'line': b'      |         ^~\n'}
[2.876868] (uav_tf2_test) StderrLine: {'line': b'      |         tm\n'}
[2.876977] (uav_tf2_test) StderrLine: {'line': b'In file included from /opt/ros/galactic/include/rclcpp/client.hpp:40,\n'}
[2.877077] (uav_tf2_test) StderrLine: {'line': b'                 from /opt/ros/galactic/include/rclcpp/callback_group.hpp:23,\n'}
[2.877177] (uav_tf2_test) StderrLine: {'line': b'                 from /opt/ros/galactic/include/rclcpp/any_executable.hpp:20,\n'}
[2.877276] (uav_tf2_test) StderrLine: {'line': b'                 from /opt/ros/galactic/include/rclcpp/memory_strategy.hpp:25,\n'}
[2.877375] (uav_tf2_test) StderrLine: {'line': b'                 from /opt/ros/galactic/include/rclcpp/memory_strategies.hpp:18,\n'}
[2.877484] (uav_tf2_test) StderrLine: {'line': b'                 from /opt/ros/galactic/include/rclcpp/executor_options.hpp:20,\n'}
[2.877609] (uav_tf2_test) StderrLine: {'line': b'                 from /opt/ros/galactic/include/rclcpp/executor.hpp:36,\n'}
[2.877776] (uav_tf2_test) StderrLine: {'line': b'                 from /opt/ros/galactic/include/rclcpp/executors/multi_threaded_executor.hpp:26,\n'}
[2.877881] (uav_tf2_test) StderrLine: {'line': b'                 from /opt/ros/galactic/include/rclcpp/executors.hpp:21,\n'}
[2.877984] (uav_tf2_test) StderrLine: {'line': b'                 from /opt/ros/galactic/include/rclcpp/rclcpp.hpp:156,\n'}
[2.878091] (uav_tf2_test) StderrLine: {'line': b'                 from /home/ccl/ros2_ws/uav_tf2_test/src/tf2_listener.cpp:8:\n'}
[2.878200] (uav_tf2_test) StderrLine: {'line': b'/home/ccl/ros2_ws/uav_tf2_test/src/tf2_listener.cpp:51:21: error: found \xe2\x80\x98:\xe2\x80\x99 in nested-name-specifier, expected \xe2\x80\x98::\xe2\x80\x99\n'}
[2.878322] (uav_tf2_test) StderrLine: {'line': b'   51 |               result: p_x %f p_y %f p_z %f r_x %f r_y %f r_z %f r_w %f",\n'}
[2.878433] (uav_tf2_test) StderrLine: {'line': b'      |                     ^\n'}
[2.878533] (uav_tf2_test) StderrLine: {'line': b'/home/ccl/ros2_ws/uav_tf2_test/src/tf2_listener.cpp:51:15: error: \xe2\x80\x98result\xe2\x80\x99 has not been declared\n'}
[2.878634] (uav_tf2_test) StderrLine: {'line': b'   51 |               result: p_x %f p_y %f p_z %f r_x %f r_y %f r_z %f r_w %f",\n'}
[2.878733] (uav_tf2_test) StderrLine: {'line': b'      |               ^~~~~~\n'}
[2.878834] (uav_tf2_test) StderrLine: {'line': b'/home/ccl/ros2_ws/uav_tf2_test/src/tf2_listener.cpp:51:28: error: \xe2\x80\x98f\xe2\x80\x99 was not declared in this scope\n'}
[2.878945] (uav_tf2_test) StderrLine: {'line': b'   51 |               result: p_x %f p_y %f p_z %f r_x %f r_y %f r_z %f r_w %f",\n'}
[2.879046] (uav_tf2_test) StderrLine: {'line': b'      |                            ^\n'}
[2.879146] (uav_tf2_test) StderrLine: {'line': b'/home/ccl/ros2_ws/uav_tf2_test/src/tf2_listener.cpp:56:5: error: expected \xe2\x80\x98;\xe2\x80\x99 before \xe2\x80\x98}\xe2\x80\x99 token\n'}
[2.879245] (uav_tf2_test) StderrLine: {'line': b'   56 |     } catch (const tf2::TransformException & ex) {\n'}
[2.879345] (uav_tf2_test) StderrLine: {'line': b'      |     ^\n'}
[2.879445] (uav_tf2_test) StderrLine: {'line': b'In file included from /opt/ros/galactic/include/rclcpp/client.hpp:40,\n'}
[2.879549] (uav_tf2_test) StderrLine: {'line': b'                 from /opt/ros/galactic/include/rclcpp/callback_group.hpp:23,\n'}
[2.879659] (uav_tf2_test) StderrLine: {'line': b'                 from /opt/ros/galactic/include/rclcpp/any_executable.hpp:20,\n'}
[2.879760] (uav_tf2_test) StderrLine: {'line': b'                 from /opt/ros/galactic/include/rclcpp/memory_strategy.hpp:25,\n'}
[2.879861] (uav_tf2_test) StderrLine: {'line': b'                 from /opt/ros/galactic/include/rclcpp/memory_strategies.hpp:18,\n'}
[2.879960] (uav_tf2_test) StderrLine: {'line': b'                 from /opt/ros/galactic/include/rclcpp/executor_options.hpp:20,\n'}
[2.880065] (uav_tf2_test) StderrLine: {'line': b'                 from /opt/ros/galactic/include/rclcpp/executor.hpp:36,\n'}
[2.880163] (uav_tf2_test) StderrLine: {'line': b'                 from /opt/ros/galactic/include/rclcpp/executors/multi_threaded_executor.hpp:26,\n'}
[2.880276] (uav_tf2_test) StderrLine: {'line': b'                 from /opt/ros/galactic/include/rclcpp/executors.hpp:21,\n'}
[2.880380] (uav_tf2_test) StderrLine: {'line': b'                 from /opt/ros/galactic/include/rclcpp/rclcpp.hpp:156,\n'}
[2.880482] (uav_tf2_test) StderrLine: {'line': b'                 from /home/ccl/ros2_ws/uav_tf2_test/src/tf2_listener.cpp:8:\n'}
[2.880586] (uav_tf2_test) StderrLine: {'line': b'/home/ccl/ros2_ws/uav_tf2_test/src/tf2_listener.cpp:59:13: error: \xe2\x80\x98fromFrameRel\xe2\x80\x99 was not declared in this scope; did you mean \xe2\x80\x98fromFrameRel2\xe2\x80\x99?\n'}
[2.880701] (uav_tf2_test) StderrLine: {'line': b'   59 |             fromFrameRel.c_str(), toFrameRel1.c_str(), ex.what());\n'}
[2.880808] (uav_tf2_test) StderrLine: {'line': b'      |             ^~~~~~~~~~~~\n'}
[2.880917] (uav_tf2_test) StderrLine: {'line': b'/home/ccl/ros2_ws/uav_tf2_test/src/tf2_listener.cpp:59:35: error: \xe2\x80\x98toFrameRel1\xe2\x80\x99 was not declared in this scope; did you mean \xe2\x80\x98toFrameRel\xe2\x80\x99?\n'}
[2.881025] (uav_tf2_test) StderrLine: {'line': b'   59 |             fromFrameRel.c_str(), toFrameRel1.c_str(), ex.what());\n'}
[2.881126] (uav_tf2_test) StderrLine: {'line': b'      |                                   ^~~~~~~~~~~\n'}
[2.881313] (uav_tf2_test) StderrLine: {'line': b'/home/ccl/ros2_ws/uav_tf2_test/src/tf2_listener.cpp:64:9: error: \xe2\x80\x98t2\xe2\x80\x99 was not declared in this scope; did you mean \xe2\x80\x98tf2\xe2\x80\x99?\n'}
[2.881422] (uav_tf2_test) StderrLine: {'line': b'   64 |         t2 = tf_buffer_->lookupTransform(\n'}
[2.881738] (uav_tf2_test) StderrLine: {'line': b'      |         ^~\n'}
[2.881869] (uav_tf2_test) StderrLine: {'line': b'      |         tf2\n'}
[2.881979] (uav_tf2_test) StderrLine: {'line': b'In file included from /opt/ros/galactic/include/rclcpp/client.hpp:40,\n'}
[2.882091] (uav_tf2_test) StderrLine: {'line': b'                 from /opt/ros/galactic/include/rclcpp/callback_group.hpp:23,\n'}
[2.882196] (uav_tf2_test) StderrLine: {'line': b'                 from /opt/ros/galactic/include/rclcpp/any_executable.hpp:20,\n'}
[2.882300] (uav_tf2_test) StderrLine: {'line': b'                 from /opt/ros/galactic/include/rclcpp/memory_strategy.hpp:25,\n'}
[2.882406] (uav_tf2_test) StderrLine: {'line': b'                 from /opt/ros/galactic/include/rclcpp/memory_strategies.hpp:18,\n'}
[2.882509] (uav_tf2_test) StderrLine: {'line': b'                 from /opt/ros/galactic/include/rclcpp/executor_options.hpp:20,\n'}
[2.882636] (uav_tf2_test) StderrLine: {'line': b'                 from /opt/ros/galactic/include/rclcpp/executor.hpp:36,\n'}
[2.882740] (uav_tf2_test) StderrLine: {'line': b'                 from /opt/ros/galactic/include/rclcpp/executors/multi_threaded_executor.hpp:26,\n'}
[2.882844] (uav_tf2_test) StderrLine: {'line': b'                 from /opt/ros/galactic/include/rclcpp/executors.hpp:21,\n'}
[2.882943] (uav_tf2_test) StderrLine: {'line': b'                 from /opt/ros/galactic/include/rclcpp/rclcpp.hpp:156,\n'}
[2.883055] (uav_tf2_test) StderrLine: {'line': b'                 from /home/ccl/ros2_ws/uav_tf2_test/src/tf2_listener.cpp:8:\n'}
[2.883167] (uav_tf2_test) StderrLine: {'line': b'/home/ccl/ros2_ws/uav_tf2_test/src/tf2_listener.cpp:69:21: error: found \xe2\x80\x98:\xe2\x80\x99 in nested-name-specifier, expected \xe2\x80\x98::\xe2\x80\x99\n'}
[2.883270] (uav_tf2_test) StderrLine: {'line': b'   69 |               result: p_x %f p_y %f p_z %f r_x %f r_y %f r_z %f r_w %f",\n'}
[2.883375] (uav_tf2_test) StderrLine: {'line': b'      |                     ^\n'}
[2.883479] (uav_tf2_test) StderrLine: {'line': b'/home/ccl/ros2_ws/uav_tf2_test/src/tf2_listener.cpp:69:15: error: \xe2\x80\x98result\xe2\x80\x99 has not been declared\n'}
[2.883585] (uav_tf2_test) StderrLine: {'line': b'   69 |               result: p_x %f p_y %f p_z %f r_x %f r_y %f r_z %f r_w %f",\n'}
[2.883689] (uav_tf2_test) StderrLine: {'line': b'      |               ^~~~~~\n'}
[2.883794] (uav_tf2_test) StderrLine: {'line': b'/home/ccl/ros2_ws/uav_tf2_test/src/tf2_listener.cpp:69:28: error: \xe2\x80\x98f\xe2\x80\x99 was not declared in this scope\n'}
[2.883900] (uav_tf2_test) StderrLine: {'line': b'   69 |               result: p_x %f p_y %f p_z %f r_x %f r_y %f r_z %f r_w %f",\n'}
[2.884007] (uav_tf2_test) StderrLine: {'line': b'      |                            ^\n'}
[2.884115] (uav_tf2_test) StderrLine: {'line': b'/home/ccl/ros2_ws/uav_tf2_test/src/tf2_listener.cpp:74:5: error: expected \xe2\x80\x98;\xe2\x80\x99 before \xe2\x80\x98}\xe2\x80\x99 token\n'}
[2.884226] (uav_tf2_test) StderrLine: {'line': b'   74 |     } catch (const tf2::TransformException & ex) {\n'}
[2.884333] (uav_tf2_test) StderrLine: {'line': b'      |     ^\n'}
[2.884447] (uav_tf2_test) StderrLine: {'line': b'make[2]: *** [CMakeFiles/tf2_listener.dir/build.make:63: CMakeFiles/tf2_listener.dir/src/tf2_listener.cpp.o] Error 1\n'}
[2.884561] (uav_tf2_test) StderrLine: {'line': b'make[1]: *** [CMakeFiles/Makefile2:279: CMakeFiles/tf2_listener.dir/all] Error 2\n'}
[2.884666] (uav_tf2_test) StderrLine: {'line': b'make: *** [Makefile:141: all] Error 2\n'}
[2.884791] (uav_tf2_test) CommandEnded: {'returncode': 2}
[2.914647] (-) TimerEvent: {}
[2.983678] (uav_tf2_test) JobEnded: {'identifier': 'uav_tf2_test', 'rc': 2}
[2.995682] (-) EventReactorShutdown: {}
