[0.011s] Invoking command in '/home/ccl/ros2_ws/build/uav_urdf_demo': CMAKE_PREFIX_PATH=/opt/ros/galactic /usr/bin/cmake --build /home/ccl/ros2_ws/build/uav_urdf_demo -- -j8 -l8
[0.055s] [35m[1mScanning dependencies of target state_publisher[0m
[0.085s] [ 50%] [32mBuilding CXX object CMakeFiles/state_publisher.dir/src/state_publisher.cpp.o[0m
[2.124s] /home/ccl/ros2_ws/uav_urdf_demo/src/state_publisher.cpp:66:2: error: expected â€˜;â€™ after class definition
[2.124s]    66 | }
[2.124s]       |  ^
[2.124s]       |  ;
[2.124s] /home/ccl/ros2_ws/uav_urdf_demo/src/state_publisher.cpp: In constructor â€˜StatePublisher::StatePublisher()â€™:
[2.124s] /home/ccl/ros2_ws/uav_urdf_demo/src/state_publisher.cpp:53:41: error: unable to find numeric literal operator â€˜operator""msâ€™
[2.125s]    53 |         timer = this->create_wall_timer(30ms, timer_callback);
[2.125s]       |                                         ^~~~
[2.125s] make[2]: *** [CMakeFiles/state_publisher.dir/build.make:63: CMakeFiles/state_publisher.dir/src/state_publisher.cpp.o] Error 1
[2.125s] make[1]: *** [CMakeFiles/Makefile2:78: CMakeFiles/state_publisher.dir/all] Error 2
[2.125s] make: *** [Makefile:141: all] Error 2
[2.127s] Invoked command in '/home/ccl/ros2_ws/build/uav_urdf_demo' returned '2': CMAKE_PREFIX_PATH=/opt/ros/galactic /usr/bin/cmake --build /home/ccl/ros2_ws/build/uav_urdf_demo -- -j8 -l8
