[0.036s] Invoking command in '/home/ccl/ros2_ws/build/uav_tf2_test': CMAKE_PREFIX_PATH=${CMAKE_PREFIX_PATH}:/opt/ros/galactic /usr/bin/cmake --build /home/ccl/ros2_ws/build/uav_tf2_test -- -j8 -l8
[0.120s] [35m[1mScanning dependencies of target uav_tf2_broadcaster[0m
[0.125s] [35m[1mScanning dependencies of target lidar_tf2_broadcaster[0m
[0.146s] [35m[1mScanning dependencies of target camera_tf2_broadcaster[0m
[0.152s] [ 14%] Built target uav_node
[0.158s] [ 28%] Built target lidar_node
[0.169s] [ 42%] Built target camera_node
[0.188s] [ 50%] [32mBuilding CXX object CMakeFiles/tf2_listener.dir/src/tf2_listener.cpp.o[0m
[0.235s] [ 57%] [32mBuilding CXX object CMakeFiles/uav_tf2_broadcaster.dir/src/uav_tf2_broadcaster.cpp.o[0m
[0.235s] [ 64%] [32mBuilding CXX object CMakeFiles/lidar_tf2_broadcaster.dir/src/lidar_tf2_broadcaster.cpp.o[0m
[0.266s] [ 71%] [32mBuilding CXX object CMakeFiles/camera_tf2_broadcaster.dir/src/camera_tf2_broadcaster.cpp.o[0m
[3.287s] /home/ccl/ros2_ws/uav_tf2_test/src/tf2_listener.cpp:56:29: warning: missing terminating " character
[3.287s]    56 |         this->get_logger(), "Transform %s to %s successfully,
[3.287s]       |                             ^
[3.287s] /home/ccl/ros2_ws/uav_tf2_test/src/tf2_listener.cpp:57:69: warning: missing terminating " character
[3.287s]    57 |             result: p_x %f p_y %f p_z %f r_x %f r_y %f r_z %f r_w %f",
[3.288s]       |                                                                     ^
[3.288s] In file included from /opt/ros/galactic/include/rclcpp/client.hpp:40,
[3.288s]                  from /opt/ros/galactic/include/rclcpp/callback_group.hpp:23,
[3.288s]                  from /opt/ros/galactic/include/rclcpp/any_executable.hpp:20,
[3.288s]                  from /opt/ros/galactic/include/rclcpp/memory_strategy.hpp:25,
[3.288s]                  from /opt/ros/galactic/include/rclcpp/memory_strategies.hpp:18,
[3.288s]                  from /opt/ros/galactic/include/rclcpp/executor_options.hpp:20,
[3.288s]                  from /opt/ros/galactic/include/rclcpp/executor.hpp:36,
[3.288s]                  from /opt/ros/galactic/include/rclcpp/executors/multi_threaded_executor.hpp:26,
[3.289s]                  from /opt/ros/galactic/include/rclcpp/executors.hpp:21,
[3.289s]                  from /opt/ros/galactic/include/rclcpp/rclcpp.hpp:156,
[3.289s]                  from /home/ccl/ros2_ws/uav_tf2_test/src/tf2_listener.cpp:8:
[3.289s] /home/ccl/ros2_ws/uav_tf2_test/src/tf2_listener.cpp:56:29: error: missing terminating " character
[3.289s]    56 |         this->get_logger(), "Transform %s to %s successfully,
[3.289s]       |                             ^~~~~~~~~~~~~~~~~~~~~~~~~~~~~~~~~ 
[3.289s] /home/ccl/ros2_ws/uav_tf2_test/src/tf2_listener.cpp:57:69: error: missing terminating " character
[3.289s]    57 |             result: p_x %f p_y %f p_z %f r_x %f r_y %f r_z %f r_w %f",
[3.289s]       |                                                                     ^~
[3.290s] /home/ccl/ros2_ws/uav_tf2_test/src/tf2_listener.cpp:74:29: warning: missing terminating " character
[3.290s]    74 |         this->get_logger(), "Transform %s to %s successfully,
[3.290s]       |                             ^
[3.290s] /home/ccl/ros2_ws/uav_tf2_test/src/tf2_listener.cpp:75:69: warning: missing terminating " character
[3.290s]    75 |             result: p_x %f p_y %f p_z %f r_x %f r_y %f r_z %f r_w %f",
[3.290s]       |                                                                     ^
[3.290s] In file included from /opt/ros/galactic/include/rclcpp/client.hpp:40,
[3.290s]                  from /opt/ros/galactic/include/rclcpp/callback_group.hpp:23,
[3.290s]                  from /opt/ros/galactic/include/rclcpp/any_executable.hpp:20,
[3.291s]                  from /opt/ros/galactic/include/rclcpp/memory_strategy.hpp:25,
[3.291s]                  from /opt/ros/galactic/include/rclcpp/memory_strategies.hpp:18,
[3.291s]                  from /opt/ros/galactic/include/rclcpp/executor_options.hpp:20,
[3.291s]                  from /opt/ros/galactic/include/rclcpp/executor.hpp:36,
[3.291s]                  from /opt/ros/galactic/include/rclcpp/executors/multi_threaded_executor.hpp:26,
[3.291s]                  from /opt/ros/galactic/include/rclcpp/executors.hpp:21,
[3.291s]                  from /opt/ros/galactic/include/rclcpp/rclcpp.hpp:156,
[3.291s]                  from /home/ccl/ros2_ws/uav_tf2_test/src/tf2_listener.cpp:8:
[3.291s] /home/ccl/ros2_ws/uav_tf2_test/src/tf2_listener.cpp:74:29: error: missing terminating " character
[3.292s]    74 |         this->get_logger(), "Transform %s to %s successfully,
[3.292s]       |                             ^~~~~~~~~~~~~~~~~~~~~~~~~~~~~~~~~ 
[3.292s] /home/ccl/ros2_ws/uav_tf2_test/src/tf2_listener.cpp:75:69: error: missing terminating " character
[3.292s]    75 |             result: p_x %f p_y %f p_z %f r_x %f r_y %f r_z %f r_w %f",
[3.292s]       |                                                                     ^~
[3.292s] /home/ccl/ros2_ws/uav_tf2_test/src/tf2_listener.cpp: In constructor â€˜FrameListener::FrameListener()â€™:
[3.292s] /home/ccl/ros2_ws/uav_tf2_test/src/tf2_listener.cpp:22:5: error: â€˜source_frame_1â€™ was not declared in this scope
[3.292s]    22 |     source_frame_1 = this->declare_parameter<std::string>("source_frame", "camera");
[3.292s]       |     ^~~~~~~~~~~~~~
[3.293s] /home/ccl/ros2_ws/uav_tf2_test/src/tf2_listener.cpp:23:5: error: â€˜source_frame_2â€™ was not declared in this scope
[3.293s]    23 |     source_frame_2 = this->declare_parameter<std::string>("source_frame", "lidar");
[3.293s]       |     ^~~~~~~~~~~~~~
[3.293s] /home/ccl/ros2_ws/uav_tf2_test/src/tf2_listener.cpp: In member function â€˜void FrameListener::on_timer()â€™:
[3.293s] /home/ccl/ros2_ws/uav_tf2_test/src/tf2_listener.cpp:37:33: error: â€˜source_frame_1â€™ was not declared in this scope
[3.293s]    37 |     std::string fromFrameRel1 = source_frame_1.c_str();
[3.293s]       |                                 ^~~~~~~~~~~~~~
[3.293s] /home/ccl/ros2_ws/uav_tf2_test/src/tf2_listener.cpp:38:33: error: â€˜source_frame_2â€™ was not declared in this scope
[3.293s]    38 |     std::string fromFrameRel2 = source_frame_2.c_str();
[3.294s]       |                                 ^~~~~~~~~~~~~~
[3.294s] /home/ccl/ros2_ws/uav_tf2_test/src/tf2_listener.cpp:46:9: error: â€˜t1â€™ was not declared in this scope; did you mean â€˜tmâ€™?
[3.294s]    46 |         t1 = tf_buffer_->lookupTransform(
[3.294s]       |         ^~
[3.294s]       |         tm
[3.294s] In file included from /opt/ros/galactic/include/rclcpp/client.hpp:40,
[3.294s]                  from /opt/ros/galactic/include/rclcpp/callback_group.hpp:23,
[3.294s]                  from /opt/ros/galactic/include/rclcpp/any_executable.hpp:20,
[3.294s]                  from /opt/ros/galactic/include/rclcpp/memory_strategy.hpp:25,
[3.295s]                  from /opt/ros/galactic/include/rclcpp/memory_strategies.hpp:18,
[3.295s]                  from /opt/ros/galactic/include/rclcpp/executor_options.hpp:20,
[3.295s]                  from /opt/ros/galactic/include/rclcpp/executor.hpp:36,
[3.295s]                  from /opt/ros/galactic/include/rclcpp/executors/multi_threaded_executor.hpp:26,
[3.295s]                  from /opt/ros/galactic/include/rclcpp/executors.hpp:21,
[3.295s]                  from /opt/ros/galactic/include/rclcpp/rclcpp.hpp:156,
[3.295s]                  from /home/ccl/ros2_ws/uav_tf2_test/src/tf2_listener.cpp:8:
[3.295s] /home/ccl/ros2_ws/uav_tf2_test/src/tf2_listener.cpp:51:13: error: â€˜fromFrameRelâ€™ was not declared in this scope; did you mean â€˜fromFrameRel2â€™?
[3.295s]    51 |             fromFrameRel.c_str(), toFrameRel1.c_str(), ex.what());
[3.296s]       |             ^~~~~~~~~~~~
[3.296s] /home/ccl/ros2_ws/uav_tf2_test/src/tf2_listener.cpp:51:35: error: â€˜toFrameRel1â€™ was not declared in this scope; did you mean â€˜toFrameRelâ€™?
[3.296s]    51 |             fromFrameRel.c_str(), toFrameRel1.c_str(), ex.what());
[3.296s]       |                                   ^~~~~~~~~~~
[3.296s] /home/ccl/ros2_ws/uav_tf2_test/src/tf2_listener.cpp:57:19: error: found â€˜:â€™ in nested-name-specifier, expected â€˜::â€™
[3.296s]    57 |             result: p_x %f p_y %f p_z %f r_x %f r_y %f r_z %f r_w %f",
[3.296s]       |                   ^
[3.296s] /home/ccl/ros2_ws/uav_tf2_test/src/tf2_listener.cpp:57:13: error: â€˜resultâ€™ has not been declared
[3.297s]    57 |             result: p_x %f p_y %f p_z %f r_x %f r_y %f r_z %f r_w %f",
[3.297s]       |             ^~~~~~
[3.297s] /home/ccl/ros2_ws/uav_tf2_test/src/tf2_listener.cpp:57:26: error: â€˜fâ€™ was not declared in this scope
[3.297s]    57 |             result: p_x %f p_y %f p_z %f r_x %f r_y %f r_z %f r_w %f",
[3.297s]       |                          ^
[3.297s] /home/ccl/ros2_ws/uav_tf2_test/src/tf2_listener.cpp:58:52: error: â€˜t1â€™ was not declared in this scope; did you mean â€˜tmâ€™?
[3.297s]    58 |         fromFrameRel1.c_str(), toFrameRel.c_str(), t1.translation.x,
[3.297s]       |                                                    ^~
[3.297s] /home/ccl/ros2_ws/uav_tf2_test/src/tf2_listener.cpp:63:5: error: expected â€˜;â€™ before â€˜tryâ€™
[3.297s]    63 |     try {
[3.298s]       |     ^~~
[3.298s] /home/ccl/ros2_ws/uav_tf2_test/src/tf2_listener.cpp:64:9: error: â€˜t2â€™ was not declared in this scope; did you mean â€˜tf2â€™?
[3.298s]    64 |         t2 = tf_buffer_->lookupTransform(
[3.298s]       |         ^~
[3.298s]       |         tf2
[3.298s] In file included from /opt/ros/galactic/include/rclcpp/client.hpp:40,
[3.298s]                  from /opt/ros/galactic/include/rclcpp/callback_group.hpp:23,
[3.298s]                  from /opt/ros/galactic/include/rclcpp/any_executable.hpp:20,
[3.298s]                  from /opt/ros/galactic/include/rclcpp/memory_strategy.hpp:25,
[3.299s]                  from /opt/ros/galactic/include/rclcpp/memory_strategies.hpp:18,
[3.299s]                  from /opt/ros/galactic/include/rclcpp/executor_options.hpp:20,
[3.299s]                  from /opt/ros/galactic/include/rclcpp/executor.hpp:36,
[3.299s]                  from /opt/ros/galactic/include/rclcpp/executors/multi_threaded_executor.hpp:26,
[3.299s]                  from /opt/ros/galactic/include/rclcpp/executors.hpp:21,
[3.299s]                  from /opt/ros/galactic/include/rclcpp/rclcpp.hpp:156,
[3.299s]                  from /home/ccl/ros2_ws/uav_tf2_test/src/tf2_listener.cpp:8:
[3.299s] /home/ccl/ros2_ws/uav_tf2_test/src/tf2_listener.cpp:75:19: error: found â€˜:â€™ in nested-name-specifier, expected â€˜::â€™
[3.299s]    75 |             result: p_x %f p_y %f p_z %f r_x %f r_y %f r_z %f r_w %f",
[3.300s]       |                   ^
[3.300s] /home/ccl/ros2_ws/uav_tf2_test/src/tf2_listener.cpp:75:13: error: â€˜resultâ€™ has not been declared
[3.300s]    75 |             result: p_x %f p_y %f p_z %f r_x %f r_y %f r_z %f r_w %f",
[3.300s]       |             ^~~~~~
[3.300s] /home/ccl/ros2_ws/uav_tf2_test/src/tf2_listener.cpp:75:26: error: â€˜fâ€™ was not declared in this scope
[3.300s]    75 |             result: p_x %f p_y %f p_z %f r_x %f r_y %f r_z %f r_w %f",
[3.300s]       |                          ^
[3.300s] /home/ccl/ros2_ws/uav_tf2_test/src/tf2_listener.cpp:76:52: error: â€˜t2â€™ was not declared in this scope; did you mean â€˜tf2â€™?
[3.300s]    76 |         fromFrameRel2.c_str(), toFrameRel.c_str(), t2.translation.x,
[3.301s]       |                                                    ^~
[3.301s] /home/ccl/ros2_ws/uav_tf2_test/src/tf2_listener.cpp:81:3: error: expected â€˜;â€™ before â€˜}â€™ token
[3.301s]    81 |   }
[3.301s]       |   ^
[3.301s] make[2]: *** [CMakeFiles/tf2_listener.dir/build.make:63: CMakeFiles/tf2_listener.dir/src/tf2_listener.cpp.o] Error 1
[3.301s] make[1]: *** [CMakeFiles/Makefile2:279: CMakeFiles/tf2_listener.dir/all] Error 2
[3.301s] make[1]: *** Waiting for unfinished jobs....
[7.417s] [ 78%] [32m[1mLinking CXX executable lidar_tf2_broadcaster[0m
[7.427s] [ 85%] [32m[1mLinking CXX executable uav_tf2_broadcaster[0m
[7.471s] [ 92%] [32m[1mLinking CXX executable camera_tf2_broadcaster[0m
[8.218s] [ 92%] Built target uav_tf2_broadcaster
[8.219s] [ 92%] Built target lidar_tf2_broadcaster
[8.233s] [ 92%] Built target camera_tf2_broadcaster
[8.234s] make: *** [Makefile:141: all] Error 2
[8.245s] Invoked command in '/home/ccl/ros2_ws/build/uav_tf2_test' returned '2': CMAKE_PREFIX_PATH=${CMAKE_PREFIX_PATH}:/opt/ros/galactic /usr/bin/cmake --build /home/ccl/ros2_ws/build/uav_tf2_test -- -j8 -l8
