-- Found ament_cmake: 1.1.6 (/opt/ros/galactic/share/ament_cmake/cmake)
-- Using PYTHON_EXECUTABLE: /usr/bin/python3
-- Found geometry_msgs: 2.2.4 (/opt/ros/galactic/share/geometry_msgs/cmake)
-- Using all available rosidl_typesupport_c: rosidl_typesupport_fastrtps_c;rosidl_typesupport_introspection_c
-- Found rosidl_adapter: 2.2.3 (/opt/ros/galactic/share/rosidl_adapter/cmake)
-- Using all available rosidl_typesupport_cpp: rosidl_typesupport_fastrtps_cpp;rosidl_typesupport_introspection_cpp
-- Found rclcpp: 9.2.2 (/opt/ros/galactic/share/rclcpp/cmake)
-- Found rmw_implementation_cmake: 3.3.1 (/opt/ros/galactic/share/rmw_implementation_cmake/cmake)
-- Found rmw_cyclonedds_cpp: 0.22.6 (/opt/ros/galactic/share/rmw_cyclonedds_cpp/cmake)
-- Using RMW implementation 'rmw_cyclonedds_cpp' as default
-- Found tf2: 0.17.5 (/opt/ros/galactic/share/tf2/cmake)
-- Found tf2_ros: 0.17.5 (/opt/ros/galactic/share/tf2_ros/cmake)
-- Found ament_lint_auto: 0.10.7 (/opt/ros/galactic/share/ament_lint_auto/cmake)
-- Added test 'copyright' to check source files copyright and LICENSE
-- Added test 'cppcheck' to perform static code analysis on C / C++ code
-- Configured cppcheck include dirs: 
-- Configured cppcheck exclude dirs and/or files: 
-- Added test 'cpplint' to check C / C++ code against the Google style
-- Configured cpplint exclude dirs and/or files: 
-- Added test 'lint_cmake' to check CMake code style
-- Added test 'uncrustify' to check C / C++ code style
-- Configured uncrustify additional arguments: 
-- Added test 'xmllint' to check XML markup files
-- Configuring done
-- Generating done
-- Build files have been written to: /home/ccl/ros2_ws/build/uav_tf2_test
[35m[1mScanning dependencies of target lidar_node[0m
[35m[1mScanning dependencies of target uav_node[0m
[35m[1mScanning dependencies of target tf2_listener[0m
[35m[1mScanning dependencies of target camera_tf2_broadcaster[0m
[35m[1mScanning dependencies of target camera_node[0m
[35m[1mScanning dependencies of target lidar_tf2_broadcaster[0m
[35m[1mScanning dependencies of target uav_tf2_broadcaster[0m
[  7%] [32mBuilding CXX object CMakeFiles/camera_node.dir/src/camera_node.cpp.o[0m
[ 14%] [32mBuilding CXX object CMakeFiles/uav_node.dir/src/uav_node.cpp.o[0m
[ 21%] [32mBuilding CXX object CMakeFiles/uav_tf2_broadcaster.dir/src/uav_tf2_broadcaster.cpp.o[0m
[ 28%] [32mBuilding CXX object CMakeFiles/lidar_node.dir/src/lidar_node.cpp.o[0m
[ 35%] [32mBuilding CXX object CMakeFiles/lidar_tf2_broadcaster.dir/src/lidar_tf2_broadcaster.cpp.o[0m
[ 42%] [32mBuilding CXX object CMakeFiles/tf2_listener.dir/src/tf2_listener.cpp.o[0m
[ 50%] [32m[1mLinking CXX executable camera_node[0m
[ 57%] [32mBuilding CXX object CMakeFiles/camera_tf2_broadcaster.dir/src/camera_tf2_broadcaster.cpp.o[0m
[ 57%] Built target camera_node
/home/ccl/ros2_ws/uav_tf2_test/src/tf2_listener.cpp:56:29: warning: missing terminating " character
   56 |         this->get_logger(), "Transform %s to %s successfully,
      |                             ^
/home/ccl/ros2_ws/uav_tf2_test/src/tf2_listener.cpp:57:69: warning: missing terminating " character
   57 |             result: p_x %f p_y %f p_z %f r_x %f r_y %f r_z %f r_w %f",
      |                                                                     ^
In file included from /opt/ros/galactic/include/rclcpp/client.hpp:40,
                 from /opt/ros/galactic/include/rclcpp/callback_group.hpp:23,
                 from /opt/ros/galactic/include/rclcpp/any_executable.hpp:20,
                 from /opt/ros/galactic/include/rclcpp/memory_strategy.hpp:25,
                 from /opt/ros/galactic/include/rclcpp/memory_strategies.hpp:18,
                 from /opt/ros/galactic/include/rclcpp/executor_options.hpp:20,
                 from /opt/ros/galactic/include/rclcpp/executor.hpp:36,
                 from /opt/ros/galactic/include/rclcpp/executors/multi_threaded_executor.hpp:26,
                 from /opt/ros/galactic/include/rclcpp/executors.hpp:21,
                 from /opt/ros/galactic/include/rclcpp/rclcpp.hpp:156,
                 from /home/ccl/ros2_ws/uav_tf2_test/src/tf2_listener.cpp:8:
/home/ccl/ros2_ws/uav_tf2_test/src/tf2_listener.cpp:56:29: error: missing terminating " character
   56 |         this->get_logger(), "Transform %s to %s successfully,
      |                             ^~~~~~~~~~~~~~~~~~~~~~~~~~~~~~~~~ 
/home/ccl/ros2_ws/uav_tf2_test/src/tf2_listener.cpp:57:69: error: missing terminating " character
   57 |             result: p_x %f p_y %f p_z %f r_x %f r_y %f r_z %f r_w %f",
      |                                                                     ^~
/home/ccl/ros2_ws/uav_tf2_test/src/tf2_listener.cpp:74:29: warning: missing terminating " character
   74 |         this->get_logger(), "Transform %s to %s successfully,
      |                             ^
/home/ccl/ros2_ws/uav_tf2_test/src/tf2_listener.cpp:75:69: warning: missing terminating " character
   75 |             result: p_x %f p_y %f p_z %f r_x %f r_y %f r_z %f r_w %f",
      |                                                                     ^
In file included from /opt/ros/galactic/include/rclcpp/client.hpp:40,
                 from /opt/ros/galactic/include/rclcpp/callback_group.hpp:23,
                 from /opt/ros/galactic/include/rclcpp/any_executable.hpp:20,
                 from /opt/ros/galactic/include/rclcpp/memory_strategy.hpp:25,
                 from /opt/ros/galactic/include/rclcpp/memory_strategies.hpp:18,
                 from /opt/ros/galactic/include/rclcpp/executor_options.hpp:20,
                 from /opt/ros/galactic/include/rclcpp/executor.hpp:36,
                 from /opt/ros/galactic/include/rclcpp/executors/multi_threaded_executor.hpp:26,
                 from /opt/ros/galactic/include/rclcpp/executors.hpp:21,
                 from /opt/ros/galactic/include/rclcpp/rclcpp.hpp:156,
                 from /home/ccl/ros2_ws/uav_tf2_test/src/tf2_listener.cpp:8:
/home/ccl/ros2_ws/uav_tf2_test/src/tf2_listener.cpp:74:29: error: missing terminating " character
   74 |         this->get_logger(), "Transform %s to %s successfully,
      |                             ^~~~~~~~~~~~~~~~~~~~~~~~~~~~~~~~~ 
/home/ccl/ros2_ws/uav_tf2_test/src/tf2_listener.cpp:75:69: error: missing terminating " character
   75 |             result: p_x %f p_y %f p_z %f r_x %f r_y %f r_z %f r_w %f",
      |                                                                     ^~
/home/ccl/ros2_ws/uav_tf2_test/src/tf2_listener.cpp: In constructor â€˜FrameListener::FrameListener()â€™:
/home/ccl/ros2_ws/uav_tf2_test/src/tf2_listener.cpp:22:5: error: â€˜source_frame_1â€™ was not declared in this scope
   22 |     source_frame_1 = this->declare_parameter<std::string>("source_frame", "camera");
      |     ^~~~~~~~~~~~~~
/home/ccl/ros2_ws/uav_tf2_test/src/tf2_listener.cpp:23:5: error: â€˜source_frame_2â€™ was not declared in this scope
   23 |     source_frame_2 = this->declare_parameter<std::string>("source_frame", "lidar");
      |     ^~~~~~~~~~~~~~
/home/ccl/ros2_ws/uav_tf2_test/src/tf2_listener.cpp: In member function â€˜void FrameListener::on_timer()â€™:
/home/ccl/ros2_ws/uav_tf2_test/src/tf2_listener.cpp:37:33: error: â€˜source_frame_1â€™ was not declared in this scope
   37 |     std::string fromFrameRel1 = source_frame_1.c_str();
      |                                 ^~~~~~~~~~~~~~
/home/ccl/ros2_ws/uav_tf2_test/src/tf2_listener.cpp:38:33: error: â€˜source_frame_2â€™ was not declared in this scope
   38 |     std::string fromFrameRel2 = source_frame_2.c_str();
      |                                 ^~~~~~~~~~~~~~
/home/ccl/ros2_ws/uav_tf2_test/src/tf2_listener.cpp:46:9: error: â€˜t1â€™ was not declared in this scope; did you mean â€˜tmâ€™?
   46 |         t1 = tf_buffer_->lookupTransform(
      |         ^~
      |         tm
In file included from /opt/ros/galactic/include/rclcpp/client.hpp:40,
                 from /opt/ros/galactic/include/rclcpp/callback_group.hpp:23,
                 from /opt/ros/galactic/include/rclcpp/any_executable.hpp:20,
                 from /opt/ros/galactic/include/rclcpp/memory_strategy.hpp:25,
                 from /opt/ros/galactic/include/rclcpp/memory_strategies.hpp:18,
                 from /opt/ros/galactic/include/rclcpp/executor_options.hpp:20,
                 from /opt/ros/galactic/include/rclcpp/executor.hpp:36,
                 from /opt/ros/galactic/include/rclcpp/executors/multi_threaded_executor.hpp:26,
                 from /opt/ros/galactic/include/rclcpp/executors.hpp:21,
                 from /opt/ros/galactic/include/rclcpp/rclcpp.hpp:156,
                 from /home/ccl/ros2_ws/uav_tf2_test/src/tf2_listener.cpp:8:
/home/ccl/ros2_ws/uav_tf2_test/src/tf2_listener.cpp:51:13: error: â€˜fromFrameRelâ€™ was not declared in this scope; did you mean â€˜fromFrameRel2â€™?
   51 |             fromFrameRel.c_str(), toFrameRel1.c_str(), ex.what());
      |             ^~~~~~~~~~~~
/home/ccl/ros2_ws/uav_tf2_test/src/tf2_listener.cpp:51:35: error: â€˜toFrameRel1â€™ was not declared in this scope; did you mean â€˜toFrameRelâ€™?
   51 |             fromFrameRel.c_str(), toFrameRel1.c_str(), ex.what());
      |                                   ^~~~~~~~~~~
/home/ccl/ros2_ws/uav_tf2_test/src/tf2_listener.cpp:57:19: error: found â€˜:â€™ in nested-name-specifier, expected â€˜::â€™
   57 |             result: p_x %f p_y %f p_z %f r_x %f r_y %f r_z %f r_w %f",
      |                   ^
/home/ccl/ros2_ws/uav_tf2_test/src/tf2_listener.cpp:57:13: error: â€˜resultâ€™ has not been declared
   57 |             result: p_x %f p_y %f p_z %f r_x %f r_y %f r_z %f r_w %f",
      |             ^~~~~~
/home/ccl/ros2_ws/uav_tf2_test/src/tf2_listener.cpp:57:26: error: â€˜fâ€™ was not declared in this scope
   57 |             result: p_x %f p_y %f p_z %f r_x %f r_y %f r_z %f r_w %f",
      |                          ^
/home/ccl/ros2_ws/uav_tf2_test/src/tf2_listener.cpp:58:52: error: â€˜t1â€™ was not declared in this scope; did you mean â€˜tmâ€™?
   58 |         fromFrameRel1.c_str(), toFrameRel.c_str(), t1.translation.x,
      |                                                    ^~
/home/ccl/ros2_ws/uav_tf2_test/src/tf2_listener.cpp:63:5: error: expected â€˜;â€™ before â€˜tryâ€™
   63 |     try {
      |     ^~~
/home/ccl/ros2_ws/uav_tf2_test/src/tf2_listener.cpp:64:9: error: â€˜t2â€™ was not declared in this scope; did you mean â€˜tf2â€™?
   64 |         t2 = tf_buffer_->lookupTransform(
      |         ^~
      |         tf2
In file included from /opt/ros/galactic/include/rclcpp/client.hpp:40,
                 from /opt/ros/galactic/include/rclcpp/callback_group.hpp:23,
                 from /opt/ros/galactic/include/rclcpp/any_executable.hpp:20,
                 from /opt/ros/galactic/include/rclcpp/memory_strategy.hpp:25,
                 from /opt/ros/galactic/include/rclcpp/memory_strategies.hpp:18,
                 from /opt/ros/galactic/include/rclcpp/executor_options.hpp:20,
                 from /opt/ros/galactic/include/rclcpp/executor.hpp:36,
                 from /opt/ros/galactic/include/rclcpp/executors/multi_threaded_executor.hpp:26,
                 from /opt/ros/galactic/include/rclcpp/executors.hpp:21,
                 from /opt/ros/galactic/include/rclcpp/rclcpp.hpp:156,
                 from /home/ccl/ros2_ws/uav_tf2_test/src/tf2_listener.cpp:8:
/home/ccl/ros2_ws/uav_tf2_test/src/tf2_listener.cpp:75:19: error: found â€˜:â€™ in nested-name-specifier, expected â€˜::â€™
   75 |             result: p_x %f p_y %f p_z %f r_x %f r_y %f r_z %f r_w %f",
      |                   ^
/home/ccl/ros2_ws/uav_tf2_test/src/tf2_listener.cpp:75:13: error: â€˜resultâ€™ has not been declared
   75 |             result: p_x %f p_y %f p_z %f r_x %f r_y %f r_z %f r_w %f",
      |             ^~~~~~
/home/ccl/ros2_ws/uav_tf2_test/src/tf2_listener.cpp:75:26: error: â€˜fâ€™ was not declared in this scope
   75 |             result: p_x %f p_y %f p_z %f r_x %f r_y %f r_z %f r_w %f",
      |                          ^
/home/ccl/ros2_ws/uav_tf2_test/src/tf2_listener.cpp:76:52: error: â€˜t2â€™ was not declared in this scope; did you mean â€˜tf2â€™?
   76 |         fromFrameRel2.c_str(), toFrameRel.c_str(), t2.translation.x,
      |                                                    ^~
/home/ccl/ros2_ws/uav_tf2_test/src/tf2_listener.cpp:81:3: error: expected â€˜;â€™ before â€˜}â€™ token
   81 |   }
      |   ^
make[2]: *** [CMakeFiles/tf2_listener.dir/build.make:63: CMakeFiles/tf2_listener.dir/src/tf2_listener.cpp.o] Error 1
make[1]: *** [CMakeFiles/Makefile2:279: CMakeFiles/tf2_listener.dir/all] Error 2
make[1]: *** Waiting for unfinished jobs....
[ 64%] [32m[1mLinking CXX executable lidar_node[0m
[ 71%] [32m[1mLinking CXX executable uav_node[0m
/home/ccl/ros2_ws/uav_tf2_test/src/uav_tf2_broadcaster.cpp: In member function â€˜void FramePublisher::handle_uav_pose(std::shared_ptr<geometry_msgs::msg::Pose_<std::allocator<void> > >)â€™:
/home/ccl/ros2_ws/uav_tf2_test/src/uav_tf2_broadcaster.cpp:41:38: error: â€˜using element_type = struct geometry_msgs::msg::Pose_<std::allocator<void> >â€™ {aka â€˜struct geometry_msgs::msg::Pose_<std::allocator<void> >â€™} has no member named â€˜posotionâ€™; did you mean â€˜positionâ€™?
   41 |     t.transform.translation.x = msg->posotion->x;
      |                                      ^~~~~~~~
      |                                      position
/home/ccl/ros2_ws/uav_tf2_test/src/uav_tf2_broadcaster.cpp:42:38: error: â€˜using element_type = struct geometry_msgs::msg::Pose_<std::allocator<void> >â€™ {aka â€˜struct geometry_msgs::msg::Pose_<std::allocator<void> >â€™} has no member named â€˜posotionâ€™; did you mean â€˜positionâ€™?
   42 |     t.transform.translation.y = msg->posotion->y;
      |                                      ^~~~~~~~
      |                                      position
/home/ccl/ros2_ws/uav_tf2_test/src/uav_tf2_broadcaster.cpp:43:38: error: â€˜using element_type = struct geometry_msgs::msg::Pose_<std::allocator<void> >â€™ {aka â€˜struct geometry_msgs::msg::Pose_<std::allocator<void> >â€™} has no member named â€˜posotionâ€™; did you mean â€˜positionâ€™?
   43 |     t.transform.translation.z = msg->posotion->z;
      |                                      ^~~~~~~~
      |                                      position
/home/ccl/ros2_ws/uav_tf2_test/src/uav_tf2_broadcaster.cpp:45:46: error: base operand of â€˜->â€™ has non-pointer type â€˜geometry_msgs::msg::Pose_<std::allocator<void> >::_orientation_typeâ€™ {aka â€˜geometry_msgs::msg::Quaternion_<std::allocator<void> >â€™}
   45 |     t.transform.rotation.x = msg->orientation->x;
      |                                              ^~
/home/ccl/ros2_ws/uav_tf2_test/src/uav_tf2_broadcaster.cpp:46:46: error: base operand of â€˜->â€™ has non-pointer type â€˜geometry_msgs::msg::Pose_<std::allocator<void> >::_orientation_typeâ€™ {aka â€˜geometry_msgs::msg::Quaternion_<std::allocator<void> >â€™}
   46 |     t.transform.rotation.y = msg->orientation->y;
      |                                              ^~
/home/ccl/ros2_ws/uav_tf2_test/src/uav_tf2_broadcaster.cpp:47:46: error: base operand of â€˜->â€™ has non-pointer type â€˜geometry_msgs::msg::Pose_<std::allocator<void> >::_orientation_typeâ€™ {aka â€˜geometry_msgs::msg::Quaternion_<std::allocator<void> >â€™}
   47 |     t.transform.rotation.z = msg->orientation->z;
      |                                              ^~
/home/ccl/ros2_ws/uav_tf2_test/src/uav_tf2_broadcaster.cpp:48:46: error: base operand of â€˜->â€™ has non-pointer type â€˜geometry_msgs::msg::Pose_<std::allocator<void> >::_orientation_typeâ€™ {aka â€˜geometry_msgs::msg::Quaternion_<std::allocator<void> >â€™}
   48 |     t.transform.rotation.w = msg->orientation->w;
      |                                              ^~
make[2]: *** [CMakeFiles/uav_tf2_broadcaster.dir/build.make:63: CMakeFiles/uav_tf2_broadcaster.dir/src/uav_tf2_broadcaster.cpp.o] Error 1
make[1]: *** [CMakeFiles/Makefile2:225: CMakeFiles/uav_tf2_broadcaster.dir/all] Error 2
/home/ccl/ros2_ws/uav_tf2_test/src/lidar_tf2_broadcaster.cpp: In member function â€˜void FramePublisher::handle_lidar_pose(std::shared_ptr<geometry_msgs::msg::Pose_<std::allocator<void> > >)â€™:
/home/ccl/ros2_ws/uav_tf2_test/src/lidar_tf2_broadcaster.cpp:41:38: error: â€˜using element_type = struct geometry_msgs::msg::Pose_<std::allocator<void> >â€™ {aka â€˜struct geometry_msgs::msg::Pose_<std::allocator<void> >â€™} has no member named â€˜posotionâ€™; did you mean â€˜positionâ€™?
   41 |     t.transform.translation.x = msg->posotion->x;
      |                                      ^~~~~~~~
      |                                      position
/home/ccl/ros2_ws/uav_tf2_test/src/lidar_tf2_broadcaster.cpp:42:38: error: â€˜using element_type = struct geometry_msgs::msg::Pose_<std::allocator<void> >â€™ {aka â€˜struct geometry_msgs::msg::Pose_<std::allocator<void> >â€™} has no member named â€˜posotionâ€™; did you mean â€˜positionâ€™?
   42 |     t.transform.translation.y = msg->posotion->y;
      |                                      ^~~~~~~~
      |                                      position
/home/ccl/ros2_ws/uav_tf2_test/src/lidar_tf2_broadcaster.cpp:43:38: error: â€˜using element_type = struct geometry_msgs::msg::Pose_<std::allocator<void> >â€™ {aka â€˜struct geometry_msgs::msg::Pose_<std::allocator<void> >â€™} has no member named â€˜posotionâ€™; did you mean â€˜positionâ€™?
   43 |     t.transform.translation.z = msg->posotion->z;
      |                                      ^~~~~~~~
      |                                      position
/home/ccl/ros2_ws/uav_tf2_test/src/lidar_tf2_broadcaster.cpp:45:46: error: base operand of â€˜->â€™ has non-pointer type â€˜geometry_msgs::msg::Pose_<std::allocator<void> >::_orientation_typeâ€™ {aka â€˜geometry_msgs::msg::Quaternion_<std::allocator<void> >â€™}
   45 |     t.transform.rotation.x = msg->orientation->x;
      |                                              ^~
/home/ccl/ros2_ws/uav_tf2_test/src/lidar_tf2_broadcaster.cpp:46:46: error: base operand of â€˜->â€™ has non-pointer type â€˜geometry_msgs::msg::Pose_<std::allocator<void> >::_orientation_typeâ€™ {aka â€˜geometry_msgs::msg::Quaternion_<std::allocator<void> >â€™}
   46 |     t.transform.rotation.y = msg->orientation->y;
      |                                              ^~
/home/ccl/ros2_ws/uav_tf2_test/src/lidar_tf2_broadcaster.cpp:47:46: error: base operand of â€˜->â€™ has non-pointer type â€˜geometry_msgs::msg::Pose_<std::allocator<void> >::_orientation_typeâ€™ {aka â€˜geometry_msgs::msg::Quaternion_<std::allocator<void> >â€™}
   47 |     t.transform.rotation.z = msg->orientation->z;
      |                                              ^~
/home/ccl/ros2_ws/uav_tf2_test/src/lidar_tf2_broadcaster.cpp:48:46: error: base operand of â€˜->â€™ has non-pointer type â€˜geometry_msgs::msg::Pose_<std::allocator<void> >::_orientation_typeâ€™ {aka â€˜geometry_msgs::msg::Quaternion_<std::allocator<void> >â€™}
   48 |     t.transform.rotation.w = msg->orientation->w;
      |                                              ^~
make[2]: *** [CMakeFiles/lidar_tf2_broadcaster.dir/build.make:63: CMakeFiles/lidar_tf2_broadcaster.dir/src/lidar_tf2_broadcaster.cpp.o] Error 1
make[1]: *** [CMakeFiles/Makefile2:252: CMakeFiles/lidar_tf2_broadcaster.dir/all] Error 2
[ 71%] Built target lidar_node
/home/ccl/ros2_ws/uav_tf2_test/src/camera_tf2_broadcaster.cpp: In member function â€˜void FramePublisher::handle_camera_pose(std::shared_ptr<geometry_msgs::msg::Pose_<std::allocator<void> > >)â€™:
/home/ccl/ros2_ws/uav_tf2_test/src/camera_tf2_broadcaster.cpp:41:38: error: â€˜using element_type = struct geometry_msgs::msg::Pose_<std::allocator<void> >â€™ {aka â€˜struct geometry_msgs::msg::Pose_<std::allocator<void> >â€™} has no member named â€˜posotionâ€™; did you mean â€˜positionâ€™?
   41 |     t.transform.translation.x = msg->posotion->x;
      |                                      ^~~~~~~~
      |                                      position
/home/ccl/ros2_ws/uav_tf2_test/src/camera_tf2_broadcaster.cpp:42:38: error: â€˜using element_type = struct geometry_msgs::msg::Pose_<std::allocator<void> >â€™ {aka â€˜struct geometry_msgs::msg::Pose_<std::allocator<void> >â€™} has no member named â€˜posotionâ€™; did you mean â€˜positionâ€™?
   42 |     t.transform.translation.y = msg->posotion->y;
      |                                      ^~~~~~~~
      |                                      position
/home/ccl/ros2_ws/uav_tf2_test/src/camera_tf2_broadcaster.cpp:43:38: error: â€˜using element_type = struct geometry_msgs::msg::Pose_<std::allocator<void> >â€™ {aka â€˜struct geometry_msgs::msg::Pose_<std::allocator<void> >â€™} has no member named â€˜posotionâ€™; did you mean â€˜positionâ€™?
   43 |     t.transform.translation.z = msg->posotion->z;
      |                                      ^~~~~~~~
      |                                      position
/home/ccl/ros2_ws/uav_tf2_test/src/camera_tf2_broadcaster.cpp:45:46: error: base operand of â€˜->â€™ has non-pointer type â€˜geometry_msgs::msg::Pose_<std::allocator<void> >::_orientation_typeâ€™ {aka â€˜geometry_msgs::msg::Quaternion_<std::allocator<void> >â€™}
   45 |     t.transform.rotation.x = msg->orientation->x;
      |                                              ^~
/home/ccl/ros2_ws/uav_tf2_test/src/camera_tf2_broadcaster.cpp:46:46: error: base operand of â€˜->â€™ has non-pointer type â€˜geometry_msgs::msg::Pose_<std::allocator<void> >::_orientation_typeâ€™ {aka â€˜geometry_msgs::msg::Quaternion_<std::allocator<void> >â€™}
   46 |     t.transform.rotation.y = msg->orientation->y;
      |                                              ^~
/home/ccl/ros2_ws/uav_tf2_test/src/camera_tf2_broadcaster.cpp:47:46: error: base operand of â€˜->â€™ has non-pointer type â€˜geometry_msgs::msg::Pose_<std::allocator<void> >::_orientation_typeâ€™ {aka â€˜geometry_msgs::msg::Quaternion_<std::allocator<void> >â€™}
   47 |     t.transform.rotation.z = msg->orientation->z;
      |                                              ^~
/home/ccl/ros2_ws/uav_tf2_test/src/camera_tf2_broadcaster.cpp:48:46: error: base operand of â€˜->â€™ has non-pointer type â€˜geometry_msgs::msg::Pose_<std::allocator<void> >::_orientation_typeâ€™ {aka â€˜geometry_msgs::msg::Quaternion_<std::allocator<void> >â€™}
   48 |     t.transform.rotation.w = msg->orientation->w;
      |                                              ^~
make[2]: *** [CMakeFiles/camera_tf2_broadcaster.dir/build.make:63: CMakeFiles/camera_tf2_broadcaster.dir/src/camera_tf2_broadcaster.cpp.o] Error 1
make[1]: *** [CMakeFiles/Makefile2:198: CMakeFiles/camera_tf2_broadcaster.dir/all] Error 2
[ 71%] Built target uav_node
make: *** [Makefile:141: all] Error 2
