[0.029s] Invoking command in '/home/ccl/ros2_ws/build/uav_tf2_test': CMAKE_PREFIX_PATH=${CMAKE_PREFIX_PATH}:/opt/ros/galactic /usr/bin/cmake --build /home/ccl/ros2_ws/build/uav_tf2_test -- -j8 -l8
[0.078s] -- Found ament_cmake: 1.1.6 (/opt/ros/galactic/share/ament_cmake/cmake)
[0.106s] -- Using PYTHON_EXECUTABLE: /usr/bin/python3
[0.181s] -- Found geometry_msgs: 2.2.4 (/opt/ros/galactic/share/geometry_msgs/cmake)
[0.209s] -- Using all available rosidl_typesupport_c: rosidl_typesupport_fastrtps_c;rosidl_typesupport_introspection_c
[0.214s] -- Found rosidl_adapter: 2.2.3 (/opt/ros/galactic/share/rosidl_adapter/cmake)
[0.368s] -- Using all available rosidl_typesupport_cpp: rosidl_typesupport_fastrtps_cpp;rosidl_typesupport_introspection_cpp
[0.460s] -- Found rclcpp: 9.2.2 (/opt/ros/galactic/share/rclcpp/cmake)
[0.513s] -- Found rmw_implementation_cmake: 3.3.1 (/opt/ros/galactic/share/rmw_implementation_cmake/cmake)
[0.514s] -- Found rmw_cyclonedds_cpp: 0.22.6 (/opt/ros/galactic/share/rmw_cyclonedds_cpp/cmake)
[0.536s] -- Using RMW implementation 'rmw_cyclonedds_cpp' as default
[0.675s] -- Found tf2: 0.17.5 (/opt/ros/galactic/share/tf2/cmake)
[0.686s] -- Found tf2_ros: 0.17.5 (/opt/ros/galactic/share/tf2_ros/cmake)
[1.006s] -- Found ament_lint_auto: 0.10.7 (/opt/ros/galactic/share/ament_lint_auto/cmake)
[1.088s] -- Added test 'copyright' to check source files copyright and LICENSE
[1.091s] -- Added test 'cppcheck' to perform static code analysis on C / C++ code
[1.091s] -- Configured cppcheck include dirs: 
[1.091s] -- Configured cppcheck exclude dirs and/or files: 
[1.094s] -- Added test 'cpplint' to check C / C++ code against the Google style
[1.094s] -- Configured cpplint exclude dirs and/or files: 
[1.095s] -- Added test 'lint_cmake' to check CMake code style
[1.098s] -- Added test 'uncrustify' to check C / C++ code style
[1.098s] -- Configured uncrustify additional arguments: 
[1.098s] -- Added test 'xmllint' to check XML markup files
[1.106s] -- Configuring done
[1.158s] -- Generating done
[1.161s] -- Build files have been written to: /home/ccl/ros2_ws/build/uav_tf2_test
[1.210s] [35m[1mScanning dependencies of target lidar_node[0m
[1.212s] [35m[1mScanning dependencies of target uav_node[0m
[1.213s] [35m[1mScanning dependencies of target tf2_listener[0m
[1.214s] [35m[1mScanning dependencies of target camera_tf2_broadcaster[0m
[1.225s] [35m[1mScanning dependencies of target camera_node[0m
[1.227s] [35m[1mScanning dependencies of target lidar_tf2_broadcaster[0m
[1.230s] [35m[1mScanning dependencies of target uav_tf2_broadcaster[0m
[1.329s] [  7%] [32mBuilding CXX object CMakeFiles/camera_node.dir/src/camera_node.cpp.o[0m
[1.331s] [ 14%] [32mBuilding CXX object CMakeFiles/uav_node.dir/src/uav_node.cpp.o[0m
[1.350s] [ 21%] [32mBuilding CXX object CMakeFiles/uav_tf2_broadcaster.dir/src/uav_tf2_broadcaster.cpp.o[0m
[1.363s] [ 28%] [32mBuilding CXX object CMakeFiles/lidar_node.dir/src/lidar_node.cpp.o[0m
[1.363s] [ 35%] [32mBuilding CXX object CMakeFiles/lidar_tf2_broadcaster.dir/src/lidar_tf2_broadcaster.cpp.o[0m
[1.370s] [ 42%] [32mBuilding CXX object CMakeFiles/tf2_listener.dir/src/tf2_listener.cpp.o[0m
[1.395s] [ 50%] [32m[1mLinking CXX executable camera_node[0m
[1.452s] [ 57%] [32mBuilding CXX object CMakeFiles/camera_tf2_broadcaster.dir/src/camera_tf2_broadcaster.cpp.o[0m
[1.922s] [ 57%] Built target camera_node
[5.429s] /home/ccl/ros2_ws/uav_tf2_test/src/tf2_listener.cpp:56:29: warning: missing terminating " character
[5.430s]    56 |         this->get_logger(), "Transform %s to %s successfully,
[5.431s]       |                             ^
[5.432s] /home/ccl/ros2_ws/uav_tf2_test/src/tf2_listener.cpp:57:69: warning: missing terminating " character
[5.433s]    57 |             result: p_x %f p_y %f p_z %f r_x %f r_y %f r_z %f r_w %f",
[5.434s]       |                                                                     ^
[5.434s] In file included from /opt/ros/galactic/include/rclcpp/client.hpp:40,
[5.435s]                  from /opt/ros/galactic/include/rclcpp/callback_group.hpp:23,
[5.435s]                  from /opt/ros/galactic/include/rclcpp/any_executable.hpp:20,
[5.435s]                  from /opt/ros/galactic/include/rclcpp/memory_strategy.hpp:25,
[5.436s]                  from /opt/ros/galactic/include/rclcpp/memory_strategies.hpp:18,
[5.436s]                  from /opt/ros/galactic/include/rclcpp/executor_options.hpp:20,
[5.436s]                  from /opt/ros/galactic/include/rclcpp/executor.hpp:36,
[5.437s]                  from /opt/ros/galactic/include/rclcpp/executors/multi_threaded_executor.hpp:26,
[5.437s]                  from /opt/ros/galactic/include/rclcpp/executors.hpp:21,
[5.437s]                  from /opt/ros/galactic/include/rclcpp/rclcpp.hpp:156,
[5.437s]                  from /home/ccl/ros2_ws/uav_tf2_test/src/tf2_listener.cpp:8:
[5.438s] /home/ccl/ros2_ws/uav_tf2_test/src/tf2_listener.cpp:56:29: error: missing terminating " character
[5.438s]    56 |         this->get_logger(), "Transform %s to %s successfully,
[5.438s]       |                             ^~~~~~~~~~~~~~~~~~~~~~~~~~~~~~~~~ 
[5.441s] /home/ccl/ros2_ws/uav_tf2_test/src/tf2_listener.cpp:57:69: error: missing terminating " character
[5.442s]    57 |             result: p_x %f p_y %f p_z %f r_x %f r_y %f r_z %f r_w %f",
[5.442s]       |                                                                     ^~
[5.442s] /home/ccl/ros2_ws/uav_tf2_test/src/tf2_listener.cpp:74:29: warning: missing terminating " character
[5.442s]    74 |         this->get_logger(), "Transform %s to %s successfully,
[5.443s]       |                             ^
[5.443s] /home/ccl/ros2_ws/uav_tf2_test/src/tf2_listener.cpp:75:69: warning: missing terminating " character
[5.443s]    75 |             result: p_x %f p_y %f p_z %f r_x %f r_y %f r_z %f r_w %f",
[5.443s]       |                                                                     ^
[5.444s] In file included from /opt/ros/galactic/include/rclcpp/client.hpp:40,
[5.444s]                  from /opt/ros/galactic/include/rclcpp/callback_group.hpp:23,
[5.444s]                  from /opt/ros/galactic/include/rclcpp/any_executable.hpp:20,
[5.444s]                  from /opt/ros/galactic/include/rclcpp/memory_strategy.hpp:25,
[5.444s]                  from /opt/ros/galactic/include/rclcpp/memory_strategies.hpp:18,
[5.444s]                  from /opt/ros/galactic/include/rclcpp/executor_options.hpp:20,
[5.444s]                  from /opt/ros/galactic/include/rclcpp/executor.hpp:36,
[5.444s]                  from /opt/ros/galactic/include/rclcpp/executors/multi_threaded_executor.hpp:26,
[5.445s]                  from /opt/ros/galactic/include/rclcpp/executors.hpp:21,
[5.445s]                  from /opt/ros/galactic/include/rclcpp/rclcpp.hpp:156,
[5.445s]                  from /home/ccl/ros2_ws/uav_tf2_test/src/tf2_listener.cpp:8:
[5.446s] /home/ccl/ros2_ws/uav_tf2_test/src/tf2_listener.cpp:74:29: error: missing terminating " character
[5.446s]    74 |         this->get_logger(), "Transform %s to %s successfully,
[5.446s]       |                             ^~~~~~~~~~~~~~~~~~~~~~~~~~~~~~~~~ 
[5.446s] /home/ccl/ros2_ws/uav_tf2_test/src/tf2_listener.cpp:75:69: error: missing terminating " character
[5.446s]    75 |             result: p_x %f p_y %f p_z %f r_x %f r_y %f r_z %f r_w %f",
[5.447s]       |                                                                     ^~
[5.447s] /home/ccl/ros2_ws/uav_tf2_test/src/tf2_listener.cpp: In constructor â€˜FrameListener::FrameListener()â€™:
[5.447s] /home/ccl/ros2_ws/uav_tf2_test/src/tf2_listener.cpp:22:5: error: â€˜source_frame_1â€™ was not declared in this scope
[5.447s]    22 |     source_frame_1 = this->declare_parameter<std::string>("source_frame", "camera");
[5.447s]       |     ^~~~~~~~~~~~~~
[5.447s] /home/ccl/ros2_ws/uav_tf2_test/src/tf2_listener.cpp:23:5: error: â€˜source_frame_2â€™ was not declared in this scope
[5.447s]    23 |     source_frame_2 = this->declare_parameter<std::string>("source_frame", "lidar");
[5.447s]       |     ^~~~~~~~~~~~~~
[5.447s] /home/ccl/ros2_ws/uav_tf2_test/src/tf2_listener.cpp: In member function â€˜void FrameListener::on_timer()â€™:
[5.448s] /home/ccl/ros2_ws/uav_tf2_test/src/tf2_listener.cpp:37:33: error: â€˜source_frame_1â€™ was not declared in this scope
[5.448s]    37 |     std::string fromFrameRel1 = source_frame_1.c_str();
[5.448s]       |                                 ^~~~~~~~~~~~~~
[5.448s] /home/ccl/ros2_ws/uav_tf2_test/src/tf2_listener.cpp:38:33: error: â€˜source_frame_2â€™ was not declared in this scope
[5.448s]    38 |     std::string fromFrameRel2 = source_frame_2.c_str();
[5.448s]       |                                 ^~~~~~~~~~~~~~
[5.448s] /home/ccl/ros2_ws/uav_tf2_test/src/tf2_listener.cpp:46:9: error: â€˜t1â€™ was not declared in this scope; did you mean â€˜tmâ€™?
[5.448s]    46 |         t1 = tf_buffer_->lookupTransform(
[5.448s]       |         ^~
[5.449s]       |         tm
[5.449s] In file included from /opt/ros/galactic/include/rclcpp/client.hpp:40,
[5.449s]                  from /opt/ros/galactic/include/rclcpp/callback_group.hpp:23,
[5.449s]                  from /opt/ros/galactic/include/rclcpp/any_executable.hpp:20,
[5.449s]                  from /opt/ros/galactic/include/rclcpp/memory_strategy.hpp:25,
[5.449s]                  from /opt/ros/galactic/include/rclcpp/memory_strategies.hpp:18,
[5.449s]                  from /opt/ros/galactic/include/rclcpp/executor_options.hpp:20,
[5.449s]                  from /opt/ros/galactic/include/rclcpp/executor.hpp:36,
[5.449s]                  from /opt/ros/galactic/include/rclcpp/executors/multi_threaded_executor.hpp:26,
[5.450s]                  from /opt/ros/galactic/include/rclcpp/executors.hpp:21,
[5.450s]                  from /opt/ros/galactic/include/rclcpp/rclcpp.hpp:156,
[5.450s]                  from /home/ccl/ros2_ws/uav_tf2_test/src/tf2_listener.cpp:8:
[5.450s] /home/ccl/ros2_ws/uav_tf2_test/src/tf2_listener.cpp:51:13: error: â€˜fromFrameRelâ€™ was not declared in this scope; did you mean â€˜fromFrameRel2â€™?
[5.450s]    51 |             fromFrameRel.c_str(), toFrameRel1.c_str(), ex.what());
[5.450s]       |             ^~~~~~~~~~~~
[5.451s] /home/ccl/ros2_ws/uav_tf2_test/src/tf2_listener.cpp:51:35: error: â€˜toFrameRel1â€™ was not declared in this scope; did you mean â€˜toFrameRelâ€™?
[5.451s]    51 |             fromFrameRel.c_str(), toFrameRel1.c_str(), ex.what());
[5.451s]       |                                   ^~~~~~~~~~~
[5.451s] /home/ccl/ros2_ws/uav_tf2_test/src/tf2_listener.cpp:57:19: error: found â€˜:â€™ in nested-name-specifier, expected â€˜::â€™
[5.451s]    57 |             result: p_x %f p_y %f p_z %f r_x %f r_y %f r_z %f r_w %f",
[5.452s]       |                   ^
[5.452s] /home/ccl/ros2_ws/uav_tf2_test/src/tf2_listener.cpp:57:13: error: â€˜resultâ€™ has not been declared
[5.452s]    57 |             result: p_x %f p_y %f p_z %f r_x %f r_y %f r_z %f r_w %f",
[5.452s]       |             ^~~~~~
[5.452s] /home/ccl/ros2_ws/uav_tf2_test/src/tf2_listener.cpp:57:26: error: â€˜fâ€™ was not declared in this scope
[5.452s]    57 |             result: p_x %f p_y %f p_z %f r_x %f r_y %f r_z %f r_w %f",
[5.452s]       |                          ^
[5.452s] /home/ccl/ros2_ws/uav_tf2_test/src/tf2_listener.cpp:58:52: error: â€˜t1â€™ was not declared in this scope; did you mean â€˜tmâ€™?
[5.452s]    58 |         fromFrameRel1.c_str(), toFrameRel.c_str(), t1.translation.x,
[5.453s]       |                                                    ^~
[5.453s] /home/ccl/ros2_ws/uav_tf2_test/src/tf2_listener.cpp:63:5: error: expected â€˜;â€™ before â€˜tryâ€™
[5.453s]    63 |     try {
[5.453s]       |     ^~~
[5.453s] /home/ccl/ros2_ws/uav_tf2_test/src/tf2_listener.cpp:64:9: error: â€˜t2â€™ was not declared in this scope; did you mean â€˜tf2â€™?
[5.453s]    64 |         t2 = tf_buffer_->lookupTransform(
[5.453s]       |         ^~
[5.453s]       |         tf2
[5.453s] In file included from /opt/ros/galactic/include/rclcpp/client.hpp:40,
[5.454s]                  from /opt/ros/galactic/include/rclcpp/callback_group.hpp:23,
[5.454s]                  from /opt/ros/galactic/include/rclcpp/any_executable.hpp:20,
[5.454s]                  from /opt/ros/galactic/include/rclcpp/memory_strategy.hpp:25,
[5.454s]                  from /opt/ros/galactic/include/rclcpp/memory_strategies.hpp:18,
[5.454s]                  from /opt/ros/galactic/include/rclcpp/executor_options.hpp:20,
[5.454s]                  from /opt/ros/galactic/include/rclcpp/executor.hpp:36,
[5.454s]                  from /opt/ros/galactic/include/rclcpp/executors/multi_threaded_executor.hpp:26,
[5.454s]                  from /opt/ros/galactic/include/rclcpp/executors.hpp:21,
[5.454s]                  from /opt/ros/galactic/include/rclcpp/rclcpp.hpp:156,
[5.455s]                  from /home/ccl/ros2_ws/uav_tf2_test/src/tf2_listener.cpp:8:
[5.455s] /home/ccl/ros2_ws/uav_tf2_test/src/tf2_listener.cpp:75:19: error: found â€˜:â€™ in nested-name-specifier, expected â€˜::â€™
[5.455s]    75 |             result: p_x %f p_y %f p_z %f r_x %f r_y %f r_z %f r_w %f",
[5.455s]       |                   ^
[5.455s] /home/ccl/ros2_ws/uav_tf2_test/src/tf2_listener.cpp:75:13: error: â€˜resultâ€™ has not been declared
[5.455s]    75 |             result: p_x %f p_y %f p_z %f r_x %f r_y %f r_z %f r_w %f",
[5.455s]       |             ^~~~~~
[5.455s] /home/ccl/ros2_ws/uav_tf2_test/src/tf2_listener.cpp:75:26: error: â€˜fâ€™ was not declared in this scope
[5.455s]    75 |             result: p_x %f p_y %f p_z %f r_x %f r_y %f r_z %f r_w %f",
[5.456s]       |                          ^
[5.456s] /home/ccl/ros2_ws/uav_tf2_test/src/tf2_listener.cpp:76:52: error: â€˜t2â€™ was not declared in this scope; did you mean â€˜tf2â€™?
[5.456s]    76 |         fromFrameRel2.c_str(), toFrameRel.c_str(), t2.translation.x,
[5.456s]       |                                                    ^~
[5.456s] /home/ccl/ros2_ws/uav_tf2_test/src/tf2_listener.cpp:81:3: error: expected â€˜;â€™ before â€˜}â€™ token
[5.456s]    81 |   }
[5.456s]       |   ^
[5.456s] make[2]: *** [CMakeFiles/tf2_listener.dir/build.make:63: CMakeFiles/tf2_listener.dir/src/tf2_listener.cpp.o] Error 1
[5.456s] make[1]: *** [CMakeFiles/Makefile2:279: CMakeFiles/tf2_listener.dir/all] Error 2
[5.456s] make[1]: *** Waiting for unfinished jobs....
[6.772s] [ 64%] [32m[1mLinking CXX executable lidar_node[0m
[6.861s] [ 71%] [32m[1mLinking CXX executable uav_node[0m
[7.221s] /home/ccl/ros2_ws/uav_tf2_test/src/uav_tf2_broadcaster.cpp: In member function â€˜void FramePublisher::handle_uav_pose(std::shared_ptr<geometry_msgs::msg::Pose_<std::allocator<void> > >)â€™:
[7.222s] /home/ccl/ros2_ws/uav_tf2_test/src/uav_tf2_broadcaster.cpp:41:38: error: â€˜using element_type = struct geometry_msgs::msg::Pose_<std::allocator<void> >â€™ {aka â€˜struct geometry_msgs::msg::Pose_<std::allocator<void> >â€™} has no member named â€˜posotionâ€™; did you mean â€˜positionâ€™?
[7.222s]    41 |     t.transform.translation.x = msg->posotion->x;
[7.222s]       |                                      ^~~~~~~~
[7.222s]       |                                      position
[7.222s] /home/ccl/ros2_ws/uav_tf2_test/src/uav_tf2_broadcaster.cpp:42:38: error: â€˜using element_type = struct geometry_msgs::msg::Pose_<std::allocator<void> >â€™ {aka â€˜struct geometry_msgs::msg::Pose_<std::allocator<void> >â€™} has no member named â€˜posotionâ€™; did you mean â€˜positionâ€™?
[7.222s]    42 |     t.transform.translation.y = msg->posotion->y;
[7.222s]       |                                      ^~~~~~~~
[7.222s]       |                                      position
[7.223s] /home/ccl/ros2_ws/uav_tf2_test/src/uav_tf2_broadcaster.cpp:43:38: error: â€˜using element_type = struct geometry_msgs::msg::Pose_<std::allocator<void> >â€™ {aka â€˜struct geometry_msgs::msg::Pose_<std::allocator<void> >â€™} has no member named â€˜posotionâ€™; did you mean â€˜positionâ€™?
[7.223s]    43 |     t.transform.translation.z = msg->posotion->z;
[7.224s]       |                                      ^~~~~~~~
[7.224s]       |                                      position
[7.224s] /home/ccl/ros2_ws/uav_tf2_test/src/uav_tf2_broadcaster.cpp:45:46: error: base operand of â€˜->â€™ has non-pointer type â€˜geometry_msgs::msg::Pose_<std::allocator<void> >::_orientation_typeâ€™ {aka â€˜geometry_msgs::msg::Quaternion_<std::allocator<void> >â€™}
[7.224s]    45 |     t.transform.rotation.x = msg->orientation->x;
[7.225s]       |                                              ^~
[7.225s] /home/ccl/ros2_ws/uav_tf2_test/src/uav_tf2_broadcaster.cpp:46:46: error: base operand of â€˜->â€™ has non-pointer type â€˜geometry_msgs::msg::Pose_<std::allocator<void> >::_orientation_typeâ€™ {aka â€˜geometry_msgs::msg::Quaternion_<std::allocator<void> >â€™}
[7.225s]    46 |     t.transform.rotation.y = msg->orientation->y;
[7.225s]       |                                              ^~
[7.225s] /home/ccl/ros2_ws/uav_tf2_test/src/uav_tf2_broadcaster.cpp:47:46: error: base operand of â€˜->â€™ has non-pointer type â€˜geometry_msgs::msg::Pose_<std::allocator<void> >::_orientation_typeâ€™ {aka â€˜geometry_msgs::msg::Quaternion_<std::allocator<void> >â€™}
[7.225s]    47 |     t.transform.rotation.z = msg->orientation->z;
[7.225s]       |                                              ^~
[7.225s] /home/ccl/ros2_ws/uav_tf2_test/src/uav_tf2_broadcaster.cpp:48:46: error: base operand of â€˜->â€™ has non-pointer type â€˜geometry_msgs::msg::Pose_<std::allocator<void> >::_orientation_typeâ€™ {aka â€˜geometry_msgs::msg::Quaternion_<std::allocator<void> >â€™}
[7.226s]    48 |     t.transform.rotation.w = msg->orientation->w;
[7.226s]       |                                              ^~
[7.226s] make[2]: *** [CMakeFiles/uav_tf2_broadcaster.dir/build.make:63: CMakeFiles/uav_tf2_broadcaster.dir/src/uav_tf2_broadcaster.cpp.o] Error 1
[7.226s] make[1]: *** [CMakeFiles/Makefile2:225: CMakeFiles/uav_tf2_broadcaster.dir/all] Error 2
[7.231s] /home/ccl/ros2_ws/uav_tf2_test/src/lidar_tf2_broadcaster.cpp: In member function â€˜void FramePublisher::handle_lidar_pose(std::shared_ptr<geometry_msgs::msg::Pose_<std::allocator<void> > >)â€™:
[7.231s] /home/ccl/ros2_ws/uav_tf2_test/src/lidar_tf2_broadcaster.cpp:41:38: error: â€˜using element_type = struct geometry_msgs::msg::Pose_<std::allocator<void> >â€™ {aka â€˜struct geometry_msgs::msg::Pose_<std::allocator<void> >â€™} has no member named â€˜posotionâ€™; did you mean â€˜positionâ€™?
[7.231s]    41 |     t.transform.translation.x = msg->posotion->x;
[7.231s]       |                                      ^~~~~~~~
[7.232s]       |                                      position
[7.232s] /home/ccl/ros2_ws/uav_tf2_test/src/lidar_tf2_broadcaster.cpp:42:38: error: â€˜using element_type = struct geometry_msgs::msg::Pose_<std::allocator<void> >â€™ {aka â€˜struct geometry_msgs::msg::Pose_<std::allocator<void> >â€™} has no member named â€˜posotionâ€™; did you mean â€˜positionâ€™?
[7.232s]    42 |     t.transform.translation.y = msg->posotion->y;
[7.232s]       |                                      ^~~~~~~~
[7.232s]       |                                      position
[7.232s] /home/ccl/ros2_ws/uav_tf2_test/src/lidar_tf2_broadcaster.cpp:43:38: error: â€˜using element_type = struct geometry_msgs::msg::Pose_<std::allocator<void> >â€™ {aka â€˜struct geometry_msgs::msg::Pose_<std::allocator<void> >â€™} has no member named â€˜posotionâ€™; did you mean â€˜positionâ€™?
[7.232s]    43 |     t.transform.translation.z = msg->posotion->z;
[7.232s]       |                                      ^~~~~~~~
[7.233s]       |                                      position
[7.233s] /home/ccl/ros2_ws/uav_tf2_test/src/lidar_tf2_broadcaster.cpp:45:46: error: base operand of â€˜->â€™ has non-pointer type â€˜geometry_msgs::msg::Pose_<std::allocator<void> >::_orientation_typeâ€™ {aka â€˜geometry_msgs::msg::Quaternion_<std::allocator<void> >â€™}
[7.233s]    45 |     t.transform.rotation.x = msg->orientation->x;
[7.233s]       |                                              ^~
[7.233s] /home/ccl/ros2_ws/uav_tf2_test/src/lidar_tf2_broadcaster.cpp:46:46: error: base operand of â€˜->â€™ has non-pointer type â€˜geometry_msgs::msg::Pose_<std::allocator<void> >::_orientation_typeâ€™ {aka â€˜geometry_msgs::msg::Quaternion_<std::allocator<void> >â€™}
[7.233s]    46 |     t.transform.rotation.y = msg->orientation->y;
[7.233s]       |                                              ^~
[7.233s] /home/ccl/ros2_ws/uav_tf2_test/src/lidar_tf2_broadcaster.cpp:47:46: error: base operand of â€˜->â€™ has non-pointer type â€˜geometry_msgs::msg::Pose_<std::allocator<void> >::_orientation_typeâ€™ {aka â€˜geometry_msgs::msg::Quaternion_<std::allocator<void> >â€™}
[7.233s]    47 |     t.transform.rotation.z = msg->orientation->z;
[7.234s]       |                                              ^~
[7.234s] /home/ccl/ros2_ws/uav_tf2_test/src/lidar_tf2_broadcaster.cpp:48:46: error: base operand of â€˜->â€™ has non-pointer type â€˜geometry_msgs::msg::Pose_<std::allocator<void> >::_orientation_typeâ€™ {aka â€˜geometry_msgs::msg::Quaternion_<std::allocator<void> >â€™}
[7.234s]    48 |     t.transform.rotation.w = msg->orientation->w;
[7.234s]       |                                              ^~
[7.234s] make[2]: *** [CMakeFiles/lidar_tf2_broadcaster.dir/build.make:63: CMakeFiles/lidar_tf2_broadcaster.dir/src/lidar_tf2_broadcaster.cpp.o] Error 1
[7.234s] make[1]: *** [CMakeFiles/Makefile2:252: CMakeFiles/lidar_tf2_broadcaster.dir/all] Error 2
[7.273s] [ 71%] Built target lidar_node
[7.348s] /home/ccl/ros2_ws/uav_tf2_test/src/camera_tf2_broadcaster.cpp: In member function â€˜void FramePublisher::handle_camera_pose(std::shared_ptr<geometry_msgs::msg::Pose_<std::allocator<void> > >)â€™:
[7.348s] /home/ccl/ros2_ws/uav_tf2_test/src/camera_tf2_broadcaster.cpp:41:38: error: â€˜using element_type = struct geometry_msgs::msg::Pose_<std::allocator<void> >â€™ {aka â€˜struct geometry_msgs::msg::Pose_<std::allocator<void> >â€™} has no member named â€˜posotionâ€™; did you mean â€˜positionâ€™?
[7.349s]    41 |     t.transform.translation.x = msg->posotion->x;
[7.349s]       |                                      ^~~~~~~~
[7.349s]       |                                      position
[7.349s] /home/ccl/ros2_ws/uav_tf2_test/src/camera_tf2_broadcaster.cpp:42:38: error: â€˜using element_type = struct geometry_msgs::msg::Pose_<std::allocator<void> >â€™ {aka â€˜struct geometry_msgs::msg::Pose_<std::allocator<void> >â€™} has no member named â€˜posotionâ€™; did you mean â€˜positionâ€™?
[7.349s]    42 |     t.transform.translation.y = msg->posotion->y;
[7.349s]       |                                      ^~~~~~~~
[7.349s]       |                                      position
[7.350s] /home/ccl/ros2_ws/uav_tf2_test/src/camera_tf2_broadcaster.cpp:43:38: error: â€˜using element_type = struct geometry_msgs::msg::Pose_<std::allocator<void> >â€™ {aka â€˜struct geometry_msgs::msg::Pose_<std::allocator<void> >â€™} has no member named â€˜posotionâ€™; did you mean â€˜positionâ€™?
[7.350s]    43 |     t.transform.translation.z = msg->posotion->z;
[7.350s]       |                                      ^~~~~~~~
[7.350s]       |                                      position
[7.350s] /home/ccl/ros2_ws/uav_tf2_test/src/camera_tf2_broadcaster.cpp:45:46: error: base operand of â€˜->â€™ has non-pointer type â€˜geometry_msgs::msg::Pose_<std::allocator<void> >::_orientation_typeâ€™ {aka â€˜geometry_msgs::msg::Quaternion_<std::allocator<void> >â€™}
[7.350s]    45 |     t.transform.rotation.x = msg->orientation->x;
[7.350s]       |                                              ^~
[7.350s] /home/ccl/ros2_ws/uav_tf2_test/src/camera_tf2_broadcaster.cpp:46:46: error: base operand of â€˜->â€™ has non-pointer type â€˜geometry_msgs::msg::Pose_<std::allocator<void> >::_orientation_typeâ€™ {aka â€˜geometry_msgs::msg::Quaternion_<std::allocator<void> >â€™}
[7.350s]    46 |     t.transform.rotation.y = msg->orientation->y;
[7.350s]       |                                              ^~
[7.351s] /home/ccl/ros2_ws/uav_tf2_test/src/camera_tf2_broadcaster.cpp:47:46: error: base operand of â€˜->â€™ has non-pointer type â€˜geometry_msgs::msg::Pose_<std::allocator<void> >::_orientation_typeâ€™ {aka â€˜geometry_msgs::msg::Quaternion_<std::allocator<void> >â€™}
[7.351s]    47 |     t.transform.rotation.z = msg->orientation->z;
[7.351s]       |                                              ^~
[7.351s] /home/ccl/ros2_ws/uav_tf2_test/src/camera_tf2_broadcaster.cpp:48:46: error: base operand of â€˜->â€™ has non-pointer type â€˜geometry_msgs::msg::Pose_<std::allocator<void> >::_orientation_typeâ€™ {aka â€˜geometry_msgs::msg::Quaternion_<std::allocator<void> >â€™}
[7.351s]    48 |     t.transform.rotation.w = msg->orientation->w;
[7.351s]       |                                              ^~
[7.351s] make[2]: *** [CMakeFiles/camera_tf2_broadcaster.dir/build.make:63: CMakeFiles/camera_tf2_broadcaster.dir/src/camera_tf2_broadcaster.cpp.o] Error 1
[7.351s] make[1]: *** [CMakeFiles/Makefile2:198: CMakeFiles/camera_tf2_broadcaster.dir/all] Error 2
[7.368s] [ 71%] Built target uav_node
[7.370s] make: *** [Makefile:141: all] Error 2
[7.374s] Invoked command in '/home/ccl/ros2_ws/build/uav_tf2_test' returned '2': CMAKE_PREFIX_PATH=${CMAKE_PREFIX_PATH}:/opt/ros/galactic /usr/bin/cmake --build /home/ccl/ros2_ws/build/uav_tf2_test -- -j8 -l8
