[0.016s] Invoking command in '/home/ccl/ROS2_UAV/build/uav_urdf_demo': CMAKE_PREFIX_PATH=/opt/ros/galactic /usr/bin/cmake --build /home/ccl/ROS2_UAV/build/uav_urdf_demo -- -j8 -l8
[0.056s] [35m[1mScanning dependencies of target command_publisher[0m
[0.057s] [35m[1mScanning dependencies of target state_publisher[0m
[0.071s] [ 25%] [32mBuilding CXX object CMakeFiles/command_publisher.dir/src/command_publisher.cpp.o[0m
[0.093s] [ 50%] [32mBuilding CXX object CMakeFiles/state_publisher.dir/src/state_publisher.cpp.o[0m
[0.533s] /home/ccl/ROS2_UAV/uav_urdf_demo/src/command_publisher.cpp:6:33: error: â€˜rclcppâ€™ has not been declared
[0.533s]     6 | class CommandPublisher : public rclcpp::Node {
[0.533s]       |                                 ^~~~~~
[0.533s] /home/ccl/ROS2_UAV/uav_urdf_demo/src/command_publisher.cpp:6:41: error: expected â€˜{â€™ before â€˜Nodeâ€™
[0.534s]     6 | class CommandPublisher : public rclcpp::Node {
[0.534s]       |                                         ^~~~
[0.534s] /home/ccl/ROS2_UAV/uav_urdf_demo/src/command_publisher.cpp:7:1: error: expected primary-expression before â€˜publicâ€™
[0.534s]     7 | public:
[0.534s]       | ^~~~~~
[0.534s] /home/ccl/ROS2_UAV/uav_urdf_demo/src/command_publisher.cpp:7:1: error: expected â€˜}â€™ before â€˜publicâ€™
[0.534s] /home/ccl/ROS2_UAV/uav_urdf_demo/src/command_publisher.cpp:6:46: note: to match this â€˜{â€™
[0.534s]     6 | class CommandPublisher : public rclcpp::Node {
[0.534s]       |                                              ^
[0.535s] /home/ccl/ROS2_UAV/uav_urdf_demo/src/command_publisher.cpp:59:1: error: expected unqualified-id before â€˜privateâ€™
[0.535s]    59 | private:
[0.535s]       | ^~~~~~~
[0.535s] /home/ccl/ROS2_UAV/uav_urdf_demo/src/command_publisher.cpp:62:1: error: expected declaration before â€˜}â€™ token
[0.535s]    62 | }
[0.535s]       | ^
[0.535s] /home/ccl/ROS2_UAV/uav_urdf_demo/src/command_publisher.cpp: In function â€˜int main(int, char**)â€™:
[0.535s] /home/ccl/ROS2_UAV/uav_urdf_demo/src/command_publisher.cpp:65:5: error: â€˜rclcppâ€™ has not been declared
[0.535s]    65 |     rclcpp::init(agrc, argv);
[0.535s]       |     ^~~~~~
[0.535s] /home/ccl/ROS2_UAV/uav_urdf_demo/src/command_publisher.cpp:65:18: error: â€˜agrcâ€™ was not declared in this scope; did you mean â€˜argcâ€™?
[0.536s]    65 |     rclcpp::init(agrc, argv);
[0.536s]       |                  ^~~~
[0.536s]       |                  argc
[0.536s] /home/ccl/ROS2_UAV/uav_urdf_demo/src/command_publisher.cpp:66:5: error: â€˜rclcppâ€™ has not been declared
[0.536s]    66 |     rclcpp::spin(std::make_shared<CommandPublisher>());
[0.536s]       |     ^~~~~~
[0.536s] /home/ccl/ROS2_UAV/uav_urdf_demo/src/command_publisher.cpp:67:5: error: â€˜rclcppâ€™ has not been declared
[0.536s]    67 |     rclcpp::shutdown();
[0.536s]       |     ^~~~~~
[0.536s] /home/ccl/ROS2_UAV/uav_urdf_demo/src/command_publisher.cpp:64:14: warning: unused parameter â€˜argcâ€™ [-Wunused-parameter]
[0.536s]    64 | int main(int argc, char* argv[]) {
[0.536s]       |          ~~~~^~~~
[0.536s] In file included from /usr/include/c++/9/unordered_map:42,
[0.536s]                  from /usr/include/c++/9/functional:61,
[0.536s]                  from /usr/include/c++/9/pstl/glue_algorithm_defs.h:13,
[0.536s]                  from /usr/include/c++/9/algorithm:71,
[0.536s]                  from /opt/ros/galactic/include/rosidl_runtime_cpp/bounded_vector.hpp:18,
[0.536s]                  from /opt/ros/galactic/include/std_msgs/msg/detail/int16__struct.hpp:8,
[0.536s]                  from /opt/ros/galactic/include/std_msgs/msg/int16.hpp:7,
[0.537s]                  from /home/ccl/ROS2_UAV/uav_urdf_demo/src/command_publisher.cpp:4:
[0.537s] /usr/include/c++/9/ext/aligned_buffer.h: In instantiation of â€˜struct __gnu_cxx::__aligned_buffer<CommandPublisher>â€™:
[0.537s] /usr/include/c++/9/bits/shared_ptr_base.h:535:35:   required from â€˜class std::_Sp_counted_ptr_inplace<CommandPublisher, std::allocator<CommandPublisher>, __gnu_cxx::_S_atomic>::_Implâ€™
[0.537s] /usr/include/c++/9/bits/shared_ptr_base.h:596:13:   required from â€˜class std::_Sp_counted_ptr_inplace<CommandPublisher, std::allocator<CommandPublisher>, __gnu_cxx::_S_atomic>â€™
[0.537s] /usr/include/c++/9/bits/shared_ptr_base.h:676:43:   required from â€˜std::__shared_count<_Lp>::__shared_count(_Tp*&, std::_Sp_alloc_shared_tag<_Alloc>, _Args&& ...) [with _Tp = CommandPublisher; _Alloc = std::allocator<CommandPublisher>; _Args = {}; __gnu_cxx::_Lock_policy _Lp = __gnu_cxx::_S_atomic]â€™
[0.537s] /usr/include/c++/9/bits/shared_ptr_base.h:1344:71:   required from â€˜std::__shared_ptr<_Tp, _Lp>::__shared_ptr(std::_Sp_alloc_shared_tag<_Tp>, _Args&& ...) [with _Alloc = std::allocator<CommandPublisher>; _Args = {}; _Tp = CommandPublisher; __gnu_cxx::_Lock_policy _Lp = __gnu_cxx::_S_atomic]â€™
[0.537s] /usr/include/c++/9/bits/shared_ptr.h:359:59:   required from â€˜std::shared_ptr<_Tp>::shared_ptr(std::_Sp_alloc_shared_tag<_Tp>, _Args&& ...) [with _Alloc = std::allocator<CommandPublisher>; _Args = {}; _Tp = CommandPublisher]â€™
[0.537s] /usr/include/c++/9/bits/shared_ptr.h:701:14:   required from â€˜std::shared_ptr<_Tp> std::allocate_shared(const _Alloc&, _Args&& ...) [with _Tp = CommandPublisher; _Alloc = std::allocator<CommandPublisher>; _Args = {}]â€™
[0.537s] /usr/include/c++/9/bits/shared_ptr.h:717:39:   required from â€˜std::shared_ptr<_Tp> std::make_shared(_Args&& ...) [with _Tp = CommandPublisher; _Args = {}]â€™
[0.537s] /home/ccl/ROS2_UAV/uav_urdf_demo/src/command_publisher.cpp:66:53:   required from here
[0.537s] /usr/include/c++/9/ext/aligned_buffer.h:91:28: error: invalid application of â€˜sizeofâ€™ to incomplete type â€˜CommandPublisherâ€™
[0.537s]    91 |     : std::aligned_storage<sizeof(_Tp), __alignof__(_Tp)>
[0.537s]       |                            ^~~~~~~~~~~
[0.537s] /usr/include/c++/9/ext/aligned_buffer.h:91:28: error: invalid application of â€˜sizeofâ€™ to incomplete type â€˜CommandPublisherâ€™
[0.537s] make[2]: *** [CMakeFiles/command_publisher.dir/build.make:63: CMakeFiles/command_publisher.dir/src/command_publisher.cpp.o] Error 1
[0.537s] make[1]: *** [CMakeFiles/Makefile2:107: CMakeFiles/command_publisher.dir/all] Error 2
[0.537s] make[1]: *** Waiting for unfinished jobs....
[3.321s] [ 75%] [32m[1mLinking CXX executable state_publisher[0m
[3.521s] [ 75%] Built target state_publisher
[3.522s] make: *** [Makefile:141: all] Error 2
[3.524s] Invoked command in '/home/ccl/ROS2_UAV/build/uav_urdf_demo' returned '2': CMAKE_PREFIX_PATH=/opt/ros/galactic /usr/bin/cmake --build /home/ccl/ROS2_UAV/build/uav_urdf_demo -- -j8 -l8
