[0.032s] Invoking command in '/home/ccl/ros2_ws/build/uav_tf2_test': CMAKE_PREFIX_PATH=${CMAKE_PREFIX_PATH}:/opt/ros/galactic /usr/bin/cmake --build /home/ccl/ros2_ws/build/uav_tf2_test -- -j8 -l8
[0.121s] [35m[1mScanning dependencies of target camera_tf2_broadcaster[0m
[0.122s] [35m[1mScanning dependencies of target uav_tf2_broadcaster[0m
[0.148s] [ 14%] Built target camera_node
[0.162s] [35m[1mScanning dependencies of target lidar_tf2_broadcaster[0m
[0.168s] [ 28%] Built target lidar_node
[0.172s] [ 35%] [32mBuilding CXX object CMakeFiles/tf2_listener.dir/src/tf2_listener.cpp.o[0m
[0.183s] [ 50%] Built target uav_node
[0.222s] [ 57%] [32mBuilding CXX object CMakeFiles/uav_tf2_broadcaster.dir/src/uav_tf2_broadcaster.cpp.o[0m
[0.240s] [ 64%] [32mBuilding CXX object CMakeFiles/camera_tf2_broadcaster.dir/src/camera_tf2_broadcaster.cpp.o[0m
[0.259s] [ 71%] [32mBuilding CXX object CMakeFiles/lidar_tf2_broadcaster.dir/src/lidar_tf2_broadcaster.cpp.o[0m
[3.197s] /home/ccl/ros2_ws/uav_tf2_test/src/tf2_listener.cpp:56:29: warning: missing terminating " character
[3.198s]    56 |         this->get_logger(), "Transform %s to %s successfully,
[3.198s]       |                             ^
[3.198s] /home/ccl/ros2_ws/uav_tf2_test/src/tf2_listener.cpp:57:69: warning: missing terminating " character
[3.198s]    57 |             result: p_x %f p_y %f p_z %f r_x %f r_y %f r_z %f r_w %f",
[3.198s]       |                                                                     ^
[3.199s] In file included from /opt/ros/galactic/include/rclcpp/client.hpp:40,
[3.199s]                  from /opt/ros/galactic/include/rclcpp/callback_group.hpp:23,
[3.199s]                  from /opt/ros/galactic/include/rclcpp/any_executable.hpp:20,
[3.199s]                  from /opt/ros/galactic/include/rclcpp/memory_strategy.hpp:25,
[3.200s]                  from /opt/ros/galactic/include/rclcpp/memory_strategies.hpp:18,
[3.200s]                  from /opt/ros/galactic/include/rclcpp/executor_options.hpp:20,
[3.200s]                  from /opt/ros/galactic/include/rclcpp/executor.hpp:36,
[3.200s]                  from /opt/ros/galactic/include/rclcpp/executors/multi_threaded_executor.hpp:26,
[3.200s]                  from /opt/ros/galactic/include/rclcpp/executors.hpp:21,
[3.200s]                  from /opt/ros/galactic/include/rclcpp/rclcpp.hpp:156,
[3.200s]                  from /home/ccl/ros2_ws/uav_tf2_test/src/tf2_listener.cpp:8:
[3.201s] /home/ccl/ros2_ws/uav_tf2_test/src/tf2_listener.cpp:56:29: error: missing terminating " character
[3.201s]    56 |         this->get_logger(), "Transform %s to %s successfully,
[3.201s]       |                             ^~~~~~~~~~~~~~~~~~~~~~~~~~~~~~~~~ 
[3.201s] /home/ccl/ros2_ws/uav_tf2_test/src/tf2_listener.cpp:57:69: error: missing terminating " character
[3.201s]    57 |             result: p_x %f p_y %f p_z %f r_x %f r_y %f r_z %f r_w %f",
[3.201s]       |                                                                     ^~
[3.202s] /home/ccl/ros2_ws/uav_tf2_test/src/tf2_listener.cpp:74:29: warning: missing terminating " character
[3.202s]    74 |         this->get_logger(), "Transform %s to %s successfully,
[3.202s]       |                             ^
[3.202s] /home/ccl/ros2_ws/uav_tf2_test/src/tf2_listener.cpp:75:69: warning: missing terminating " character
[3.202s]    75 |             result: p_x %f p_y %f p_z %f r_x %f r_y %f r_z %f r_w %f",
[3.202s]       |                                                                     ^
[3.203s] In file included from /opt/ros/galactic/include/rclcpp/client.hpp:40,
[3.203s]                  from /opt/ros/galactic/include/rclcpp/callback_group.hpp:23,
[3.203s]                  from /opt/ros/galactic/include/rclcpp/any_executable.hpp:20,
[3.203s]                  from /opt/ros/galactic/include/rclcpp/memory_strategy.hpp:25,
[3.203s]                  from /opt/ros/galactic/include/rclcpp/memory_strategies.hpp:18,
[3.203s]                  from /opt/ros/galactic/include/rclcpp/executor_options.hpp:20,
[3.203s]                  from /opt/ros/galactic/include/rclcpp/executor.hpp:36,
[3.204s]                  from /opt/ros/galactic/include/rclcpp/executors/multi_threaded_executor.hpp:26,
[3.204s]                  from /opt/ros/galactic/include/rclcpp/executors.hpp:21,
[3.204s]                  from /opt/ros/galactic/include/rclcpp/rclcpp.hpp:156,
[3.204s]                  from /home/ccl/ros2_ws/uav_tf2_test/src/tf2_listener.cpp:8:
[3.204s] /home/ccl/ros2_ws/uav_tf2_test/src/tf2_listener.cpp:74:29: error: missing terminating " character
[3.204s]    74 |         this->get_logger(), "Transform %s to %s successfully,
[3.205s]       |                             ^~~~~~~~~~~~~~~~~~~~~~~~~~~~~~~~~ 
[3.205s] /home/ccl/ros2_ws/uav_tf2_test/src/tf2_listener.cpp:75:69: error: missing terminating " character
[3.206s]    75 |             result: p_x %f p_y %f p_z %f r_x %f r_y %f r_z %f r_w %f",
[3.206s]       |                                                                     ^~
[3.206s] /home/ccl/ros2_ws/uav_tf2_test/src/tf2_listener.cpp: In constructor â€˜FrameListener::FrameListener()â€™:
[3.206s] /home/ccl/ros2_ws/uav_tf2_test/src/tf2_listener.cpp:22:5: error: â€˜source_frame_1â€™ was not declared in this scope
[3.206s]    22 |     source_frame_1 = this->declare_parameter<std::string>("source_frame", "camera");
[3.206s]       |     ^~~~~~~~~~~~~~
[3.206s] /home/ccl/ros2_ws/uav_tf2_test/src/tf2_listener.cpp:23:5: error: â€˜source_frame_2â€™ was not declared in this scope
[3.207s]    23 |     source_frame_2 = this->declare_parameter<std::string>("source_frame", "lidar");
[3.207s]       |     ^~~~~~~~~~~~~~
[3.207s] /home/ccl/ros2_ws/uav_tf2_test/src/tf2_listener.cpp: In member function â€˜void FrameListener::on_timer()â€™:
[3.207s] /home/ccl/ros2_ws/uav_tf2_test/src/tf2_listener.cpp:37:33: error: â€˜source_frame_1â€™ was not declared in this scope
[3.207s]    37 |     std::string fromFrameRel1 = source_frame_1.c_str();
[3.207s]       |                                 ^~~~~~~~~~~~~~
[3.207s] /home/ccl/ros2_ws/uav_tf2_test/src/tf2_listener.cpp:38:33: error: â€˜source_frame_2â€™ was not declared in this scope
[3.207s]    38 |     std::string fromFrameRel2 = source_frame_2.c_str();
[3.207s]       |                                 ^~~~~~~~~~~~~~
[3.208s] /home/ccl/ros2_ws/uav_tf2_test/src/tf2_listener.cpp:46:9: error: â€˜t1â€™ was not declared in this scope; did you mean â€˜tmâ€™?
[3.208s]    46 |         t1 = tf_buffer_->lookupTransform(
[3.208s]       |         ^~
[3.208s]       |         tm
[3.208s] In file included from /opt/ros/galactic/include/rclcpp/client.hpp:40,
[3.208s]                  from /opt/ros/galactic/include/rclcpp/callback_group.hpp:23,
[3.208s]                  from /opt/ros/galactic/include/rclcpp/any_executable.hpp:20,
[3.208s]                  from /opt/ros/galactic/include/rclcpp/memory_strategy.hpp:25,
[3.208s]                  from /opt/ros/galactic/include/rclcpp/memory_strategies.hpp:18,
[3.209s]                  from /opt/ros/galactic/include/rclcpp/executor_options.hpp:20,
[3.209s]                  from /opt/ros/galactic/include/rclcpp/executor.hpp:36,
[3.209s]                  from /opt/ros/galactic/include/rclcpp/executors/multi_threaded_executor.hpp:26,
[3.209s]                  from /opt/ros/galactic/include/rclcpp/executors.hpp:21,
[3.209s]                  from /opt/ros/galactic/include/rclcpp/rclcpp.hpp:156,
[3.209s]                  from /home/ccl/ros2_ws/uav_tf2_test/src/tf2_listener.cpp:8:
[3.210s] /home/ccl/ros2_ws/uav_tf2_test/src/tf2_listener.cpp:51:13: error: â€˜fromFrameRelâ€™ was not declared in this scope; did you mean â€˜fromFrameRel2â€™?
[3.210s]    51 |             fromFrameRel.c_str(), toFrameRel1.c_str(), ex.what());
[3.210s]       |             ^~~~~~~~~~~~
[3.210s] /home/ccl/ros2_ws/uav_tf2_test/src/tf2_listener.cpp:51:35: error: â€˜toFrameRel1â€™ was not declared in this scope; did you mean â€˜toFrameRelâ€™?
[3.210s]    51 |             fromFrameRel.c_str(), toFrameRel1.c_str(), ex.what());
[3.211s]       |                                   ^~~~~~~~~~~
[3.211s] /home/ccl/ros2_ws/uav_tf2_test/src/tf2_listener.cpp:57:19: error: found â€˜:â€™ in nested-name-specifier, expected â€˜::â€™
[3.211s]    57 |             result: p_x %f p_y %f p_z %f r_x %f r_y %f r_z %f r_w %f",
[3.211s]       |                   ^
[3.211s] /home/ccl/ros2_ws/uav_tf2_test/src/tf2_listener.cpp:57:13: error: â€˜resultâ€™ has not been declared
[3.211s]    57 |             result: p_x %f p_y %f p_z %f r_x %f r_y %f r_z %f r_w %f",
[3.211s]       |             ^~~~~~
[3.211s] /home/ccl/ros2_ws/uav_tf2_test/src/tf2_listener.cpp:57:26: error: â€˜fâ€™ was not declared in this scope
[3.211s]    57 |             result: p_x %f p_y %f p_z %f r_x %f r_y %f r_z %f r_w %f",
[3.212s]       |                          ^
[3.212s] /home/ccl/ros2_ws/uav_tf2_test/src/tf2_listener.cpp:58:52: error: â€˜t1â€™ was not declared in this scope; did you mean â€˜tmâ€™?
[3.212s]    58 |         fromFrameRel1.c_str(), toFrameRel.c_str(), t1.translation.x,
[3.212s]       |                                                    ^~
[3.212s] /home/ccl/ros2_ws/uav_tf2_test/src/tf2_listener.cpp:63:5: error: expected â€˜;â€™ before â€˜tryâ€™
[3.212s]    63 |     try {
[3.212s]       |     ^~~
[3.212s] /home/ccl/ros2_ws/uav_tf2_test/src/tf2_listener.cpp:64:9: error: â€˜t2â€™ was not declared in this scope; did you mean â€˜tf2â€™?
[3.212s]    64 |         t2 = tf_buffer_->lookupTransform(
[3.213s]       |         ^~
[3.213s]       |         tf2
[3.213s] In file included from /opt/ros/galactic/include/rclcpp/client.hpp:40,
[3.213s]                  from /opt/ros/galactic/include/rclcpp/callback_group.hpp:23,
[3.213s]                  from /opt/ros/galactic/include/rclcpp/any_executable.hpp:20,
[3.213s]                  from /opt/ros/galactic/include/rclcpp/memory_strategy.hpp:25,
[3.213s]                  from /opt/ros/galactic/include/rclcpp/memory_strategies.hpp:18,
[3.213s]                  from /opt/ros/galactic/include/rclcpp/executor_options.hpp:20,
[3.213s]                  from /opt/ros/galactic/include/rclcpp/executor.hpp:36,
[3.213s]                  from /opt/ros/galactic/include/rclcpp/executors/multi_threaded_executor.hpp:26,
[3.214s]                  from /opt/ros/galactic/include/rclcpp/executors.hpp:21,
[3.214s]                  from /opt/ros/galactic/include/rclcpp/rclcpp.hpp:156,
[3.214s]                  from /home/ccl/ros2_ws/uav_tf2_test/src/tf2_listener.cpp:8:
[3.214s] /home/ccl/ros2_ws/uav_tf2_test/src/tf2_listener.cpp:75:19: error: found â€˜:â€™ in nested-name-specifier, expected â€˜::â€™
[3.214s]    75 |             result: p_x %f p_y %f p_z %f r_x %f r_y %f r_z %f r_w %f",
[3.214s]       |                   ^
[3.214s] /home/ccl/ros2_ws/uav_tf2_test/src/tf2_listener.cpp:75:13: error: â€˜resultâ€™ has not been declared
[3.214s]    75 |             result: p_x %f p_y %f p_z %f r_x %f r_y %f r_z %f r_w %f",
[3.215s]       |             ^~~~~~
[3.215s] /home/ccl/ros2_ws/uav_tf2_test/src/tf2_listener.cpp:75:26: error: â€˜fâ€™ was not declared in this scope
[3.215s]    75 |             result: p_x %f p_y %f p_z %f r_x %f r_y %f r_z %f r_w %f",
[3.215s]       |                          ^
[3.215s] /home/ccl/ros2_ws/uav_tf2_test/src/tf2_listener.cpp:76:52: error: â€˜t2â€™ was not declared in this scope; did you mean â€˜tf2â€™?
[3.215s]    76 |         fromFrameRel2.c_str(), toFrameRel.c_str(), t2.translation.x,
[3.215s]       |                                                    ^~
[3.215s] /home/ccl/ros2_ws/uav_tf2_test/src/tf2_listener.cpp:81:3: error: expected â€˜;â€™ before â€˜}â€™ token
[3.215s]    81 |   }
[3.215s]       |   ^
[3.216s] make[2]: *** [CMakeFiles/tf2_listener.dir/build.make:63: CMakeFiles/tf2_listener.dir/src/tf2_listener.cpp.o] Error 1
[3.216s] make[1]: *** [CMakeFiles/Makefile2:279: CMakeFiles/tf2_listener.dir/all] Error 2
[3.216s] make[1]: *** Waiting for unfinished jobs....
[4.412s] /home/ccl/ros2_ws/uav_tf2_test/src/lidar_tf2_broadcaster.cpp: In member function â€˜void FramePublisher::handle_lidar_pose(std::shared_ptr<geometry_msgs::msg::Pose_<std::allocator<void> > >)â€™:
[4.412s] /home/ccl/ros2_ws/uav_tf2_test/src/lidar_tf2_broadcaster.cpp:41:46: error: base operand of â€˜->â€™ has non-pointer type â€˜geometry_msgs::msg::Pose_<std::allocator<void> >::_position_typeâ€™ {aka â€˜geometry_msgs::msg::Point_<std::allocator<void> >â€™}
[4.412s]    41 |     t.transform.translation.x = msg->position->x;
[4.412s]       |                                              ^~
[4.412s] /home/ccl/ros2_ws/uav_tf2_test/src/lidar_tf2_broadcaster.cpp:42:46: error: base operand of â€˜->â€™ has non-pointer type â€˜geometry_msgs::msg::Pose_<std::allocator<void> >::_position_typeâ€™ {aka â€˜geometry_msgs::msg::Point_<std::allocator<void> >â€™}
[4.412s]    42 |     t.transform.translation.y = msg->position->y;
[4.413s]       |                                              ^~
[4.413s] /home/ccl/ros2_ws/uav_tf2_test/src/lidar_tf2_broadcaster.cpp:43:46: error: base operand of â€˜->â€™ has non-pointer type â€˜geometry_msgs::msg::Pose_<std::allocator<void> >::_position_typeâ€™ {aka â€˜geometry_msgs::msg::Point_<std::allocator<void> >â€™}
[4.413s]    43 |     t.transform.translation.z = msg->position->z;
[4.413s]       |                                              ^~
[4.413s] /home/ccl/ros2_ws/uav_tf2_test/src/lidar_tf2_broadcaster.cpp:45:46: error: base operand of â€˜->â€™ has non-pointer type â€˜geometry_msgs::msg::Pose_<std::allocator<void> >::_orientation_typeâ€™ {aka â€˜geometry_msgs::msg::Quaternion_<std::allocator<void> >â€™}
[4.413s]    45 |     t.transform.rotation.x = msg->orientation->x;
[4.413s]       |                                              ^~
[4.413s] /home/ccl/ros2_ws/uav_tf2_test/src/lidar_tf2_broadcaster.cpp:46:46: error: base operand of â€˜->â€™ has non-pointer type â€˜geometry_msgs::msg::Pose_<std::allocator<void> >::_orientation_typeâ€™ {aka â€˜geometry_msgs::msg::Quaternion_<std::allocator<void> >â€™}
[4.413s]    46 |     t.transform.rotation.y = msg->orientation->y;
[4.413s]       |                                              ^~
[4.414s] /home/ccl/ros2_ws/uav_tf2_test/src/lidar_tf2_broadcaster.cpp:47:46: error: base operand of â€˜->â€™ has non-pointer type â€˜geometry_msgs::msg::Pose_<std::allocator<void> >::_orientation_typeâ€™ {aka â€˜geometry_msgs::msg::Quaternion_<std::allocator<void> >â€™}
[4.414s]    47 |     t.transform.rotation.z = msg->orientation->z;
[4.414s]       |                                              ^~
[4.414s] /home/ccl/ros2_ws/uav_tf2_test/src/lidar_tf2_broadcaster.cpp:48:46: error: base operand of â€˜->â€™ has non-pointer type â€˜geometry_msgs::msg::Pose_<std::allocator<void> >::_orientation_typeâ€™ {aka â€˜geometry_msgs::msg::Quaternion_<std::allocator<void> >â€™}
[4.414s]    48 |     t.transform.rotation.w = msg->orientation->w;
[4.414s]       |                                              ^~
[4.414s] make[2]: *** [CMakeFiles/lidar_tf2_broadcaster.dir/build.make:63: CMakeFiles/lidar_tf2_broadcaster.dir/src/lidar_tf2_broadcaster.cpp.o] Error 1
[4.414s] make[1]: *** [CMakeFiles/Makefile2:252: CMakeFiles/lidar_tf2_broadcaster.dir/all] Error 2
[4.511s] /home/ccl/ros2_ws/uav_tf2_test/src/uav_tf2_broadcaster.cpp: In member function â€˜void FramePublisher::handle_uav_pose(std::shared_ptr<geometry_msgs::msg::Pose_<std::allocator<void> > >)â€™:
[4.511s] /home/ccl/ros2_ws/uav_tf2_test/src/uav_tf2_broadcaster.cpp:41:46: error: base operand of â€˜->â€™ has non-pointer type â€˜geometry_msgs::msg::Pose_<std::allocator<void> >::_position_typeâ€™ {aka â€˜geometry_msgs::msg::Point_<std::allocator<void> >â€™}
[4.511s]    41 |     t.transform.translation.x = msg->position->x;
[4.512s]       |                                              ^~
[4.512s] /home/ccl/ros2_ws/uav_tf2_test/src/uav_tf2_broadcaster.cpp:42:46: error: base operand of â€˜->â€™ has non-pointer type â€˜geometry_msgs::msg::Pose_<std::allocator<void> >::_position_typeâ€™ {aka â€˜geometry_msgs::msg::Point_<std::allocator<void> >â€™}
[4.512s]    42 |     t.transform.translation.y = msg->position->y;
[4.512s]       |                                              ^~
[4.512s] /home/ccl/ros2_ws/uav_tf2_test/src/uav_tf2_broadcaster.cpp:43:46: error: base operand of â€˜->â€™ has non-pointer type â€˜geometry_msgs::msg::Pose_<std::allocator<void> >::_position_typeâ€™ {aka â€˜geometry_msgs::msg::Point_<std::allocator<void> >â€™}
[4.512s]    43 |     t.transform.translation.z = msg->position->z;
[4.513s]       |                                              ^~
[4.513s] /home/ccl/ros2_ws/uav_tf2_test/src/uav_tf2_broadcaster.cpp:45:46: error: base operand of â€˜->â€™ has non-pointer type â€˜geometry_msgs::msg::Pose_<std::allocator<void> >::_orientation_typeâ€™ {aka â€˜geometry_msgs::msg::Quaternion_<std::allocator<void> >â€™}
[4.513s]    45 |     t.transform.rotation.x = msg->orientation->x;
[4.513s]       |                                              ^~
[4.513s] /home/ccl/ros2_ws/uav_tf2_test/src/uav_tf2_broadcaster.cpp:46:46: error: base operand of â€˜->â€™ has non-pointer type â€˜geometry_msgs::msg::Pose_<std::allocator<void> >::_orientation_typeâ€™ {aka â€˜geometry_msgs::msg::Quaternion_<std::allocator<void> >â€™}
[4.513s]    46 |     t.transform.rotation.y = msg->orientation->y;
[4.513s]       |                                              ^~
[4.513s] /home/ccl/ros2_ws/uav_tf2_test/src/uav_tf2_broadcaster.cpp:47:46: error: base operand of â€˜->â€™ has non-pointer type â€˜geometry_msgs::msg::Pose_<std::allocator<void> >::_orientation_typeâ€™ {aka â€˜geometry_msgs::msg::Quaternion_<std::allocator<void> >â€™}
[4.513s]    47 |     t.transform.rotation.z = msg->orientation->z;
[4.514s]       |                                              ^~
[4.514s] /home/ccl/ros2_ws/uav_tf2_test/src/uav_tf2_broadcaster.cpp:48:46: error: base operand of â€˜->â€™ has non-pointer type â€˜geometry_msgs::msg::Pose_<std::allocator<void> >::_orientation_typeâ€™ {aka â€˜geometry_msgs::msg::Quaternion_<std::allocator<void> >â€™}
[4.514s]    48 |     t.transform.rotation.w = msg->orientation->w;
[4.514s]       |                                              ^~
[4.514s] make[2]: *** [CMakeFiles/uav_tf2_broadcaster.dir/build.make:63: CMakeFiles/uav_tf2_broadcaster.dir/src/uav_tf2_broadcaster.cpp.o] Error 1
[4.514s] make[1]: *** [CMakeFiles/Makefile2:225: CMakeFiles/uav_tf2_broadcaster.dir/all] Error 2
[4.606s] /home/ccl/ros2_ws/uav_tf2_test/src/camera_tf2_broadcaster.cpp: In member function â€˜void FramePublisher::handle_camera_pose(std::shared_ptr<geometry_msgs::msg::Pose_<std::allocator<void> > >)â€™:
[4.607s] /home/ccl/ros2_ws/uav_tf2_test/src/camera_tf2_broadcaster.cpp:41:46: error: base operand of â€˜->â€™ has non-pointer type â€˜geometry_msgs::msg::Pose_<std::allocator<void> >::_position_typeâ€™ {aka â€˜geometry_msgs::msg::Point_<std::allocator<void> >â€™}
[4.607s]    41 |     t.transform.translation.x = msg->position->x;
[4.607s]       |                                              ^~
[4.607s] /home/ccl/ros2_ws/uav_tf2_test/src/camera_tf2_broadcaster.cpp:42:46: error: base operand of â€˜->â€™ has non-pointer type â€˜geometry_msgs::msg::Pose_<std::allocator<void> >::_position_typeâ€™ {aka â€˜geometry_msgs::msg::Point_<std::allocator<void> >â€™}
[4.607s]    42 |     t.transform.translation.y = msg->position->y;
[4.608s]       |                                              ^~
[4.608s] /home/ccl/ros2_ws/uav_tf2_test/src/camera_tf2_broadcaster.cpp:43:46: error: base operand of â€˜->â€™ has non-pointer type â€˜geometry_msgs::msg::Pose_<std::allocator<void> >::_position_typeâ€™ {aka â€˜geometry_msgs::msg::Point_<std::allocator<void> >â€™}
[4.608s]    43 |     t.transform.translation.z = msg->position->z;
[4.608s]       |                                              ^~
[4.608s] /home/ccl/ros2_ws/uav_tf2_test/src/camera_tf2_broadcaster.cpp:45:46: error: base operand of â€˜->â€™ has non-pointer type â€˜geometry_msgs::msg::Pose_<std::allocator<void> >::_orientation_typeâ€™ {aka â€˜geometry_msgs::msg::Quaternion_<std::allocator<void> >â€™}
[4.608s]    45 |     t.transform.rotation.x = msg->orientation->x;
[4.608s]       |                                              ^~
[4.608s] /home/ccl/ros2_ws/uav_tf2_test/src/camera_tf2_broadcaster.cpp:46:46: error: base operand of â€˜->â€™ has non-pointer type â€˜geometry_msgs::msg::Pose_<std::allocator<void> >::_orientation_typeâ€™ {aka â€˜geometry_msgs::msg::Quaternion_<std::allocator<void> >â€™}
[4.609s]    46 |     t.transform.rotation.y = msg->orientation->y;
[4.609s]       |                                              ^~
[4.609s] /home/ccl/ros2_ws/uav_tf2_test/src/camera_tf2_broadcaster.cpp:47:46: error: base operand of â€˜->â€™ has non-pointer type â€˜geometry_msgs::msg::Pose_<std::allocator<void> >::_orientation_typeâ€™ {aka â€˜geometry_msgs::msg::Quaternion_<std::allocator<void> >â€™}
[4.609s]    47 |     t.transform.rotation.z = msg->orientation->z;
[4.609s]       |                                              ^~
[4.609s] /home/ccl/ros2_ws/uav_tf2_test/src/camera_tf2_broadcaster.cpp:48:46: error: base operand of â€˜->â€™ has non-pointer type â€˜geometry_msgs::msg::Pose_<std::allocator<void> >::_orientation_typeâ€™ {aka â€˜geometry_msgs::msg::Quaternion_<std::allocator<void> >â€™}
[4.609s]    48 |     t.transform.rotation.w = msg->orientation->w;
[4.609s]       |                                              ^~
[4.609s] make[2]: *** [CMakeFiles/camera_tf2_broadcaster.dir/build.make:63: CMakeFiles/camera_tf2_broadcaster.dir/src/camera_tf2_broadcaster.cpp.o] Error 1
[4.610s] make[1]: *** [CMakeFiles/Makefile2:198: CMakeFiles/camera_tf2_broadcaster.dir/all] Error 2
[4.610s] make: *** [Makefile:141: all] Error 2
[4.612s] Invoked command in '/home/ccl/ros2_ws/build/uav_tf2_test' returned '2': CMAKE_PREFIX_PATH=${CMAKE_PREFIX_PATH}:/opt/ros/galactic /usr/bin/cmake --build /home/ccl/ros2_ws/build/uav_tf2_test -- -j8 -l8
