[01m[K/home/ccl/ROS2_UAV/uav_urdf_demo/src/command_publisher.cpp:4:10:[m[K [01;31m[Kfatal error: [m[Kstd_msgs/msg/Int16.hpp: No such file or directory
    4 | #include [01;31m[K"std_msgs/msg/Int16.hpp"[m[K
      |          [01;31m[K^~~~~~~~~~~~~~~~~~~~~~~~[m[K
compilation terminated.
make[2]: *** [CMakeFiles/command_publisher.dir/build.make:63: CMakeFiles/command_publisher.dir/src/command_publisher.cpp.o] Error 1
make[1]: *** [CMakeFiles/Makefile2:107: CMakeFiles/command_publisher.dir/all] Error 2
make[1]: *** Waiting for unfinished jobs....
[01m[K/home/ccl/ROS2_UAV/uav_urdf_demo/src/state_publisher.cpp:10:10:[m[K [01;31m[Kfatal error: [m[Kstd_msgs/msg/Int16.hpp: No such file or directory
   10 | #include [01;31m[K"std_msgs/msg/Int16.hpp"[m[K
      |          [01;31m[K^~~~~~~~~~~~~~~~~~~~~~~~[m[K
compilation terminated.
make[2]: *** [CMakeFiles/state_publisher.dir/build.make:63: CMakeFiles/state_publisher.dir/src/state_publisher.cpp.o] Error 1
make[1]: *** [CMakeFiles/Makefile2:80: CMakeFiles/state_publisher.dir/all] Error 2
make: *** [Makefile:141: all] Error 2
