[0.022s] Invoking command in '/home/ccl/ROS2_UAV/build/uav_urdf_demo': CMAKE_PREFIX_PATH=/opt/ros/galactic /usr/bin/cmake --build /home/ccl/ROS2_UAV/build/uav_urdf_demo -- -j8 -l8
[0.083s] -- Found ament_cmake: 1.1.6 (/opt/ros/galactic/share/ament_cmake/cmake)
[0.107s] -- Using PYTHON_EXECUTABLE: /usr/bin/python3
[0.185s] -- Found geometry_msgs: 2.2.4 (/opt/ros/galactic/share/geometry_msgs/cmake)
[0.224s] -- Using all available rosidl_typesupport_c: rosidl_typesupport_fastrtps_c;rosidl_typesupport_introspection_c
[0.229s] -- Found rosidl_adapter: 2.2.3 (/opt/ros/galactic/share/rosidl_adapter/cmake)
[0.355s] -- Using all available rosidl_typesupport_cpp: rosidl_typesupport_fastrtps_cpp;rosidl_typesupport_introspection_cpp
[0.437s] -- Found rclcpp: 9.2.2 (/opt/ros/galactic/share/rclcpp/cmake)
[0.496s] -- Found rmw_implementation_cmake: 3.3.1 (/opt/ros/galactic/share/rmw_implementation_cmake/cmake)
[0.499s] -- Found rmw_cyclonedds_cpp: 0.22.6 (/opt/ros/galactic/share/rmw_cyclonedds_cpp/cmake)
[0.521s] -- Using RMW implementation 'rmw_cyclonedds_cpp' as default
[0.640s] -- Found sensor_msgs: 2.2.4 (/opt/ros/galactic/share/sensor_msgs/cmake)
[0.695s] -- Found tf2: 0.17.5 (/opt/ros/galactic/share/tf2/cmake)
[0.706s] -- Found tf2_ros: 0.17.5 (/opt/ros/galactic/share/tf2_ros/cmake)
[0.978s] -- Found ament_lint_auto: 0.10.7 (/opt/ros/galactic/share/ament_lint_auto/cmake)
[1.043s] -- Added test 'copyright' to check source files copyright and LICENSE
[1.044s] -- Added test 'cppcheck' to perform static code analysis on C / C++ code
[1.045s] -- Configured cppcheck include dirs: 
[1.045s] -- Configured cppcheck exclude dirs and/or files: 
[1.046s] -- Added test 'cpplint' to check C / C++ code against the Google style
[1.046s] -- Configured cpplint exclude dirs and/or files: 
[1.046s] -- Added test 'flake8' to check Python code syntax and style conventions
[1.047s] -- Added test 'lint_cmake' to check CMake code style
[1.048s] -- Added test 'pep257' to check Python code against some of the style conventions in PEP 257
[1.049s] -- Added test 'uncrustify' to check C / C++ code style
[1.049s] -- Configured uncrustify additional arguments: 
[1.050s] -- Added test 'xmllint' to check XML markup files
[1.053s] -- Configuring done
[1.070s] -- Generating done
[1.071s] -- Build files have been written to: /home/ccl/ROS2_UAV/build/uav_urdf_demo
[1.095s] [35m[1mScanning dependencies of target command_publisher[0m
[1.106s] [ 25%] [32mBuilding CXX object CMakeFiles/command_publisher.dir/src/command_publisher.cpp.o[0m
[1.119s] [35m[1mScanning dependencies of target state_publisher[0m
[1.157s] [ 50%] [32mBuilding CXX object CMakeFiles/state_publisher.dir/src/state_publisher.cpp.o[0m
[1.194s] [01m[K/home/ccl/ROS2_UAV/uav_urdf_demo/src/command_publisher.cpp:4:10:[m[K [01;31m[Kfatal error: [m[Kstd_msgs/msg/Int16.hpp: No such file or directory
[1.194s]     4 | #include [01;31m[K"std_msgs/msg/Int16.hpp"[m[K
[1.194s]       |          [01;31m[K^~~~~~~~~~~~~~~~~~~~~~~~[m[K
[1.194s] compilation terminated.
[1.195s] make[2]: *** [CMakeFiles/command_publisher.dir/build.make:63: CMakeFiles/command_publisher.dir/src/command_publisher.cpp.o] Error 1
[1.195s] make[1]: *** [CMakeFiles/Makefile2:107: CMakeFiles/command_publisher.dir/all] Error 2
[1.195s] make[1]: *** Waiting for unfinished jobs....
[1.497s] [01m[K/home/ccl/ROS2_UAV/uav_urdf_demo/src/state_publisher.cpp:10:10:[m[K [01;31m[Kfatal error: [m[Kstd_msgs/msg/Int16.hpp: No such file or directory
[1.497s]    10 | #include [01;31m[K"std_msgs/msg/Int16.hpp"[m[K
[1.497s]       |          [01;31m[K^~~~~~~~~~~~~~~~~~~~~~~~[m[K
[1.498s] compilation terminated.
[1.499s] make[2]: *** [CMakeFiles/state_publisher.dir/build.make:63: CMakeFiles/state_publisher.dir/src/state_publisher.cpp.o] Error 1
[1.499s] make[1]: *** [CMakeFiles/Makefile2:80: CMakeFiles/state_publisher.dir/all] Error 2
[1.500s] make: *** [Makefile:141: all] Error 2
[1.502s] Invoked command in '/home/ccl/ROS2_UAV/build/uav_urdf_demo' returned '2': CMAKE_PREFIX_PATH=/opt/ros/galactic /usr/bin/cmake --build /home/ccl/ROS2_UAV/build/uav_urdf_demo -- -j8 -l8
