[0.031s] Invoking command in '/home/ccl/ros2_ws/build/uav_tf2_test': CMAKE_PREFIX_PATH=${CMAKE_PREFIX_PATH}:/opt/ros/galactic /usr/bin/cmake --build /home/ccl/ros2_ws/build/uav_tf2_test -- -j8 -l8
[0.135s] [35m[1mScanning dependencies of target tf2_listener[0m
[0.162s] [ 14%] Built target camera_node
[0.166s] [ 28%] Built target lidar_node
[0.169s] [ 42%] Built target uav_node
[0.186s] [ 57%] Built target uav_tf2_broadcaster
[0.196s] [ 71%] Built target lidar_tf2_broadcaster
[0.212s] [ 85%] Built target camera_tf2_broadcaster
[0.229s] [ 92%] [32mBuilding CXX object CMakeFiles/tf2_listener.dir/src/tf2_listener.cpp.o[0m
[2.843s] /home/ccl/ros2_ws/uav_tf2_test/src/tf2_listener.cpp: In constructor â€˜FrameListener::FrameListener()â€™:
[2.843s] /home/ccl/ros2_ws/uav_tf2_test/src/tf2_listener.cpp:22:5: error: â€˜source_frame_1â€™ was not declared in this scope
[2.844s]    22 |     source_frame_1 = this->declare_parameter<std::string>("source_frame", "camera");
[2.844s]       |     ^~~~~~~~~~~~~~
[2.844s] /home/ccl/ros2_ws/uav_tf2_test/src/tf2_listener.cpp:23:5: error: â€˜source_frame_2â€™ was not declared in this scope
[2.844s]    23 |     source_frame_2 = this->declare_parameter<std::string>("source_frame", "lidar");
[2.845s]       |     ^~~~~~~~~~~~~~
[2.845s] /home/ccl/ros2_ws/uav_tf2_test/src/tf2_listener.cpp: In member function â€˜void FrameListener::on_timer()â€™:
[2.845s] /home/ccl/ros2_ws/uav_tf2_test/src/tf2_listener.cpp:37:33: error: â€˜source_frame_1â€™ was not declared in this scope
[2.845s]    37 |     std::string fromFrameRel1 = source_frame_1.c_str();
[2.845s]       |                                 ^~~~~~~~~~~~~~
[2.845s] /home/ccl/ros2_ws/uav_tf2_test/src/tf2_listener.cpp:38:33: error: â€˜source_frame_2â€™ was not declared in this scope
[2.845s]    38 |     std::string fromFrameRel2 = source_frame_2.c_str();
[2.845s]       |                                 ^~~~~~~~~~~~~~
[2.845s] /home/ccl/ros2_ws/uav_tf2_test/src/tf2_listener.cpp:46:9: error: â€˜t1â€™ was not declared in this scope; did you mean â€˜tmâ€™?
[2.846s]    46 |         t1 = tf_buffer_->lookupTransform(
[2.846s]       |         ^~
[2.846s]       |         tm
[2.846s] In file included from /opt/ros/galactic/include/rclcpp/client.hpp:40,
[2.846s]                  from /opt/ros/galactic/include/rclcpp/callback_group.hpp:23,
[2.846s]                  from /opt/ros/galactic/include/rclcpp/any_executable.hpp:20,
[2.847s]                  from /opt/ros/galactic/include/rclcpp/memory_strategy.hpp:25,
[2.847s]                  from /opt/ros/galactic/include/rclcpp/memory_strategies.hpp:18,
[2.847s]                  from /opt/ros/galactic/include/rclcpp/executor_options.hpp:20,
[2.847s]                  from /opt/ros/galactic/include/rclcpp/executor.hpp:36,
[2.847s]                  from /opt/ros/galactic/include/rclcpp/executors/multi_threaded_executor.hpp:26,
[2.847s]                  from /opt/ros/galactic/include/rclcpp/executors.hpp:21,
[2.848s]                  from /opt/ros/galactic/include/rclcpp/rclcpp.hpp:156,
[2.848s]                  from /home/ccl/ros2_ws/uav_tf2_test/src/tf2_listener.cpp:8:
[2.848s] /home/ccl/ros2_ws/uav_tf2_test/src/tf2_listener.cpp:58:13: error: â€˜fromFrameRelâ€™ was not declared in this scope; did you mean â€˜fromFrameRel2â€™?
[2.848s]    58 |             fromFrameRel.c_str(), toFrameRel1.c_str(), ex.what());
[2.850s]       |             ^~~~~~~~~~~~
[2.850s] /home/ccl/ros2_ws/uav_tf2_test/src/tf2_listener.cpp:58:35: error: â€˜toFrameRel1â€™ was not declared in this scope; did you mean â€˜toFrameRelâ€™?
[2.851s]    58 |             fromFrameRel.c_str(), toFrameRel1.c_str(), ex.what());
[2.851s]       |                                   ^~~~~~~~~~~
[2.851s] /home/ccl/ros2_ws/uav_tf2_test/src/tf2_listener.cpp:63:9: error: â€˜t2â€™ was not declared in this scope; did you mean â€˜tf2â€™?
[2.851s]    63 |         t2 = tf_buffer_->lookupTransform(
[2.852s]       |         ^~
[2.852s]       |         tf2
[2.854s] make[2]: *** [CMakeFiles/tf2_listener.dir/build.make:63: CMakeFiles/tf2_listener.dir/src/tf2_listener.cpp.o] Error 1
[2.857s] make[1]: *** [CMakeFiles/Makefile2:279: CMakeFiles/tf2_listener.dir/all] Error 2
[2.857s] make: *** [Makefile:141: all] Error 2
[2.861s] Invoked command in '/home/ccl/ros2_ws/build/uav_tf2_test' returned '2': CMAKE_PREFIX_PATH=${CMAKE_PREFIX_PATH}:/opt/ros/galactic /usr/bin/cmake --build /home/ccl/ros2_ws/build/uav_tf2_test -- -j8 -l8
