[0.018s] Invoking command in '/home/ccl/ROS2_UAV/build/uav_urdf_demo': CMAKE_PREFIX_PATH=${CMAKE_PREFIX_PATH}:/opt/ros/galactic /usr/bin/cmake --build /home/ccl/ROS2_UAV/build/uav_urdf_demo -- -j8 -l8
[0.070s] [ 50%] [32mBuilding CXX object CMakeFiles/state_publisher.dir/src/state_publisher.cpp.o[0m
[0.071s] [ 75%] Built target command_publisher
[3.636s] /home/ccl/ROS2_UAV/uav_urdf_demo/src/state_publisher.cpp: In member function â€˜void StatePublisher::cmd_callback(std::shared_ptr<std_msgs::msg::Int16_<std::allocator<void> > >)â€™:
[3.636s] /home/ccl/ROS2_UAV/uav_urdf_demo/src/state_publisher.cpp:90:29: error: expected â€˜;â€™ before â€˜doâ€™
[3.636s]    90 |             yaw = -1 * angle
[3.637s]       |                             ^
[3.637s]       |                             ;
[3.637s] make[2]: *** [CMakeFiles/state_publisher.dir/build.make:63: CMakeFiles/state_publisher.dir/src/state_publisher.cpp.o] Error 1
[3.637s] make[1]: *** [CMakeFiles/Makefile2:80: CMakeFiles/state_publisher.dir/all] Error 2
[3.637s] make: *** [Makefile:141: all] Error 2
[3.639s] Invoked command in '/home/ccl/ROS2_UAV/build/uav_urdf_demo' returned '2': CMAKE_PREFIX_PATH=${CMAKE_PREFIX_PATH}:/opt/ros/galactic /usr/bin/cmake --build /home/ccl/ROS2_UAV/build/uav_urdf_demo -- -j8 -l8
