[0.015s] Invoking command in '/home/ccl/ros2_ws/build/uav_urdf_demo': CMAKE_PREFIX_PATH=/opt/ros/galactic /usr/bin/cmake --build /home/ccl/ros2_ws/build/uav_urdf_demo -- -j8 -l8
[0.056s] [35m[1mScanning dependencies of target state_publisher[0m
[0.087s] [ 50%] [32mBuilding CXX object CMakeFiles/state_publisher.dir/src/state_publisher.cpp.o[0m
[2.135s] /home/ccl/ros2_ws/uav_urdf_demo/src/state_publisher.cpp: In constructor â€˜StatePublisher::StatePublisher()â€™:
[2.135s] /home/ccl/ros2_ws/uav_urdf_demo/src/state_publisher.cpp:28:93: error: no matching function for call to â€˜StatePublisher::create_wall_timer(int, std::_Bind_helper<false, void (StatePublisher::*)(), StatePublisher*>::type)â€™
[2.135s]    28 |         timer = this->create_wall_timer(30, std::bind(&StatePublisher::timer_callback, this));
[2.135s]       |                                                                                             ^
[2.135s] In file included from /opt/ros/galactic/include/rclcpp/executors/single_threaded_executor.hpp:28,
[2.135s]                  from /opt/ros/galactic/include/rclcpp/executors.hpp:22,
[2.135s]                  from /opt/ros/galactic/include/rclcpp/rclcpp.hpp:156,
[2.135s]                  from /home/ccl/ros2_ws/uav_urdf_demo/src/state_publisher.cpp:8:
[2.135s] /opt/ros/galactic/include/rclcpp/node.hpp:248:3: note: candidate: â€˜template<class DurationRepT, class DurationT, class CallbackT> typename rclcpp::WallTimer<CallbackT>::SharedPtr rclcpp::Node::create_wall_timer(std::chrono::duration<_Rep1, _Period1>, CallbackT, rclcpp::CallbackGroup::SharedPtr)â€™
[2.135s]   248 |   create_wall_timer(
[2.135s]       |   ^~~~~~~~~~~~~~~~~
[2.136s] /opt/ros/galactic/include/rclcpp/node.hpp:248:3: note:   template argument deduction/substitution failed:
[2.136s] /home/ccl/ros2_ws/uav_urdf_demo/src/state_publisher.cpp:28:93: note:   mismatched types â€˜std::chrono::duration<_Rep1, _Period1>â€™ and â€˜intâ€™
[2.136s]    28 |         timer = this->create_wall_timer(30, std::bind(&StatePublisher::timer_callback, this));
[2.136s]       |                                                                                             ^
[2.136s] make[2]: *** [CMakeFiles/state_publisher.dir/build.make:63: CMakeFiles/state_publisher.dir/src/state_publisher.cpp.o] Error 1
[2.137s] make[1]: *** [CMakeFiles/Makefile2:78: CMakeFiles/state_publisher.dir/all] Error 2
[2.137s] make: *** [Makefile:141: all] Error 2
[2.140s] Invoked command in '/home/ccl/ros2_ws/build/uav_urdf_demo' returned '2': CMAKE_PREFIX_PATH=/opt/ros/galactic /usr/bin/cmake --build /home/ccl/ros2_ws/build/uav_urdf_demo -- -j8 -l8
