[0.035s] Invoking command in '/home/ccl/ros2_ws/build/uav_tf2_test': CMAKE_PREFIX_PATH=${CMAKE_PREFIX_PATH}:/opt/ros/galactic /usr/bin/cmake --build /home/ccl/ros2_ws/build/uav_tf2_test -- -j8 -l8
[0.122s] [35m[1mScanning dependencies of target tf2_listener[0m
[0.151s] [ 14%] Built target lidar_node
[0.158s] [ 28%] Built target camera_node
[0.171s] [ 42%] Built target uav_tf2_broadcaster
[0.173s] [ 64%] Built target camera_tf2_broadcaster
[0.174s] [ 71%] Built target uav_node
[0.191s] [ 85%] Built target lidar_tf2_broadcaster
[0.212s] [ 92%] [32mBuilding CXX object CMakeFiles/tf2_listener.dir/src/tf2_listener.cpp.o[0m
[2.859s] /home/ccl/ros2_ws/uav_tf2_test/src/tf2_listener.cpp:50:31: warning: missing terminating " character
[2.860s]    50 |           this->get_logger(), "Transform %s to %s successfully,
[2.860s]       |                               ^
[2.860s] /home/ccl/ros2_ws/uav_tf2_test/src/tf2_listener.cpp:51:71: warning: missing terminating " character
[2.860s]    51 |               result: p_x %f p_y %f p_z %f r_x %f r_y %f r_z %f r_w %f",
[2.860s]       |                                                                       ^
[2.860s] In file included from /opt/ros/galactic/include/rclcpp/client.hpp:40,
[2.861s]                  from /opt/ros/galactic/include/rclcpp/callback_group.hpp:23,
[2.861s]                  from /opt/ros/galactic/include/rclcpp/any_executable.hpp:20,
[2.861s]                  from /opt/ros/galactic/include/rclcpp/memory_strategy.hpp:25,
[2.861s]                  from /opt/ros/galactic/include/rclcpp/memory_strategies.hpp:18,
[2.861s]                  from /opt/ros/galactic/include/rclcpp/executor_options.hpp:20,
[2.861s]                  from /opt/ros/galactic/include/rclcpp/executor.hpp:36,
[2.861s]                  from /opt/ros/galactic/include/rclcpp/executors/multi_threaded_executor.hpp:26,
[2.861s]                  from /opt/ros/galactic/include/rclcpp/executors.hpp:21,
[2.861s]                  from /opt/ros/galactic/include/rclcpp/rclcpp.hpp:156,
[2.862s]                  from /home/ccl/ros2_ws/uav_tf2_test/src/tf2_listener.cpp:8:
[2.862s] /home/ccl/ros2_ws/uav_tf2_test/src/tf2_listener.cpp:50:31: error: missing terminating " character
[2.862s]    50 |           this->get_logger(), "Transform %s to %s successfully,
[2.862s]       |                               ^~~~~~~~~~~~~~~~~~~~~~~~~~~~~~~~~ 
[2.862s] /home/ccl/ros2_ws/uav_tf2_test/src/tf2_listener.cpp:51:71: error: missing terminating " character
[2.862s]    51 |               result: p_x %f p_y %f p_z %f r_x %f r_y %f r_z %f r_w %f",
[2.862s]       |                                                                       ^~
[2.862s] /home/ccl/ros2_ws/uav_tf2_test/src/tf2_listener.cpp:68:31: warning: missing terminating " character
[2.862s]    68 |           this->get_logger(), "Transform %s to %s successfully,
[2.863s]       |                               ^
[2.863s] /home/ccl/ros2_ws/uav_tf2_test/src/tf2_listener.cpp:69:71: warning: missing terminating " character
[2.863s]    69 |               result: p_x %f p_y %f p_z %f r_x %f r_y %f r_z %f r_w %f",
[2.863s]       |                                                                       ^
[2.865s] In file included from /opt/ros/galactic/include/rclcpp/client.hpp:40,
[2.865s]                  from /opt/ros/galactic/include/rclcpp/callback_group.hpp:23,
[2.865s]                  from /opt/ros/galactic/include/rclcpp/any_executable.hpp:20,
[2.866s]                  from /opt/ros/galactic/include/rclcpp/memory_strategy.hpp:25,
[2.866s]                  from /opt/ros/galactic/include/rclcpp/memory_strategies.hpp:18,
[2.867s]                  from /opt/ros/galactic/include/rclcpp/executor_options.hpp:20,
[2.867s]                  from /opt/ros/galactic/include/rclcpp/executor.hpp:36,
[2.867s]                  from /opt/ros/galactic/include/rclcpp/executors/multi_threaded_executor.hpp:26,
[2.870s]                  from /opt/ros/galactic/include/rclcpp/executors.hpp:21,
[2.871s]                  from /opt/ros/galactic/include/rclcpp/rclcpp.hpp:156,
[2.874s]                  from /home/ccl/ros2_ws/uav_tf2_test/src/tf2_listener.cpp:8:
[2.874s] /home/ccl/ros2_ws/uav_tf2_test/src/tf2_listener.cpp:68:31: error: missing terminating " character
[2.874s]    68 |           this->get_logger(), "Transform %s to %s successfully,
[2.874s]       |                               ^~~~~~~~~~~~~~~~~~~~~~~~~~~~~~~~~ 
[2.874s] /home/ccl/ros2_ws/uav_tf2_test/src/tf2_listener.cpp:69:71: error: missing terminating " character
[2.875s]    69 |               result: p_x %f p_y %f p_z %f r_x %f r_y %f r_z %f r_w %f",
[2.875s]       |                                                                       ^~
[2.875s] /home/ccl/ros2_ws/uav_tf2_test/src/tf2_listener.cpp: In constructor â€˜FrameListener::FrameListener()â€™:
[2.875s] /home/ccl/ros2_ws/uav_tf2_test/src/tf2_listener.cpp:22:5: error: â€˜source_frame_1â€™ was not declared in this scope
[2.875s]    22 |     source_frame_1 = this->declare_parameter<std::string>("source_frame", "camera");
[2.875s]       |     ^~~~~~~~~~~~~~
[2.875s] /home/ccl/ros2_ws/uav_tf2_test/src/tf2_listener.cpp:23:5: error: â€˜source_frame_2â€™ was not declared in this scope
[2.875s]    23 |     source_frame_2 = this->declare_parameter<std::string>("source_frame", "lidar");
[2.875s]       |     ^~~~~~~~~~~~~~
[2.875s] /home/ccl/ros2_ws/uav_tf2_test/src/tf2_listener.cpp: In member function â€˜void FrameListener::on_timer()â€™:
[2.876s] /home/ccl/ros2_ws/uav_tf2_test/src/tf2_listener.cpp:37:33: error: â€˜source_frame_1â€™ was not declared in this scope
[2.876s]    37 |     std::string fromFrameRel1 = source_frame_1.c_str();
[2.876s]       |                                 ^~~~~~~~~~~~~~
[2.876s] /home/ccl/ros2_ws/uav_tf2_test/src/tf2_listener.cpp:38:33: error: â€˜source_frame_2â€™ was not declared in this scope
[2.876s]    38 |     std::string fromFrameRel2 = source_frame_2.c_str();
[2.876s]       |                                 ^~~~~~~~~~~~~~
[2.876s] /home/ccl/ros2_ws/uav_tf2_test/src/tf2_listener.cpp:46:9: error: â€˜t1â€™ was not declared in this scope; did you mean â€˜tmâ€™?
[2.876s]    46 |         t1 = tf_buffer_->lookupTransform(
[2.876s]       |         ^~
[2.876s]       |         tm
[2.877s] In file included from /opt/ros/galactic/include/rclcpp/client.hpp:40,
[2.877s]                  from /opt/ros/galactic/include/rclcpp/callback_group.hpp:23,
[2.877s]                  from /opt/ros/galactic/include/rclcpp/any_executable.hpp:20,
[2.877s]                  from /opt/ros/galactic/include/rclcpp/memory_strategy.hpp:25,
[2.877s]                  from /opt/ros/galactic/include/rclcpp/memory_strategies.hpp:18,
[2.877s]                  from /opt/ros/galactic/include/rclcpp/executor_options.hpp:20,
[2.877s]                  from /opt/ros/galactic/include/rclcpp/executor.hpp:36,
[2.877s]                  from /opt/ros/galactic/include/rclcpp/executors/multi_threaded_executor.hpp:26,
[2.877s]                  from /opt/ros/galactic/include/rclcpp/executors.hpp:21,
[2.878s]                  from /opt/ros/galactic/include/rclcpp/rclcpp.hpp:156,
[2.878s]                  from /home/ccl/ros2_ws/uav_tf2_test/src/tf2_listener.cpp:8:
[2.878s] /home/ccl/ros2_ws/uav_tf2_test/src/tf2_listener.cpp:51:21: error: found â€˜:â€™ in nested-name-specifier, expected â€˜::â€™
[2.878s]    51 |               result: p_x %f p_y %f p_z %f r_x %f r_y %f r_z %f r_w %f",
[2.878s]       |                     ^
[2.878s] /home/ccl/ros2_ws/uav_tf2_test/src/tf2_listener.cpp:51:15: error: â€˜resultâ€™ has not been declared
[2.878s]    51 |               result: p_x %f p_y %f p_z %f r_x %f r_y %f r_z %f r_w %f",
[2.878s]       |               ^~~~~~
[2.878s] /home/ccl/ros2_ws/uav_tf2_test/src/tf2_listener.cpp:51:28: error: â€˜fâ€™ was not declared in this scope
[2.879s]    51 |               result: p_x %f p_y %f p_z %f r_x %f r_y %f r_z %f r_w %f",
[2.879s]       |                            ^
[2.879s] /home/ccl/ros2_ws/uav_tf2_test/src/tf2_listener.cpp:56:5: error: expected â€˜;â€™ before â€˜}â€™ token
[2.879s]    56 |     } catch (const tf2::TransformException & ex) {
[2.879s]       |     ^
[2.879s] In file included from /opt/ros/galactic/include/rclcpp/client.hpp:40,
[2.879s]                  from /opt/ros/galactic/include/rclcpp/callback_group.hpp:23,
[2.879s]                  from /opt/ros/galactic/include/rclcpp/any_executable.hpp:20,
[2.879s]                  from /opt/ros/galactic/include/rclcpp/memory_strategy.hpp:25,
[2.879s]                  from /opt/ros/galactic/include/rclcpp/memory_strategies.hpp:18,
[2.880s]                  from /opt/ros/galactic/include/rclcpp/executor_options.hpp:20,
[2.880s]                  from /opt/ros/galactic/include/rclcpp/executor.hpp:36,
[2.880s]                  from /opt/ros/galactic/include/rclcpp/executors/multi_threaded_executor.hpp:26,
[2.880s]                  from /opt/ros/galactic/include/rclcpp/executors.hpp:21,
[2.880s]                  from /opt/ros/galactic/include/rclcpp/rclcpp.hpp:156,
[2.880s]                  from /home/ccl/ros2_ws/uav_tf2_test/src/tf2_listener.cpp:8:
[2.880s] /home/ccl/ros2_ws/uav_tf2_test/src/tf2_listener.cpp:59:13: error: â€˜fromFrameRelâ€™ was not declared in this scope; did you mean â€˜fromFrameRel2â€™?
[2.880s]    59 |             fromFrameRel.c_str(), toFrameRel1.c_str(), ex.what());
[2.880s]       |             ^~~~~~~~~~~~
[2.881s] /home/ccl/ros2_ws/uav_tf2_test/src/tf2_listener.cpp:59:35: error: â€˜toFrameRel1â€™ was not declared in this scope; did you mean â€˜toFrameRelâ€™?
[2.881s]    59 |             fromFrameRel.c_str(), toFrameRel1.c_str(), ex.what());
[2.881s]       |                                   ^~~~~~~~~~~
[2.881s] /home/ccl/ros2_ws/uav_tf2_test/src/tf2_listener.cpp:64:9: error: â€˜t2â€™ was not declared in this scope; did you mean â€˜tf2â€™?
[2.881s]    64 |         t2 = tf_buffer_->lookupTransform(
[2.881s]       |         ^~
[2.881s]       |         tf2
[2.882s] In file included from /opt/ros/galactic/include/rclcpp/client.hpp:40,
[2.882s]                  from /opt/ros/galactic/include/rclcpp/callback_group.hpp:23,
[2.882s]                  from /opt/ros/galactic/include/rclcpp/any_executable.hpp:20,
[2.882s]                  from /opt/ros/galactic/include/rclcpp/memory_strategy.hpp:25,
[2.882s]                  from /opt/ros/galactic/include/rclcpp/memory_strategies.hpp:18,
[2.882s]                  from /opt/ros/galactic/include/rclcpp/executor_options.hpp:20,
[2.882s]                  from /opt/ros/galactic/include/rclcpp/executor.hpp:36,
[2.882s]                  from /opt/ros/galactic/include/rclcpp/executors/multi_threaded_executor.hpp:26,
[2.882s]                  from /opt/ros/galactic/include/rclcpp/executors.hpp:21,
[2.883s]                  from /opt/ros/galactic/include/rclcpp/rclcpp.hpp:156,
[2.883s]                  from /home/ccl/ros2_ws/uav_tf2_test/src/tf2_listener.cpp:8:
[2.883s] /home/ccl/ros2_ws/uav_tf2_test/src/tf2_listener.cpp:69:21: error: found â€˜:â€™ in nested-name-specifier, expected â€˜::â€™
[2.883s]    69 |               result: p_x %f p_y %f p_z %f r_x %f r_y %f r_z %f r_w %f",
[2.883s]       |                     ^
[2.883s] /home/ccl/ros2_ws/uav_tf2_test/src/tf2_listener.cpp:69:15: error: â€˜resultâ€™ has not been declared
[2.883s]    69 |               result: p_x %f p_y %f p_z %f r_x %f r_y %f r_z %f r_w %f",
[2.883s]       |               ^~~~~~
[2.883s] /home/ccl/ros2_ws/uav_tf2_test/src/tf2_listener.cpp:69:28: error: â€˜fâ€™ was not declared in this scope
[2.884s]    69 |               result: p_x %f p_y %f p_z %f r_x %f r_y %f r_z %f r_w %f",
[2.884s]       |                            ^
[2.884s] /home/ccl/ros2_ws/uav_tf2_test/src/tf2_listener.cpp:74:5: error: expected â€˜;â€™ before â€˜}â€™ token
[2.884s]    74 |     } catch (const tf2::TransformException & ex) {
[2.884s]       |     ^
[2.884s] make[2]: *** [CMakeFiles/tf2_listener.dir/build.make:63: CMakeFiles/tf2_listener.dir/src/tf2_listener.cpp.o] Error 1
[2.884s] make[1]: *** [CMakeFiles/Makefile2:279: CMakeFiles/tf2_listener.dir/all] Error 2
[2.884s] make: *** [Makefile:141: all] Error 2
[2.885s] Invoked command in '/home/ccl/ros2_ws/build/uav_tf2_test' returned '2': CMAKE_PREFIX_PATH=${CMAKE_PREFIX_PATH}:/opt/ros/galactic /usr/bin/cmake --build /home/ccl/ros2_ws/build/uav_tf2_test -- -j8 -l8
